<?xml version="1.0" encoding="UTF-8"?>
<robot generator="Robot 3.1.2 (Python 3.6.6 on linux)" generated="20200114 14:32:07.341" rpa="false">
<suite id="s1" name="4.6.10 UI &amp; 4.6.11 UI &amp; 4.6.12 UI &amp; 4.6.13 UI &amp; 4.6.1 UI &amp; 4.6.2 UI &amp; 4.6.2 UI STC &amp; 4.6.3 UI &amp; 4.6.3 UI STC LATER JOB &amp; 4.6.4 UI &amp; 4.6.5 UI &amp; 4.6.6 UI &amp; 4.6.7 UI &amp; 4.6.8 UI &amp; 4.6.9 UI">
<suite id="s1-s1" name="4.6.10 UI" source="/home/cisco/cxta-bpa/examples/4.6.10_UI.robot">
<test id="s1-s1-t1" name="4.6.10 STC OS UPGRADE CREATE NEW JOB-EXECUTION TIME LATER-SELECT DATE">
<kw name="Testcase setup" type="setup">
<kw name="Start Browser" library="CXTA.robot.Browser">
<doc>Browser.start_browser(self, browser_name=u'firefox', download_path=None, screenshot_path=None, remote_url=None, flash=False, proxy_urls=None)</doc>
<arguments>
<arg>browser_name=chrome</arg>
<arg>remote_url=${REMOTE_URL}</arg>
</arguments>
<status status="PASS" starttime="20200114 14:32:45.885" endtime="20200114 14:32:49.802"></status>
</kw>
<kw name="Log To Console" library="BuiltIn">
<doc>Logs the given message to the console.</doc>
<arguments>
<arg>"Opening the google chrome browser with the remote url http://selenium:4444/wd/hub "</arg>
</arguments>
<status status="PASS" starttime="20200114 14:32:49.853" endtime="20200114 14:32:49.857"></status>
</kw>
<kw name="Login to BPA UI &quot;${login.bpa_url}&quot; with credentials &quot;${login.bpa_username}&quot; and &quot;${login.bpa_password}&quot;" library="bpa_ui">
<doc>Login for BPA UI Application:</doc>
<kw name="set browser timeout to &quot;${BPA__MAX_WAIT_TIME}&quot; seconds" library="CXTA.robot.Browser">
<doc>Browser.set_browser_timeout(self, timeout)</doc>
<status status="PASS" starttime="20200114 14:32:49.894" endtime="20200114 14:32:49.903"></status>
</kw>
<kw name="clear the browser cookies" library="CXTA.robot.Browser">
<doc>Browser.clear_browser_cookies(self)</doc>
<status status="PASS" starttime="20200114 14:32:49.920" endtime="20200114 14:32:50.222"></status>
</kw>
<kw name="visit &quot;${url}&quot;" library="CXTA.robot.Browser">
<doc>Browser.visit_site(self, url)</doc>
<msg timestamp="20200114 14:32:50.243" level="INFO">Visiting url "https://10.52.123.82/portal/#/login"</msg>
<status status="PASS" starttime="20200114 14:32:50.237" endtime="20200114 14:33:06.155"></status>
</kw>
<kw name="wait until object is clickable via XPath &quot;${BPA__TXT_UID_XPATH}&quot;" library="CXTA.robot.Browser">
<doc>ElementsAttributes.wait_for_clickable_object_via_xpath(self, xpath)</doc>
<status status="PASS" starttime="20200114 14:33:06.166" endtime="20200114 14:33:06.616"></status>
</kw>
<kw name="enter &quot;${username}&quot; in the field with XPath &quot;${BPA__TXT_UID_XPATH}&quot;" library="CXTA.robot.Browser">
<doc>Inputs.enter_text_in_the_field_with_xpath(self, text, xpath)</doc>
<status status="PASS" starttime="20200114 14:33:06.625" endtime="20200114 14:33:07.639"></status>
</kw>
<kw name="wait until object is clickable via XPath &quot;${BPA__TXT_PWD_XPATH}&quot;" library="CXTA.robot.Browser">
<doc>ElementsAttributes.wait_for_clickable_object_via_xpath(self, xpath)</doc>
<status status="PASS" starttime="20200114 14:33:07.653" endtime="20200114 14:33:08.040"></status>
</kw>
<kw name="enter &quot;${password}&quot; in the field with XPath &quot;${BPA__TXT_PWD_XPATH}&quot;" library="CXTA.robot.Browser">
<doc>Inputs.enter_text_in_the_field_with_xpath(self, text, xpath)</doc>
<status status="PASS" starttime="20200114 14:33:08.059" endtime="20200114 14:33:08.873"></status>
</kw>
<kw name="wait until object is clickable via XPath &quot;${BPA__BTN_LOGIN_XPATH}&quot;" library="CXTA.robot.Browser">
<doc>ElementsAttributes.wait_for_clickable_object_via_xpath(self, xpath)</doc>
<status status="PASS" starttime="20200114 14:33:08.889" endtime="20200114 14:33:09.169"></status>
</kw>
<kw name="click on the object with XPath &quot;${BPA__BTN_LOGIN_XPATH}&quot;" library="CXTA.robot.Browser">
<doc>MouseEvents.click_object_with_xpath(self, xpath)</doc>
<status status="PASS" starttime="20200114 14:33:09.179" endtime="20200114 14:33:09.613"></status>
</kw>
<kw name="wait until object is clickable via XPath &quot;${BPA__LBL_DASHBOARD_XPATH}&quot;" library="CXTA.robot.Browser">
<doc>ElementsAttributes.wait_for_clickable_object_via_xpath(self, xpath)</doc>
<status status="PASS" starttime="20200114 14:33:09.626" endtime="20200114 14:33:12.151"></status>
</kw>
<status status="PASS" starttime="20200114 14:32:49.872" endtime="20200114 14:33:12.166"></status>
</kw>
<kw name="Log To Console" library="BuiltIn">
<doc>Logs the given message to the console.</doc>
<arguments>
<arg>"Logging into console https://10.52.123.82/portal/#/login with the credentials admin and admin"</arg>
</arguments>
<status status="PASS" starttime="20200114 14:33:12.177" endtime="20200114 14:33:12.183"></status>
</kw>
<status status="PASS" starttime="20200114 14:32:45.863" endtime="20200114 14:33:12.186"></status>
</kw>
<kw name="set browser timeout to &quot;${BPA__MAX_WAIT_TIME}&quot; seconds" library="CXTA.robot.Browser">
<doc>Browser.set_browser_timeout(self, timeout)</doc>
<status status="PASS" starttime="20200114 14:33:12.203" endtime="20200114 14:33:12.214"></status>
</kw>
<kw name="Log To Console" library="BuiltIn">
<doc>Logs the given message to the console.</doc>
<arguments>
<arg>"The max wait time of the browser window is 60 seconds"</arg>
</arguments>
<status status="PASS" starttime="20200114 14:33:12.231" endtime="20200114 14:33:12.235"></status>
</kw>
<kw name="Wait for the loading icon to disappear" library="CxtaBPA.CxtaBPAUI">
<doc>Method to wait for loading icon to disappear</doc>
<status status="PASS" starttime="20200114 14:33:12.250" endtime="20200114 14:33:53.092"></status>
</kw>
<kw name="click on the object with XPath &quot;${BPA_OS_UPGRADE_TILE_XPATH}&quot;" library="CXTA.robot.Browser">
<doc>MouseEvents.click_object_with_xpath(self, xpath)</doc>
<status status="PASS" starttime="20200114 14:33:53.106" endtime="20200114 14:33:54.068"></status>
</kw>
<kw name="Log To Console" library="BuiltIn">
<doc>Logs the given message to the console.</doc>
<arguments>
<arg>"Select STC OS upgrade tile from the dashboard"</arg>
</arguments>
<status status="PASS" starttime="20200114 14:33:54.088" endtime="20200114 14:33:54.093"></status>
</kw>
<kw name="wait until object is clickable via XPath &quot;${BPA_SELECT_DEVICE_LBL_TILE}&quot;" library="CXTA.robot.Browser">
<doc>ElementsAttributes.wait_for_clickable_object_via_xpath(self, xpath)</doc>
<status status="PASS" starttime="20200114 14:33:54.106" endtime="20200114 14:34:07.161"></status>
</kw>
<kw name="Wait for the loading icon to disappear" library="CxtaBPA.CxtaBPAUI">
<doc>Method to wait for loading icon to disappear</doc>
<status status="PASS" starttime="20200114 14:34:07.172" endtime="20200114 14:34:13.392"></status>
</kw>
<kw name="STC upgrade select device &quot;${osupgrade.device_name}&quot;" library="CxtaBPA.CxtaBPAUI">
<doc>This keyword retrieves list of devices in the selected BOA environment in STC.</doc>
<status status="PASS" starttime="20200114 14:34:13.423" endtime="20200114 14:34:19.353"></status>
</kw>
<kw name="Log To Console" library="BuiltIn">
<doc>Logs the given message to the console.</doc>
<arguments>
<arg>"The device type:ASR920 is selected from the dropdown"</arg>
</arguments>
<status status="PASS" starttime="20200114 14:34:19.377" endtime="20200114 14:34:19.383"></status>
</kw>
<kw name="Wait for the loading icon to disappear" library="CxtaBPA.CxtaBPAUI">
<doc>Method to wait for loading icon to disappear</doc>
<status status="PASS" starttime="20200114 14:34:19.403" endtime="20200114 14:34:39.431"></status>
</kw>
<kw name="wait until object is clickable via XPath &quot;${BPA__SELECT_CREATE_NEW_XPATH}&quot;" library="CXTA.robot.Browser">
<doc>ElementsAttributes.wait_for_clickable_object_via_xpath(self, xpath)</doc>
<status status="PASS" starttime="20200114 14:34:39.452" endtime="20200114 14:34:40.172"></status>
</kw>
<kw name="Wait for the loading icon to disappear" library="CxtaBPA.CxtaBPAUI">
<doc>Method to wait for loading icon to disappear</doc>
<status status="PASS" starttime="20200114 14:34:40.188" endtime="20200114 14:34:46.488"></status>
</kw>
<kw name="click on the object with XPath &quot;${BPA__SELECT_CREATE_NEW_XPATH}&quot;" library="CXTA.robot.Browser">
<doc>MouseEvents.click_object_with_xpath(self, xpath)</doc>
<status status="PASS" starttime="20200114 14:34:46.506" endtime="20200114 14:34:51.765"></status>
</kw>
<kw name="Log To Console" library="BuiltIn">
<doc>Logs the given message to the console.</doc>
<arguments>
<arg>"Job listing page of ASR920 : Create new is clicked"</arg>
</arguments>
<status status="PASS" starttime="20200114 14:34:51.779" endtime="20200114 14:34:51.784"></status>
</kw>
<kw name="Wait for the loading icon to disappear" library="CxtaBPA.CxtaBPAUI">
<doc>Method to wait for loading icon to disappear</doc>
<status status="PASS" starttime="20200114 14:34:51.796" endtime="20200114 14:34:57.972"></status>
</kw>
<kw name="Create device values with active os upgrade status device select date &quot;${osupgrade.create_new}&quot;" library="CxtaBPA.CxtaBPAUI">
<doc>This keyword retrieves list of devices in the selected BOA environment in STC.</doc>
<msg timestamp="20200114 14:35:47.230" level="INFO">option to click the calendar date value
----------------------
14
----------------
The current date is activated</msg>
<status status="PASS" starttime="20200114 14:34:57.989" endtime="20200114 14:35:47.231"></status>
</kw>
<kw name="Log To Console" library="BuiltIn">
<doc>Logs the given message to the console.</doc>
<arguments>
<arg>"Select Platform Model: 'ASR-920-24TZ-M' \n Select Device Role: 'UPE92' \n Select Release Software Version: '3.18.5SP'\n File Transfer Protocol: 'FTP' \n mdt_number: 123 \n Approval Status: 'Approved' \n mutilselect_device: 'STC-ASR920-1'"</arg>
</arguments>
<status status="PASS" starttime="20200114 14:35:47.242" endtime="20200114 14:35:47.247"></status>
</kw>
<kw name="Wait for the loading icon to disappear" library="CxtaBPA.CxtaBPAUI">
<doc>Method to wait for loading icon to disappear</doc>
<status status="PASS" starttime="20200114 14:35:47.257" endtime="20200114 14:35:53.363"></status>
</kw>
<kw name="Testcase teardown" type="teardown">
<kw name="Logout of BPA UI" library="bpa_ui">
<doc>Logs out of BPA UI</doc>
<kw name="set browser timeout to &quot;${BPA__MAX_WAIT_TIME}&quot; seconds" library="CXTA.robot.Browser">
<doc>Browser.set_browser_timeout(self, timeout)</doc>
<status status="PASS" starttime="20200114 14:35:53.396" endtime="20200114 14:35:53.402"></status>
</kw>
<kw name="Wait for the loading icon to disappear" library="CxtaBPA.CxtaBPAUI">
<doc>Method to wait for loading icon to disappear</doc>
<status status="PASS" starttime="20200114 14:35:53.416" endtime="20200114 14:35:59.635"></status>
</kw>
<kw name="wait until object is clickable via XPath &quot;${BPA__MENU_PROFILE_XPATH}&quot;" library="CXTA.robot.Browser">
<doc>ElementsAttributes.wait_for_clickable_object_via_xpath(self, xpath)</doc>
<status status="PASS" starttime="20200114 14:35:59.650" endtime="20200114 14:36:00.067"></status>
</kw>
<kw name="click on the object with XPath &quot;${BPA__MENU_PROFILE_XPATH}&quot;" library="CXTA.robot.Browser">
<doc>MouseEvents.click_object_with_xpath(self, xpath)</doc>
<status status="PASS" starttime="20200114 14:36:00.081" endtime="20200114 14:36:01.031"></status>
</kw>
<kw name="wait until object is clickable via XPath &quot;${BPA__MENU_LOGOUT_XPATH}&quot;" library="CXTA.robot.Browser">
<doc>ElementsAttributes.wait_for_clickable_object_via_xpath(self, xpath)</doc>
<status status="PASS" starttime="20200114 14:36:01.045" endtime="20200114 14:36:01.646"></status>
</kw>
<kw name="click on the object with XPath &quot;${BPA__MENU_LOGOUT_XPATH}&quot;" library="CXTA.robot.Browser">
<doc>MouseEvents.click_object_with_xpath(self, xpath)</doc>
<status status="PASS" starttime="20200114 14:36:01.665" endtime="20200114 14:36:03.671"></status>
</kw>
<status status="PASS" starttime="20200114 14:35:53.379" endtime="20200114 14:36:03.693"></status>
</kw>
<kw name="close browser" library="CXTA.robot.Browser">
<doc>Browser.close_browser(self)</doc>
<status status="PASS" starttime="20200114 14:36:03.718" endtime="20200114 14:36:03.912"></status>
</kw>
<status status="PASS" starttime="20200114 14:35:53.369" endtime="20200114 14:36:03.916"></status>
</kw>
<status status="PASS" starttime="20200114 14:32:45.810" endtime="20200114 14:36:03.928" critical="yes"></status>
</test>
<status status="PASS" starttime="20200114 14:32:07.559" endtime="20200114 14:36:03.968"></status>
</suite>
<suite id="s1-s2" name="4.6.11 UI" source="/home/cisco/cxta-bpa/examples/4.6.11_UI.robot">
<test id="s1-s2-t1" name="4.6.11 STC OS UPGRADE CREATE NEW JOB-EXECUTION TIME LATER-SELECT TIME">
<kw name="Testcase setup" type="setup">
<kw name="Start Browser" library="CXTA.robot.Browser">
<doc>Browser.start_browser(self, browser_name=u'firefox', download_path=None, screenshot_path=None, remote_url=None, flash=False, proxy_urls=None)</doc>
<arguments>
<arg>browser_name=chrome</arg>
<arg>remote_url=${REMOTE_URL}</arg>
</arguments>
<status status="PASS" starttime="20200114 14:36:07.212" endtime="20200114 14:36:11.087"></status>
</kw>
<kw name="Log To Console" library="BuiltIn">
<doc>Logs the given message to the console.</doc>
<arguments>
<arg>"Opening the google chrome browser with the remote url http://selenium:4444/wd/hub "</arg>
</arguments>
<status status="PASS" starttime="20200114 14:36:11.098" endtime="20200114 14:36:11.103"></status>
</kw>
<kw name="Login to BPA UI &quot;${login.bpa_url}&quot; with credentials &quot;${login.bpa_username}&quot; and &quot;${login.bpa_password}&quot;" library="bpa_ui">
<doc>Login for BPA UI Application:</doc>
<kw name="set browser timeout to &quot;${BPA__MAX_WAIT_TIME}&quot; seconds" library="CXTA.robot.Browser">
<doc>Browser.set_browser_timeout(self, timeout)</doc>
<status status="PASS" starttime="20200114 14:36:11.130" endtime="20200114 14:36:11.145"></status>
</kw>
<kw name="clear the browser cookies" library="CXTA.robot.Browser">
<doc>Browser.clear_browser_cookies(self)</doc>
<status status="PASS" starttime="20200114 14:36:11.156" endtime="20200114 14:36:11.314"></status>
</kw>
<kw name="visit &quot;${url}&quot;" library="CXTA.robot.Browser">
<doc>Browser.visit_site(self, url)</doc>
<msg timestamp="20200114 14:36:11.343" level="INFO">Visiting url "https://10.52.123.82/portal/#/login"</msg>
<status status="PASS" starttime="20200114 14:36:11.337" endtime="20200114 14:36:24.274"></status>
</kw>
<kw name="wait until object is clickable via XPath &quot;${BPA__TXT_UID_XPATH}&quot;" library="CXTA.robot.Browser">
<doc>ElementsAttributes.wait_for_clickable_object_via_xpath(self, xpath)</doc>
<status status="PASS" starttime="20200114 14:36:24.285" endtime="20200114 14:36:25.167"></status>
</kw>
<kw name="enter &quot;${username}&quot; in the field with XPath &quot;${BPA__TXT_UID_XPATH}&quot;" library="CXTA.robot.Browser">
<doc>Inputs.enter_text_in_the_field_with_xpath(self, text, xpath)</doc>
<status status="PASS" starttime="20200114 14:36:25.180" endtime="20200114 14:36:26.146"></status>
</kw>
<kw name="wait until object is clickable via XPath &quot;${BPA__TXT_PWD_XPATH}&quot;" library="CXTA.robot.Browser">
<doc>ElementsAttributes.wait_for_clickable_object_via_xpath(self, xpath)</doc>
<status status="PASS" starttime="20200114 14:36:26.159" endtime="20200114 14:36:26.506"></status>
</kw>
<kw name="enter &quot;${password}&quot; in the field with XPath &quot;${BPA__TXT_PWD_XPATH}&quot;" library="CXTA.robot.Browser">
<doc>Inputs.enter_text_in_the_field_with_xpath(self, text, xpath)</doc>
<status status="PASS" starttime="20200114 14:36:26.524" endtime="20200114 14:36:27.322"></status>
</kw>
<kw name="wait until object is clickable via XPath &quot;${BPA__BTN_LOGIN_XPATH}&quot;" library="CXTA.robot.Browser">
<doc>ElementsAttributes.wait_for_clickable_object_via_xpath(self, xpath)</doc>
<status status="PASS" starttime="20200114 14:36:27.332" endtime="20200114 14:36:27.593"></status>
</kw>
<kw name="click on the object with XPath &quot;${BPA__BTN_LOGIN_XPATH}&quot;" library="CXTA.robot.Browser">
<doc>MouseEvents.click_object_with_xpath(self, xpath)</doc>
<status status="PASS" starttime="20200114 14:36:27.604" endtime="20200114 14:36:28.082"></status>
</kw>
<kw name="wait until object is clickable via XPath &quot;${BPA__LBL_DASHBOARD_XPATH}&quot;" library="CXTA.robot.Browser">
<doc>ElementsAttributes.wait_for_clickable_object_via_xpath(self, xpath)</doc>
<status status="PASS" starttime="20200114 14:36:28.099" endtime="20200114 14:36:31.034"></status>
</kw>
<status status="PASS" starttime="20200114 14:36:11.115" endtime="20200114 14:36:31.052"></status>
</kw>
<kw name="Log To Console" library="BuiltIn">
<doc>Logs the given message to the console.</doc>
<arguments>
<arg>"Logging into console https://10.52.123.82/portal/#/login with the credentials admin and admin"</arg>
</arguments>
<status status="PASS" starttime="20200114 14:36:31.063" endtime="20200114 14:36:31.066"></status>
</kw>
<status status="PASS" starttime="20200114 14:36:07.195" endtime="20200114 14:36:31.070"></status>
</kw>
<kw name="set browser timeout to &quot;${BPA__MAX_WAIT_TIME}&quot; seconds" library="CXTA.robot.Browser">
<doc>Browser.set_browser_timeout(self, timeout)</doc>
<status status="PASS" starttime="20200114 14:36:31.088" endtime="20200114 14:36:31.094"></status>
</kw>
<kw name="Log To Console" library="BuiltIn">
<doc>Logs the given message to the console.</doc>
<arguments>
<arg>"The max wait time of the browser window is 60 seconds"</arg>
</arguments>
<status status="PASS" starttime="20200114 14:36:31.115" endtime="20200114 14:36:31.121"></status>
</kw>
<kw name="Wait for the loading icon to disappear" library="CxtaBPA.CxtaBPAUI">
<doc>Method to wait for loading icon to disappear</doc>
<status status="PASS" starttime="20200114 14:36:31.135" endtime="20200114 14:37:16.030"></status>
</kw>
<kw name="click on the object with XPath &quot;${BPA_OS_UPGRADE_TILE_XPATH}&quot;" library="CXTA.robot.Browser">
<doc>MouseEvents.click_object_with_xpath(self, xpath)</doc>
<status status="PASS" starttime="20200114 14:37:16.043" endtime="20200114 14:37:16.801"></status>
</kw>
<kw name="Log To Console" library="BuiltIn">
<doc>Logs the given message to the console.</doc>
<arguments>
<arg>"Click the STC OS Upgrade icon</arg>
<arg>"</arg>
</arguments>
<status status="PASS" starttime="20200114 14:37:16.855" endtime="20200114 14:37:16.860"></status>
</kw>
<kw name="wait until object is clickable via XPath &quot;${BPA_SELECT_DEVICE_LBL_TILE}&quot;" library="CXTA.robot.Browser">
<doc>ElementsAttributes.wait_for_clickable_object_via_xpath(self, xpath)</doc>
<status status="PASS" starttime="20200114 14:37:16.875" endtime="20200114 14:37:21.109"></status>
</kw>
<kw name="Log To Console" library="BuiltIn">
<doc>Logs the given message to the console.</doc>
<arguments>
<arg>"Wait until SELECT DEVICE label is visible"</arg>
</arguments>
<status status="PASS" starttime="20200114 14:37:21.124" endtime="20200114 14:37:21.132"></status>
</kw>
<kw name="Wait for the loading icon to disappear" library="CxtaBPA.CxtaBPAUI">
<doc>Method to wait for loading icon to disappear</doc>
<status status="PASS" starttime="20200114 14:37:21.154" endtime="20200114 14:37:36.106"></status>
</kw>
<kw name="STC upgrade select device &quot;${osupgrade.device_name}&quot;" library="CxtaBPA.CxtaBPAUI">
<doc>This keyword retrieves list of devices in the selected BOA environment in STC.</doc>
<status status="PASS" starttime="20200114 14:37:36.120" endtime="20200114 14:37:37.560"></status>
</kw>
<kw name="Log To Console" library="BuiltIn">
<doc>Logs the given message to the console.</doc>
<arguments>
<arg>"The device type selected for upgrade is ASR920"</arg>
</arguments>
<status status="PASS" starttime="20200114 14:37:37.576" endtime="20200114 14:37:37.582"></status>
</kw>
<kw name="Wait for the loading icon to disappear" library="CxtaBPA.CxtaBPAUI">
<doc>Method to wait for loading icon to disappear</doc>
<status status="PASS" starttime="20200114 14:37:37.611" endtime="20200114 14:37:44.660"></status>
</kw>
<kw name="wait until object is clickable via XPath &quot;${BPA__SELECT_CREATE_NEW_XPATH}&quot;" library="CXTA.robot.Browser">
<doc>ElementsAttributes.wait_for_clickable_object_via_xpath(self, xpath)</doc>
<status status="PASS" starttime="20200114 14:37:44.671" endtime="20200114 14:37:44.981"></status>
</kw>
<kw name="Wait for the loading icon to disappear" library="CxtaBPA.CxtaBPAUI">
<doc>Method to wait for loading icon to disappear</doc>
<status status="PASS" starttime="20200114 14:37:44.990" endtime="20200114 14:37:54.061"></status>
</kw>
<kw name="click on the object with XPath &quot;${BPA__SELECT_CREATE_NEW_XPATH}&quot;" library="CXTA.robot.Browser">
<doc>MouseEvents.click_object_with_xpath(self, xpath)</doc>
<status status="PASS" starttime="20200114 14:37:54.079" endtime="20200114 14:38:01.646"></status>
</kw>
<kw name="Log To Console" library="BuiltIn">
<doc>Logs the given message to the console.</doc>
<arguments>
<arg>"Job listing page of ASR920 : Create new is clicked"</arg>
</arguments>
<status status="PASS" starttime="20200114 14:38:01.667" endtime="20200114 14:38:01.672"></status>
</kw>
<kw name="Wait for the loading icon to disappear" library="CxtaBPA.CxtaBPAUI">
<doc>Method to wait for loading icon to disappear</doc>
<status status="PASS" starttime="20200114 14:38:01.687" endtime="20200114 14:38:08.111"></status>
</kw>
<kw name="Create device values with later time &quot;${osupgrade.create_new_later}&quot;" library="CxtaBPA.CxtaBPAUI">
<doc>This keyword retrieves list of devices in the selected BOA environment in STC.</doc>
<msg timestamp="20200114 14:39:12.485" level="INFO">The value of time present here is 
14
The dict value of time passed here is 
12:30</msg>
<status status="PASS" starttime="20200114 14:38:08.134" endtime="20200114 14:39:12.486"></status>
</kw>
<kw name="Log To Console" library="BuiltIn">
<doc>Logs the given message to the console.</doc>
<arguments>
<arg>"Select Platform Model: 'ASR-920-24TZ-M' \n Select Device Role: 'UPE92' \n Select Release Software Version: '3.18.5SP'\n File Transfer Protocol: 'FTP' \n mdt_number: 123 \n Approval Status: 'Approved' \n mutilselect_device: 'STC-ASR920-1'"</arg>
</arguments>
<status status="PASS" starttime="20200114 14:39:12.497" endtime="20200114 14:39:12.501"></status>
</kw>
<kw name="Wait for the loading icon to disappear" library="CxtaBPA.CxtaBPAUI">
<doc>Method to wait for loading icon to disappear</doc>
<status status="PASS" starttime="20200114 14:39:12.513" endtime="20200114 14:39:18.621"></status>
</kw>
<kw name="wait until object is clickable via XPath &quot;${BPA__CREATE_NEW_SUBMIT}&quot;" library="CXTA.robot.Browser">
<doc>ElementsAttributes.wait_for_clickable_object_via_xpath(self, xpath)</doc>
<status status="PASS" starttime="20200114 14:39:18.640" endtime="20200114 14:39:18.941"></status>
</kw>
<kw name="click on the object with XPath &quot;${BPA__CREATE_NEW_SUBMIT}&quot;" library="CXTA.robot.Browser">
<doc>MouseEvents.click_object_with_xpath(self, xpath)</doc>
<status status="PASS" starttime="20200114 14:39:18.955" endtime="20200114 14:39:19.632"></status>
</kw>
<kw name="Log To Console" library="BuiltIn">
<doc>Logs the given message to the console.</doc>
<arguments>
<arg>"Submit button is clicked for the JOB"</arg>
</arguments>
<status status="PASS" starttime="20200114 14:39:19.649" endtime="20200114 14:39:19.661"></status>
</kw>
<kw name="Wait for the loading icon to disappear" library="CxtaBPA.CxtaBPAUI">
<doc>Method to wait for loading icon to disappear</doc>
<status status="PASS" starttime="20200114 14:39:19.675" endtime="20200114 14:39:25.886"></status>
</kw>
<kw name="check xpath for the value message &quot;${BPA__SELECT_TIME_VALUE}&quot;" library="CxtaBPA.CxtaBPAUI">
<msg timestamp="20200114 14:39:26.175" level="INFO">The xpath value shown down is 
//p[@class = "extra-error ng-star-inserted"]
Successfully verified the schedule time must be greater than current time</msg>
<status status="PASS" starttime="20200114 14:39:25.901" endtime="20200114 14:39:26.176"></status>
</kw>
<kw name="Log To Console" library="BuiltIn">
<doc>Logs the given message to the console.</doc>
<arguments>
<arg>"xpath : verified the schedule time must be greater than current time is, verified"</arg>
</arguments>
<status status="PASS" starttime="20200114 14:39:26.192" endtime="20200114 14:39:26.196"></status>
</kw>
<kw name="Wait for the loading icon to disappear" library="CxtaBPA.CxtaBPAUI">
<doc>Method to wait for loading icon to disappear</doc>
<status status="PASS" starttime="20200114 14:39:26.208" endtime="20200114 14:39:32.398"></status>
</kw>
<kw name="Testcase teardown" type="teardown">
<kw name="Logout of BPA UI" library="bpa_ui">
<doc>Logs out of BPA UI</doc>
<kw name="set browser timeout to &quot;${BPA__MAX_WAIT_TIME}&quot; seconds" library="CXTA.robot.Browser">
<doc>Browser.set_browser_timeout(self, timeout)</doc>
<status status="PASS" starttime="20200114 14:39:32.442" endtime="20200114 14:39:32.451"></status>
</kw>
<kw name="Wait for the loading icon to disappear" library="CxtaBPA.CxtaBPAUI">
<doc>Method to wait for loading icon to disappear</doc>
<status status="PASS" starttime="20200114 14:39:32.473" endtime="20200114 14:39:38.613"></status>
</kw>
<kw name="wait until object is clickable via XPath &quot;${BPA__MENU_PROFILE_XPATH}&quot;" library="CXTA.robot.Browser">
<doc>ElementsAttributes.wait_for_clickable_object_via_xpath(self, xpath)</doc>
<status status="PASS" starttime="20200114 14:39:38.630" endtime="20200114 14:39:38.940"></status>
</kw>
<kw name="click on the object with XPath &quot;${BPA__MENU_PROFILE_XPATH}&quot;" library="CXTA.robot.Browser">
<doc>MouseEvents.click_object_with_xpath(self, xpath)</doc>
<status status="PASS" starttime="20200114 14:39:38.953" endtime="20200114 14:39:39.642"></status>
</kw>
<kw name="wait until object is clickable via XPath &quot;${BPA__MENU_LOGOUT_XPATH}&quot;" library="CXTA.robot.Browser">
<doc>ElementsAttributes.wait_for_clickable_object_via_xpath(self, xpath)</doc>
<status status="PASS" starttime="20200114 14:39:39.657" endtime="20200114 14:39:40.081"></status>
</kw>
<kw name="click on the object with XPath &quot;${BPA__MENU_LOGOUT_XPATH}&quot;" library="CXTA.robot.Browser">
<doc>MouseEvents.click_object_with_xpath(self, xpath)</doc>
<status status="PASS" starttime="20200114 14:39:40.096" endtime="20200114 14:39:40.912"></status>
</kw>
<status status="PASS" starttime="20200114 14:39:32.415" endtime="20200114 14:39:40.915"></status>
</kw>
<kw name="close browser" library="CXTA.robot.Browser">
<doc>Browser.close_browser(self)</doc>
<status status="PASS" starttime="20200114 14:39:40.929" endtime="20200114 14:39:41.041"></status>
</kw>
<status status="PASS" starttime="20200114 14:39:32.404" endtime="20200114 14:39:41.045"></status>
</kw>
<doc>Waiting to test the documentation commment visible on screen</doc>
<status status="PASS" starttime="20200114 14:36:07.182" endtime="20200114 14:39:41.048" critical="yes"></status>
</test>
<status status="PASS" starttime="20200114 14:36:04.048" endtime="20200114 14:39:41.054"></status>
</suite>
<suite id="s1-s3" name="4.6.12 UI" source="/home/cisco/cxta-bpa/examples/4.6.12_UI.robot">
<test id="s1-s3-t1" name="4.6.12 STC OS UPGRADE CREATE NEW JOB-MDT/TCN Mapping Maximum Rows">
<kw name="Testcase setup" type="setup">
<kw name="Start Browser" library="CXTA.robot.Browser">
<doc>Browser.start_browser(self, browser_name=u'firefox', download_path=None, screenshot_path=None, remote_url=None, flash=False, proxy_urls=None)</doc>
<arguments>
<arg>browser_name=chrome</arg>
<arg>remote_url=${REMOTE_URL}</arg>
</arguments>
<status status="PASS" starttime="20200114 14:39:42.294" endtime="20200114 14:39:46.097"></status>
</kw>
<kw name="Log To Console" library="BuiltIn">
<doc>Logs the given message to the console.</doc>
<arguments>
<arg>"Opening the google chrome browser with the remote url http://selenium:4444/wd/hub "</arg>
</arguments>
<status status="PASS" starttime="20200114 14:39:46.116" endtime="20200114 14:39:46.120"></status>
</kw>
<kw name="Login to BPA UI &quot;${login.bpa_url}&quot; with credentials &quot;${login.bpa_username}&quot; and &quot;${login.bpa_password}&quot;" library="bpa_ui">
<doc>Login for BPA UI Application:</doc>
<kw name="set browser timeout to &quot;${BPA__MAX_WAIT_TIME}&quot; seconds" library="CXTA.robot.Browser">
<doc>Browser.set_browser_timeout(self, timeout)</doc>
<status status="PASS" starttime="20200114 14:39:46.165" endtime="20200114 14:39:46.175"></status>
</kw>
<kw name="clear the browser cookies" library="CXTA.robot.Browser">
<doc>Browser.clear_browser_cookies(self)</doc>
<status status="PASS" starttime="20200114 14:39:46.186" endtime="20200114 14:39:46.406"></status>
</kw>
<kw name="visit &quot;${url}&quot;" library="CXTA.robot.Browser">
<doc>Browser.visit_site(self, url)</doc>
<msg timestamp="20200114 14:39:46.427" level="INFO">Visiting url "https://10.52.123.82/portal/#/login"</msg>
<status status="PASS" starttime="20200114 14:39:46.421" endtime="20200114 14:40:04.262"></status>
</kw>
<kw name="wait until object is clickable via XPath &quot;${BPA__TXT_UID_XPATH}&quot;" library="CXTA.robot.Browser">
<doc>ElementsAttributes.wait_for_clickable_object_via_xpath(self, xpath)</doc>
<status status="PASS" starttime="20200114 14:40:04.302" endtime="20200114 14:40:04.888"></status>
</kw>
<kw name="enter &quot;${username}&quot; in the field with XPath &quot;${BPA__TXT_UID_XPATH}&quot;" library="CXTA.robot.Browser">
<doc>Inputs.enter_text_in_the_field_with_xpath(self, text, xpath)</doc>
<status status="PASS" starttime="20200114 14:40:04.904" endtime="20200114 14:40:06.037"></status>
</kw>
<kw name="wait until object is clickable via XPath &quot;${BPA__TXT_PWD_XPATH}&quot;" library="CXTA.robot.Browser">
<doc>ElementsAttributes.wait_for_clickable_object_via_xpath(self, xpath)</doc>
<status status="PASS" starttime="20200114 14:40:06.051" endtime="20200114 14:40:06.394"></status>
</kw>
<kw name="enter &quot;${password}&quot; in the field with XPath &quot;${BPA__TXT_PWD_XPATH}&quot;" library="CXTA.robot.Browser">
<doc>Inputs.enter_text_in_the_field_with_xpath(self, text, xpath)</doc>
<status status="PASS" starttime="20200114 14:40:06.404" endtime="20200114 14:40:07.206"></status>
</kw>
<kw name="wait until object is clickable via XPath &quot;${BPA__BTN_LOGIN_XPATH}&quot;" library="CXTA.robot.Browser">
<doc>ElementsAttributes.wait_for_clickable_object_via_xpath(self, xpath)</doc>
<status status="PASS" starttime="20200114 14:40:07.217" endtime="20200114 14:40:07.544"></status>
</kw>
<kw name="click on the object with XPath &quot;${BPA__BTN_LOGIN_XPATH}&quot;" library="CXTA.robot.Browser">
<doc>MouseEvents.click_object_with_xpath(self, xpath)</doc>
<status status="PASS" starttime="20200114 14:40:07.560" endtime="20200114 14:40:08.011"></status>
</kw>
<kw name="wait until object is clickable via XPath &quot;${BPA__LBL_DASHBOARD_XPATH}&quot;" library="CXTA.robot.Browser">
<doc>ElementsAttributes.wait_for_clickable_object_via_xpath(self, xpath)</doc>
<status status="PASS" starttime="20200114 14:40:08.030" endtime="20200114 14:40:10.913"></status>
</kw>
<status status="PASS" starttime="20200114 14:39:46.138" endtime="20200114 14:40:10.934"></status>
</kw>
<kw name="Log To Console" library="BuiltIn">
<doc>Logs the given message to the console.</doc>
<arguments>
<arg>"Logging into console https://10.52.123.82/portal/#/login with the credentials admin and admin"</arg>
</arguments>
<status status="PASS" starttime="20200114 14:40:10.965" endtime="20200114 14:40:10.976"></status>
</kw>
<status status="PASS" starttime="20200114 14:39:42.280" endtime="20200114 14:40:10.980"></status>
</kw>
<kw name="set browser timeout to &quot;${BPA__MAX_WAIT_TIME}&quot; seconds" library="CXTA.robot.Browser">
<doc>Browser.set_browser_timeout(self, timeout)</doc>
<status status="PASS" starttime="20200114 14:40:11.009" endtime="20200114 14:40:11.016"></status>
</kw>
<kw name="Log To Console" library="BuiltIn">
<doc>Logs the given message to the console.</doc>
<arguments>
<arg>"The max wait time of the browser window is 60 seconds"</arg>
</arguments>
<status status="PASS" starttime="20200114 14:40:11.030" endtime="20200114 14:40:11.033"></status>
</kw>
<kw name="Wait for the loading icon to disappear" library="CxtaBPA.CxtaBPAUI">
<doc>Method to wait for loading icon to disappear</doc>
<status status="PASS" starttime="20200114 14:40:11.050" endtime="20200114 14:41:05.164"></status>
</kw>
<kw name="click on the object with XPath &quot;${BPA_OS_UPGRADE_TILE_XPATH}&quot;" library="CXTA.robot.Browser">
<doc>MouseEvents.click_object_with_xpath(self, xpath)</doc>
<status status="PASS" starttime="20200114 14:41:05.218" endtime="20200114 14:41:06.463"></status>
</kw>
<kw name="Log To Console" library="BuiltIn">
<doc>Logs the given message to the console.</doc>
<arguments>
<arg>"Select STC OS upgrade tile from the dashboard"</arg>
</arguments>
<status status="PASS" starttime="20200114 14:41:06.482" endtime="20200114 14:41:06.487"></status>
</kw>
<kw name="wait until object is clickable via XPath &quot;${BPA_SELECT_DEVICE_LBL_TILE}&quot;" library="CXTA.robot.Browser">
<doc>ElementsAttributes.wait_for_clickable_object_via_xpath(self, xpath)</doc>
<status status="PASS" starttime="20200114 14:41:06.503" endtime="20200114 14:41:20.027"></status>
</kw>
<kw name="Wait for the loading icon to disappear" library="CxtaBPA.CxtaBPAUI">
<doc>Method to wait for loading icon to disappear</doc>
<status status="PASS" starttime="20200114 14:41:20.048" endtime="20200114 14:41:26.613"></status>
</kw>
<kw name="STC upgrade select device &quot;${osupgrade.device_name}&quot;" library="CxtaBPA.CxtaBPAUI">
<doc>This keyword retrieves list of devices in the selected BOA environment in STC.</doc>
<status status="PASS" starttime="20200114 14:41:26.632" endtime="20200114 14:41:30.273"></status>
</kw>
<kw name="Log To Console" library="BuiltIn">
<doc>Logs the given message to the console.</doc>
<arguments>
<arg>"The device type:ASR920 is selected from the dropdown"</arg>
</arguments>
<status status="PASS" starttime="20200114 14:41:30.298" endtime="20200114 14:41:30.319"></status>
</kw>
<kw name="Wait for the loading icon to disappear" library="CxtaBPA.CxtaBPAUI">
<doc>Method to wait for loading icon to disappear</doc>
<status status="PASS" starttime="20200114 14:41:30.368" endtime="20200114 14:41:47.502"></status>
</kw>
<kw name="wait until object is clickable via XPath &quot;${BPA__SELECT_CREATE_NEW_XPATH}&quot;" library="CXTA.robot.Browser">
<doc>ElementsAttributes.wait_for_clickable_object_via_xpath(self, xpath)</doc>
<status status="PASS" starttime="20200114 14:41:47.514" endtime="20200114 14:41:47.797"></status>
</kw>
<kw name="Wait for the loading icon to disappear" library="CxtaBPA.CxtaBPAUI">
<doc>Method to wait for loading icon to disappear</doc>
<status status="PASS" starttime="20200114 14:41:47.807" endtime="20200114 14:41:54.422"></status>
</kw>
<kw name="click on the object with XPath &quot;${BPA__SELECT_CREATE_NEW_XPATH}&quot;" library="CXTA.robot.Browser">
<doc>MouseEvents.click_object_with_xpath(self, xpath)</doc>
<status status="PASS" starttime="20200114 14:41:54.437" endtime="20200114 14:41:55.192"></status>
</kw>
<kw name="Log To Console" library="BuiltIn">
<doc>Logs the given message to the console.</doc>
<arguments>
<arg>"Job listing page of ASR920 : Create new is clicked"</arg>
</arguments>
<status status="PASS" starttime="20200114 14:41:55.207" endtime="20200114 14:41:55.211"></status>
</kw>
<kw name="Wait for the loading icon to disappear" library="CxtaBPA.CxtaBPAUI">
<doc>Method to wait for loading icon to disappear</doc>
<status status="PASS" starttime="20200114 14:41:55.235" endtime="20200114 14:42:05.637"></status>
</kw>
<kw name="Create device values with active os upgrade status mdt rows &quot;${osupgrade.create_new}&quot;" library="CxtaBPA.CxtaBPAUI">
<doc>This keyword retrieves list of devices in the selected BOA environment in STC.</doc>
<status status="PASS" starttime="20200114 14:42:05.652" endtime="20200114 14:42:36.592"></status>
</kw>
<kw name="Log To Console" library="BuiltIn">
<doc>Logs the given message to the console.</doc>
<arguments>
<arg>"Select Platform Model: 'ASR-920-24TZ-M' \n Select Device Role: 'UPE92' \n Select Release Software Version: '3.18.5SP'\n File Transfer Protocol: 'FTP' \n mdt_number: 123 \n Approval Status: 'Approved' \n mutilselect_device: 'STC-ASR920-1'"</arg>
</arguments>
<status status="PASS" starttime="20200114 14:42:36.605" endtime="20200114 14:42:36.611"></status>
</kw>
<kw name="Wait for the loading icon to disappear" library="CxtaBPA.CxtaBPAUI">
<doc>Method to wait for loading icon to disappear</doc>
<status status="PASS" starttime="20200114 14:42:36.629" endtime="20200114 14:42:44.212"></status>
</kw>
<kw name="wait until object is clickable via XPath &quot;${BPA__SELECT_MDT_ROWS}&quot;" library="CXTA.robot.Browser">
<doc>ElementsAttributes.wait_for_clickable_object_via_xpath(self, xpath)</doc>
<status status="PASS" starttime="20200114 14:42:44.228" endtime="20200114 14:42:44.527"></status>
</kw>
<kw name="click on the object with XPath &quot;${BPA__SELECT_MDT_ROWS}&quot;" library="CXTA.robot.Browser">
<doc>MouseEvents.click_object_with_xpath(self, xpath)</doc>
<status status="PASS" starttime="20200114 14:42:44.538" endtime="20200114 14:42:45.201"></status>
</kw>
<kw name="Log To Console" library="BuiltIn">
<doc>Logs the given message to the console.</doc>
<arguments>
<arg>"Extra MDT/Device mapping rows are selected"</arg>
</arguments>
<status status="PASS" starttime="20200114 14:42:45.213" endtime="20200114 14:42:45.219"></status>
</kw>
<kw name="Testcase teardown" type="teardown">
<kw name="Logout of BPA UI" library="bpa_ui">
<doc>Logs out of BPA UI</doc>
<kw name="set browser timeout to &quot;${BPA__MAX_WAIT_TIME}&quot; seconds" library="CXTA.robot.Browser">
<doc>Browser.set_browser_timeout(self, timeout)</doc>
<status status="PASS" starttime="20200114 14:42:45.254" endtime="20200114 14:42:45.263"></status>
</kw>
<kw name="Wait for the loading icon to disappear" library="CxtaBPA.CxtaBPAUI">
<doc>Method to wait for loading icon to disappear</doc>
<status status="PASS" starttime="20200114 14:42:45.276" endtime="20200114 14:42:52.173"></status>
</kw>
<kw name="wait until object is clickable via XPath &quot;${BPA__MENU_PROFILE_XPATH}&quot;" library="CXTA.robot.Browser">
<doc>ElementsAttributes.wait_for_clickable_object_via_xpath(self, xpath)</doc>
<status status="PASS" starttime="20200114 14:42:52.185" endtime="20200114 14:42:52.470"></status>
</kw>
<kw name="click on the object with XPath &quot;${BPA__MENU_PROFILE_XPATH}&quot;" library="CXTA.robot.Browser">
<doc>MouseEvents.click_object_with_xpath(self, xpath)</doc>
<status status="PASS" starttime="20200114 14:42:52.482" endtime="20200114 14:42:53.482"></status>
</kw>
<kw name="wait until object is clickable via XPath &quot;${BPA__MENU_LOGOUT_XPATH}&quot;" library="CXTA.robot.Browser">
<doc>ElementsAttributes.wait_for_clickable_object_via_xpath(self, xpath)</doc>
<status status="PASS" starttime="20200114 14:42:53.502" endtime="20200114 14:42:54.029"></status>
</kw>
<kw name="click on the object with XPath &quot;${BPA__MENU_LOGOUT_XPATH}&quot;" library="CXTA.robot.Browser">
<doc>MouseEvents.click_object_with_xpath(self, xpath)</doc>
<status status="PASS" starttime="20200114 14:42:54.044" endtime="20200114 14:42:54.884"></status>
</kw>
<status status="PASS" starttime="20200114 14:42:45.236" endtime="20200114 14:42:54.888"></status>
</kw>
<kw name="close browser" library="CXTA.robot.Browser">
<doc>Browser.close_browser(self)</doc>
<status status="PASS" starttime="20200114 14:42:54.901" endtime="20200114 14:42:55.043"></status>
</kw>
<status status="PASS" starttime="20200114 14:42:45.225" endtime="20200114 14:42:55.047"></status>
</kw>
<status status="PASS" starttime="20200114 14:39:42.272" endtime="20200114 14:42:55.051" critical="yes"></status>
</test>
<status status="PASS" starttime="20200114 14:39:41.084" endtime="20200114 14:42:55.064"></status>
</suite>
<suite id="s1-s4" name="4.6.13 UI" source="/home/cisco/cxta-bpa/examples/4.6.13_UI.robot">
<test id="s1-s4-t1" name="4.6.13 STC OS UPGRADE CREATE NEW JOB-MDT/TCN Mapping duplicates">
<kw name="Testcase setup" type="setup">
<kw name="Start Browser" library="CXTA.robot.Browser">
<doc>Browser.start_browser(self, browser_name=u'firefox', download_path=None, screenshot_path=None, remote_url=None, flash=False, proxy_urls=None)</doc>
<arguments>
<arg>browser_name=chrome</arg>
<arg>remote_url=${REMOTE_URL}</arg>
</arguments>
<status status="PASS" starttime="20200114 14:42:56.244" endtime="20200114 14:43:00.348"></status>
</kw>
<kw name="Log To Console" library="BuiltIn">
<doc>Logs the given message to the console.</doc>
<arguments>
<arg>"Opening the google chrome browser with the remote url http://selenium:4444/wd/hub "</arg>
</arguments>
<status status="PASS" starttime="20200114 14:43:00.361" endtime="20200114 14:43:00.367"></status>
</kw>
<kw name="Login to BPA UI &quot;${login.bpa_url}&quot; with credentials &quot;${login.bpa_username}&quot; and &quot;${login.bpa_password}&quot;" library="bpa_ui">
<doc>Login for BPA UI Application:</doc>
<kw name="set browser timeout to &quot;${BPA__MAX_WAIT_TIME}&quot; seconds" library="CXTA.robot.Browser">
<doc>Browser.set_browser_timeout(self, timeout)</doc>
<status status="PASS" starttime="20200114 14:43:00.431" endtime="20200114 14:43:00.443"></status>
</kw>
<kw name="clear the browser cookies" library="CXTA.robot.Browser">
<doc>Browser.clear_browser_cookies(self)</doc>
<status status="PASS" starttime="20200114 14:43:00.460" endtime="20200114 14:43:00.549"></status>
</kw>
<kw name="visit &quot;${url}&quot;" library="CXTA.robot.Browser">
<doc>Browser.visit_site(self, url)</doc>
<msg timestamp="20200114 14:43:00.568" level="INFO">Visiting url "https://10.52.123.82/portal/#/login"</msg>
<status status="PASS" starttime="20200114 14:43:00.562" endtime="20200114 14:43:16.062"></status>
</kw>
<kw name="wait until object is clickable via XPath &quot;${BPA__TXT_UID_XPATH}&quot;" library="CXTA.robot.Browser">
<doc>ElementsAttributes.wait_for_clickable_object_via_xpath(self, xpath)</doc>
<status status="PASS" starttime="20200114 14:43:16.079" endtime="20200114 14:43:16.559"></status>
</kw>
<kw name="enter &quot;${username}&quot; in the field with XPath &quot;${BPA__TXT_UID_XPATH}&quot;" library="CXTA.robot.Browser">
<doc>Inputs.enter_text_in_the_field_with_xpath(self, text, xpath)</doc>
<status status="PASS" starttime="20200114 14:43:16.571" endtime="20200114 14:43:17.491"></status>
</kw>
<kw name="wait until object is clickable via XPath &quot;${BPA__TXT_PWD_XPATH}&quot;" library="CXTA.robot.Browser">
<doc>ElementsAttributes.wait_for_clickable_object_via_xpath(self, xpath)</doc>
<status status="PASS" starttime="20200114 14:43:17.506" endtime="20200114 14:43:17.839"></status>
</kw>
<kw name="enter &quot;${password}&quot; in the field with XPath &quot;${BPA__TXT_PWD_XPATH}&quot;" library="CXTA.robot.Browser">
<doc>Inputs.enter_text_in_the_field_with_xpath(self, text, xpath)</doc>
<status status="PASS" starttime="20200114 14:43:17.856" endtime="20200114 14:43:18.652"></status>
</kw>
<kw name="wait until object is clickable via XPath &quot;${BPA__BTN_LOGIN_XPATH}&quot;" library="CXTA.robot.Browser">
<doc>ElementsAttributes.wait_for_clickable_object_via_xpath(self, xpath)</doc>
<status status="PASS" starttime="20200114 14:43:18.668" endtime="20200114 14:43:18.972"></status>
</kw>
<kw name="click on the object with XPath &quot;${BPA__BTN_LOGIN_XPATH}&quot;" library="CXTA.robot.Browser">
<doc>MouseEvents.click_object_with_xpath(self, xpath)</doc>
<status status="PASS" starttime="20200114 14:43:18.990" endtime="20200114 14:43:19.432"></status>
</kw>
<kw name="wait until object is clickable via XPath &quot;${BPA__LBL_DASHBOARD_XPATH}&quot;" library="CXTA.robot.Browser">
<doc>ElementsAttributes.wait_for_clickable_object_via_xpath(self, xpath)</doc>
<status status="PASS" starttime="20200114 14:43:19.442" endtime="20200114 14:43:22.036"></status>
</kw>
<status status="PASS" starttime="20200114 14:43:00.408" endtime="20200114 14:43:22.041"></status>
</kw>
<kw name="Log To Console" library="BuiltIn">
<doc>Logs the given message to the console.</doc>
<arguments>
<arg>"Logging into console https://10.52.123.82/portal/#/login with the credentials admin and admin"</arg>
</arguments>
<status status="PASS" starttime="20200114 14:43:22.057" endtime="20200114 14:43:22.063"></status>
</kw>
<status status="PASS" starttime="20200114 14:42:56.233" endtime="20200114 14:43:22.066"></status>
</kw>
<kw name="set browser timeout to &quot;${BPA__MAX_WAIT_TIME}&quot; seconds" library="CXTA.robot.Browser">
<doc>Browser.set_browser_timeout(self, timeout)</doc>
<status status="PASS" starttime="20200114 14:43:22.084" endtime="20200114 14:43:22.093"></status>
</kw>
<kw name="Log To Console" library="BuiltIn">
<doc>Logs the given message to the console.</doc>
<arguments>
<arg>"The max wait time of the browser window is 60 seconds"</arg>
</arguments>
<status status="PASS" starttime="20200114 14:43:22.114" endtime="20200114 14:43:22.118"></status>
</kw>
<kw name="Wait for the loading icon to disappear" library="CxtaBPA.CxtaBPAUI">
<doc>Method to wait for loading icon to disappear</doc>
<status status="PASS" starttime="20200114 14:43:22.130" endtime="20200114 14:44:09.631"></status>
</kw>
<kw name="click on the object with XPath &quot;${BPA_OS_UPGRADE_TILE_XPATH}&quot;" library="CXTA.robot.Browser">
<doc>MouseEvents.click_object_with_xpath(self, xpath)</doc>
<status status="PASS" starttime="20200114 14:44:09.646" endtime="20200114 14:44:10.409"></status>
</kw>
<kw name="Log To Console" library="BuiltIn">
<doc>Logs the given message to the console.</doc>
<arguments>
<arg>"Select STC OS upgrade tile from the dashboard</arg>
</arguments>
<status status="PASS" starttime="20200114 14:44:10.430" endtime="20200114 14:44:10.434"></status>
</kw>
<kw name="wait until object is clickable via XPath &quot;${BPA_SELECT_DEVICE_LBL_TILE}&quot;" library="CXTA.robot.Browser">
<doc>ElementsAttributes.wait_for_clickable_object_via_xpath(self, xpath)</doc>
<status status="PASS" starttime="20200114 14:44:10.454" endtime="20200114 14:44:25.277"></status>
</kw>
<kw name="Wait for the loading icon to disappear" library="CxtaBPA.CxtaBPAUI">
<doc>Method to wait for loading icon to disappear</doc>
<status status="PASS" starttime="20200114 14:44:25.289" endtime="20200114 14:44:31.818"></status>
</kw>
<kw name="STC upgrade select device &quot;${osupgrade.device_name}&quot;" library="CxtaBPA.CxtaBPAUI">
<doc>This keyword retrieves list of devices in the selected BOA environment in STC.</doc>
<status status="PASS" starttime="20200114 14:44:31.834" endtime="20200114 14:44:35.621"></status>
</kw>
<kw name="Log To Console" library="BuiltIn">
<doc>Logs the given message to the console.</doc>
<arguments>
<arg>"The device type:ASR920 is selected from the dropdown"</arg>
</arguments>
<status status="PASS" starttime="20200114 14:44:35.645" endtime="20200114 14:44:35.650"></status>
</kw>
<kw name="Wait for the loading icon to disappear" library="CxtaBPA.CxtaBPAUI">
<doc>Method to wait for loading icon to disappear</doc>
<status status="PASS" starttime="20200114 14:44:35.671" endtime="20200114 14:44:47.618"></status>
</kw>
<kw name="wait until object is clickable via XPath &quot;${BPA__SELECT_CREATE_NEW_XPATH}&quot;" library="CXTA.robot.Browser">
<doc>ElementsAttributes.wait_for_clickable_object_via_xpath(self, xpath)</doc>
<status status="PASS" starttime="20200114 14:44:47.630" endtime="20200114 14:44:53.367"></status>
</kw>
<kw name="Wait for the loading icon to disappear" library="CxtaBPA.CxtaBPAUI">
<doc>Method to wait for loading icon to disappear</doc>
<status status="PASS" starttime="20200114 14:44:53.381" endtime="20200114 14:44:59.919"></status>
</kw>
<kw name="click on the object with XPath &quot;${BPA__SELECT_CREATE_NEW_XPATH}&quot;" library="CXTA.robot.Browser">
<doc>MouseEvents.click_object_with_xpath(self, xpath)</doc>
<status status="PASS" starttime="20200114 14:44:59.938" endtime="20200114 14:45:01.000"></status>
</kw>
<kw name="Log To Console" library="BuiltIn">
<doc>Logs the given message to the console.</doc>
<arguments>
<arg>"Job listing page of ASR920 : Create new is clicked"</arg>
</arguments>
<status status="PASS" starttime="20200114 14:45:01.012" endtime="20200114 14:45:01.017"></status>
</kw>
<kw name="Wait for the loading icon to disappear" library="CxtaBPA.CxtaBPAUI">
<doc>Method to wait for loading icon to disappear</doc>
<status status="PASS" starttime="20200114 14:45:01.032" endtime="20200114 14:45:10.465"></status>
</kw>
<kw name="Create device values with active os upgrade status mdt rows duplicate &quot;${osupgrade.create_new}&quot; and &quot;${osupgrade.mdt_params}&quot;" library="CxtaBPA.CxtaBPAUI">
<doc>This keyword retrieves list of devices in the selected BOA environment in STC.</doc>
<status status="PASS" starttime="20200114 14:45:10.486" endtime="20200114 14:54:55.318"></status>
</kw>
<kw name="Log To Console" library="BuiltIn">
<doc>Logs the given message to the console.</doc>
<arguments>
<arg>"Select Platform Model: 'ASR-920-24TZ-M' \n Select Device Role: 'UPE92' \n Select Release Software Version: '3.18.5SP'\n File Transfer Protocol: 'FTP' \n mdt_number: 123 \n Approval Status: 'Approved' \n mutilselect_device: 'STC-ASR920-1' and the params for next rows mdt mapping mdt_number: 111 \n Approval Status: 'Approved' \n mutilselect_device: 'STC-ASR920-2'"</arg>
</arguments>
<status status="PASS" starttime="20200114 14:54:55.345" endtime="20200114 14:54:55.354"></status>
</kw>
<kw name="Wait for the loading icon to disappear" library="CxtaBPA.CxtaBPAUI">
<doc>Method to wait for loading icon to disappear</doc>
<status status="PASS" starttime="20200114 14:54:55.384" endtime="20200114 14:55:02.219"></status>
</kw>
<kw name="Testcase teardown" type="teardown">
<kw name="Logout of BPA UI" library="bpa_ui">
<doc>Logs out of BPA UI</doc>
<kw name="set browser timeout to &quot;${BPA__MAX_WAIT_TIME}&quot; seconds" library="CXTA.robot.Browser">
<doc>Browser.set_browser_timeout(self, timeout)</doc>
<status status="PASS" starttime="20200114 14:55:02.303" endtime="20200114 14:55:02.313"></status>
</kw>
<kw name="Wait for the loading icon to disappear" library="CxtaBPA.CxtaBPAUI">
<doc>Method to wait for loading icon to disappear</doc>
<status status="PASS" starttime="20200114 14:55:02.332" endtime="20200114 14:55:08.797"></status>
</kw>
<kw name="wait until object is clickable via XPath &quot;${BPA__MENU_PROFILE_XPATH}&quot;" library="CXTA.robot.Browser">
<doc>ElementsAttributes.wait_for_clickable_object_via_xpath(self, xpath)</doc>
<status status="PASS" starttime="20200114 14:55:08.823" endtime="20200114 14:55:09.333"></status>
</kw>
<kw name="click on the object with XPath &quot;${BPA__MENU_PROFILE_XPATH}&quot;" library="CXTA.robot.Browser">
<doc>MouseEvents.click_object_with_xpath(self, xpath)</doc>
<status status="PASS" starttime="20200114 14:55:09.361" endtime="20200114 14:55:10.845"></status>
</kw>
<kw name="wait until object is clickable via XPath &quot;${BPA__MENU_LOGOUT_XPATH}&quot;" library="CXTA.robot.Browser">
<doc>ElementsAttributes.wait_for_clickable_object_via_xpath(self, xpath)</doc>
<status status="PASS" starttime="20200114 14:55:10.871" endtime="20200114 14:55:11.783"></status>
</kw>
<kw name="click on the object with XPath &quot;${BPA__MENU_LOGOUT_XPATH}&quot;" library="CXTA.robot.Browser">
<doc>MouseEvents.click_object_with_xpath(self, xpath)</doc>
<status status="PASS" starttime="20200114 14:55:11.804" endtime="20200114 14:55:13.085"></status>
</kw>
<status status="PASS" starttime="20200114 14:55:02.267" endtime="20200114 14:55:13.091"></status>
</kw>
<kw name="close browser" library="CXTA.robot.Browser">
<doc>Browser.close_browser(self)</doc>
<status status="PASS" starttime="20200114 14:55:13.138" endtime="20200114 14:55:13.383"></status>
</kw>
<status status="PASS" starttime="20200114 14:55:02.225" endtime="20200114 14:55:13.388"></status>
</kw>
<status status="PASS" starttime="20200114 14:42:56.226" endtime="20200114 14:55:13.397" critical="yes"></status>
</test>
<status status="PASS" starttime="20200114 14:42:55.097" endtime="20200114 14:55:13.417"></status>
</suite>
<suite id="s1-s5" name="4.6.1 UI" source="/home/cisco/cxta-bpa/examples/4.6.1_UI.robot">
<test id="s1-s5-t1" name="4.6.1 STC OS UPGRADE JOB LISTING PAGE">
<kw name="Testcase setup" type="setup">
<kw name="Start Browser" library="CXTA.robot.Browser">
<doc>Browser.start_browser(self, browser_name=u'firefox', download_path=None, screenshot_path=None, remote_url=None, flash=False, proxy_urls=None)</doc>
<arguments>
<arg>browser_name=chrome</arg>
<arg>remote_url=${REMOTE_URL}</arg>
</arguments>
<status status="PASS" starttime="20200114 14:55:15.425" endtime="20200114 14:55:22.387"></status>
</kw>
<kw name="Log To Console" library="BuiltIn">
<doc>Logs the given message to the console.</doc>
<arguments>
<arg>"Opening the google chrome browser with the remote url http://selenium:4444/wd/hub "</arg>
</arguments>
<status status="PASS" starttime="20200114 14:55:22.425" endtime="20200114 14:55:22.430"></status>
</kw>
<kw name="Login to BPA UI &quot;${login.bpa_url}&quot; with credentials &quot;${login.bpa_username}&quot; and &quot;${login.bpa_password}&quot;" library="bpa_ui">
<doc>Login for BPA UI Application:</doc>
<kw name="set browser timeout to &quot;${BPA__MAX_WAIT_TIME}&quot; seconds" library="CXTA.robot.Browser">
<doc>Browser.set_browser_timeout(self, timeout)</doc>
<status status="PASS" starttime="20200114 14:55:22.485" endtime="20200114 14:55:22.493"></status>
</kw>
<kw name="clear the browser cookies" library="CXTA.robot.Browser">
<doc>Browser.clear_browser_cookies(self)</doc>
<status status="PASS" starttime="20200114 14:55:22.527" endtime="20200114 14:55:22.654"></status>
</kw>
<kw name="visit &quot;${url}&quot;" library="CXTA.robot.Browser">
<doc>Browser.visit_site(self, url)</doc>
<msg timestamp="20200114 14:55:22.678" level="INFO">Visiting url "https://10.52.123.82/portal/#/login"</msg>
<status status="PASS" starttime="20200114 14:55:22.673" endtime="20200114 14:55:43.764"></status>
</kw>
<kw name="wait until object is clickable via XPath &quot;${BPA__TXT_UID_XPATH}&quot;" library="CXTA.robot.Browser">
<doc>ElementsAttributes.wait_for_clickable_object_via_xpath(self, xpath)</doc>
<status status="PASS" starttime="20200114 14:55:43.790" endtime="20200114 14:55:44.362"></status>
</kw>
<kw name="enter &quot;${username}&quot; in the field with XPath &quot;${BPA__TXT_UID_XPATH}&quot;" library="CXTA.robot.Browser">
<doc>Inputs.enter_text_in_the_field_with_xpath(self, text, xpath)</doc>
<status status="PASS" starttime="20200114 14:55:44.384" endtime="20200114 14:55:45.983"></status>
</kw>
<kw name="wait until object is clickable via XPath &quot;${BPA__TXT_PWD_XPATH}&quot;" library="CXTA.robot.Browser">
<doc>ElementsAttributes.wait_for_clickable_object_via_xpath(self, xpath)</doc>
<status status="PASS" starttime="20200114 14:55:46.000" endtime="20200114 14:55:46.389"></status>
</kw>
<kw name="enter &quot;${password}&quot; in the field with XPath &quot;${BPA__TXT_PWD_XPATH}&quot;" library="CXTA.robot.Browser">
<doc>Inputs.enter_text_in_the_field_with_xpath(self, text, xpath)</doc>
<status status="PASS" starttime="20200114 14:55:46.401" endtime="20200114 14:55:47.490"></status>
</kw>
<kw name="wait until object is clickable via XPath &quot;${BPA__BTN_LOGIN_XPATH}&quot;" library="CXTA.robot.Browser">
<doc>ElementsAttributes.wait_for_clickable_object_via_xpath(self, xpath)</doc>
<status status="PASS" starttime="20200114 14:55:47.525" endtime="20200114 14:55:47.883"></status>
</kw>
<kw name="click on the object with XPath &quot;${BPA__BTN_LOGIN_XPATH}&quot;" library="CXTA.robot.Browser">
<doc>MouseEvents.click_object_with_xpath(self, xpath)</doc>
<status status="PASS" starttime="20200114 14:55:47.895" endtime="20200114 14:55:48.561"></status>
</kw>
<kw name="wait until object is clickable via XPath &quot;${BPA__LBL_DASHBOARD_XPATH}&quot;" library="CXTA.robot.Browser">
<doc>ElementsAttributes.wait_for_clickable_object_via_xpath(self, xpath)</doc>
<status status="PASS" starttime="20200114 14:55:48.583" endtime="20200114 14:55:52.115"></status>
</kw>
<status status="PASS" starttime="20200114 14:55:22.452" endtime="20200114 14:55:52.120"></status>
</kw>
<kw name="Log To Console" library="BuiltIn">
<doc>Logs the given message to the console.</doc>
<arguments>
<arg>"Logging into console https://10.52.123.82/portal/#/login with the credentials admin and admin"</arg>
</arguments>
<status status="PASS" starttime="20200114 14:55:52.130" endtime="20200114 14:55:52.148"></status>
</kw>
<status status="PASS" starttime="20200114 14:55:15.407" endtime="20200114 14:55:52.151"></status>
</kw>
<kw name="set browser timeout to &quot;${BPA__MAX_WAIT_TIME}&quot; seconds" library="CXTA.robot.Browser">
<doc>Browser.set_browser_timeout(self, timeout)</doc>
<status status="PASS" starttime="20200114 14:55:52.167" endtime="20200114 14:55:52.176"></status>
</kw>
<kw name="Log To Console" library="BuiltIn">
<doc>Logs the given message to the console.</doc>
<arguments>
<arg>"The max wait time of the browser window is 60 seconds"</arg>
</arguments>
<status status="PASS" starttime="20200114 14:55:52.190" endtime="20200114 14:55:52.196"></status>
</kw>
<kw name="Wait for the loading icon to disappear" library="CxtaBPA.CxtaBPAUI">
<doc>Method to wait for loading icon to disappear</doc>
<status status="PASS" starttime="20200114 14:55:52.221" endtime="20200114 14:56:46.053"></status>
</kw>
<kw name="click on the object with XPath &quot;${BPA_OS_UPGRADE_TILE_XPATH}&quot;" library="CXTA.robot.Browser">
<doc>MouseEvents.click_object_with_xpath(self, xpath)</doc>
<status status="PASS" starttime="20200114 14:56:46.075" endtime="20200114 14:56:47.473"></status>
</kw>
<kw name="Log To Console" library="BuiltIn">
<doc>Logs the given message to the console.</doc>
<arguments>
<arg>"Select STC OS upgrade tile from the dashboard"</arg>
</arguments>
<status status="PASS" starttime="20200114 14:56:47.487" endtime="20200114 14:56:47.496"></status>
</kw>
<kw name="wait until object is clickable via XPath &quot;${BPA_SELECT_DEVICE_LBL_TILE}&quot;" library="CXTA.robot.Browser">
<doc>ElementsAttributes.wait_for_clickable_object_via_xpath(self, xpath)</doc>
<status status="PASS" starttime="20200114 14:56:47.513" endtime="20200114 14:57:04.607"></status>
</kw>
<kw name="Log To Console" library="BuiltIn">
<doc>Logs the given message to the console.</doc>
<arguments>
<arg>"Wait until object is clickable to select device type"</arg>
</arguments>
<status status="PASS" starttime="20200114 14:57:04.620" endtime="20200114 14:57:04.626"></status>
</kw>
<kw name="Wait for the loading icon to disappear" library="CxtaBPA.CxtaBPAUI">
<doc>Method to wait for loading icon to disappear</doc>
<status status="PASS" starttime="20200114 14:57:04.643" endtime="20200114 14:57:11.074"></status>
</kw>
<kw name="STC upgrade select device &quot;${osupgrade.device_name}&quot;" library="CxtaBPA.CxtaBPAUI">
<doc>This keyword retrieves list of devices in the selected BOA environment in STC.</doc>
<status status="PASS" starttime="20200114 14:57:11.090" endtime="20200114 14:57:15.139"></status>
</kw>
<kw name="Log To Console" library="BuiltIn">
<doc>Logs the given message to the console.</doc>
<arguments>
<arg>"The device type:ASR920 is selected from the dropdown"</arg>
</arguments>
<status status="PASS" starttime="20200114 14:57:15.154" endtime="20200114 14:57:15.162"></status>
</kw>
<kw name="Wait for the loading icon to disappear" library="CxtaBPA.CxtaBPAUI">
<doc>Method to wait for loading icon to disappear</doc>
<status status="PASS" starttime="20200114 14:57:15.175" endtime="20200114 14:57:34.106"></status>
</kw>
<kw name="Wait until object is clickable via XPath &quot;${BPA__START_DATE_XPATH_REPORT}&quot;" library="CXTA.robot.Browser">
<doc>ElementsAttributes.wait_for_clickable_object_via_xpath(self, xpath)</doc>
<status status="PASS" starttime="20200114 14:57:34.121" endtime="20200114 14:57:34.509"></status>
</kw>
<kw name="Log To Console" library="BuiltIn">
<doc>Logs the given message to the console.</doc>
<arguments>
<arg>"Wait until start date of xpath is clickable"</arg>
</arguments>
<status status="PASS" starttime="20200114 14:57:34.523" endtime="20200114 14:57:34.530"></status>
</kw>
<kw name="Wait for the loading icon to disappear" library="CxtaBPA.CxtaBPAUI">
<doc>Method to wait for loading icon to disappear</doc>
<status status="PASS" starttime="20200114 14:57:34.545" endtime="20200114 14:57:40.983"></status>
</kw>
<kw name="click on the object with XPath &quot;${BPA__START_DATE_XPATH_REPORT}&quot;" library="CXTA.robot.Browser">
<doc>MouseEvents.click_object_with_xpath(self, xpath)</doc>
<status status="PASS" starttime="20200114 14:57:40.998" endtime="20200114 14:57:42.170"></status>
</kw>
<kw name="Log To Console" library="BuiltIn">
<doc>Logs the given message to the console.</doc>
<arguments>
<arg>"Click the start date tile"</arg>
</arguments>
<status status="PASS" starttime="20200114 14:57:42.189" endtime="20200114 14:57:42.195"></status>
</kw>
<kw name="Wait for the loading icon to disappear" library="CxtaBPA.CxtaBPAUI">
<doc>Method to wait for loading icon to disappear</doc>
<status status="PASS" starttime="20200114 14:57:42.256" endtime="20200114 14:57:50.590"></status>
</kw>
<kw name="wait until object is clickable via XPath &quot;${BPA__START_DATE_VALUE}&quot;" library="CXTA.robot.Browser">
<doc>ElementsAttributes.wait_for_clickable_object_via_xpath(self, xpath)</doc>
<status status="PASS" starttime="20200114 14:57:50.613" endtime="20200114 14:57:52.394"></status>
</kw>
<kw name="Wait for the loading icon to disappear" library="CxtaBPA.CxtaBPAUI">
<doc>Method to wait for loading icon to disappear</doc>
<status status="PASS" starttime="20200114 14:57:52.407" endtime="20200114 14:58:02.820"></status>
</kw>
<kw name="click on the object with XPath &quot;${BPA__START_DATE_VALUE}&quot;" library="CXTA.robot.Browser">
<doc>MouseEvents.click_object_with_xpath(self, xpath)</doc>
<status status="PASS" starttime="20200114 14:58:02.843" endtime="20200114 14:58:04.620"></status>
</kw>
<kw name="Log To Console" library="BuiltIn">
<doc>Logs the given message to the console.</doc>
<arguments>
<arg>"Click on the start date value,first day of current month "</arg>
</arguments>
<status status="PASS" starttime="20200114 14:58:04.641" endtime="20200114 14:58:04.645"></status>
</kw>
<kw name="Wait for the loading icon to disappear" library="CxtaBPA.CxtaBPAUI">
<doc>Method to wait for loading icon to disappear</doc>
<status status="PASS" starttime="20200114 14:58:04.662" endtime="20200114 14:58:17.449"></status>
</kw>
<kw name="wait until object is clickable via XPath &quot;${BPA__END_DATE_XPATH_REPORT}&quot;" library="CXTA.robot.Browser">
<doc>ElementsAttributes.wait_for_clickable_object_via_xpath(self, xpath)</doc>
<status status="PASS" starttime="20200114 14:58:17.464" endtime="20200114 14:58:22.960"></status>
</kw>
<kw name="Wait for the loading icon to disappear" library="CxtaBPA.CxtaBPAUI">
<doc>Method to wait for loading icon to disappear</doc>
<status status="PASS" starttime="20200114 14:58:22.981" endtime="20200114 14:58:29.540"></status>
</kw>
<kw name="click on the object with XPath &quot;${BPA__END_DATE_XPATH_REPORT}&quot;" library="CXTA.robot.Browser">
<doc>MouseEvents.click_object_with_xpath(self, xpath)</doc>
<status status="PASS" starttime="20200114 14:58:29.551" endtime="20200114 14:58:30.605"></status>
</kw>
<kw name="Log To Console" library="BuiltIn">
<doc>Logs the given message to the console.</doc>
<arguments>
<arg>"Click the end date tile"</arg>
</arguments>
<status status="PASS" starttime="20200114 14:58:30.618" endtime="20200114 14:58:30.621"></status>
</kw>
<kw name="Wait for the loading icon to disappear" library="CxtaBPA.CxtaBPAUI">
<doc>Method to wait for loading icon to disappear</doc>
<status status="PASS" starttime="20200114 14:58:30.635" endtime="20200114 14:58:37.183"></status>
</kw>
<kw name="wait until object is clickable via XPath &quot;${BPA__END_DATE_VALUE}&quot;" library="CXTA.robot.Browser">
<doc>ElementsAttributes.wait_for_clickable_object_via_xpath(self, xpath)</doc>
<status status="PASS" starttime="20200114 14:58:37.196" endtime="20200114 14:58:37.557"></status>
</kw>
<kw name="Wait for the loading icon to disappear" library="CxtaBPA.CxtaBPAUI">
<doc>Method to wait for loading icon to disappear</doc>
<status status="PASS" starttime="20200114 14:58:37.567" endtime="20200114 14:58:43.948"></status>
</kw>
<kw name="click on the object with XPath &quot;${BPA__END_DATE_VALUE}&quot;" library="CXTA.robot.Browser">
<doc>MouseEvents.click_object_with_xpath(self, xpath)</doc>
<status status="PASS" starttime="20200114 14:58:43.962" endtime="20200114 14:58:44.755"></status>
</kw>
<kw name="Log To Console" library="BuiltIn">
<doc>Logs the given message to the console.</doc>
<arguments>
<arg>"Click the end date value,the current day of month"</arg>
</arguments>
<status status="PASS" starttime="20200114 14:58:44.781" endtime="20200114 14:58:44.793"></status>
</kw>
<kw name="Wait for the loading icon to disappear" library="CxtaBPA.CxtaBPAUI">
<doc>Method to wait for loading icon to disappear</doc>
<status status="PASS" starttime="20200114 14:58:44.817" endtime="20200114 14:58:51.341"></status>
</kw>
<kw name="wait until object is clickable via XPath &quot;${BPA_JOB_STATUS_XPATH}&quot;" library="CXTA.robot.Browser">
<doc>ElementsAttributes.wait_for_clickable_object_via_xpath(self, xpath)</doc>
<status status="PASS" starttime="20200114 14:58:51.355" endtime="20200114 14:58:51.660"></status>
</kw>
<kw name="Wait for the loading icon to disappear" library="CxtaBPA.CxtaBPAUI">
<doc>Method to wait for loading icon to disappear</doc>
<status status="PASS" starttime="20200114 14:58:51.671" endtime="20200114 14:58:57.940"></status>
</kw>
<kw name="click on the object with XPath &quot;${BPA_JOB_STATUS_XPATH}&quot;" library="CXTA.robot.Browser">
<doc>MouseEvents.click_object_with_xpath(self, xpath)</doc>
<status status="PASS" starttime="20200114 14:58:57.953" endtime="20200114 14:58:58.774"></status>
</kw>
<kw name="Wait for the loading icon to disappear" library="CxtaBPA.CxtaBPAUI">
<doc>Method to wait for loading icon to disappear</doc>
<status status="PASS" starttime="20200114 14:58:58.794" endtime="20200114 14:59:05.251"></status>
</kw>
<kw name="wait until object is clickable via XPath &quot;${BPA_JOB_STATUS_VALUE}&quot;" library="CXTA.robot.Browser">
<doc>ElementsAttributes.wait_for_clickable_object_via_xpath(self, xpath)</doc>
<status status="PASS" starttime="20200114 14:59:05.267" endtime="20200114 14:59:05.622"></status>
</kw>
<kw name="Wait for the loading icon to disappear" library="CxtaBPA.CxtaBPAUI">
<doc>Method to wait for loading icon to disappear</doc>
<status status="PASS" starttime="20200114 14:59:05.637" endtime="20200114 14:59:12.263"></status>
</kw>
<kw name="click on the object with XPath &quot;${BPA_JOB_STATUS_VALUE}&quot;" library="CXTA.robot.Browser">
<doc>MouseEvents.click_object_with_xpath(self, xpath)</doc>
<status status="PASS" starttime="20200114 14:59:12.278" endtime="20200114 14:59:12.989"></status>
</kw>
<kw name="Log To Console" library="BuiltIn">
<doc>Logs the given message to the console.</doc>
<arguments>
<arg>"Select the job status value as ALL from the dropdown"</arg>
</arguments>
<status status="PASS" starttime="20200114 14:59:13.007" endtime="20200114 14:59:13.012"></status>
</kw>
<kw name="Wait for the loading icon to disappear" library="CxtaBPA.CxtaBPAUI">
<doc>Method to wait for loading icon to disappear</doc>
<status status="PASS" starttime="20200114 14:59:13.025" endtime="20200114 14:59:20.669"></status>
</kw>
<kw name="wait until object is clickable via XPath &quot;${BPA_DOWNLOAD_REPORT_XPATH}&quot;" library="CXTA.robot.Browser">
<doc>ElementsAttributes.wait_for_clickable_object_via_xpath(self, xpath)</doc>
<status status="PASS" starttime="20200114 14:59:20.685" endtime="20200114 14:59:21.062"></status>
</kw>
<kw name="Wait for the loading icon to disappear" library="CxtaBPA.CxtaBPAUI">
<doc>Method to wait for loading icon to disappear</doc>
<status status="PASS" starttime="20200114 14:59:21.075" endtime="20200114 14:59:27.365"></status>
</kw>
<kw name="click on the object with XPath &quot;${BPA_DOWNLOAD_REPORT_XPATH}&quot;" library="CXTA.robot.Browser">
<doc>MouseEvents.click_object_with_xpath(self, xpath)</doc>
<status status="PASS" starttime="20200114 14:59:27.386" endtime="20200114 14:59:28.627"></status>
</kw>
<kw name="Log To Console" library="BuiltIn">
<doc>Logs the given message to the console.</doc>
<arguments>
<arg>"Click on the download report"</arg>
</arguments>
<status status="PASS" starttime="20200114 14:59:28.649" endtime="20200114 14:59:28.664"></status>
</kw>
<kw name="Wait for the loading icon to disappear" library="CxtaBPA.CxtaBPAUI">
<doc>Method to wait for loading icon to disappear</doc>
<status status="PASS" starttime="20200114 14:59:28.689" endtime="20200114 14:59:35.186"></status>
</kw>
<kw name="Testcase teardown" type="teardown">
<kw name="Logout of BPA UI" library="bpa_ui">
<doc>Logs out of BPA UI</doc>
<kw name="set browser timeout to &quot;${BPA__MAX_WAIT_TIME}&quot; seconds" library="CXTA.robot.Browser">
<doc>Browser.set_browser_timeout(self, timeout)</doc>
<status status="PASS" starttime="20200114 14:59:35.213" endtime="20200114 14:59:35.219"></status>
</kw>
<kw name="Wait for the loading icon to disappear" library="CxtaBPA.CxtaBPAUI">
<doc>Method to wait for loading icon to disappear</doc>
<status status="PASS" starttime="20200114 14:59:35.227" endtime="20200114 14:59:41.618"></status>
</kw>
<kw name="wait until object is clickable via XPath &quot;${BPA__MENU_PROFILE_XPATH}&quot;" library="CXTA.robot.Browser">
<doc>ElementsAttributes.wait_for_clickable_object_via_xpath(self, xpath)</doc>
<status status="PASS" starttime="20200114 14:59:41.635" endtime="20200114 14:59:41.993"></status>
</kw>
<kw name="click on the object with XPath &quot;${BPA__MENU_PROFILE_XPATH}&quot;" library="CXTA.robot.Browser">
<doc>MouseEvents.click_object_with_xpath(self, xpath)</doc>
<status status="PASS" starttime="20200114 14:59:42.011" endtime="20200114 14:59:42.863"></status>
</kw>
<kw name="wait until object is clickable via XPath &quot;${BPA__MENU_LOGOUT_XPATH}&quot;" library="CXTA.robot.Browser">
<doc>ElementsAttributes.wait_for_clickable_object_via_xpath(self, xpath)</doc>
<status status="PASS" starttime="20200114 14:59:42.881" endtime="20200114 14:59:43.659"></status>
</kw>
<kw name="click on the object with XPath &quot;${BPA__MENU_LOGOUT_XPATH}&quot;" library="CXTA.robot.Browser">
<doc>MouseEvents.click_object_with_xpath(self, xpath)</doc>
<status status="PASS" starttime="20200114 14:59:43.669" endtime="20200114 14:59:44.683"></status>
</kw>
<status status="PASS" starttime="20200114 14:59:35.200" endtime="20200114 14:59:44.688"></status>
</kw>
<kw name="close browser" library="CXTA.robot.Browser">
<doc>Browser.close_browser(self)</doc>
<status status="PASS" starttime="20200114 14:59:44.702" endtime="20200114 14:59:44.894"></status>
</kw>
<status status="PASS" starttime="20200114 14:59:35.192" endtime="20200114 14:59:44.899"></status>
</kw>
<status status="PASS" starttime="20200114 14:55:15.392" endtime="20200114 14:59:44.915" critical="yes"></status>
</test>
<status status="PASS" starttime="20200114 14:55:13.469" endtime="20200114 14:59:44.932"></status>
</suite>
<suite id="s1-s6" name="4.6.2 UI" source="/home/cisco/cxta-bpa/examples/4.6.2_UI.robot">
<test id="s1-s6-t1" name="4.6.2 CREATE NEW JOB">
<kw name="Testcase setup" type="setup">
<kw name="Start Browser" library="CXTA.robot.Browser">
<doc>Browser.start_browser(self, browser_name=u'firefox', download_path=None, screenshot_path=None, remote_url=None, flash=False, proxy_urls=None)</doc>
<arguments>
<arg>browser_name=chrome</arg>
<arg>remote_url=${REMOTE_URL}</arg>
</arguments>
<status status="PASS" starttime="20200114 14:59:46.915" endtime="20200114 14:59:55.246"></status>
</kw>
<kw name="Log To Console" library="BuiltIn">
<doc>Logs the given message to the console.</doc>
<arguments>
<arg>"Opening the google chrome browser with the remote url http://selenium:4444/wd/hub "</arg>
</arguments>
<status status="PASS" starttime="20200114 14:59:55.265" endtime="20200114 14:59:55.276"></status>
</kw>
<kw name="Login to BPA UI &quot;${login.bpa_url}&quot; with credentials &quot;${login.bpa_username}&quot; and &quot;${login.bpa_password}&quot;" library="bpa_ui">
<doc>Login for BPA UI Application:</doc>
<kw name="set browser timeout to &quot;${BPA__MAX_WAIT_TIME}&quot; seconds" library="CXTA.robot.Browser">
<doc>Browser.set_browser_timeout(self, timeout)</doc>
<status status="PASS" starttime="20200114 14:59:55.342" endtime="20200114 14:59:55.360"></status>
</kw>
<kw name="clear the browser cookies" library="CXTA.robot.Browser">
<doc>Browser.clear_browser_cookies(self)</doc>
<status status="PASS" starttime="20200114 14:59:55.391" endtime="20200114 14:59:58.727"></status>
</kw>
<kw name="visit &quot;${url}&quot;" library="CXTA.robot.Browser">
<doc>Browser.visit_site(self, url)</doc>
<msg timestamp="20200114 14:59:58.761" level="INFO">Visiting url "https://10.52.123.82/portal/#/login"</msg>
<status status="PASS" starttime="20200114 14:59:58.757" endtime="20200114 15:00:21.903"></status>
</kw>
<kw name="wait until object is clickable via XPath &quot;${BPA__TXT_UID_XPATH}&quot;" library="CXTA.robot.Browser">
<doc>ElementsAttributes.wait_for_clickable_object_via_xpath(self, xpath)</doc>
<status status="PASS" starttime="20200114 15:00:21.928" endtime="20200114 15:00:22.800"></status>
</kw>
<kw name="enter &quot;${username}&quot; in the field with XPath &quot;${BPA__TXT_UID_XPATH}&quot;" library="CXTA.robot.Browser">
<doc>Inputs.enter_text_in_the_field_with_xpath(self, text, xpath)</doc>
<status status="PASS" starttime="20200114 15:00:22.816" endtime="20200114 15:00:24.616"></status>
</kw>
<kw name="wait until object is clickable via XPath &quot;${BPA__TXT_PWD_XPATH}&quot;" library="CXTA.robot.Browser">
<doc>ElementsAttributes.wait_for_clickable_object_via_xpath(self, xpath)</doc>
<status status="PASS" starttime="20200114 15:00:24.630" endtime="20200114 15:00:25.055"></status>
</kw>
<kw name="enter &quot;${password}&quot; in the field with XPath &quot;${BPA__TXT_PWD_XPATH}&quot;" library="CXTA.robot.Browser">
<doc>Inputs.enter_text_in_the_field_with_xpath(self, text, xpath)</doc>
<status status="PASS" starttime="20200114 15:00:25.072" endtime="20200114 15:00:26.607"></status>
</kw>
<kw name="wait until object is clickable via XPath &quot;${BPA__BTN_LOGIN_XPATH}&quot;" library="CXTA.robot.Browser">
<doc>ElementsAttributes.wait_for_clickable_object_via_xpath(self, xpath)</doc>
<status status="PASS" starttime="20200114 15:00:26.628" endtime="20200114 15:00:27.038"></status>
</kw>
<kw name="click on the object with XPath &quot;${BPA__BTN_LOGIN_XPATH}&quot;" library="CXTA.robot.Browser">
<doc>MouseEvents.click_object_with_xpath(self, xpath)</doc>
<status status="PASS" starttime="20200114 15:00:27.052" endtime="20200114 15:00:27.856"></status>
</kw>
<kw name="wait until object is clickable via XPath &quot;${BPA__LBL_DASHBOARD_XPATH}&quot;" library="CXTA.robot.Browser">
<doc>ElementsAttributes.wait_for_clickable_object_via_xpath(self, xpath)</doc>
<status status="PASS" starttime="20200114 15:00:27.879" endtime="20200114 15:00:31.853"></status>
</kw>
<status status="PASS" starttime="20200114 14:59:55.300" endtime="20200114 15:00:31.857"></status>
</kw>
<kw name="Log To Console" library="BuiltIn">
<doc>Logs the given message to the console.</doc>
<arguments>
<arg>"Logging into console https://10.52.123.82/portal/#/login with the credentials admin and admin"</arg>
</arguments>
<status status="PASS" starttime="20200114 15:00:31.874" endtime="20200114 15:00:31.880"></status>
</kw>
<status status="PASS" starttime="20200114 14:59:46.902" endtime="20200114 15:00:31.885"></status>
</kw>
<kw name="set browser timeout to &quot;${BPA__MAX_WAIT_TIME}&quot; seconds" library="CXTA.robot.Browser">
<doc>Browser.set_browser_timeout(self, timeout)</doc>
<status status="PASS" starttime="20200114 15:00:31.911" endtime="20200114 15:00:31.929"></status>
</kw>
<kw name="Log To Console" library="BuiltIn">
<doc>Logs the given message to the console.</doc>
<arguments>
<arg>"The max wait time of the browser window is 60 seconds"</arg>
</arguments>
<status status="PASS" starttime="20200114 15:00:31.949" endtime="20200114 15:00:31.953"></status>
</kw>
<kw name="Wait for the loading icon to disappear" library="CxtaBPA.CxtaBPAUI">
<doc>Method to wait for loading icon to disappear</doc>
<status status="PASS" starttime="20200114 15:00:31.980" endtime="20200114 15:01:31.804"></status>
</kw>
<kw name="click on the object with XPath &quot;${BPA_OS_UPGRADE_TILE_XPATH}&quot;" library="CXTA.robot.Browser">
<doc>MouseEvents.click_object_with_xpath(self, xpath)</doc>
<status status="PASS" starttime="20200114 15:01:31.818" endtime="20200114 15:01:36.468"></status>
</kw>
<kw name="Log To Console" library="BuiltIn">
<doc>Logs the given message to the console.</doc>
<arguments>
<arg>"Select STC OS upgrade tile from the dashboard"</arg>
</arguments>
<status status="PASS" starttime="20200114 15:01:36.494" endtime="20200114 15:01:36.505"></status>
</kw>
<kw name="wait until object is clickable via XPath &quot;${BPA_SELECT_DEVICE_LBL_TILE}&quot;" library="CXTA.robot.Browser">
<doc>ElementsAttributes.wait_for_clickable_object_via_xpath(self, xpath)</doc>
<status status="PASS" starttime="20200114 15:01:36.552" endtime="20200114 15:01:53.251"></status>
</kw>
<kw name="Log To Console" library="BuiltIn">
<doc>Logs the given message to the console.</doc>
<arguments>
<arg>"Wait until object is clickable to select device type"</arg>
</arguments>
<status status="PASS" starttime="20200114 15:01:53.268" endtime="20200114 15:01:53.274"></status>
</kw>
<kw name="Wait for the loading icon to disappear" library="CxtaBPA.CxtaBPAUI">
<doc>Method to wait for loading icon to disappear</doc>
<status status="PASS" starttime="20200114 15:01:53.291" endtime="20200114 15:01:59.562"></status>
</kw>
<kw name="STC upgrade select device &quot;${osupgrade.device_name}&quot;" library="CxtaBPA.CxtaBPAUI">
<doc>This keyword retrieves list of devices in the selected BOA environment in STC.</doc>
<status status="PASS" starttime="20200114 15:01:59.578" endtime="20200114 15:02:06.871"></status>
</kw>
<kw name="Log To Console" library="BuiltIn">
<doc>Logs the given message to the console.</doc>
<arguments>
<arg>"The device type:ASR920 is selected from the dropdown"</arg>
</arguments>
<status status="PASS" starttime="20200114 15:02:06.906" endtime="20200114 15:02:06.919"></status>
</kw>
<kw name="Wait for the loading icon to disappear" library="CxtaBPA.CxtaBPAUI">
<doc>Method to wait for loading icon to disappear</doc>
<status status="PASS" starttime="20200114 15:02:06.948" endtime="20200114 15:02:32.059"></status>
</kw>
<kw name="wait until object is clickable via XPath &quot;${BPA__SELECT_CREATE_NEW_XPATH}&quot;" library="CXTA.robot.Browser">
<doc>ElementsAttributes.wait_for_clickable_object_via_xpath(self, xpath)</doc>
<status status="PASS" starttime="20200114 15:02:32.083" endtime="20200114 15:02:32.626"></status>
</kw>
<kw name="Wait for the loading icon to disappear" library="CxtaBPA.CxtaBPAUI">
<doc>Method to wait for loading icon to disappear</doc>
[...]
<doc>Logs out of BPA UI</doc>
<kw name="set browser timeout to &quot;${BPA__MAX_WAIT_TIME}&quot; seconds" library="CXTA.robot.Browser">
<doc>Browser.set_browser_timeout(self, timeout)</doc>
<status status="PASS" starttime="20200114 15:44:01.962" endtime="20200114 15:44:01.971"></status>
</kw>
<kw name="Wait for the loading icon to disappear" library="CxtaBPA.CxtaBPAUI">
<doc>Method to wait for loading icon to disappear</doc>
<status status="PASS" starttime="20200114 15:44:01.987" endtime="20200114 15:44:08.793"></status>
</kw>
<kw name="wait until object is clickable via XPath &quot;${BPA__MENU_PROFILE_XPATH}&quot;" library="CXTA.robot.Browser">
<doc>ElementsAttributes.wait_for_clickable_object_via_xpath(self, xpath)</doc>
<status status="PASS" starttime="20200114 15:44:08.814" endtime="20200114 15:44:09.422"></status>
</kw>
<kw name="click on the object with XPath &quot;${BPA__MENU_PROFILE_XPATH}&quot;" library="CXTA.robot.Browser">
<doc>MouseEvents.click_object_with_xpath(self, xpath)</doc>
<status status="PASS" starttime="20200114 15:44:09.444" endtime="20200114 15:44:10.805"></status>
</kw>
<kw name="wait until object is clickable via XPath &quot;${BPA__MENU_LOGOUT_XPATH}&quot;" library="CXTA.robot.Browser">
<doc>ElementsAttributes.wait_for_clickable_object_via_xpath(self, xpath)</doc>
<status status="PASS" starttime="20200114 15:44:10.831" endtime="20200114 15:44:11.599"></status>
</kw>
<kw name="click on the object with XPath &quot;${BPA__MENU_LOGOUT_XPATH}&quot;" library="CXTA.robot.Browser">
<doc>MouseEvents.click_object_with_xpath(self, xpath)</doc>
<status status="PASS" starttime="20200114 15:44:11.617" endtime="20200114 15:44:12.704"></status>
</kw>
<status status="PASS" starttime="20200114 15:44:01.937" endtime="20200114 15:44:12.709"></status>
</kw>
<kw name="close browser" library="CXTA.robot.Browser">
<doc>Browser.close_browser(self)</doc>
<status status="PASS" starttime="20200114 15:44:12.733" endtime="20200114 15:44:12.851"></status>
</kw>
<status status="PASS" starttime="20200114 15:44:01.912" endtime="20200114 15:44:12.857"></status>
</kw>
<status status="PASS" starttime="20200114 15:38:59.102" endtime="20200114 15:44:12.871" critical="yes"></status>
</test>
<status status="PASS" starttime="20200114 15:38:57.034" endtime="20200114 15:44:12.889"></status>
</suite>
<suite id="s1-s15" name="4.6.9 UI" source="/home/cisco/cxta-bpa/examples/4.6.9_UI.robot">
<test id="s1-s15-t1" name="4.6.9 STC OS UPGRADE CREATE NEW JOB-EXECUTION TYPE PARALLE-BATCH SIZE MAX DEPENDS ON DEVICES">
<kw name="Testcase setup" type="setup">
<kw name="Start Browser" library="CXTA.robot.Browser">
<doc>Browser.start_browser(self, browser_name=u'firefox', download_path=None, screenshot_path=None, remote_url=None, flash=False, proxy_urls=None)</doc>
<arguments>
<arg>browser_name=chrome</arg>
<arg>remote_url=${REMOTE_URL}</arg>
</arguments>
<status status="PASS" starttime="20200114 15:44:15.026" endtime="20200114 15:44:21.792"></status>
</kw>
<kw name="Log To Console" library="BuiltIn">
<doc>Logs the given message to the console.</doc>
<arguments>
<arg>"Opening the google chrome browser with the remote url http://selenium:4444/wd/hub "</arg>
</arguments>
<status status="PASS" starttime="20200114 15:44:21.824" endtime="20200114 15:44:21.832"></status>
</kw>
<kw name="Login to BPA UI &quot;${login.bpa_url}&quot; with credentials &quot;${login.bpa_username}&quot; and &quot;${login.bpa_password}&quot;" library="bpa_ui">
<doc>Login for BPA UI Application:</doc>
<kw name="set browser timeout to &quot;${BPA__MAX_WAIT_TIME}&quot; seconds" library="CXTA.robot.Browser">
<doc>Browser.set_browser_timeout(self, timeout)</doc>
<status status="PASS" starttime="20200114 15:44:21.889" endtime="20200114 15:44:21.914"></status>
</kw>
<kw name="clear the browser cookies" library="CXTA.robot.Browser">
<doc>Browser.clear_browser_cookies(self)</doc>
<status status="PASS" starttime="20200114 15:44:21.936" endtime="20200114 15:44:22.451"></status>
</kw>
<kw name="visit &quot;${url}&quot;" library="CXTA.robot.Browser">
<doc>Browser.visit_site(self, url)</doc>
<msg timestamp="20200114 15:44:22.471" level="INFO">Visiting url "https://10.52.123.82/portal/#/login"</msg>
<status status="PASS" starttime="20200114 15:44:22.466" endtime="20200114 15:44:46.191"></status>
</kw>
<kw name="wait until object is clickable via XPath &quot;${BPA__TXT_UID_XPATH}&quot;" library="CXTA.robot.Browser">
<doc>ElementsAttributes.wait_for_clickable_object_via_xpath(self, xpath)</doc>
<status status="PASS" starttime="20200114 15:44:46.215" endtime="20200114 15:44:47.364"></status>
</kw>
<kw name="enter &quot;${username}&quot; in the field with XPath &quot;${BPA__TXT_UID_XPATH}&quot;" library="CXTA.robot.Browser">
<doc>Inputs.enter_text_in_the_field_with_xpath(self, text, xpath)</doc>
<status status="PASS" starttime="20200114 15:44:47.394" endtime="20200114 15:44:49.534"></status>
</kw>
<kw name="wait until object is clickable via XPath &quot;${BPA__TXT_PWD_XPATH}&quot;" library="CXTA.robot.Browser">
<doc>ElementsAttributes.wait_for_clickable_object_via_xpath(self, xpath)</doc>
<status status="PASS" starttime="20200114 15:44:49.550" endtime="20200114 15:44:50.045"></status>
</kw>
<kw name="enter &quot;${password}&quot; in the field with XPath &quot;${BPA__TXT_PWD_XPATH}&quot;" library="CXTA.robot.Browser">
<doc>Inputs.enter_text_in_the_field_with_xpath(self, text, xpath)</doc>
<status status="PASS" starttime="20200114 15:44:50.081" endtime="20200114 15:44:51.906"></status>
</kw>
<kw name="wait until object is clickable via XPath &quot;${BPA__BTN_LOGIN_XPATH}&quot;" library="CXTA.robot.Browser">
<doc>ElementsAttributes.wait_for_clickable_object_via_xpath(self, xpath)</doc>
<status status="PASS" starttime="20200114 15:44:51.926" endtime="20200114 15:44:52.740"></status>
</kw>
<kw name="click on the object with XPath &quot;${BPA__BTN_LOGIN_XPATH}&quot;" library="CXTA.robot.Browser">
<doc>MouseEvents.click_object_with_xpath(self, xpath)</doc>
<status status="PASS" starttime="20200114 15:44:52.757" endtime="20200114 15:44:53.551"></status>
</kw>
<kw name="wait until object is clickable via XPath &quot;${BPA__LBL_DASHBOARD_XPATH}&quot;" library="CXTA.robot.Browser">
<doc>ElementsAttributes.wait_for_clickable_object_via_xpath(self, xpath)</doc>
<status status="PASS" starttime="20200114 15:44:53.571" endtime="20200114 15:44:57.159"></status>
</kw>
<status status="PASS" starttime="20200114 15:44:21.858" endtime="20200114 15:44:57.166"></status>
</kw>
<kw name="Log To Console" library="BuiltIn">
<doc>Logs the given message to the console.</doc>
<arguments>
<arg>"Logging into console https://10.52.123.82/portal/#/login with the credentials admin and admin"</arg>
</arguments>
<status status="PASS" starttime="20200114 15:44:57.181" endtime="20200114 15:44:57.185"></status>
</kw>
<status status="PASS" starttime="20200114 15:44:15.009" endtime="20200114 15:44:57.191"></status>
</kw>
<kw name="set browser timeout to &quot;${BPA__MAX_WAIT_TIME}&quot; seconds" library="CXTA.robot.Browser">
<doc>Browser.set_browser_timeout(self, timeout)</doc>
<status status="PASS" starttime="20200114 15:44:57.214" endtime="20200114 15:44:57.236"></status>
</kw>
<kw name="Log To Console" library="BuiltIn">
<doc>Logs the given message to the console.</doc>
<arguments>
<arg>"The max wait time of the browser window is 60 seconds"</arg>
</arguments>
<status status="PASS" starttime="20200114 15:44:57.251" endtime="20200114 15:44:57.271"></status>
</kw>
<kw name="Wait for the loading icon to disappear" library="CxtaBPA.CxtaBPAUI">
<doc>Method to wait for loading icon to disappear</doc>
<status status="PASS" starttime="20200114 15:44:57.292" endtime="20200114 15:46:06.938"></status>
</kw>
<kw name="click on the object with XPath &quot;${BPA_OS_UPGRADE_TILE_XPATH}&quot;" library="CXTA.robot.Browser">
<doc>MouseEvents.click_object_with_xpath(self, xpath)</doc>
<status status="PASS" starttime="20200114 15:46:06.966" endtime="20200114 15:46:08.409"></status>
</kw>
<kw name="Log To Console" library="BuiltIn">
<doc>Logs the given message to the console.</doc>
<arguments>
<arg>"Select STC OS upgrade tile from the dashboard"</arg>
</arguments>
<status status="PASS" starttime="20200114 15:46:08.425" endtime="20200114 15:46:08.434"></status>
</kw>
<kw name="wait until object is clickable via XPath &quot;${BPA_SELECT_DEVICE_LBL_TILE}&quot;" library="CXTA.robot.Browser">
<doc>ElementsAttributes.wait_for_clickable_object_via_xpath(self, xpath)</doc>
<status status="PASS" starttime="20200114 15:46:08.451" endtime="20200114 15:46:28.081"></status>
</kw>
<kw name="Wait for the loading icon to disappear" library="CxtaBPA.CxtaBPAUI">
<doc>Method to wait for loading icon to disappear</doc>
<status status="PASS" starttime="20200114 15:46:28.100" endtime="20200114 15:46:34.590"></status>
</kw>
<kw name="STC upgrade select device &quot;${osupgrade.device_name}&quot;" library="CxtaBPA.CxtaBPAUI">
<doc>This keyword retrieves list of devices in the selected BOA environment in STC.</doc>
<status status="PASS" starttime="20200114 15:46:34.616" endtime="20200114 15:46:40.083"></status>
</kw>
<kw name="Log To Console" library="BuiltIn">
<doc>Logs the given message to the console.</doc>
<arguments>
<arg>"The device type:ASR920 is selected from the dropdown"</arg>
</arguments>
<status status="PASS" starttime="20200114 15:46:40.104" endtime="20200114 15:46:40.113"></status>
</kw>
<kw name="Wait for the loading icon to disappear" library="CxtaBPA.CxtaBPAUI">
<doc>Method to wait for loading icon to disappear</doc>
<status status="PASS" starttime="20200114 15:46:40.131" endtime="20200114 15:47:05.108"></status>
</kw>
<kw name="wait until object is clickable via XPath &quot;${BPA__SELECT_CREATE_NEW_XPATH}&quot;" library="CXTA.robot.Browser">
<doc>ElementsAttributes.wait_for_clickable_object_via_xpath(self, xpath)</doc>
<status status="PASS" starttime="20200114 15:47:05.126" endtime="20200114 15:47:06.112"></status>
</kw>
<kw name="Wait for the loading icon to disappear" library="CxtaBPA.CxtaBPAUI">
<doc>Method to wait for loading icon to disappear</doc>
<status status="PASS" starttime="20200114 15:47:06.137" endtime="20200114 15:47:24.799"></status>
</kw>
<kw name="click on the object with XPath &quot;${BPA__SELECT_CREATE_NEW_XPATH}&quot;" library="CXTA.robot.Browser">
<doc>MouseEvents.click_object_with_xpath(self, xpath)</doc>
<status status="PASS" starttime="20200114 15:47:24.821" endtime="20200114 15:47:26.293"></status>
</kw>
<kw name="Log To Console" library="BuiltIn">
<doc>Logs the given message to the console.</doc>
<arguments>
<arg>"Job listing page of ASR920 : Create new is clicked"</arg>
</arguments>
<status status="PASS" starttime="20200114 15:47:26.307" endtime="20200114 15:47:26.327"></status>
</kw>
<kw name="Wait for the loading icon to disappear" library="CxtaBPA.CxtaBPAUI">
<doc>Method to wait for loading icon to disappear</doc>
<status status="PASS" starttime="20200114 15:47:26.354" endtime="20200114 15:47:39.481"></status>
</kw>
<kw name="Create device values with active os upgrade status device max parallel verify &quot;${osupgrade.create_new}&quot;" library="CxtaBPA.CxtaBPAUI">
<doc>This keyword retrieves list of devices in the selected BOA environment in STC.</doc>
<status status="PASS" starttime="20200114 15:47:39.509" endtime="20200114 15:48:42.225"></status>
</kw>
<kw name="Log To Console" library="BuiltIn">
<doc>Logs the given message to the console.</doc>
<arguments>
<arg>"Select Platform Model: 'ASR-920-24TZ-M' \n Select Device Role: 'UPE92' \n Select Release Software Version: '3.18.5SP'\n File Transfer Protocol: 'FTP' \n mdt_number: 123 \n Approval Status: 'Approved' \n mutilselect_device: 'STC-ASR920-1'"</arg>
</arguments>
<status status="PASS" starttime="20200114 15:48:42.290" endtime="20200114 15:48:42.301"></status>
</kw>
<kw name="Wait for the loading icon to disappear" library="CxtaBPA.CxtaBPAUI">
<doc>Method to wait for loading icon to disappear</doc>
<status status="PASS" starttime="20200114 15:48:42.317" endtime="20200114 15:48:48.806"></status>
</kw>
<kw name="Testcase teardown" type="teardown">
<kw name="Logout of BPA UI" library="bpa_ui">
<doc>Logs out of BPA UI</doc>
<kw name="set browser timeout to &quot;${BPA__MAX_WAIT_TIME}&quot; seconds" library="CXTA.robot.Browser">
<doc>Browser.set_browser_timeout(self, timeout)</doc>
<status status="PASS" starttime="20200114 15:48:48.838" endtime="20200114 15:48:48.844"></status>
</kw>
<kw name="Wait for the loading icon to disappear" library="CxtaBPA.CxtaBPAUI">
<doc>Method to wait for loading icon to disappear</doc>
<status status="PASS" starttime="20200114 15:48:48.859" endtime="20200114 15:48:55.399"></status>
</kw>
<kw name="wait until object is clickable via XPath &quot;${BPA__MENU_PROFILE_XPATH}&quot;" library="CXTA.robot.Browser">
<doc>ElementsAttributes.wait_for_clickable_object_via_xpath(self, xpath)</doc>
<status status="PASS" starttime="20200114 15:48:55.414" endtime="20200114 15:48:55.814"></status>
</kw>
<kw name="click on the object with XPath &quot;${BPA__MENU_PROFILE_XPATH}&quot;" library="CXTA.robot.Browser">
<doc>MouseEvents.click_object_with_xpath(self, xpath)</doc>
<status status="PASS" starttime="20200114 15:48:55.831" endtime="20200114 15:48:56.868"></status>
</kw>
<kw name="wait until object is clickable via XPath &quot;${BPA__MENU_LOGOUT_XPATH}&quot;" library="CXTA.robot.Browser">
<doc>ElementsAttributes.wait_for_clickable_object_via_xpath(self, xpath)</doc>
<status status="PASS" starttime="20200114 15:48:56.892" endtime="20200114 15:48:57.770"></status>
</kw>
<kw name="click on the object with XPath &quot;${BPA__MENU_LOGOUT_XPATH}&quot;" library="CXTA.robot.Browser">
<doc>MouseEvents.click_object_with_xpath(self, xpath)</doc>
<status status="PASS" starttime="20200114 15:48:57.790" endtime="20200114 15:48:59.340"></status>
</kw>
<status status="PASS" starttime="20200114 15:48:48.824" endtime="20200114 15:48:59.345"></status>
</kw>
<kw name="close browser" library="CXTA.robot.Browser">
<doc>Browser.close_browser(self)</doc>
<status status="PASS" starttime="20200114 15:48:59.360" endtime="20200114 15:48:59.533"></status>
</kw>
<status status="PASS" starttime="20200114 15:48:48.814" endtime="20200114 15:48:59.536"></status>
</kw>
<status status="PASS" starttime="20200114 15:44:14.993" endtime="20200114 15:48:59.543" critical="yes"></status>
</test>
<status status="PASS" starttime="20200114 15:44:12.959" endtime="20200114 15:48:59.570"></status>
</suite>
<status status="PASS" starttime="20200114 14:32:07.349" endtime="20200114 15:48:59.672"></status>
</suite>
<statistics>
<total>
<stat pass="15" fail="0">Critical Tests</stat>
<stat pass="15" fail="0">All Tests</stat>
</total>
<tag>
</tag>
<suite>
<stat pass="15" fail="0" id="s1" name="4.6.10 UI &amp; 4.6.11 UI &amp; 4.6.12 UI &amp; 4.6.13 UI &amp; 4.6.1 UI &amp; 4.6.2 UI &amp; 4.6.2 UI STC &amp; 4.6.3 UI &amp; 4.6.3 UI STC LATER JOB &amp; 4.6.4 UI &amp; 4.6.5 UI &amp; 4.6.6 UI &amp; 4.6.7 UI &amp; 4.6.8 UI &amp; 4.6.9 UI">4.6.10 UI &amp; 4.6.11 UI &amp; 4.6.12 UI &amp; 4.6.13 UI &amp; 4.6.1 UI &amp; 4.6.2 UI &amp; 4.6.2 UI STC &amp; 4.6.3 UI &amp; 4.6.3 UI STC LATER JOB &amp; 4.6.4 UI &amp; 4.6.5 UI &amp; 4.6.6 UI &amp; 4.6.7 UI &amp; 4.6.8 UI &amp; 4.6.9 UI</stat>
<stat pass="1" fail="0" id="s1-s1" name="4.6.10 UI">4.6.10 UI &amp; 4.6.11 UI &amp; 4.6.12 UI &amp; 4.6.13 UI &amp; 4.6.1 UI &amp; 4.6.2 UI &amp; 4.6.2 UI STC &amp; 4.6.3 UI &amp; 4.6.3 UI STC LATER JOB &amp; 4.6.4 UI &amp; 4.6.5 UI &amp; 4.6.6 UI &amp; 4.6.7 UI &amp; 4.6.8 UI &amp; 4.6.9 UI.4.6.10 UI</stat>
<stat pass="1" fail="0" id="s1-s2" name="4.6.11 UI">4.6.10 UI &amp; 4.6.11 UI &amp; 4.6.12 UI &amp; 4.6.13 UI &amp; 4.6.1 UI &amp; 4.6.2 UI &amp; 4.6.2 UI STC &amp; 4.6.3 UI &amp; 4.6.3 UI STC LATER JOB &amp; 4.6.4 UI &amp; 4.6.5 UI &amp; 4.6.6 UI &amp; 4.6.7 UI &amp; 4.6.8 UI &amp; 4.6.9 UI.4.6.11 UI</stat>
<stat pass="1" fail="0" id="s1-s3" name="4.6.12 UI">4.6.10 UI &amp; 4.6.11 UI &amp; 4.6.12 UI &amp; 4.6.13 UI &amp; 4.6.1 UI &amp; 4.6.2 UI &amp; 4.6.2 UI STC &amp; 4.6.3 UI &amp; 4.6.3 UI STC LATER JOB &amp; 4.6.4 UI &amp; 4.6.5 UI &amp; 4.6.6 UI &amp; 4.6.7 UI &amp; 4.6.8 UI &amp; 4.6.9 UI.4.6.12 UI</stat>
<stat pass="1" fail="0" id="s1-s4" name="4.6.13 UI">4.6.10 UI &amp; 4.6.11 UI &amp; 4.6.12 UI &amp; 4.6.13 UI &amp; 4.6.1 UI &amp; 4.6.2 UI &amp; 4.6.2 UI STC &amp; 4.6.3 UI &amp; 4.6.3 UI STC LATER JOB &amp; 4.6.4 UI &amp; 4.6.5 UI &amp; 4.6.6 UI &amp; 4.6.7 UI &amp; 4.6.8 UI &amp; 4.6.9 UI.4.6.13 UI</stat>
<stat pass="1" fail="0" id="s1-s5" name="4.6.1 UI">4.6.10 UI &amp; 4.6.11 UI &amp; 4.6.12 UI &amp; 4.6.13 UI &amp; 4.6.1 UI &amp; 4.6.2 UI &amp; 4.6.2 UI STC &amp; 4.6.3 UI &amp; 4.6.3 UI STC LATER JOB &amp; 4.6.4 UI &amp; 4.6.5 UI &amp; 4.6.6 UI &amp; 4.6.7 UI &amp; 4.6.8 UI &amp; 4.6.9 UI.4.6.1 UI</stat>
<stat pass="1" fail="0" id="s1-s6" name="4.6.2 UI">4.6.10 UI &amp; 4.6.11 UI &amp; 4.6.12 UI &amp; 4.6.13 UI &amp; 4.6.1 UI &amp; 4.6.2 UI &amp; 4.6.2 UI STC &amp; 4.6.3 UI &amp; 4.6.3 UI STC LATER JOB &amp; 4.6.4 UI &amp; 4.6.5 UI &amp; 4.6.6 UI &amp; 4.6.7 UI &amp; 4.6.8 UI &amp; 4.6.9 UI.4.6.2 UI</stat>
<stat pass="1" fail="0" id="s1-s7" name="4.6.2 UI STC">4.6.10 UI &amp; 4.6.11 UI &amp; 4.6.12 UI &amp; 4.6.13 UI &amp; 4.6.1 UI &amp; 4.6.2 UI &amp; 4.6.2 UI STC &amp; 4.6.3 UI &amp; 4.6.3 UI STC LATER JOB &amp; 4.6.4 UI &amp; 4.6.5 UI &amp; 4.6.6 UI &amp; 4.6.7 UI &amp; 4.6.8 UI &amp; 4.6.9 UI.4.6.2 UI STC</stat>
<stat pass="1" fail="0" id="s1-s8" name="4.6.3 UI">4.6.10 UI &amp; 4.6.11 UI &amp; 4.6.12 UI &amp; 4.6.13 UI &amp; 4.6.1 UI &amp; 4.6.2 UI &amp; 4.6.2 UI STC &amp; 4.6.3 UI &amp; 4.6.3 UI STC LATER JOB &amp; 4.6.4 UI &amp; 4.6.5 UI &amp; 4.6.6 UI &amp; 4.6.7 UI &amp; 4.6.8 UI &amp; 4.6.9 UI.4.6.3 UI</stat>
<stat pass="1" fail="0" id="s1-s9" name="4.6.3 UI STC LATER JOB">4.6.10 UI &amp; 4.6.11 UI &amp; 4.6.12 UI &amp; 4.6.13 UI &amp; 4.6.1 UI &amp; 4.6.2 UI &amp; 4.6.2 UI STC &amp; 4.6.3 UI &amp; 4.6.3 UI STC LATER JOB &amp; 4.6.4 UI &amp; 4.6.5 UI &amp; 4.6.6 UI &amp; 4.6.7 UI &amp; 4.6.8 UI &amp; 4.6.9 UI.4.6.3 UI STC LATER JOB</stat>
<stat pass="1" fail="0" id="s1-s10" name="4.6.4 UI">4.6.10 UI &amp; 4.6.11 UI &amp; 4.6.12 UI &amp; 4.6.13 UI &amp; 4.6.1 UI &amp; 4.6.2 UI &amp; 4.6.2 UI STC &amp; 4.6.3 UI &amp; 4.6.3 UI STC LATER JOB &amp; 4.6.4 UI &amp; 4.6.5 UI &amp; 4.6.6 UI &amp; 4.6.7 UI &amp; 4.6.8 UI &amp; 4.6.9 UI.4.6.4 UI</stat>
<stat pass="1" fail="0" id="s1-s11" name="4.6.5 UI">4.6.10 UI &amp; 4.6.11 UI &amp; 4.6.12 UI &amp; 4.6.13 UI &amp; 4.6.1 UI &amp; 4.6.2 UI &amp; 4.6.2 UI STC &amp; 4.6.3 UI &amp; 4.6.3 UI STC LATER JOB &amp; 4.6.4 UI &amp; 4.6.5 UI &amp; 4.6.6 UI &amp; 4.6.7 UI &amp; 4.6.8 UI &amp; 4.6.9 UI.4.6.5 UI</stat>
<stat pass="1" fail="0" id="s1-s12" name="4.6.6 UI">4.6.10 UI &amp; 4.6.11 UI &amp; 4.6.12 UI &amp; 4.6.13 UI &amp; 4.6.1 UI &amp; 4.6.2 UI &amp; 4.6.2 UI STC &amp; 4.6.3 UI &amp; 4.6.3 UI STC LATER JOB &amp; 4.6.4 UI &amp; 4.6.5 UI &amp; 4.6.6 UI &amp; 4.6.7 UI &amp; 4.6.8 UI &amp; 4.6.9 UI.4.6.6 UI</stat>
<stat pass="1" fail="0" id="s1-s13" name="4.6.7 UI">4.6.10 UI &amp; 4.6.11 UI &amp; 4.6.12 UI &amp; 4.6.13 UI &amp; 4.6.1 UI &amp; 4.6.2 UI &amp; 4.6.2 UI STC &amp; 4.6.3 UI &amp; 4.6.3 UI STC LATER JOB &amp; 4.6.4 UI &amp; 4.6.5 UI &amp; 4.6.6 UI &amp; 4.6.7 UI &amp; 4.6.8 UI &amp; 4.6.9 UI.4.6.7 UI</stat>
<stat pass="1" fail="0" id="s1-s14" name="4.6.8 UI">4.6.10 UI &amp; 4.6.11 UI &amp; 4.6.12 UI &amp; 4.6.13 UI &amp; 4.6.1 UI &amp; 4.6.2 UI &amp; 4.6.2 UI STC &amp; 4.6.3 UI &amp; 4.6.3 UI STC LATER JOB &amp; 4.6.4 UI &amp; 4.6.5 UI &amp; 4.6.6 UI &amp; 4.6.7 UI &amp; 4.6.8 UI &amp; 4.6.9 UI.4.6.8 UI</stat>
<stat pass="1" fail="0" id="s1-s15" name="4.6.9 UI">4.6.10 UI &amp; 4.6.11 UI &amp; 4.6.12 UI &amp; 4.6.13 UI &amp; 4.6.1 UI &amp; 4.6.2 UI &amp; 4.6.2 UI STC &amp; 4.6.3 UI &amp; 4.6.3 UI STC LATER JOB &amp; 4.6.4 UI &amp; 4.6.5 UI &amp; 4.6.6 UI &amp; 4.6.7 UI &amp; 4.6.8 UI &amp; 4.6.9 UI.4.6.9 UI</stat>
</suite>
</statistics>
<errors>
</errors>
</robot>
