<?xml version="1.0" encoding="UTF-8"?>
<robot generator="Robot 3.1.2 (Python 3.6.6 on linux)" generated="20200423 07:37:43.114" rpa="false">
<suite id="s1" name="4.6.13 UI" source="/home/cisco/cxta-bpa/examples/4.6.13_UI.robot">
<test id="s1-t1" name="4.6.13 STC OS UPGRADE CREATE NEW JOB-MDT/TCN Mapping duplicates">
<kw name="Testcase setup" type="setup">
<kw name="Start Browser" library="CXTA.robot.Browser">
<doc>Browser.start_browser(self, browser_name=u'firefox', download_path=None, screenshot_path=None, remote_url=None, flash=False, proxy_urls=None)</doc>
<arguments>
<arg>browser_name=chrome</arg>
<arg>remote_url=${REMOTE_URL}</arg>
</arguments>
<status status="PASS" starttime="20200423 07:38:41.465" endtime="20200423 07:38:46.652"></status>
</kw>
<kw name="Log To Console" library="BuiltIn">
<doc>Logs the given message to the console.</doc>
<arguments>
<arg>"Opening the google chrome browser with the remote url http://selenium:4444/wd/hub "</arg>
</arguments>
<status status="PASS" starttime="20200423 07:38:46.677" endtime="20200423 07:38:46.682"></status>
</kw>
<kw name="Login to BPA UI &quot;${login.bpa_url}&quot; with credentials &quot;${login.bpa_username}&quot; and &quot;${login.bpa_password}&quot;" library="bpa_ui">
<doc>Login for BPA UI Application:</doc>
<kw name="set browser timeout to &quot;${BPA__MAX_WAIT_TIME}&quot; seconds" library="CXTA.robot.Browser">
<doc>Browser.set_browser_timeout(self, timeout)</doc>
<status status="PASS" starttime="20200423 07:38:46.736" endtime="20200423 07:38:46.745"></status>
</kw>
<kw name="clear the browser cookies" library="CXTA.robot.Browser">
<doc>Browser.clear_browser_cookies(self)</doc>
<status status="PASS" starttime="20200423 07:38:46.774" endtime="20200423 07:38:47.112"></status>
</kw>
<kw name="visit &quot;${url}&quot;" library="CXTA.robot.Browser">
<doc>Browser.visit_site(self, url)</doc>
<msg timestamp="20200423 07:38:47.140" level="INFO">Visiting url "https://10.52.123.82/portal/#/login"</msg>
<status status="PASS" starttime="20200423 07:38:47.133" endtime="20200423 07:39:13.876"></status>
</kw>
<kw name="wait until object is clickable via XPath &quot;${BPA__TXT_UID_XPATH}&quot;" library="CXTA.robot.Browser">
<doc>ElementsAttributes.wait_for_clickable_object_via_xpath(self, xpath)</doc>
<status status="PASS" starttime="20200423 07:39:13.905" endtime="20200423 07:39:14.676"></status>
</kw>
<kw name="enter &quot;${username}&quot; in the field with XPath &quot;${BPA__TXT_UID_XPATH}&quot;" library="CXTA.robot.Browser">
<doc>Inputs.enter_text_in_the_field_with_xpath(self, text, xpath)</doc>
<status status="PASS" starttime="20200423 07:39:14.695" endtime="20200423 07:39:16.212"></status>
</kw>
<kw name="wait until object is clickable via XPath &quot;${BPA__TXT_PWD_XPATH}&quot;" library="CXTA.robot.Browser">
<doc>ElementsAttributes.wait_for_clickable_object_via_xpath(self, xpath)</doc>
<status status="PASS" starttime="20200423 07:39:16.234" endtime="20200423 07:39:16.751"></status>
</kw>
<kw name="enter &quot;${password}&quot; in the field with XPath &quot;${BPA__TXT_PWD_XPATH}&quot;" library="CXTA.robot.Browser">
<doc>Inputs.enter_text_in_the_field_with_xpath(self, text, xpath)</doc>
<status status="PASS" starttime="20200423 07:39:16.780" endtime="20200423 07:39:18.299"></status>
</kw>
<kw name="wait until object is clickable via XPath &quot;${BPA__BTN_LOGIN_XPATH}&quot;" library="CXTA.robot.Browser">
<doc>ElementsAttributes.wait_for_clickable_object_via_xpath(self, xpath)</doc>
<status status="PASS" starttime="20200423 07:39:18.325" endtime="20200423 07:39:18.685"></status>
</kw>
<kw name="click on the object with XPath &quot;${BPA__BTN_LOGIN_XPATH}&quot;" library="CXTA.robot.Browser">
<doc>MouseEvents.click_object_with_xpath(self, xpath)</doc>
<status status="PASS" starttime="20200423 07:39:18.704" endtime="20200423 07:39:19.325"></status>
</kw>
<kw name="wait until object is clickable via XPath &quot;${BPA__LBL_DASHBOARD_XPATH}&quot;" library="CXTA.robot.Browser">
<doc>ElementsAttributes.wait_for_clickable_object_via_xpath(self, xpath)</doc>
<status status="PASS" starttime="20200423 07:39:19.351" endtime="20200423 07:39:23.402"></status>
</kw>
<status status="PASS" starttime="20200423 07:38:46.707" endtime="20200423 07:39:23.409"></status>
</kw>
<kw name="Log To Console" library="BuiltIn">
<doc>Logs the given message to the console.</doc>
<arguments>
<arg>"Logging into console https://10.52.123.82/portal/#/login with the credentials admin and admin"</arg>
</arguments>
<status status="PASS" starttime="20200423 07:39:23.428" endtime="20200423 07:39:23.436"></status>
</kw>
<status status="PASS" starttime="20200423 07:38:41.439" endtime="20200423 07:39:23.441"></status>
</kw>
<kw name="set browser timeout to &quot;${BPA__MAX_WAIT_TIME}&quot; seconds" library="CXTA.robot.Browser">
<doc>Browser.set_browser_timeout(self, timeout)</doc>
<status status="PASS" starttime="20200423 07:39:23.465" endtime="20200423 07:39:23.474"></status>
</kw>
<kw name="Log To Console" library="BuiltIn">
<doc>Logs the given message to the console.</doc>
<arguments>
<arg>"The max wait time of the browser window is 60 seconds"</arg>
</arguments>
<status status="PASS" starttime="20200423 07:39:23.490" endtime="20200423 07:39:23.496"></status>
</kw>
<kw name="Wait for the loading icon to disappear" library="CxtaBPA.CxtaBPAUI">
<doc>Method to wait for loading icon to disappear</doc>
<status status="PASS" starttime="20200423 07:39:23.515" endtime="20200423 07:40:20.479"></status>
</kw>
<kw name="click on the object with XPath &quot;${BPA_OS_UPGRADE_TILE_XPATH}&quot;" library="CXTA.robot.Browser">
<doc>MouseEvents.click_object_with_xpath(self, xpath)</doc>
<status status="PASS" starttime="20200423 07:40:20.499" endtime="20200423 07:40:21.349"></status>
</kw>
<kw name="Log To Console" library="BuiltIn">
<doc>Logs the given message to the console.</doc>
<arguments>
<arg>"Select STC OS upgrade tile from the dashboard</arg>
</arguments>
<status status="PASS" starttime="20200423 07:40:21.388" endtime="20200423 07:40:21.402"></status>
</kw>
<kw name="wait until object is clickable via XPath &quot;${BPA_SELECT_DEVICE_LBL_TILE}&quot;" library="CXTA.robot.Browser">
<doc>ElementsAttributes.wait_for_clickable_object_via_xpath(self, xpath)</doc>
<status status="PASS" starttime="20200423 07:40:21.441" endtime="20200423 07:40:38.340"></status>
</kw>
<kw name="Wait for the loading icon to disappear" library="CxtaBPA.CxtaBPAUI">
<doc>Method to wait for loading icon to disappear</doc>
<status status="PASS" starttime="20200423 07:40:38.356" endtime="20200423 07:40:44.977"></status>
</kw>
<kw name="STC upgrade select device &quot;${osupgrade.device_name}&quot;" library="CxtaBPA.CxtaBPAUI">
<doc>This keyword retrieves list of devices in the selected BOA environment in STC.</doc>
<status status="PASS" starttime="20200423 07:40:45.007" endtime="20200423 07:40:50.408"></status>
</kw>
<kw name="Log To Console" library="BuiltIn">
<doc>Logs the given message to the console.</doc>
<arguments>
<arg>"The device type:ASR920 is selected from the dropdown"</arg>
</arguments>
<status status="PASS" starttime="20200423 07:40:50.428" endtime="20200423 07:40:50.434"></status>
</kw>
<kw name="Wait for the loading icon to disappear" library="CxtaBPA.CxtaBPAUI">
<doc>Method to wait for loading icon to disappear</doc>
<status status="PASS" starttime="20200423 07:40:50.486" endtime="20200423 07:41:17.086"></status>
</kw>
<kw name="wait until object is clickable via XPath &quot;${BPA__SELECT_CREATE_NEW_XPATH}&quot;" library="CXTA.robot.Browser">
<doc>ElementsAttributes.wait_for_clickable_object_via_xpath(self, xpath)</doc>
<status status="PASS" starttime="20200423 07:41:17.109" endtime="20200423 07:41:17.926"></status>
</kw>
<kw name="Wait for the loading icon to disappear" library="CxtaBPA.CxtaBPAUI">
<doc>Method to wait for loading icon to disappear</doc>
<status status="PASS" starttime="20200423 07:41:17.941" endtime="20200423 07:41:24.484"></status>
</kw>
<kw name="click on the object with XPath &quot;${BPA__SELECT_CREATE_NEW_XPATH}&quot;" library="CXTA.robot.Browser">
<doc>MouseEvents.click_object_with_xpath(self, xpath)</doc>
<status status="PASS" starttime="20200423 07:41:24.522" endtime="20200423 07:41:36.271"></status>
</kw>
<kw name="Log To Console" library="BuiltIn">
<doc>Logs the given message to the console.</doc>
<arguments>
<arg>"Job listing page of ASR920 : Create new is clicked"</arg>
</arguments>
<status status="PASS" starttime="20200423 07:41:36.293" endtime="20200423 07:41:36.299"></status>
</kw>
<kw name="Wait for the loading icon to disappear" library="CxtaBPA.CxtaBPAUI">
<doc>Method to wait for loading icon to disappear</doc>
<status status="PASS" starttime="20200423 07:41:36.320" endtime="20200423 07:41:48.680"></status>
</kw>
<kw name="Create device values with active os upgrade status mdt rows duplicate &quot;${osupgrade.create_new}&quot; and &quot;${osupgrade.mdt_params}&quot;" library="CxtaBPA.CxtaBPAUI">
<doc>This keyword retrieves list of devices in the selected BOA environment in STC.</doc>
<status status="PASS" starttime="20200423 07:41:48.716" endtime="20200423 07:42:59.400"></status>
</kw>
<kw name="Log To Console" library="BuiltIn">
<doc>Logs the given message to the console.</doc>
<arguments>
<arg>"Select Platform Model: 'ASR-920-24TZ-M' \n Select Device Role: 'UPE92' \n Select Release Software Version: '3.18.5SP'\n File Transfer Protocol: 'FTP' \n mdt_number: 123 \n Approval Status: 'Approved' \n mutilselect_device: 'STC-ASR920-1' and the params for next rows mdt mapping mdt_number: 111 \n Approval Status: 'Approved' \n mutilselect_device: 'STC-ASR920-2'"</arg>
</arguments>
<status status="PASS" starttime="20200423 07:42:59.422" endtime="20200423 07:42:59.432"></status>
</kw>
<kw name="Wait for the loading icon to disappear" library="CxtaBPA.CxtaBPAUI">
<doc>Method to wait for loading icon to disappear</doc>
<status status="PASS" starttime="20200423 07:42:59.465" endtime="20200423 07:43:05.801"></status>
</kw>
<kw name="Testcase teardown" type="teardown">
<kw name="Logout of BPA UI" library="bpa_ui">
<doc>Logs out of BPA UI</doc>
<kw name="set browser timeout to &quot;${BPA__MAX_WAIT_TIME}&quot; seconds" library="CXTA.robot.Browser">
<doc>Browser.set_browser_timeout(self, timeout)</doc>
<status status="PASS" starttime="20200423 07:43:05.848" endtime="20200423 07:43:05.860"></status>
</kw>
<kw name="Wait for the loading icon to disappear" library="CxtaBPA.CxtaBPAUI">
<doc>Method to wait for loading icon to disappear</doc>
<status status="PASS" starttime="20200423 07:43:05.882" endtime="20200423 07:43:12.654"></status>
</kw>
<kw name="wait until object is clickable via XPath &quot;${BPA__MENU_PROFILE_XPATH}&quot;" library="CXTA.robot.Browser">
<doc>ElementsAttributes.wait_for_clickable_object_via_xpath(self, xpath)</doc>
<status status="PASS" starttime="20200423 07:43:12.676" endtime="20200423 07:43:13.240"></status>
</kw>
<kw name="click on the object with XPath &quot;${BPA__MENU_PROFILE_XPATH}&quot;" library="CXTA.robot.Browser">
<doc>MouseEvents.click_object_with_xpath(self, xpath)</doc>
<status status="PASS" starttime="20200423 07:43:13.261" endtime="20200423 07:43:14.605"></status>
</kw>
<kw name="wait until object is clickable via XPath &quot;${BPA__MENU_LOGOUT_XPATH}&quot;" library="CXTA.robot.Browser">
<doc>ElementsAttributes.wait_for_clickable_object_via_xpath(self, xpath)</doc>
<status status="PASS" starttime="20200423 07:43:14.642" endtime="20200423 07:43:15.472"></status>
</kw>
<kw name="click on the object with XPath &quot;${BPA__MENU_LOGOUT_XPATH}&quot;" library="CXTA.robot.Browser">
<doc>MouseEvents.click_object_with_xpath(self, xpath)</doc>
<status status="PASS" starttime="20200423 07:43:15.493" endtime="20200423 07:43:16.657"></status>
</kw>
<status status="PASS" starttime="20200423 07:43:05.824" endtime="20200423 07:43:16.664"></status>
</kw>
<kw name="close browser" library="CXTA.robot.Browser">
<doc>Browser.close_browser(self)</doc>
<status status="PASS" starttime="20200423 07:43:16.686" endtime="20200423 07:43:16.834"></status>
</kw>
<status status="PASS" starttime="20200423 07:43:05.810" endtime="20200423 07:43:16.841"></status>
</kw>
<status status="PASS" starttime="20200423 07:38:41.416" endtime="20200423 07:43:16.847" critical="yes"></status>
</test>
<status status="PASS" starttime="20200423 07:37:43.127" endtime="20200423 07:43:16.869"></status>
</suite>
<statistics>
<total>
<stat pass="1" fail="0">Critical Tests</stat>
<stat pass="1" fail="0">All Tests</stat>
</total>
<tag>
</tag>
<suite>
<stat pass="1" fail="0" id="s1" name="4.6.13 UI">4.6.13 UI</stat>
</suite>
</statistics>
<errors>
</errors>
</robot>
