<?xml version="1.0" encoding="UTF-8"?>
<robot generator="Robot 3.1.2 (Python 3.6.6 on linux)" generated="20200108 15:18:03.771" rpa="false">
<suite id="s1" name="4.6.8 UI" source="/home/cisco/cxta-bpa/examples/4.6.8_UI.robot">
<test id="s1-t1" name="4.6.8 STC OS UPGRADE CREATE NEW JOB-EXECUTION TYPE PARALLE-BATCH SIZE MAX VALUE">
<kw name="Testcase setup" type="setup">
<kw name="Start Browser" library="CXTA.robot.Browser">
<doc>Browser.start_browser(self, browser_name=u'firefox', download_path=None, screenshot_path=None, remote_url=None, flash=False, proxy_urls=None)</doc>
<arguments>
<arg>browser_name=chrome</arg>
<arg>remote_url=${REMOTE_URL}</arg>
</arguments>
<status status="PASS" starttime="20200108 15:18:10.680" endtime="20200108 15:18:11.460"></status>
</kw>
<kw name="Login to BPA UI &quot;${login.bpa_url}&quot; with credentials &quot;${login.bpa_username}&quot; and &quot;${login.bpa_password}&quot;" library="bpa_ui">
<doc>Login for BPA UI Application:</doc>
<kw name="set browser timeout to &quot;${BPA__MAX_WAIT_TIME}&quot; seconds" library="CXTA.robot.Browser">
<doc>Browser.set_browser_timeout(self, timeout)</doc>
<status status="PASS" starttime="20200108 15:18:11.469" endtime="20200108 15:18:11.470"></status>
</kw>
<kw name="clear the browser cookies" library="CXTA.robot.Browser">
<doc>Browser.clear_browser_cookies(self)</doc>
<status status="PASS" starttime="20200108 15:18:11.473" endtime="20200108 15:18:11.526"></status>
</kw>
<kw name="visit &quot;${url}&quot;" library="CXTA.robot.Browser">
<doc>Browser.visit_site(self, url)</doc>
<msg timestamp="20200108 15:18:11.532" level="INFO">Visiting url "https://10.52.123.82/portal/#/login"</msg>
<status status="PASS" starttime="20200108 15:18:11.529" endtime="20200108 15:18:16.387"></status>
</kw>
<kw name="wait until object is clickable via XPath &quot;${BPA__TXT_UID_XPATH}&quot;" library="CXTA.robot.Browser">
<doc>ElementsAttributes.wait_for_clickable_object_via_xpath(self, xpath)</doc>
<status status="PASS" starttime="20200108 15:18:16.392" endtime="20200108 15:18:17.044"></status>
</kw>
<kw name="enter &quot;${username}&quot; in the field with XPath &quot;${BPA__TXT_UID_XPATH}&quot;" library="CXTA.robot.Browser">
<doc>Inputs.enter_text_in_the_field_with_xpath(self, text, xpath)</doc>
<status status="PASS" starttime="20200108 15:18:17.047" endtime="20200108 15:18:17.336"></status>
</kw>
<kw name="wait until object is clickable via XPath &quot;${BPA__TXT_PWD_XPATH}&quot;" library="CXTA.robot.Browser">
<doc>ElementsAttributes.wait_for_clickable_object_via_xpath(self, xpath)</doc>
<status status="PASS" starttime="20200108 15:18:17.341" endtime="20200108 15:18:17.478"></status>
</kw>
<kw name="enter &quot;${password}&quot; in the field with XPath &quot;${BPA__TXT_PWD_XPATH}&quot;" library="CXTA.robot.Browser">
<doc>Inputs.enter_text_in_the_field_with_xpath(self, text, xpath)</doc>
<status status="PASS" starttime="20200108 15:18:17.482" endtime="20200108 15:18:17.692"></status>
</kw>
<kw name="wait until object is clickable via XPath &quot;${BPA__BTN_LOGIN_XPATH}&quot;" library="CXTA.robot.Browser">
<doc>ElementsAttributes.wait_for_clickable_object_via_xpath(self, xpath)</doc>
<status status="PASS" starttime="20200108 15:18:17.696" endtime="20200108 15:18:17.795"></status>
</kw>
<kw name="click on the object with XPath &quot;${BPA__BTN_LOGIN_XPATH}&quot;" library="CXTA.robot.Browser">
<doc>MouseEvents.click_object_with_xpath(self, xpath)</doc>
<status status="PASS" starttime="20200108 15:18:17.798" endtime="20200108 15:18:17.921"></status>
</kw>
<kw name="wait until object is clickable via XPath &quot;${BPA__LBL_DASHBOARD_XPATH}&quot;" library="CXTA.robot.Browser">
<doc>ElementsAttributes.wait_for_clickable_object_via_xpath(self, xpath)</doc>
<status status="PASS" starttime="20200108 15:18:17.925" endtime="20200108 15:18:19.100"></status>
</kw>
<status status="PASS" starttime="20200108 15:18:11.465" endtime="20200108 15:18:19.101"></status>
</kw>
<status status="PASS" starttime="20200108 15:18:10.677" endtime="20200108 15:18:19.102"></status>
</kw>
<kw name="set browser timeout to &quot;${BPA__MAX_WAIT_TIME}&quot; seconds" library="CXTA.robot.Browser">
<doc>Browser.set_browser_timeout(self, timeout)</doc>
<status status="PASS" starttime="20200108 15:18:19.106" endtime="20200108 15:18:19.108"></status>
</kw>
<kw name="Wait for the loading icon to disappear" library="CxtaBPA.CxtaBPAUI">
<doc>Method to wait for loading icon to disappear</doc>
<status status="PASS" starttime="20200108 15:18:19.112" endtime="20200108 15:18:25.457"></status>
</kw>
<kw name="click on the object with XPath &quot;${BPA_OS_UPGRADE_TILE_XPATH}&quot;" library="CXTA.robot.Browser">
<doc>MouseEvents.click_object_with_xpath(self, xpath)</doc>
<status status="PASS" starttime="20200108 15:18:25.460" endtime="20200108 15:18:25.568"></status>
</kw>
<kw name="wait until object is clickable via XPath &quot;${BPA_SELECT_DEVICE_LBL_TILE}&quot;" library="CXTA.robot.Browser">
<doc>ElementsAttributes.wait_for_clickable_object_via_xpath(self, xpath)</doc>
<status status="PASS" starttime="20200108 15:18:25.571" endtime="20200108 15:18:34.397"></status>
</kw>
<kw name="Wait for the loading icon to disappear" library="CxtaBPA.CxtaBPAUI">
<doc>Method to wait for loading icon to disappear</doc>
<status status="PASS" starttime="20200108 15:18:34.400" endtime="20200108 15:18:41.832"></status>
</kw>
<kw name="STC upgrade select device &quot;${osupgrade.device_name}&quot;" library="CxtaBPA.CxtaBPAUI">
<doc>This keyword retrieves list of devices in the selected BOA environment in STC.</doc>
<status status="PASS" starttime="20200108 15:18:41.834" endtime="20200108 15:18:42.130"></status>
</kw>
<kw name="Wait for the loading icon to disappear" library="CxtaBPA.CxtaBPAUI">
<doc>Method to wait for loading icon to disappear</doc>
<status status="PASS" starttime="20200108 15:18:42.133" endtime="20200108 15:18:42.952"></status>
</kw>
<kw name="wait until object is clickable via XPath &quot;${BPA__SELECT_CREATE_NEW_XPATH}&quot;" library="CXTA.robot.Browser">
<doc>ElementsAttributes.wait_for_clickable_object_via_xpath(self, xpath)</doc>
<status status="PASS" starttime="20200108 15:18:42.956" endtime="20200108 15:18:43.108"></status>
</kw>
<kw name="Wait for the loading icon to disappear" library="CxtaBPA.CxtaBPAUI">
<doc>Method to wait for loading icon to disappear</doc>
<status status="PASS" starttime="20200108 15:18:43.111" endtime="20200108 15:18:49.350"></status>
</kw>
<kw name="click on the object with XPath &quot;${BPA__SELECT_CREATE_NEW_XPATH}&quot;" library="CXTA.robot.Browser">
<doc>MouseEvents.click_object_with_xpath(self, xpath)</doc>
<status status="PASS" starttime="20200108 15:18:49.353" endtime="20200108 15:18:49.474"></status>
</kw>
<kw name="Wait for the loading icon to disappear" library="CxtaBPA.CxtaBPAUI">
<doc>Method to wait for loading icon to disappear</doc>
<status status="PASS" starttime="20200108 15:18:49.476" endtime="20200108 15:18:50.158"></status>
</kw>
<kw name="Create device values with active os upgrade status device max parallel &quot;${osupgrade.create_new}&quot;" library="CxtaBPA.CxtaBPAUI">
<doc>This keyword retrieves list of devices in the selected BOA environment in STC.</doc>
<status status="PASS" starttime="20200108 15:18:50.161" endtime="20200108 15:19:01.092"></status>
</kw>
<kw name="Wait for the loading icon to disappear" library="CxtaBPA.CxtaBPAUI">
<doc>Method to wait for loading icon to disappear</doc>
<status status="PASS" starttime="20200108 15:19:01.102" endtime="20200108 15:19:07.447"></status>
</kw>
<kw name="check xpath for the value message batch size max &quot;${BPA__XPATH_BATCH_SIZE_ERROR}&quot;" library="CxtaBPA.CxtaBPAUI">
<msg timestamp="20200108 15:19:07.493" level="INFO">The xpath value shown down is 
//p[@class="extra-error ng-star-inserted"]
Batch Size Can Not Be Greater Than Number Of Selected Devices
--------------
Successfully verified that batch Size Can Not Be Greater Than Number Of Selected Devices</msg>
<status status="PASS" starttime="20200108 15:19:07.449" endtime="20200108 15:19:07.493"></status>
</kw>
<kw name="Wait for the loading icon to disappear" library="CxtaBPA.CxtaBPAUI">
<doc>Method to wait for loading icon to disappear</doc>
<status status="PASS" starttime="20200108 15:19:07.495" endtime="20200108 15:19:13.957"></status>
</kw>
<kw name="Testcase teardown" type="teardown">
<kw name="Logout of BPA UI" library="bpa_ui">
<doc>Logs out of BPA UI</doc>
<kw name="set browser timeout to &quot;${BPA__MAX_WAIT_TIME}&quot; seconds" library="CXTA.robot.Browser">
<doc>Browser.set_browser_timeout(self, timeout)</doc>
<status status="PASS" starttime="20200108 15:19:13.963" endtime="20200108 15:19:13.964"></status>
</kw>
<kw name="Wait for the loading icon to disappear" library="CxtaBPA.CxtaBPAUI">
<doc>Method to wait for loading icon to disappear</doc>
<status status="PASS" starttime="20200108 15:19:13.965" endtime="20200108 15:19:20.329"></status>
</kw>
<kw name="wait until object is clickable via XPath &quot;${BPA__MENU_PROFILE_XPATH}&quot;" library="CXTA.robot.Browser">
<doc>ElementsAttributes.wait_for_clickable_object_via_xpath(self, xpath)</doc>
<status status="PASS" starttime="20200108 15:19:20.331" endtime="20200108 15:19:20.387"></status>
</kw>
<kw name="click on the object with XPath &quot;${BPA__MENU_PROFILE_XPATH}&quot;" library="CXTA.robot.Browser">
<doc>MouseEvents.click_object_with_xpath(self, xpath)</doc>
<status status="PASS" starttime="20200108 15:19:20.389" endtime="20200108 15:19:20.493"></status>
</kw>
<kw name="wait until object is clickable via XPath &quot;${BPA__MENU_LOGOUT_XPATH}&quot;" library="CXTA.robot.Browser">
<doc>ElementsAttributes.wait_for_clickable_object_via_xpath(self, xpath)</doc>
<status status="PASS" starttime="20200108 15:19:20.495" endtime="20200108 15:19:21.100"></status>
</kw>
<kw name="click on the object with XPath &quot;${BPA__MENU_LOGOUT_XPATH}&quot;" library="CXTA.robot.Browser">
<doc>MouseEvents.click_object_with_xpath(self, xpath)</doc>
<status status="PASS" starttime="20200108 15:19:21.103" endtime="20200108 15:19:21.225"></status>
</kw>
<status status="PASS" starttime="20200108 15:19:13.959" endtime="20200108 15:19:21.226"></status>
</kw>
<kw name="close browser" library="CXTA.robot.Browser">
<doc>Browser.close_browser(self)</doc>
<status status="PASS" starttime="20200108 15:19:21.228" endtime="20200108 15:19:21.285"></status>
</kw>
<status status="PASS" starttime="20200108 15:19:13.958" endtime="20200108 15:19:21.286"></status>
</kw>
<status status="PASS" starttime="20200108 15:18:10.674" endtime="20200108 15:19:21.286" critical="yes"></status>
</test>
<status status="PASS" starttime="20200108 15:18:03.773" endtime="20200108 15:19:21.288"></status>
</suite>
<statistics>
<total>
<stat pass="1" fail="0">Critical Tests</stat>
<stat pass="1" fail="0">All Tests</stat>
</total>
<tag>
</tag>
<suite>
<stat pass="1" fail="0" id="s1" name="4.6.8 UI">4.6.8 UI</stat>
</suite>
</statistics>
<errors>
</errors>
</robot>
