<?xml version="1.0" encoding="UTF-8"?>
<robot generator="Robot 3.1.2 (Python 3.6.6 on linux)" generated="20200109 10:36:14.359" rpa="false">
<suite id="s1" name="4.6.10 UI" source="/home/cisco/cxta-bpa/examples/4.6.10_UI.robot">
<test id="s1-t1" name="4.6.10 STC OS UPGRADE CREATE NEW JOB-EXECUTION TIME LATER-SELECT DATE">
<kw name="Testcase setup" type="setup">
<kw name="Start Browser" library="CXTA.robot.Browser">
<doc>Browser.start_browser(self, browser_name=u'firefox', download_path=None, screenshot_path=None, remote_url=None, flash=False, proxy_urls=None)</doc>
<arguments>
<arg>browser_name=chrome</arg>
<arg>remote_url=${REMOTE_URL}</arg>
</arguments>
<status status="PASS" starttime="20200109 10:36:22.014" endtime="20200109 10:36:22.885"></status>
</kw>
<kw name="Login to BPA UI &quot;${login.bpa_url}&quot; with credentials &quot;${login.bpa_username}&quot; and &quot;${login.bpa_password}&quot;" library="bpa_ui">
<doc>Login for BPA UI Application:</doc>
<kw name="set browser timeout to &quot;${BPA__MAX_WAIT_TIME}&quot; seconds" library="CXTA.robot.Browser">
<doc>Browser.set_browser_timeout(self, timeout)</doc>
<status status="PASS" starttime="20200109 10:36:22.893" endtime="20200109 10:36:22.895"></status>
</kw>
<kw name="clear the browser cookies" library="CXTA.robot.Browser">
<doc>Browser.clear_browser_cookies(self)</doc>
<status status="PASS" starttime="20200109 10:36:22.897" endtime="20200109 10:36:22.921"></status>
</kw>
<kw name="visit &quot;${url}&quot;" library="CXTA.robot.Browser">
<doc>Browser.visit_site(self, url)</doc>
<msg timestamp="20200109 10:36:22.925" level="INFO">Visiting url "https://10.52.123.82/portal/#/login"</msg>
<status status="PASS" starttime="20200109 10:36:22.924" endtime="20200109 10:36:52.691"></status>
</kw>
<kw name="wait until object is clickable via XPath &quot;${BPA__TXT_UID_XPATH}&quot;" library="CXTA.robot.Browser">
<doc>ElementsAttributes.wait_for_clickable_object_via_xpath(self, xpath)</doc>
<status status="PASS" starttime="20200109 10:36:52.694" endtime="20200109 10:36:53.306"></status>
</kw>
<kw name="enter &quot;${username}&quot; in the field with XPath &quot;${BPA__TXT_UID_XPATH}&quot;" library="CXTA.robot.Browser">
<doc>Inputs.enter_text_in_the_field_with_xpath(self, text, xpath)</doc>
<status status="PASS" starttime="20200109 10:36:53.309" endtime="20200109 10:36:53.564"></status>
</kw>
<kw name="wait until object is clickable via XPath &quot;${BPA__TXT_PWD_XPATH}&quot;" library="CXTA.robot.Browser">
<doc>ElementsAttributes.wait_for_clickable_object_via_xpath(self, xpath)</doc>
<status status="PASS" starttime="20200109 10:36:53.567" endtime="20200109 10:36:53.669"></status>
</kw>
<kw name="enter &quot;${password}&quot; in the field with XPath &quot;${BPA__TXT_PWD_XPATH}&quot;" library="CXTA.robot.Browser">
<doc>Inputs.enter_text_in_the_field_with_xpath(self, text, xpath)</doc>
<status status="PASS" starttime="20200109 10:36:53.673" endtime="20200109 10:36:53.870"></status>
</kw>
<kw name="wait until object is clickable via XPath &quot;${BPA__BTN_LOGIN_XPATH}&quot;" library="CXTA.robot.Browser">
<doc>ElementsAttributes.wait_for_clickable_object_via_xpath(self, xpath)</doc>
<status status="PASS" starttime="20200109 10:36:53.873" endtime="20200109 10:36:53.953"></status>
</kw>
<kw name="click on the object with XPath &quot;${BPA__BTN_LOGIN_XPATH}&quot;" library="CXTA.robot.Browser">
<doc>MouseEvents.click_object_with_xpath(self, xpath)</doc>
<status status="PASS" starttime="20200109 10:36:53.956" endtime="20200109 10:36:54.081"></status>
</kw>
<kw name="wait until object is clickable via XPath &quot;${BPA__LBL_DASHBOARD_XPATH}&quot;" library="CXTA.robot.Browser">
<doc>ElementsAttributes.wait_for_clickable_object_via_xpath(self, xpath)</doc>
<status status="PASS" starttime="20200109 10:36:54.084" endtime="20200109 10:36:55.372"></status>
</kw>
<status status="PASS" starttime="20200109 10:36:22.889" endtime="20200109 10:36:55.373"></status>
</kw>
<status status="PASS" starttime="20200109 10:36:22.011" endtime="20200109 10:36:55.374"></status>
</kw>
<kw name="set browser timeout to &quot;${BPA__MAX_WAIT_TIME}&quot; seconds" library="CXTA.robot.Browser">
<doc>Browser.set_browser_timeout(self, timeout)</doc>
<status status="PASS" starttime="20200109 10:36:55.377" endtime="20200109 10:36:55.379"></status>
</kw>
<kw name="Wait for the loading icon to disappear" library="CxtaBPA.CxtaBPAUI">
<doc>Method to wait for loading icon to disappear</doc>
<status status="PASS" starttime="20200109 10:36:55.382" endtime="20200109 10:37:01.472"></status>
</kw>
<kw name="click on the object with XPath &quot;${BPA_OS_UPGRADE_TILE_XPATH}&quot;" library="CXTA.robot.Browser">
<doc>MouseEvents.click_object_with_xpath(self, xpath)</doc>
<status status="PASS" starttime="20200109 10:37:01.475" endtime="20200109 10:37:01.720"></status>
</kw>
<kw name="wait until object is clickable via XPath &quot;${BPA_SELECT_DEVICE_LBL_TILE}&quot;" library="CXTA.robot.Browser">
<doc>ElementsAttributes.wait_for_clickable_object_via_xpath(self, xpath)</doc>
<status status="PASS" starttime="20200109 10:37:01.723" endtime="20200109 10:37:11.153"></status>
</kw>
<kw name="Wait for the loading icon to disappear" library="CxtaBPA.CxtaBPAUI">
<doc>Method to wait for loading icon to disappear</doc>
<status status="PASS" starttime="20200109 10:37:11.155" endtime="20200109 10:37:17.670"></status>
</kw>
<kw name="STC upgrade select device &quot;${osupgrade.device_name}&quot;" library="CxtaBPA.CxtaBPAUI">
<doc>This keyword retrieves list of devices in the selected BOA environment in STC.</doc>
<status status="PASS" starttime="20200109 10:37:17.673" endtime="20200109 10:37:19.465"></status>
</kw>
<kw name="Wait for the loading icon to disappear" library="CxtaBPA.CxtaBPAUI">
<doc>Method to wait for loading icon to disappear</doc>
<status status="PASS" starttime="20200109 10:37:19.468" endtime="20200109 10:37:26.018"></status>
</kw>
<kw name="wait until object is clickable via XPath &quot;${BPA__SELECT_CREATE_NEW_XPATH}&quot;" library="CXTA.robot.Browser">
<doc>ElementsAttributes.wait_for_clickable_object_via_xpath(self, xpath)</doc>
<status status="PASS" starttime="20200109 10:37:26.025" endtime="20200109 10:37:26.143"></status>
</kw>
<kw name="Wait for the loading icon to disappear" library="CxtaBPA.CxtaBPAUI">
<doc>Method to wait for loading icon to disappear</doc>
<status status="PASS" starttime="20200109 10:37:26.146" endtime="20200109 10:37:32.453"></status>
</kw>
<kw name="click on the object with XPath &quot;${BPA__SELECT_CREATE_NEW_XPATH}&quot;" library="CXTA.robot.Browser">
<doc>MouseEvents.click_object_with_xpath(self, xpath)</doc>
<status status="PASS" starttime="20200109 10:37:32.457" endtime="20200109 10:37:32.613"></status>
</kw>
<kw name="Wait for the loading icon to disappear" library="CxtaBPA.CxtaBPAUI">
<doc>Method to wait for loading icon to disappear</doc>
<status status="PASS" starttime="20200109 10:37:32.616" endtime="20200109 10:37:33.300"></status>
</kw>
<kw name="Create device values with active os upgrade status device select date &quot;${osupgrade.create_new}&quot;" library="CxtaBPA.CxtaBPAUI">
<doc>This keyword retrieves list of devices in the selected BOA environment in STC.</doc>
<msg timestamp="20200109 10:37:46.082" level="INFO">option to click the calendar date value
----------------------

----------------
The current date is activated</msg>
<status status="PASS" starttime="20200109 10:37:33.304" endtime="20200109 10:37:46.083"></status>
</kw>
<kw name="Wait for the loading icon to disappear" library="CxtaBPA.CxtaBPAUI">
<doc>Method to wait for loading icon to disappear</doc>
<status status="PASS" starttime="20200109 10:37:46.088" endtime="20200109 10:37:52.296"></status>
</kw>
<kw name="Testcase teardown" type="teardown">
<kw name="Logout of BPA UI" library="bpa_ui">
<doc>Logs out of BPA UI</doc>
<kw name="set browser timeout to &quot;${BPA__MAX_WAIT_TIME}&quot; seconds" library="CXTA.robot.Browser">
<doc>Browser.set_browser_timeout(self, timeout)</doc>
<status status="PASS" starttime="20200109 10:37:52.303" endtime="20200109 10:37:52.304"></status>
</kw>
<kw name="Wait for the loading icon to disappear" library="CxtaBPA.CxtaBPAUI">
<doc>Method to wait for loading icon to disappear</doc>
<status status="PASS" starttime="20200109 10:37:52.307" endtime="20200109 10:37:58.351"></status>
</kw>
<kw name="wait until object is clickable via XPath &quot;${BPA__MENU_PROFILE_XPATH}&quot;" library="CXTA.robot.Browser">
<doc>ElementsAttributes.wait_for_clickable_object_via_xpath(self, xpath)</doc>
<status status="PASS" starttime="20200109 10:37:58.356" endtime="20200109 10:37:58.422"></status>
</kw>
<kw name="click on the object with XPath &quot;${BPA__MENU_PROFILE_XPATH}&quot;" library="CXTA.robot.Browser">
<doc>MouseEvents.click_object_with_xpath(self, xpath)</doc>
<status status="PASS" starttime="20200109 10:37:58.424" endtime="20200109 10:37:58.553"></status>
</kw>
<kw name="wait until object is clickable via XPath &quot;${BPA__MENU_LOGOUT_XPATH}&quot;" library="CXTA.robot.Browser">
<doc>ElementsAttributes.wait_for_clickable_object_via_xpath(self, xpath)</doc>
<status status="PASS" starttime="20200109 10:37:58.555" endtime="20200109 10:37:59.233"></status>
</kw>
<kw name="click on the object with XPath &quot;${BPA__MENU_LOGOUT_XPATH}&quot;" library="CXTA.robot.Browser">
<doc>MouseEvents.click_object_with_xpath(self, xpath)</doc>
<status status="PASS" starttime="20200109 10:37:59.242" endtime="20200109 10:37:59.458"></status>
</kw>
<status status="PASS" starttime="20200109 10:37:52.300" endtime="20200109 10:37:59.459"></status>
</kw>
<kw name="close browser" library="CXTA.robot.Browser">
<doc>Browser.close_browser(self)</doc>
<status status="PASS" starttime="20200109 10:37:59.461" endtime="20200109 10:37:59.518"></status>
</kw>
<status status="PASS" starttime="20200109 10:37:52.298" endtime="20200109 10:37:59.519"></status>
</kw>
<status status="PASS" starttime="20200109 10:36:22.009" endtime="20200109 10:37:59.520" critical="yes"></status>
</test>
<status status="PASS" starttime="20200109 10:36:14.361" endtime="20200109 10:37:59.522"></status>
</suite>
<statistics>
<total>
<stat pass="1" fail="0">Critical Tests</stat>
<stat pass="1" fail="0">All Tests</stat>
</total>
<tag>
</tag>
<suite>
<stat pass="1" fail="0" id="s1" name="4.6.10 UI">4.6.10 UI</stat>
</suite>
</statistics>
<errors>
</errors>
</robot>
