<?xml version="1.0" encoding="UTF-8"?>
<robot generator="Robot 3.1.2 (Python 3.6.6 on linux)" generated="20200108 14:48:13.115" rpa="false">
<suite id="s1" name="4.6.6 UI" source="/home/cisco/cxta-bpa/examples/4.6.6_UI.robot">
<test id="s1-t1" name="4.6.6 STC OS UPGRADE CREATE NEW JOB-PLATFORM MODEL CHANGE EFFECTS ON DEPENDENT FIELDS">
<kw name="Testcase setup" type="setup">
<kw name="Start Browser" library="CXTA.robot.Browser">
<doc>Browser.start_browser(self, browser_name=u'firefox', download_path=None, screenshot_path=None, remote_url=None, flash=False, proxy_urls=None)</doc>
<arguments>
<arg>browser_name=chrome</arg>
<arg>remote_url=${REMOTE_URL}</arg>
</arguments>
<status status="PASS" starttime="20200108 14:48:19.892" endtime="20200108 14:48:20.542"></status>
</kw>
<kw name="Login to BPA UI &quot;${login.bpa_url}&quot; with credentials &quot;${login.bpa_username}&quot; and &quot;${login.bpa_password}&quot;" library="bpa_ui">
<doc>Login for BPA UI Application:</doc>
<kw name="set browser timeout to &quot;${BPA__MAX_WAIT_TIME}&quot; seconds" library="CXTA.robot.Browser">
<doc>Browser.set_browser_timeout(self, timeout)</doc>
<status status="PASS" starttime="20200108 14:48:20.550" endtime="20200108 14:48:20.552"></status>
</kw>
<kw name="clear the browser cookies" library="CXTA.robot.Browser">
<doc>Browser.clear_browser_cookies(self)</doc>
<status status="PASS" starttime="20200108 14:48:20.554" endtime="20200108 14:48:20.599"></status>
</kw>
<kw name="visit &quot;${url}&quot;" library="CXTA.robot.Browser">
<doc>Browser.visit_site(self, url)</doc>
<msg timestamp="20200108 14:48:20.602" level="INFO">Visiting url "https://10.52.123.82/portal/#/login"</msg>
<status status="PASS" starttime="20200108 14:48:20.601" endtime="20200108 14:48:25.898"></status>
</kw>
<kw name="wait until object is clickable via XPath &quot;${BPA__TXT_UID_XPATH}&quot;" library="CXTA.robot.Browser">
<doc>ElementsAttributes.wait_for_clickable_object_via_xpath(self, xpath)</doc>
<status status="PASS" starttime="20200108 14:48:25.901" endtime="20200108 14:48:25.979"></status>
</kw>
<kw name="enter &quot;${username}&quot; in the field with XPath &quot;${BPA__TXT_UID_XPATH}&quot;" library="CXTA.robot.Browser">
<doc>Inputs.enter_text_in_the_field_with_xpath(self, text, xpath)</doc>
<status status="PASS" starttime="20200108 14:48:25.981" endtime="20200108 14:48:26.175"></status>
</kw>
<kw name="wait until object is clickable via XPath &quot;${BPA__TXT_PWD_XPATH}&quot;" library="CXTA.robot.Browser">
<doc>ElementsAttributes.wait_for_clickable_object_via_xpath(self, xpath)</doc>
<status status="PASS" starttime="20200108 14:48:26.178" endtime="20200108 14:48:26.291"></status>
</kw>
<kw name="enter &quot;${password}&quot; in the field with XPath &quot;${BPA__TXT_PWD_XPATH}&quot;" library="CXTA.robot.Browser">
<doc>Inputs.enter_text_in_the_field_with_xpath(self, text, xpath)</doc>
<status status="PASS" starttime="20200108 14:48:26.293" endtime="20200108 14:48:26.440"></status>
</kw>
<kw name="wait until object is clickable via XPath &quot;${BPA__BTN_LOGIN_XPATH}&quot;" library="CXTA.robot.Browser">
<doc>ElementsAttributes.wait_for_clickable_object_via_xpath(self, xpath)</doc>
<status status="PASS" starttime="20200108 14:48:26.442" endtime="20200108 14:48:26.506"></status>
</kw>
<kw name="click on the object with XPath &quot;${BPA__BTN_LOGIN_XPATH}&quot;" library="CXTA.robot.Browser">
<doc>MouseEvents.click_object_with_xpath(self, xpath)</doc>
<status status="PASS" starttime="20200108 14:48:26.508" endtime="20200108 14:48:26.655"></status>
</kw>
<kw name="wait until object is clickable via XPath &quot;${BPA__LBL_DASHBOARD_XPATH}&quot;" library="CXTA.robot.Browser">
<doc>ElementsAttributes.wait_for_clickable_object_via_xpath(self, xpath)</doc>
<status status="PASS" starttime="20200108 14:48:26.657" endtime="20200108 14:48:27.300"></status>
</kw>
<status status="PASS" starttime="20200108 14:48:20.546" endtime="20200108 14:48:27.301"></status>
</kw>
<status status="PASS" starttime="20200108 14:48:19.889" endtime="20200108 14:48:27.301"></status>
</kw>
<kw name="set browser timeout to &quot;${BPA__MAX_WAIT_TIME}&quot; seconds" library="CXTA.robot.Browser">
<doc>Browser.set_browser_timeout(self, timeout)</doc>
<status status="PASS" starttime="20200108 14:48:27.304" endtime="20200108 14:48:27.305"></status>
</kw>
<kw name="Wait for the loading icon to disappear" library="CxtaBPA.CxtaBPAUI">
<doc>Method to wait for loading icon to disappear</doc>
<status status="PASS" starttime="20200108 14:48:27.307" endtime="20200108 14:48:33.806"></status>
</kw>
<kw name="click on the object with XPath &quot;${BPA_OS_UPGRADE_TILE_XPATH}&quot;" library="CXTA.robot.Browser">
<doc>MouseEvents.click_object_with_xpath(self, xpath)</doc>
<status status="PASS" starttime="20200108 14:48:33.809" endtime="20200108 14:48:33.966"></status>
</kw>
<kw name="wait until object is clickable via XPath &quot;${BPA_SELECT_DEVICE_LBL_TILE}&quot;" library="CXTA.robot.Browser">
<doc>ElementsAttributes.wait_for_clickable_object_via_xpath(self, xpath)</doc>
<status status="PASS" starttime="20200108 14:48:33.968" endtime="20200108 14:48:41.601"></status>
</kw>
<kw name="Wait for the loading icon to disappear" library="CxtaBPA.CxtaBPAUI">
<doc>Method to wait for loading icon to disappear</doc>
<status status="PASS" starttime="20200108 14:48:41.603" endtime="20200108 14:48:47.907"></status>
</kw>
<kw name="STC upgrade select device &quot;${osupgrade.device_name}&quot;" library="CxtaBPA.CxtaBPAUI">
<doc>This keyword retrieves list of devices in the selected BOA environment in STC.</doc>
<status status="PASS" starttime="20200108 14:48:47.909" endtime="20200108 14:48:48.170"></status>
</kw>
<kw name="Wait for the loading icon to disappear" library="CxtaBPA.CxtaBPAUI">
<doc>Method to wait for loading icon to disappear</doc>
<status status="PASS" starttime="20200108 14:48:48.174" endtime="20200108 14:48:49.986"></status>
</kw>
<kw name="wait until object is clickable via XPath &quot;${BPA__SELECT_CREATE_NEW_XPATH}&quot;" library="CXTA.robot.Browser">
<doc>ElementsAttributes.wait_for_clickable_object_via_xpath(self, xpath)</doc>
<status status="PASS" starttime="20200108 14:48:49.988" endtime="20200108 14:48:50.101"></status>
</kw>
<kw name="Wait for the loading icon to disappear" library="CxtaBPA.CxtaBPAUI">
<doc>Method to wait for loading icon to disappear</doc>
<status status="PASS" starttime="20200108 14:48:50.103" endtime="20200108 14:48:56.309"></status>
</kw>
<kw name="click on the object with XPath &quot;${BPA__SELECT_CREATE_NEW_XPATH}&quot;" library="CXTA.robot.Browser">
<doc>MouseEvents.click_object_with_xpath(self, xpath)</doc>
<status status="PASS" starttime="20200108 14:48:56.312" endtime="20200108 14:48:56.427"></status>
</kw>
<kw name="Wait for the loading icon to disappear" library="CxtaBPA.CxtaBPAUI">
<doc>Method to wait for loading icon to disappear</doc>
<status status="PASS" starttime="20200108 14:48:56.429" endtime="20200108 14:48:57.128"></status>
</kw>
<kw name="Create device values with active os upgrade status reset model platform &quot;${osupgrade.create_new}&quot;" library="CxtaBPA.CxtaBPAUI">
<doc>This keyword retrieves list of devices in the selected BOA environment in STC.</doc>
<msg timestamp="20200108 14:49:04.034" level="INFO">Inside loop the drop down value
&lt;selenium.webdriver.remote.webelement.WebElement (session="8b3a38c9d7a1f65115139d8f468b0c07", element="0.05260958184108144-12")&gt;
The value of device xpath is 
//mat-option//child::span[contains(text(), "ASR-920-24TZ-M")]
Inside loop the drop down value
&lt;selenium.webdriver.remote.webelement.WebElement (session="8b3a38c9d7a1f65115139d8f468b0c07", element="0.05260958184108144-14")&gt;
The value of device xpath is 
//mat-option//child::span[contains(text(), "UPE92")]
Inside loop the drop down value
&lt;selenium.webdriver.remote.webelement.WebElement (session="8b3a38c9d7a1f65115139d8f468b0c07", element="0.05260958184108144-16")&gt;
The value of device xpath is 
//mat-option//child::span[contains(text(), "3.18.5SP")]
Inside loop the drop down value
&lt;selenium.webdriver.remote.webelement.WebElement (session="8b3a38c9d7a1f65115139d8f468b0c07", element="0.05260958184108144-18")&gt;
The value of device xpath is 
//mat-option//child::span[contains(text(), "FTP")]
Inside loop the drop down value
&lt;selenium.webdriver.remote.webelement.WebElement (session="8b3a38c9d7a1f65115139d8f468b0c07", element="0.05260958184108144-20")&gt;
The value of device xpath is 
//mat-option//child::span[contains(text(), "Approved")]
******************************************************************88
The dict value passed here is 
{'Select Platform Model': 'ASR-920-24TZ-M', 'Select Device Role': 'UPE92', 'Select Release Software Version': '3.18.5SP', 'File Transfer Protocol': 'FTP', 'mdt_number': 123, 'Approval Status': 'Approved', 'mutilselect_device': 'STC-ASR920-1'}
The value of drop down is shown below
&lt;selenium.webdriver.remote.webelement.WebElement (session="8b3a38c9d7a1f65115139d8f468b0c07", element="0.05260958184108144-22")&gt;
The xpath value created here is 
//mat-option //child::span[contains(text()," ASR-920-12SZ-IM ")]</msg>
<status status="PASS" starttime="20200108 14:48:57.131" endtime="20200108 14:49:04.034"></status>
</kw>
<kw name="Wait for the loading icon to disappear" library="CxtaBPA.CxtaBPAUI">
<doc>Method to wait for loading icon to disappear</doc>
<status status="PASS" starttime="20200108 14:49:04.037" endtime="20200108 14:49:10.915"></status>
</kw>
<kw name="wait until object is clickable via XPath &quot;${BPA__SELECT_OK_CONFIRMATION}&quot;" library="CXTA.robot.Browser">
<doc>ElementsAttributes.wait_for_clickable_object_via_xpath(self, xpath)</doc>
<status status="PASS" starttime="20200108 14:49:10.918" endtime="20200108 14:49:10.978"></status>
</kw>
<kw name="Wait for the loading icon to disappear" library="CxtaBPA.CxtaBPAUI">
<doc>Method to wait for loading icon to disappear</doc>
<status status="PASS" starttime="20200108 14:49:10.980" endtime="20200108 14:49:18.084"></status>
</kw>
<kw name="click on the object with XPath &quot;${BPA__SELECT_OK_CONFIRMATION}&quot;" library="CXTA.robot.Browser">
<doc>MouseEvents.click_object_with_xpath(self, xpath)</doc>
<status status="PASS" starttime="20200108 14:49:18.087" endtime="20200108 14:49:18.195"></status>
</kw>
<kw name="Testcase teardown" type="teardown">
<kw name="Logout of BPA UI" library="bpa_ui">
<doc>Logs out of BPA UI</doc>
<kw name="set browser timeout to &quot;${BPA__MAX_WAIT_TIME}&quot; seconds" library="CXTA.robot.Browser">
<doc>Browser.set_browser_timeout(self, timeout)</doc>
<status status="PASS" starttime="20200108 14:49:18.200" endtime="20200108 14:49:18.201"></status>
</kw>
<kw name="Wait for the loading icon to disappear" library="CxtaBPA.CxtaBPAUI">
<doc>Method to wait for loading icon to disappear</doc>
<status status="PASS" starttime="20200108 14:49:18.203" endtime="20200108 14:49:24.598"></status>
</kw>
<kw name="wait until object is clickable via XPath &quot;${BPA__MENU_PROFILE_XPATH}&quot;" library="CXTA.robot.Browser">
<doc>ElementsAttributes.wait_for_clickable_object_via_xpath(self, xpath)</doc>
<status status="PASS" starttime="20200108 14:49:24.600" endtime="20200108 14:49:24.664"></status>
</kw>
<kw name="click on the object with XPath &quot;${BPA__MENU_PROFILE_XPATH}&quot;" library="CXTA.robot.Browser">
<doc>MouseEvents.click_object_with_xpath(self, xpath)</doc>
<status status="PASS" starttime="20200108 14:49:24.666" endtime="20200108 14:49:24.771"></status>
</kw>
<kw name="wait until object is clickable via XPath &quot;${BPA__MENU_LOGOUT_XPATH}&quot;" library="CXTA.robot.Browser">
<doc>ElementsAttributes.wait_for_clickable_object_via_xpath(self, xpath)</doc>
<status status="PASS" starttime="20200108 14:49:24.773" endtime="20200108 14:49:25.365"></status>
</kw>
<kw name="click on the object with XPath &quot;${BPA__MENU_LOGOUT_XPATH}&quot;" library="CXTA.robot.Browser">
<doc>MouseEvents.click_object_with_xpath(self, xpath)</doc>
<status status="PASS" starttime="20200108 14:49:25.368" endtime="20200108 14:49:25.515"></status>
</kw>
<status status="PASS" starttime="20200108 14:49:18.198" endtime="20200108 14:49:25.516"></status>
</kw>
<kw name="close browser" library="CXTA.robot.Browser">
<doc>Browser.close_browser(self)</doc>
<status status="PASS" starttime="20200108 14:49:25.518" endtime="20200108 14:49:25.575"></status>
</kw>
<status status="PASS" starttime="20200108 14:49:18.196" endtime="20200108 14:49:25.576"></status>
</kw>
<status status="PASS" starttime="20200108 14:48:19.887" endtime="20200108 14:49:25.578" critical="yes"></status>
</test>
<status status="PASS" starttime="20200108 14:48:13.117" endtime="20200108 14:49:25.580"></status>
</suite>
<statistics>
<total>
<stat pass="1" fail="0">Critical Tests</stat>
<stat pass="1" fail="0">All Tests</stat>
</total>
<tag>
</tag>
<suite>
<stat pass="1" fail="0" id="s1" name="4.6.6 UI">4.6.6 UI</stat>
</suite>
</statistics>
<errors>
</errors>
</robot>
