<?xml version="1.0" encoding="UTF-8"?>
<robot generator="Robot 3.1.2 (Python 3.6.6 on linux)" generated="20200108 06:46:37.124" rpa="false">
<suite id="s1" name="4.6.4 UI" source="/home/cisco/cxta-bpa/examples/4.6.4_UI.robot">
<test id="s1-t1" name="4.6.4 STC OS UPGRADE CREATE NEW JOB-EXECUTION TYPE SERIAL">
<kw name="Testcase setup" type="setup">
<kw name="Start Browser" library="CXTA.robot.Browser">
<doc>Browser.start_browser(self, browser_name=u'firefox', download_path=None, screenshot_path=None, remote_url=None, flash=False, proxy_urls=None)</doc>
<arguments>
<arg>browser_name=chrome</arg>
<arg>remote_url=${REMOTE_URL}</arg>
</arguments>
<status status="PASS" starttime="20200108 06:46:48.279" endtime="20200108 06:46:49.232"></status>
</kw>
<kw name="Login to BPA UI &quot;${login.bpa_url}&quot; with credentials &quot;${login.bpa_username}&quot; and &quot;${login.bpa_password}&quot;" library="bpa_ui">
<doc>Login for BPA UI Application:</doc>
<kw name="set browser timeout to &quot;${BPA__MAX_WAIT_TIME}&quot; seconds" library="CXTA.robot.Browser">
<doc>Browser.set_browser_timeout(self, timeout)</doc>
<status status="PASS" starttime="20200108 06:46:49.242" endtime="20200108 06:46:49.244"></status>
</kw>
<kw name="clear the browser cookies" library="CXTA.robot.Browser">
<doc>Browser.clear_browser_cookies(self)</doc>
<status status="PASS" starttime="20200108 06:46:49.247" endtime="20200108 06:46:49.310"></status>
</kw>
<kw name="visit &quot;${url}&quot;" library="CXTA.robot.Browser">
<doc>Browser.visit_site(self, url)</doc>
<msg timestamp="20200108 06:46:49.316" level="INFO">Visiting url "https://10.52.123.82/portal/#/login"</msg>
<status status="PASS" starttime="20200108 06:46:49.314" endtime="20200108 06:47:01.013"></status>
</kw>
<kw name="wait until object is clickable via XPath &quot;${BPA__TXT_UID_XPATH}&quot;" library="CXTA.robot.Browser">
<doc>ElementsAttributes.wait_for_clickable_object_via_xpath(self, xpath)</doc>
<status status="PASS" starttime="20200108 06:47:01.016" endtime="20200108 06:47:01.685"></status>
</kw>
<kw name="enter &quot;${username}&quot; in the field with XPath &quot;${BPA__TXT_UID_XPATH}&quot;" library="CXTA.robot.Browser">
<doc>Inputs.enter_text_in_the_field_with_xpath(self, text, xpath)</doc>
<status status="PASS" starttime="20200108 06:47:01.689" endtime="20200108 06:47:02.038"></status>
</kw>
<kw name="wait until object is clickable via XPath &quot;${BPA__TXT_PWD_XPATH}&quot;" library="CXTA.robot.Browser">
<doc>ElementsAttributes.wait_for_clickable_object_via_xpath(self, xpath)</doc>
<status status="PASS" starttime="20200108 06:47:02.042" endtime="20200108 06:47:02.211"></status>
</kw>
<kw name="enter &quot;${password}&quot; in the field with XPath &quot;${BPA__TXT_PWD_XPATH}&quot;" library="CXTA.robot.Browser">
<doc>Inputs.enter_text_in_the_field_with_xpath(self, text, xpath)</doc>
<status status="PASS" starttime="20200108 06:47:02.216" endtime="20200108 06:47:02.503"></status>
</kw>
<kw name="wait until object is clickable via XPath &quot;${BPA__BTN_LOGIN_XPATH}&quot;" library="CXTA.robot.Browser">
<doc>ElementsAttributes.wait_for_clickable_object_via_xpath(self, xpath)</doc>
<status status="PASS" starttime="20200108 06:47:02.508" endtime="20200108 06:47:02.623"></status>
</kw>
<kw name="click on the object with XPath &quot;${BPA__BTN_LOGIN_XPATH}&quot;" library="CXTA.robot.Browser">
<doc>MouseEvents.click_object_with_xpath(self, xpath)</doc>
<status status="PASS" starttime="20200108 06:47:02.628" endtime="20200108 06:47:02.852"></status>
</kw>
<kw name="wait until object is clickable via XPath &quot;${BPA__LBL_DASHBOARD_XPATH}&quot;" library="CXTA.robot.Browser">
<doc>ElementsAttributes.wait_for_clickable_object_via_xpath(self, xpath)</doc>
<status status="PASS" starttime="20200108 06:47:02.856" endtime="20200108 06:47:04.145"></status>
</kw>
<status status="PASS" starttime="20200108 06:46:49.237" endtime="20200108 06:47:04.146"></status>
</kw>
<status status="PASS" starttime="20200108 06:46:48.273" endtime="20200108 06:47:04.147"></status>
</kw>
<kw name="set browser timeout to &quot;${BPA__MAX_WAIT_TIME}&quot; seconds" library="CXTA.robot.Browser">
<doc>Browser.set_browser_timeout(self, timeout)</doc>
<status status="PASS" starttime="20200108 06:47:04.152" endtime="20200108 06:47:04.154"></status>
</kw>
<kw name="Wait for the loading icon to disappear" library="CxtaBPA.CxtaBPAUI">
<doc>Method to wait for loading icon to disappear</doc>
<status status="PASS" starttime="20200108 06:47:04.158" endtime="20200108 06:47:10.538"></status>
</kw>
<kw name="click on the object with XPath &quot;${BPA_OS_UPGRADE_TILE_XPATH}&quot;" library="CXTA.robot.Browser">
<doc>MouseEvents.click_object_with_xpath(self, xpath)</doc>
<status status="PASS" starttime="20200108 06:47:10.541" endtime="20200108 06:47:10.678"></status>
</kw>
<kw name="wait until object is clickable via XPath &quot;${BPA_SELECT_DEVICE_LBL_TILE}&quot;" library="CXTA.robot.Browser">
<doc>ElementsAttributes.wait_for_clickable_object_via_xpath(self, xpath)</doc>
<status status="PASS" starttime="20200108 06:47:10.680" endtime="20200108 06:47:19.218"></status>
</kw>
<kw name="Wait for the loading icon to disappear" library="CxtaBPA.CxtaBPAUI">
<doc>Method to wait for loading icon to disappear</doc>
<status status="PASS" starttime="20200108 06:47:19.221" endtime="20200108 06:47:25.580"></status>
</kw>
<kw name="STC upgrade select device &quot;${osupgrade.device_name}&quot;" library="CxtaBPA.CxtaBPAUI">
<doc>This keyword retrieves list of devices in the selected BOA environment in STC.</doc>
<status status="PASS" starttime="20200108 06:47:25.583" endtime="20200108 06:47:25.840"></status>
</kw>
<kw name="Wait for the loading icon to disappear" library="CxtaBPA.CxtaBPAUI">
<doc>Method to wait for loading icon to disappear</doc>
<status status="PASS" starttime="20200108 06:47:25.842" endtime="20200108 06:47:32.242"></status>
</kw>
<kw name="wait until object is clickable via XPath &quot;${BPA__SELECT_CREATE_NEW_XPATH}&quot;" library="CXTA.robot.Browser">
<doc>ElementsAttributes.wait_for_clickable_object_via_xpath(self, xpath)</doc>
<status status="PASS" starttime="20200108 06:47:32.245" endtime="20200108 06:47:32.302"></status>
</kw>
<kw name="Wait for the loading icon to disappear" library="CxtaBPA.CxtaBPAUI">
<doc>Method to wait for loading icon to disappear</doc>
<status status="PASS" starttime="20200108 06:47:32.304" endtime="20200108 06:47:38.446"></status>
</kw>
<kw name="click on the object with XPath &quot;${BPA__SELECT_CREATE_NEW_XPATH}&quot;" library="CXTA.robot.Browser">
<doc>MouseEvents.click_object_with_xpath(self, xpath)</doc>
<status status="PASS" starttime="20200108 06:47:38.449" endtime="20200108 06:47:38.587"></status>
</kw>
<kw name="Wait for the loading icon to disappear" library="CxtaBPA.CxtaBPAUI">
<doc>Method to wait for loading icon to disappear</doc>
<status status="PASS" starttime="20200108 06:47:38.589" endtime="20200108 06:47:39.247"></status>
</kw>
<kw name="Create device values with active os upgrade status &quot;${osupgrade.create_new}&quot;" library="CxtaBPA.CxtaBPAUI">
<doc>This keyword retrieves list of devices in the selected BOA environment in STC.</doc>
<status status="PASS" starttime="20200108 06:47:39.249" endtime="20200108 06:47:50.094"></status>
</kw>
<kw name="Wait for the loading icon to disappear" library="CxtaBPA.CxtaBPAUI">
<doc>Method to wait for loading icon to disappear</doc>
<status status="PASS" starttime="20200108 06:47:50.097" endtime="20200108 06:47:56.284"></status>
</kw>
<kw name="wait until object is clickable via XPath &quot;${BPA__CREATE_NEW_SUBMIT}&quot;" library="CXTA.robot.Browser">
<doc>ElementsAttributes.wait_for_clickable_object_via_xpath(self, xpath)</doc>
<status status="PASS" starttime="20200108 06:47:56.286" endtime="20200108 06:47:56.345"></status>
</kw>
<kw name="click on the object with XPath &quot;${BPA__CREATE_NEW_SUBMIT}&quot;" library="CXTA.robot.Browser">
<doc>MouseEvents.click_object_with_xpath(self, xpath)</doc>
<status status="PASS" starttime="20200108 06:47:56.347" endtime="20200108 06:47:56.438"></status>
</kw>
<kw name="Wait for the loading icon to disappear" library="CxtaBPA.CxtaBPAUI">
<doc>Method to wait for loading icon to disappear</doc>
<status status="PASS" starttime="20200108 06:47:56.440" endtime="20200108 06:48:02.843"></status>
</kw>
<kw name="wait until object is clickable via XPath &quot;${BPA__VIEW_CLICK}&quot;" library="CXTA.robot.Browser">
<doc>ElementsAttributes.wait_for_clickable_object_via_xpath(self, xpath)</doc>
<status status="PASS" starttime="20200108 06:48:02.845" endtime="20200108 06:48:02.907"></status>
</kw>
<kw name="click on the object with XPath &quot;${BPA__VIEW_CLICK}&quot;" library="CXTA.robot.Browser">
<doc>MouseEvents.click_object_with_xpath(self, xpath)</doc>
<status status="PASS" starttime="20200108 06:48:02.909" endtime="20200108 06:48:03.064"></status>
</kw>
<kw name="Wait for the loading icon to disappear" library="CxtaBPA.CxtaBPAUI">
<doc>Method to wait for loading icon to disappear</doc>
<status status="PASS" starttime="20200108 06:48:03.067" endtime="20200108 06:48:03.689"></status>
</kw>
<kw name="wait until object is clickable via XPath &quot;${BPA__ACTIVE_OS_UPGRADE}&quot;" library="CXTA.robot.Browser">
<doc>ElementsAttributes.wait_for_clickable_object_via_xpath(self, xpath)</doc>
<status status="PASS" starttime="20200108 06:48:03.692" endtime="20200108 06:48:03.827"></status>
</kw>
<kw name="click on the object with XPath &quot;${BPA__ACTIVE_OS_UPGRADE}&quot;" library="CXTA.robot.Browser">
<doc>MouseEvents.click_object_with_xpath(self, xpath)</doc>
<status status="PASS" starttime="20200108 06:48:03.830" endtime="20200108 06:48:04.211"></status>
</kw>
<kw name="Wait for the loading icon to disappear" library="CxtaBPA.CxtaBPAUI">
<doc>Method to wait for loading icon to disappear</doc>
<status status="PASS" starttime="20200108 06:48:04.213" endtime="20200108 06:48:10.469"></status>
</kw>
<kw name="wait until object is clickable via XPath &quot;${BPA__COMPLETE_OS_UPGRADE}&quot;" library="CXTA.robot.Browser">
<doc>ElementsAttributes.wait_for_clickable_object_via_xpath(self, xpath)</doc>
<status status="PASS" starttime="20200108 06:48:10.471" endtime="20200108 06:48:10.543"></status>
</kw>
<kw name="click on the object with XPath &quot;${BPA__COMPLETE_OS_UPGRADE}&quot;" library="CXTA.robot.Browser">
<doc>MouseEvents.click_object_with_xpath(self, xpath)</doc>
<status status="PASS" starttime="20200108 06:48:10.546" endtime="20200108 06:48:10.800"></status>
</kw>
<kw name="Wait for the loading icon to disappear" library="CxtaBPA.CxtaBPAUI">
<doc>Method to wait for loading icon to disappear</doc>
<status status="PASS" starttime="20200108 06:48:10.804" endtime="20200108 06:48:17.166"></status>
</kw>
<kw name="Testcase teardown" type="teardown">
<kw name="Logout of BPA UI" library="bpa_ui">
<doc>Logs out of BPA UI</doc>
<kw name="set browser timeout to &quot;${BPA__MAX_WAIT_TIME}&quot; seconds" library="CXTA.robot.Browser">
<doc>Browser.set_browser_timeout(self, timeout)</doc>
<status status="PASS" starttime="20200108 06:48:17.170" endtime="20200108 06:48:17.171"></status>
</kw>
<kw name="Wait for the loading icon to disappear" library="CxtaBPA.CxtaBPAUI">
<doc>Method to wait for loading icon to disappear</doc>
<status status="PASS" starttime="20200108 06:48:17.173" endtime="20200108 06:48:23.620"></status>
</kw>
<kw name="wait until object is clickable via XPath &quot;${BPA__MENU_PROFILE_XPATH}&quot;" library="CXTA.robot.Browser">
<doc>ElementsAttributes.wait_for_clickable_object_via_xpath(self, xpath)</doc>
<status status="PASS" starttime="20200108 06:48:23.622" endtime="20200108 06:48:23.693"></status>
</kw>
<kw name="click on the object with XPath &quot;${BPA__MENU_PROFILE_XPATH}&quot;" library="CXTA.robot.Browser">
<doc>MouseEvents.click_object_with_xpath(self, xpath)</doc>
<status status="PASS" starttime="20200108 06:48:23.696" endtime="20200108 06:48:23.798"></status>
</kw>
<kw name="wait until object is clickable via XPath &quot;${BPA__MENU_LOGOUT_XPATH}&quot;" library="CXTA.robot.Browser">
<doc>ElementsAttributes.wait_for_clickable_object_via_xpath(self, xpath)</doc>
<status status="PASS" starttime="20200108 06:48:23.801" endtime="20200108 06:48:24.386"></status>
</kw>
<kw name="click on the object with XPath &quot;${BPA__MENU_LOGOUT_XPATH}&quot;" library="CXTA.robot.Browser">
<doc>MouseEvents.click_object_with_xpath(self, xpath)</doc>
<status status="PASS" starttime="20200108 06:48:24.388" endtime="20200108 06:48:24.498"></status>
</kw>
<status status="PASS" starttime="20200108 06:48:17.168" endtime="20200108 06:48:24.499"></status>
</kw>
<kw name="close browser" library="CXTA.robot.Browser">
<doc>Browser.close_browser(self)</doc>
<status status="PASS" starttime="20200108 06:48:24.500" endtime="20200108 06:48:24.568"></status>
</kw>
<status status="PASS" starttime="20200108 06:48:17.167" endtime="20200108 06:48:24.569"></status>
</kw>
<status status="PASS" starttime="20200108 06:46:48.268" endtime="20200108 06:48:24.570" critical="yes"></status>
</test>
<status status="PASS" starttime="20200108 06:46:37.126" endtime="20200108 06:48:24.572"></status>
</suite>
<statistics>
<total>
<stat pass="1" fail="0">Critical Tests</stat>
<stat pass="1" fail="0">All Tests</stat>
</total>
<tag>
</tag>
<suite>
<stat pass="1" fail="0" id="s1" name="4.6.4 UI">4.6.4 UI</stat>
</suite>
</statistics>
<errors>
</errors>
</robot>
