<?xml version="1.0" encoding="UTF-8"?>
<robot generator="Rebot 3.1.2 (Python 3.6.6 on linux)" generated="20200108 15:41:10.018" rpa="false">
<suite id="s1" name="UI REPORT">
<suite id="s1-s1" name="4.6.10 UI" source="/home/cisco/cxta-bpa/examples/4.6.10_UI.robot">
<test id="s1-s1-t1" name="4.6.10 JOB LISTING PAGE TEST">
<kw name="Testcase setup" type="setup">
<kw name="Start Browser" library="CXTA.robot.Browser">
<doc>Browser.start_browser(self, browser_name=u'firefox', download_path=None, screenshot_path=None, remote_url=None, flash=False, proxy_urls=None)</doc>
<arguments>
<arg>browser_name=chrome</arg>
<arg>remote_url=${REMOTE_URL}</arg>
</arguments>
<status status="PASS" starttime="20200106 13:21:43.495" endtime="20200106 13:21:44.468"></status>
</kw>
<kw name="Login to BPA UI &quot;${login.bpa_url}&quot; with credentials &quot;${login.bpa_username}&quot; and &quot;${login.bpa_password}&quot;" library="bpa_ui">
<doc>Login for BPA UI Application:</doc>
<kw name="set browser timeout to &quot;${BPA__MAX_WAIT_TIME}&quot; seconds" library="CXTA.robot.Browser">
<doc>Browser.set_browser_timeout(self, timeout)</doc>
<status status="PASS" starttime="20200106 13:21:44.484" endtime="20200106 13:21:44.486"></status>
</kw>
<kw name="clear the browser cookies" library="CXTA.robot.Browser">
<doc>Browser.clear_browser_cookies(self)</doc>
<status status="PASS" starttime="20200106 13:21:44.494" endtime="20200106 13:21:44.600"></status>
</kw>
<kw name="visit &quot;${url}&quot;" library="CXTA.robot.Browser">
<doc>Browser.visit_site(self, url)</doc>
<msg timestamp="20200106 13:21:44.611" level="INFO">Visiting url "https://10.52.123.82/portal/#/login"</msg>
<status status="PASS" starttime="20200106 13:21:44.606" endtime="20200106 13:21:51.185"></status>
</kw>
<kw name="wait until object is clickable via XPath &quot;${BPA__TXT_UID_XPATH}&quot;" library="CXTA.robot.Browser">
<doc>ElementsAttributes.wait_for_clickable_object_via_xpath(self, xpath)</doc>
<status status="PASS" starttime="20200106 13:21:51.188" endtime="20200106 13:21:51.798"></status>
</kw>
<kw name="enter &quot;${username}&quot; in the field with XPath &quot;${BPA__TXT_UID_XPATH}&quot;" library="CXTA.robot.Browser">
<doc>Inputs.enter_text_in_the_field_with_xpath(self, text, xpath)</doc>
<status status="PASS" starttime="20200106 13:21:51.801" endtime="20200106 13:21:52.326"></status>
</kw>
<kw name="wait until object is clickable via XPath &quot;${BPA__TXT_PWD_XPATH}&quot;" library="CXTA.robot.Browser">
<doc>ElementsAttributes.wait_for_clickable_object_via_xpath(self, xpath)</doc>
<status status="PASS" starttime="20200106 13:21:52.330" endtime="20200106 13:21:52.436"></status>
</kw>
<kw name="enter &quot;${password}&quot; in the field with XPath &quot;${BPA__TXT_PWD_XPATH}&quot;" library="CXTA.robot.Browser">
<doc>Inputs.enter_text_in_the_field_with_xpath(self, text, xpath)</doc>
<status status="PASS" starttime="20200106 13:21:52.440" endtime="20200106 13:21:52.708"></status>
</kw>
<kw name="wait until object is clickable via XPath &quot;${BPA__BTN_LOGIN_XPATH}&quot;" library="CXTA.robot.Browser">
<doc>ElementsAttributes.wait_for_clickable_object_via_xpath(self, xpath)</doc>
<status status="PASS" starttime="20200106 13:21:52.713" endtime="20200106 13:21:53.306"></status>
</kw>
<kw name="click on the object with XPath &quot;${BPA__BTN_LOGIN_XPATH}&quot;" library="CXTA.robot.Browser">
<doc>MouseEvents.click_object_with_xpath(self, xpath)</doc>
<status status="PASS" starttime="20200106 13:21:53.309" endtime="20200106 13:21:53.430"></status>
</kw>
<kw name="wait until object is clickable via XPath &quot;${BPA__LBL_DASHBOARD_XPATH}&quot;" library="CXTA.robot.Browser">
<doc>ElementsAttributes.wait_for_clickable_object_via_xpath(self, xpath)</doc>
<status status="PASS" starttime="20200106 13:21:53.434" endtime="20200106 13:21:54.399"></status>
</kw>
<status status="PASS" starttime="20200106 13:21:44.475" endtime="20200106 13:21:54.401"></status>
</kw>
<status status="PASS" starttime="20200106 13:21:43.490" endtime="20200106 13:21:54.402"></status>
</kw>
<kw name="set browser timeout to &quot;${BPA__MAX_WAIT_TIME}&quot; seconds" library="CXTA.robot.Browser">
<doc>Browser.set_browser_timeout(self, timeout)</doc>
<status status="PASS" starttime="20200106 13:21:54.408" endtime="20200106 13:21:54.410"></status>
</kw>
<kw name="Wait for the loading icon to disappear" library="CxtaBPA.CxtaBPAUI">
<doc>Method to wait for loading icon to disappear</doc>
<status status="PASS" starttime="20200106 13:21:54.415" endtime="20200106 13:22:00.848"></status>
</kw>
<kw name="click on the object with XPath &quot;${BPA_OS_UPGRADE_TILE_XPATH}&quot;" library="CXTA.robot.Browser">
<doc>MouseEvents.click_object_with_xpath(self, xpath)</doc>
<status status="PASS" starttime="20200106 13:22:00.857" endtime="20200106 13:22:01.017"></status>
</kw>
<kw name="wait until object is clickable via XPath &quot;${BPA_SELECT_DEVICE_LBL_TILE}&quot;" library="CXTA.robot.Browser">
<doc>ElementsAttributes.wait_for_clickable_object_via_xpath(self, xpath)</doc>
<status status="PASS" starttime="20200106 13:22:01.021" endtime="20200106 13:22:12.903"></status>
</kw>
<kw name="Wait for the loading icon to disappear" library="CxtaBPA.CxtaBPAUI">
<doc>Method to wait for loading icon to disappear</doc>
<status status="PASS" starttime="20200106 13:22:12.908" endtime="20200106 13:22:21.002"></status>
</kw>
<kw name="STC upgrade select device &quot;${osupgrade.device_name}&quot;" library="CxtaBPA.CxtaBPAUI">
<doc>This keyword retrieves list of devices in the selected BOA environment in STC.</doc>
<status status="PASS" starttime="20200106 13:22:21.009" endtime="20200106 13:22:21.489"></status>
</kw>
<kw name="Wait for the loading icon to disappear" library="CxtaBPA.CxtaBPAUI">
<doc>Method to wait for loading icon to disappear</doc>
<status status="PASS" starttime="20200106 13:22:21.493" endtime="20200106 13:22:22.339"></status>
</kw>
<kw name="wait until object is clickable via XPath &quot;${BPA__SELECT_CREATE_NEW_XPATH}&quot;" library="CXTA.robot.Browser">
<doc>ElementsAttributes.wait_for_clickable_object_via_xpath(self, xpath)</doc>
<status status="PASS" starttime="20200106 13:22:22.348" endtime="20200106 13:22:22.602"></status>
</kw>
<kw name="Wait for the loading icon to disappear" library="CxtaBPA.CxtaBPAUI">
<doc>Method to wait for loading icon to disappear</doc>
<status status="PASS" starttime="20200106 13:22:22.610" endtime="20200106 13:22:29.140"></status>
</kw>
<kw name="click on the object with XPath &quot;${BPA__SELECT_CREATE_NEW_XPATH}&quot;" library="CXTA.robot.Browser">
<doc>MouseEvents.click_object_with_xpath(self, xpath)</doc>
<status status="PASS" starttime="20200106 13:22:29.142" endtime="20200106 13:22:29.363"></status>
</kw>
<kw name="Wait for the loading icon to disappear" library="CxtaBPA.CxtaBPAUI">
<doc>Method to wait for loading icon to disappear</doc>
<status status="PASS" starttime="20200106 13:22:29.367" endtime="20200106 13:22:30.658"></status>
</kw>
<kw name="Create device values with active os upgrade status device select date &quot;${osupgrade.create_new}&quot;" library="CxtaBPA.CxtaBPAUI">
<doc>This keyword retrieves list of devices in the selected BOA environment in STC.</doc>
<msg timestamp="20200106 13:22:44.261" level="INFO">option to click the calendar date value
----------------------
6
----------------
The current date is activated</msg>
<status status="PASS" starttime="20200106 13:22:30.662" endtime="20200106 13:22:44.262"></status>
</kw>
<kw name="Wait for the loading icon to disappear" library="CxtaBPA.CxtaBPAUI">
<doc>Method to wait for loading icon to disappear</doc>
<status status="PASS" starttime="20200106 13:22:44.266" endtime="20200106 13:22:50.366"></status>
</kw>
<kw name="Testcase teardown" type="teardown">
<kw name="Logout of BPA UI" library="bpa_ui">
<doc>Logs out of BPA UI</doc>
<kw name="set browser timeout to &quot;${BPA__MAX_WAIT_TIME}&quot; seconds" library="CXTA.robot.Browser">
<doc>Browser.set_browser_timeout(self, timeout)</doc>
<status status="PASS" starttime="20200106 13:22:50.373" endtime="20200106 13:22:50.374"></status>
</kw>
<kw name="Wait for the loading icon to disappear" library="CxtaBPA.CxtaBPAUI">
<doc>Method to wait for loading icon to disappear</doc>
<status status="PASS" starttime="20200106 13:22:50.377" endtime="20200106 13:22:56.722"></status>
</kw>
<kw name="wait until object is clickable via XPath &quot;${BPA__MENU_PROFILE_XPATH}&quot;" library="CXTA.robot.Browser">
<doc>ElementsAttributes.wait_for_clickable_object_via_xpath(self, xpath)</doc>
<status status="PASS" starttime="20200106 13:22:56.725" endtime="20200106 13:22:56.805"></status>
</kw>
<kw name="click on the object with XPath &quot;${BPA__MENU_PROFILE_XPATH}&quot;" library="CXTA.robot.Browser">
<doc>MouseEvents.click_object_with_xpath(self, xpath)</doc>
<status status="PASS" starttime="20200106 13:22:56.808" endtime="20200106 13:22:56.947"></status>
</kw>
<kw name="wait until object is clickable via XPath &quot;${BPA__MENU_LOGOUT_XPATH}&quot;" library="CXTA.robot.Browser">
<doc>ElementsAttributes.wait_for_clickable_object_via_xpath(self, xpath)</doc>
<status status="PASS" starttime="20200106 13:22:56.949" endtime="20200106 13:22:57.596"></status>
</kw>
<kw name="click on the object with XPath &quot;${BPA__MENU_LOGOUT_XPATH}&quot;" library="CXTA.robot.Browser">
<doc>MouseEvents.click_object_with_xpath(self, xpath)</doc>
<status status="PASS" starttime="20200106 13:22:57.599" endtime="20200106 13:22:57.831"></status>
</kw>
<status status="PASS" starttime="20200106 13:22:50.369" endtime="20200106 13:22:57.832"></status>
</kw>
<kw name="close browser" library="CXTA.robot.Browser">
<doc>Browser.close_browser(self)</doc>
<status status="PASS" starttime="20200106 13:22:57.838" endtime="20200106 13:22:57.899"></status>
</kw>
<status status="PASS" starttime="20200106 13:22:50.367" endtime="20200106 13:22:57.900"></status>
</kw>
<status status="PASS" starttime="20200106 13:21:43.488" endtime="20200106 13:22:57.901" critical="yes"></status>
</test>
<status status="PASS" starttime="20200106 13:21:32.643" endtime="20200106 13:22:57.904"></status>
</suite>
<suite id="s1-s2" name="4.6.11 UI" source="/home/cisco/cxta-bpa/examples/4.6.11_UI.robot">
<test id="s1-s2-t1" name="4.6.11 JOB LISTING PAGE TEST">
<kw name="Testcase setup" type="setup">
<kw name="Start Browser" library="CXTA.robot.Browser">
<doc>Browser.start_browser(self, browser_name=u'firefox', download_path=None, screenshot_path=None, remote_url=None, flash=False, proxy_urls=None)</doc>
<arguments>
<arg>browser_name=chrome</arg>
<arg>remote_url=${REMOTE_URL}</arg>
</arguments>
<status status="PASS" starttime="20200107 20:13:07.079" endtime="20200107 20:13:08.110"></status>
</kw>
<kw name="Login to BPA UI &quot;${login.bpa_url}&quot; with credentials &quot;${login.bpa_username}&quot; and &quot;${login.bpa_password}&quot;" library="bpa_ui">
<doc>Login for BPA UI Application:</doc>
<kw name="set browser timeout to &quot;${BPA__MAX_WAIT_TIME}&quot; seconds" library="CXTA.robot.Browser">
<doc>Browser.set_browser_timeout(self, timeout)</doc>
<status status="PASS" starttime="20200107 20:13:08.121" endtime="20200107 20:13:08.122"></status>
</kw>
<kw name="clear the browser cookies" library="CXTA.robot.Browser">
<doc>Browser.clear_browser_cookies(self)</doc>
<status status="PASS" starttime="20200107 20:13:08.129" endtime="20200107 20:13:08.239"></status>
</kw>
<kw name="visit &quot;${url}&quot;" library="CXTA.robot.Browser">
<doc>Browser.visit_site(self, url)</doc>
<msg timestamp="20200107 20:13:08.245" level="INFO">Visiting url "https://10.52.123.82/portal/#/login"</msg>
<status status="PASS" starttime="20200107 20:13:08.244" endtime="20200107 20:13:30.593"></status>
</kw>
<kw name="wait until object is clickable via XPath &quot;${BPA__TXT_UID_XPATH}&quot;" library="CXTA.robot.Browser">
<doc>ElementsAttributes.wait_for_clickable_object_via_xpath(self, xpath)</doc>
<status status="PASS" starttime="20200107 20:13:30.598" endtime="20200107 20:13:31.225"></status>
</kw>
<kw name="enter &quot;${username}&quot; in the field with XPath &quot;${BPA__TXT_UID_XPATH}&quot;" library="CXTA.robot.Browser">
<doc>Inputs.enter_text_in_the_field_with_xpath(self, text, xpath)</doc>
<status status="PASS" starttime="20200107 20:13:31.229" endtime="20200107 20:13:31.507"></status>
</kw>
<kw name="wait until object is clickable via XPath &quot;${BPA__TXT_PWD_XPATH}&quot;" library="CXTA.robot.Browser">
<doc>ElementsAttributes.wait_for_clickable_object_via_xpath(self, xpath)</doc>
<status status="PASS" starttime="20200107 20:13:31.510" endtime="20200107 20:13:31.626"></status>
</kw>
<kw name="enter &quot;${password}&quot; in the field with XPath &quot;${BPA__TXT_PWD_XPATH}&quot;" library="CXTA.robot.Browser">
<doc>Inputs.enter_text_in_the_field_with_xpath(self, text, xpath)</doc>
<status status="PASS" starttime="20200107 20:13:31.631" endtime="20200107 20:13:31.884"></status>
</kw>
<kw name="wait until object is clickable via XPath &quot;${BPA__BTN_LOGIN_XPATH}&quot;" library="CXTA.robot.Browser">
<doc>ElementsAttributes.wait_for_clickable_object_via_xpath(self, xpath)</doc>
<status status="PASS" starttime="20200107 20:13:31.887" endtime="20200107 20:13:31.976"></status>
</kw>
<kw name="click on the object with XPath &quot;${BPA__BTN_LOGIN_XPATH}&quot;" library="CXTA.robot.Browser">
<doc>MouseEvents.click_object_with_xpath(self, xpath)</doc>
<status status="PASS" starttime="20200107 20:13:31.979" endtime="20200107 20:13:32.120"></status>
</kw>
<kw name="wait until object is clickable via XPath &quot;${BPA__LBL_DASHBOARD_XPATH}&quot;" library="CXTA.robot.Browser">
<doc>ElementsAttributes.wait_for_clickable_object_via_xpath(self, xpath)</doc>
<status status="PASS" starttime="20200107 20:13:32.125" endtime="20200107 20:13:33.040"></status>
</kw>
<status status="PASS" starttime="20200107 20:13:08.115" endtime="20200107 20:13:33.041"></status>
</kw>
<status status="PASS" starttime="20200107 20:13:07.075" endtime="20200107 20:13:33.042"></status>
</kw>
<kw name="set browser timeout to &quot;${BPA__MAX_WAIT_TIME}&quot; seconds" library="CXTA.robot.Browser">
<doc>Browser.set_browser_timeout(self, timeout)</doc>
<status status="PASS" starttime="20200107 20:13:33.047" endtime="20200107 20:13:33.050"></status>
</kw>
<kw name="Wait for the loading icon to disappear" library="CxtaBPA.CxtaBPAUI">
<doc>Method to wait for loading icon to disappear</doc>
<status status="PASS" starttime="20200107 20:13:33.056" endtime="20200107 20:13:39.554"></status>
</kw>
<kw name="click on the object with XPath &quot;${BPA_OS_UPGRADE_TILE_XPATH}&quot;" library="CXTA.robot.Browser">
<doc>MouseEvents.click_object_with_xpath(self, xpath)</doc>
<status status="PASS" starttime="20200107 20:13:39.557" endtime="20200107 20:13:39.719"></status>
</kw>
<kw name="wait until object is clickable via XPath &quot;${BPA_SELECT_DEVICE_LBL_TILE}&quot;" library="CXTA.robot.Browser">
<doc>ElementsAttributes.wait_for_clickable_object_via_xpath(self, xpath)</doc>
<status status="PASS" starttime="20200107 20:13:39.722" endtime="20200107 20:13:49.906"></status>
</kw>
<kw name="Wait for the loading icon to disappear" library="CxtaBPA.CxtaBPAUI">
<doc>Method to wait for loading icon to disappear</doc>
<status status="PASS" starttime="20200107 20:13:49.916" endtime="20200107 20:13:57.500"></status>
</kw>
<kw name="STC upgrade select device &quot;${osupgrade.device_name}&quot;" library="CxtaBPA.CxtaBPAUI">
<doc>This keyword retrieves list of devices in the selected BOA environment in STC.</doc>
<status status="PASS" starttime="20200107 20:13:57.505" endtime="20200107 20:13:57.804"></status>
</kw>
<kw name="Wait for the loading icon to disappear" library="CxtaBPA.CxtaBPAUI">
<doc>Method to wait for loading icon to disappear</doc>
<status status="PASS" starttime="20200107 20:13:57.806" endtime="20200107 20:13:58.513"></status>
</kw>
<kw name="wait until object is clickable via XPath &quot;${BPA__SELECT_CREATE_NEW_XPATH}&quot;" library="CXTA.robot.Browser">
<doc>ElementsAttributes.wait_for_clickable_object_via_xpath(self, xpath)</doc>
<status status="PASS" starttime="20200107 20:13:58.516" endtime="20200107 20:13:58.645"></status>
</kw>
<kw name="Wait for the loading icon to disappear" library="CxtaBPA.CxtaBPAUI">
<doc>Method to wait for loading icon to disappear</doc>
<status status="PASS" starttime="20200107 20:13:58.647" endtime="20200107 20:14:04.719"></status>
</kw>
<kw name="click on the object with XPath &quot;${BPA__SELECT_CREATE_NEW_XPATH}&quot;" library="CXTA.robot.Browser">
<doc>MouseEvents.click_object_with_xpath(self, xpath)</doc>
<status status="PASS" starttime="20200107 20:14:04.722" endtime="20200107 20:14:04.871"></status>
</kw>
<kw name="Wait for the loading icon to disappear" library="CxtaBPA.CxtaBPAUI">
<doc>Method to wait for loading icon to disappear</doc>
<status status="PASS" starttime="20200107 20:14:04.873" endtime="20200107 20:14:05.518"></status>
</kw>
<kw name="Create device values with later time &quot;${osupgrade.create_new_later}&quot;" library="CxtaBPA.CxtaBPAUI">
<doc>This keyword retrieves list of devices in the selected BOA environment in STC.</doc>
<msg timestamp="20200107 20:14:20.282" level="INFO">The value of time present here is 
20:14:13</msg>
<status status="PASS" starttime="20200107 20:14:05.521" endtime="20200107 20:14:20.283"></status>
</kw>
<kw name="Wait for the loading icon to disappear" library="CxtaBPA.CxtaBPAUI">
<doc>Method to wait for loading icon to disappear</doc>
<status status="PASS" starttime="20200107 20:14:20.287" endtime="20200107 20:14:26.729"></status>
</kw>
<kw name="wait until object is clickable via XPath &quot;${BPA__CREATE_NEW_SUBMIT}&quot;" library="CXTA.robot.Browser">
<doc>ElementsAttributes.wait_for_clickable_object_via_xpath(self, xpath)</doc>
<status status="PASS" starttime="20200107 20:14:26.732" endtime="20200107 20:14:26.795"></status>
</kw>
<kw name="click on the object with XPath &quot;${BPA__CREATE_NEW_SUBMIT}&quot;" library="CXTA.robot.Browser">
<doc>MouseEvents.click_object_with_xpath(self, xpath)</doc>
<status status="PASS" starttime="20200107 20:14:26.797" endtime="20200107 20:14:26.900"></status>
</kw>
<kw name="Wait for the loading icon to disappear" library="CxtaBPA.CxtaBPAUI">
<doc>Method to wait for loading icon to disappear</doc>
<status status="PASS" starttime="20200107 20:14:26.902" endtime="20200107 20:14:33.435"></status>
</kw>
<kw name="check xpath for the value message &quot;${BPA__SELECT_TIME_VALUE}&quot;" library="CxtaBPA.CxtaBPAUI">
<msg timestamp="20200107 20:14:33.490" level="INFO">The xpath value shown down is 
//p[@class = "extra-error ng-star-inserted"]
Successfully verified the schedule time must be greater than current time</msg>
<status status="PASS" starttime="20200107 20:14:33.440" endtime="20200107 20:14:33.490"></status>
</kw>
<kw name="Wait for the loading icon to disappear" library="CxtaBPA.CxtaBPAUI">
<doc>Method to wait for loading icon to disappear</doc>
<status status="PASS" starttime="20200107 20:14:33.493" endtime="20200107 20:14:39.615"></status>
</kw>
<kw name="Testcase teardown" type="teardown">
<kw name="Logout of BPA UI" library="bpa_ui">
<doc>Logs out of BPA UI</doc>
<kw name="set browser timeout to &quot;${BPA__MAX_WAIT_TIME}&quot; seconds" library="CXTA.robot.Browser">
<doc>Browser.set_browser_timeout(self, timeout)</doc>
<status status="PASS" starttime="20200107 20:14:39.620" endtime="20200107 20:14:39.621"></status>
</kw>
<kw name="Wait for the loading icon to disappear" library="CxtaBPA.CxtaBPAUI">
<doc>Method to wait for loading icon to disappear</doc>
<status status="PASS" starttime="20200107 20:14:39.624" endtime="20200107 20:14:46.057"></status>
</kw>
<kw name="wait until object is clickable via XPath &quot;${BPA__MENU_PROFILE_XPATH}&quot;" library="CXTA.robot.Browser">
<doc>ElementsAttributes.wait_for_clickable_object_via_xpath(self, xpath)</doc>
<status status="PASS" starttime="20200107 20:14:46.060" endtime="20200107 20:14:46.134"></status>
</kw>
<kw name="click on the object with XPath &quot;${BPA__MENU_PROFILE_XPATH}&quot;" library="CXTA.robot.Browser">
<doc>MouseEvents.click_object_with_xpath(self, xpath)</doc>
<status status="PASS" starttime="20200107 20:14:46.137" endtime="20200107 20:14:46.259"></status>
</kw>
<kw name="wait until object is clickable via XPath &quot;${BPA__MENU_LOGOUT_XPATH}&quot;" library="CXTA.robot.Browser">
<doc>ElementsAttributes.wait_for_clickable_object_via_xpath(self, xpath)</doc>
<status status="PASS" starttime="20200107 20:14:46.262" endtime="20200107 20:14:46.932"></status>
</kw>
<kw name="click on the object with XPath &quot;${BPA__MENU_LOGOUT_XPATH}&quot;" library="CXTA.robot.Browser">
<doc>MouseEvents.click_object_with_xpath(self, xpath)</doc>
<status status="PASS" starttime="20200107 20:14:46.937" endtime="20200107 20:14:47.174"></status>
</kw>
<status status="PASS" starttime="20200107 20:14:39.618" endtime="20200107 20:14:47.175"></status>
</kw>
<kw name="close browser" library="CXTA.robot.Browser">
<doc>Browser.close_browser(self)</doc>
<status status="PASS" starttime="20200107 20:14:47.177" endtime="20200107 20:14:47.233"></status>
</kw>
<status status="PASS" starttime="20200107 20:14:39.616" endtime="20200107 20:14:47.234"></status>
</kw>
<status status="PASS" starttime="20200107 20:13:07.072" endtime="20200107 20:14:47.235" critical="yes"></status>
</test>
<status status="PASS" starttime="20200107 20:12:58.772" endtime="20200107 20:14:47.236"></status>
</suite>
<suite id="s1-s3" name="4.6.12 UI" source="/home/cisco/cxta-bpa/examples/4.6.12_UI.robot">
<test id="s1-s3-t1" name="4.6.2 JOB LISTING PAGE TEST">
<kw name="Testcase setup" type="setup">
<kw name="Start Browser" library="CXTA.robot.Browser">
<doc>Browser.start_browser(self, browser_name=u'firefox', download_path=None, screenshot_path=None, remote_url=None, flash=False, proxy_urls=None)</doc>
<arguments>
<arg>browser_name=chrome</arg>
<arg>remote_url=${REMOTE_URL}</arg>
</arguments>
<status status="PASS" starttime="20200106 06:35:22.659" endtime="20200106 06:35:23.896"></status>
</kw>
<kw name="Login to BPA UI &quot;${login.bpa_url}&quot; with credentials &quot;${login.bpa_username}&quot; and &quot;${login.bpa_password}&quot;" library="bpa_ui">
<doc>Login for BPA UI Application:</doc>
<kw name="set browser timeout to &quot;${BPA__MAX_WAIT_TIME}&quot; seconds" library="CXTA.robot.Browser">
<doc>Browser.set_browser_timeout(self, timeout)</doc>
<status status="PASS" starttime="20200106 06:35:23.913" endtime="20200106 06:35:23.915"></status>
</kw>
<kw name="clear the browser cookies" library="CXTA.robot.Browser">
<doc>Browser.clear_browser_cookies(self)</doc>
<status status="PASS" starttime="20200106 06:35:23.921" endtime="20200106 06:35:23.991"></status>
</kw>
<kw name="visit &quot;${url}&quot;" library="CXTA.robot.Browser">
<doc>Browser.visit_site(self, url)</doc>
<msg timestamp="20200106 06:35:23.999" level="INFO">Visiting url "https://10.52.123.82/portal/#/login"</msg>
<status status="PASS" starttime="20200106 06:35:23.997" endtime="20200106 06:36:23.483"></status>
</kw>
<kw name="wait until object is clickable via XPath &quot;${BPA__TXT_UID_XPATH}&quot;" library="CXTA.robot.Browser">
<doc>ElementsAttributes.wait_for_clickable_object_via_xpath(self, xpath)</doc>
<status status="PASS" starttime="20200106 06:36:23.486" endtime="20200106 06:36:24.155"></status>
</kw>
<kw name="enter &quot;${username}&quot; in the field with XPath &quot;${BPA__TXT_UID_XPATH}&quot;" library="CXTA.robot.Browser">
<doc>Inputs.enter_text_in_the_field_with_xpath(self, text, xpath)</doc>
<status status="PASS" starttime="20200106 06:36:24.160" endtime="20200106 06:36:24.360"></status>
</kw>
<kw name="wait until object is clickable via XPath &quot;${BPA__TXT_PWD_XPATH}&quot;" library="CXTA.robot.Browser">
<doc>ElementsAttributes.wait_for_clickable_object_via_xpath(self, xpath)</doc>
<status status="PASS" starttime="20200106 06:36:24.362" endtime="20200106 06:36:24.451"></status>
</kw>
<kw name="enter &quot;${password}&quot; in the field with XPath &quot;${BPA__TXT_PWD_XPATH}&quot;" library="CXTA.robot.Browser">
<doc>Inputs.enter_text_in_the_field_with_xpath(self, text, xpath)</doc>
<status status="PASS" starttime="20200106 06:36:24.454" endtime="20200106 06:36:24.807"></status>
</kw>
<kw name="wait until object is clickable via XPath &quot;${BPA__BTN_LOGIN_XPATH}&quot;" library="CXTA.robot.Browser">
<doc>ElementsAttributes.wait_for_clickable_object_via_xpath(self, xpath)</doc>
<status status="PASS" starttime="20200106 06:36:24.821" endtime="20200106 06:36:24.943"></status>
</kw>
<kw name="click on the object with XPath &quot;${BPA__BTN_LOGIN_XPATH}&quot;" library="CXTA.robot.Browser">
<doc>MouseEvents.click_object_with_xpath(self, xpath)</doc>
<status status="PASS" starttime="20200106 06:36:24.946" endtime="20200106 06:36:25.086"></status>
</kw>
<kw name="wait until object is clickable via XPath &quot;${BPA__LBL_DASHBOARD_XPATH}&quot;" library="CXTA.robot.Browser">
<doc>ElementsAttributes.wait_for_clickable_object_via_xpath(self, xpath)</doc>
<status status="PASS" starttime="20200106 06:36:25.089" endtime="20200106 06:36:33.478"></status>
</kw>
<status status="PASS" starttime="20200106 06:35:23.904" endtime="20200106 06:36:33.480"></status>
</kw>
<status status="PASS" starttime="20200106 06:35:22.654" endtime="20200106 06:36:33.480"></status>
</kw>
<kw name="set browser timeout to &quot;${BPA__MAX_WAIT_TIME}&quot; seconds" library="CXTA.robot.Browser">
<doc>Browser.set_browser_timeout(self, timeout)</doc>
<status status="PASS" starttime="20200106 06:36:33.484" endtime="20200106 06:36:33.486"></status>
</kw>
<kw name="Wait for the loading icon to disappear" library="CxtaBPA.CxtaBPAUI">
<doc>Method to wait for loading icon to disappear</doc>
<status status="PASS" starttime="20200106 06:36:33.491" endtime="20200106 06:36:49.728"></status>
</kw>
<kw name="click on the object with XPath &quot;${BPA_OS_UPGRADE_TILE_XPATH}&quot;" library="CXTA.robot.Browser">
<doc>MouseEvents.click_object_with_xpath(self, xpath)</doc>
<status status="PASS" starttime="20200106 06:36:49.731" endtime="20200106 06:36:50.487"></status>
</kw>
<kw name="wait until object is clickable via XPath &quot;${BPA_SELECT_DEVICE_LBL_TILE}&quot;" library="CXTA.robot.Browser">
<doc>ElementsAttributes.wait_for_clickable_object_via_xpath(self, xpath)</doc>
<status status="PASS" starttime="20200106 06:36:50.492" endtime="20200106 06:36:52.660"></status>
</kw>
<kw name="Wait for the loading icon to disappear" library="CxtaBPA.CxtaBPAUI">
<doc>Method to wait for loading icon to disappear</doc>
<status status="PASS" starttime="20200106 06:36:52.667" endtime="20200106 06:36:59.549"></status>
</kw>
<kw name="STC upgrade select device &quot;${osupgrade.device_name}&quot;" library="CxtaBPA.CxtaBPAUI">
<doc>This keyword retrieves list of devices in the selected BOA environment in STC.</doc>
<status status="PASS" starttime="20200106 06:36:59.553" endtime="20200106 06:36:59.981"></status>
</kw>
<kw name="Wait for the loading icon to disappear" library="CxtaBPA.CxtaBPAUI">
<doc>Method to wait for loading icon to disappear</doc>
<status status="PASS" starttime="20200106 06:36:59.984" endtime="20200106 06:37:00.778"></status>
</kw>
<kw name="wait until object is clickable via XPath &quot;${BPA__SELECT_CREATE_NEW_XPATH}&quot;" library="CXTA.robot.Browser">
<doc>ElementsAttributes.wait_for_clickable_object_via_xpath(self, xpath)</doc>
<status status="PASS" starttime="20200106 06:37:00.784" endtime="20200106 06:37:00.986"></status>
</kw>
<kw name="Wait for the loading icon to disappear" library="CxtaBPA.CxtaBPAUI">
<doc>Method to wait for loading icon to disappear</doc>
<status status="PASS" starttime="20200106 06:37:00.989" endtime="20200106 06:37:07.287"></status>
</kw>
<kw name="click on the object with XPath &quot;${BPA__SELECT_CREATE_NEW_XPATH}&quot;" library="CXTA.robot.Browser">
<doc>MouseEvents.click_object_with_xpath(self, xpath)</doc>
<status status="PASS" starttime="20200106 06:37:07.295" endtime="20200106 06:37:07.531"></status>
</kw>
<kw name="Wait for the loading icon to disappear" library="CxtaBPA.CxtaBPAUI">
<doc>Method to wait for loading icon to disappear</doc>
<status status="PASS" starttime="20200106 06:37:07.534" endtime="20200106 06:37:08.725"></status>
</kw>
<kw name="Create device values with active os upgrade status mdt rows &quot;${osupgrade.create_new}&quot;" library="CxtaBPA.CxtaBPAUI">
<doc>This keyword retrieves list of devices in the selected BOA environment in STC.</doc>
<status status="PASS" starttime="20200106 06:37:08.729" endtime="20200106 06:37:19.669"></status>
</kw>
<kw name="Wait for the loading icon to disappear" library="CxtaBPA.CxtaBPAUI">
<doc>Method to wait for loading icon to disappear</doc>
<status status="PASS" starttime="20200106 06:37:19.674" endtime="20200106 06:37:27.943"></status>
</kw>
<kw name="wait until object is clickable via XPath &quot;${BPA__SELECT_MDT_ROWS}&quot;" library="CXTA.robot.Browser">
<doc>ElementsAttributes.wait_for_clickable_object_via_xpath(self, xpath)</doc>
<status status="PASS" starttime="20200106 06:37:27.949" endtime="20200106 06:37:28.024"></status>
</kw>
<kw name="click on the object with XPath &quot;${BPA__SELECT_MDT_ROWS}&quot;" library="CXTA.robot.Browser">
<doc>MouseEvents.click_object_with_xpath(self, xpath)</doc>
<status status="PASS" starttime="20200106 06:37:28.027" endtime="20200106 06:37:28.223"></status>
</kw>
<kw name="Testcase teardown" type="teardown">
<kw name="Logout of BPA UI" library="bpa_ui">
<doc>Logs out of BPA UI</doc>
<kw name="set browser timeout to &quot;${BPA__MAX_WAIT_TIME}&quot; seconds" library="CXTA.robot.Browser">
<doc>Browser.set_browser_timeout(self, timeout)</doc>
<status status="PASS" starttime="20200106 06:37:28.231" endtime="20200106 06:37:28.233"></status>
</kw>
<kw name="Wait for the loading icon to disappear" library="CxtaBPA.CxtaBPAUI">
<doc>Method to wait for loading icon to disappear</doc>
<status status="PASS" starttime="20200106 06:37:28.236" endtime="20200106 06:37:34.803"></status>
</kw>
<kw name="wait until object is clickable via XPath &quot;${BPA__MENU_PROFILE_XPATH}&quot;" library="CXTA.robot.Browser">
<doc>ElementsAttributes.wait_for_clickable_object_via_xpath(self, xpath)</doc>
<status status="PASS" starttime="20200106 06:37:34.805" endtime="20200106 06:37:34.890"></status>
</kw>
<kw name="click on the object with XPath &quot;${BPA__MENU_PROFILE_XPATH}&quot;" library="CXTA.robot.Browser">
<doc>MouseEvents.click_object_with_xpath(self, xpath)</doc>
<status status="PASS" starttime="20200106 06:37:34.892" endtime="20200106 06:37:35.038"></status>
</kw>
<kw name="wait until object is clickable via XPath &quot;${BPA__MENU_LOGOUT_XPATH}&quot;" library="CXTA.robot.Browser">
<doc>ElementsAttributes.wait_for_clickable_object_via_xpath(self, xpath)</doc>
<status status="PASS" starttime="20200106 06:37:35.042" endtime="20200106 06:37:35.682"></status>
</kw>
<kw name="click on the object with XPath &quot;${BPA__MENU_LOGOUT_XPATH}&quot;" library="CXTA.robot.Browser">
<doc>MouseEvents.click_object_with_xpath(self, xpath)</doc>
<status status="PASS" starttime="20200106 06:37:35.685" endtime="20200106 06:37:35.881"></status>
</kw>
<status status="PASS" starttime="20200106 06:37:28.226" endtime="20200106 06:37:35.881"></status>
</kw>
<kw name="close browser" library="CXTA.robot.Browser">
<doc>Browser.close_browser(self)</doc>
<status status="PASS" starttime="20200106 06:37:35.885" endtime="20200106 06:37:35.943"></status>
</kw>
<status status="PASS" starttime="20200106 06:37:28.224" endtime="20200106 06:37:35.944"></status>
</kw>
<status status="PASS" starttime="20200106 06:35:22.651" endtime="20200106 06:37:35.946" critical="yes"></status>
</test>
<status status="PASS" starttime="20200106 06:35:12.261" endtime="20200106 06:37:35.948"></status>
</suite>
<suite id="s1-s4" name="4.6.13 UI" source="/home/cisco/cxta-bpa/examples/4.6.13_UI.robot">
<test id="s1-s4-t1" name="4.6.13 JOB LISTING PAGE TEST">
<kw name="Testcase setup" type="setup">
<kw name="Start Browser" library="CXTA.robot.Browser">
<doc>Browser.start_browser(self, browser_name=u'firefox', download_path=None, screenshot_path=None, remote_url=None, flash=False, proxy_urls=None)</doc>
<arguments>
<arg>browser_name=chrome</arg>
<arg>remote_url=${REMOTE_URL}</arg>
</arguments>
<status status="PASS" starttime="20200106 06:26:25.620" endtime="20200106 06:26:29.133"></status>
</kw>
<kw name="Login to BPA UI &quot;${login.bpa_url}&quot; with credentials &quot;${login.bpa_username}&quot; and &quot;${login.bpa_password}&quot;" library="bpa_ui">
<doc>Login for BPA UI Application:</doc>
<kw name="set browser timeout to &quot;${BPA__MAX_WAIT_TIME}&quot; seconds" library="CXTA.robot.Browser">
<doc>Browser.set_browser_timeout(self, timeout)</doc>
<status status="PASS" starttime="20200106 06:26:29.141" endtime="20200106 06:26:29.143"></status>
</kw>
<kw name="clear the browser cookies" library="CXTA.robot.Browser">
<doc>Browser.clear_browser_cookies(self)</doc>
<status status="PASS" starttime="20200106 06:26:29.145" endtime="20200106 06:26:29.164"></status>
</kw>
<kw name="visit &quot;${url}&quot;" library="CXTA.robot.Browser">
<doc>Browser.visit_site(self, url)</doc>
<msg timestamp="20200106 06:26:29.166" level="INFO">Visiting url "https://10.52.123.82/portal/#/login"</msg>
<status status="PASS" starttime="20200106 06:26:29.166" endtime="20200106 06:26:36.216"></status>
</kw>
<kw name="wait until object is clickable via XPath &quot;${BPA__TXT_UID_XPATH}&quot;" library="CXTA.robot.Browser">
<doc>ElementsAttributes.wait_for_clickable_object_via_xpath(self, xpath)</doc>
<status status="PASS" starttime="20200106 06:26:36.218" endtime="20200106 06:26:36.887"></status>
</kw>
<kw name="enter &quot;${username}&quot; in the field with XPath &quot;${BPA__TXT_UID_XPATH}&quot;" library="CXTA.robot.Browser">
<doc>Inputs.enter_text_in_the_field_with_xpath(self, text, xpath)</doc>
<status status="PASS" starttime="20200106 06:26:36.890" endtime="20200106 06:26:37.206"></status>
</kw>
<kw name="wait until object is clickable via XPath &quot;${BPA__TXT_PWD_XPATH}&quot;" library="CXTA.robot.Browser">
<doc>ElementsAttributes.wait_for_clickable_object_via_xpath(self, xpath)</doc>
<status status="PASS" starttime="20200106 06:26:37.209" endtime="20200106 06:26:37.299"></status>
</kw>
<kw name="enter &quot;${password}&quot; in the field with XPath &quot;${BPA__TXT_PWD_XPATH}&quot;" library="CXTA.robot.Browser">
<doc>Inputs.enter_text_in_the_field_with_xpath(self, text, xpath)</doc>
<status status="PASS" starttime="20200106 06:26:37.310" endtime="20200106 06:26:37.503"></status>
</kw>
<kw name="wait until object is clickable via XPath &quot;${BPA__BTN_LOGIN_XPATH}&quot;" library="CXTA.robot.Browser">
<doc>ElementsAttributes.wait_for_clickable_object_via_xpath(self, xpath)</doc>
<status status="PASS" starttime="20200106 06:26:37.506" endtime="20200106 06:26:37.635"></status>
</kw>
<kw name="click on the object with XPath &quot;${BPA__BTN_LOGIN_XPATH}&quot;" library="CXTA.robot.Browser">
<doc>MouseEvents.click_object_with_xpath(self, xpath)</doc>
<status status="PASS" starttime="20200106 06:26:37.638" endtime="20200106 06:26:37.770"></status>
</kw>
<kw name="wait until object is clickable via XPath &quot;${BPA__LBL_DASHBOARD_XPATH}&quot;" library="CXTA.robot.Browser">
<doc>ElementsAttributes.wait_for_clickable_object_via_xpath(self, xpath)</doc>
<status status="PASS" starttime="20200106 06:26:37.775" endtime="20200106 06:26:38.857"></status>
</kw>
<status status="PASS" starttime="20200106 06:26:29.137" endtime="20200106 06:26:38.858"></status>
</kw>
<status status="PASS" starttime="20200106 06:26:25.617" endtime="20200106 06:26:38.859"></status>
</kw>
<kw name="set browser timeout to &quot;${BPA__MAX_WAIT_TIME}&quot; seconds" library="CXTA.robot.Browser">
<doc>Browser.set_browser_timeout(self, timeout)</doc>
<status status="PASS" starttime="20200106 06:26:38.864" endtime="20200106 06:26:38.866"></status>
</kw>
<kw name="Wait for the loading icon to disappear" library="CxtaBPA.CxtaBPAUI">
<doc>Method to wait for loading icon to disappear</doc>
<status status="PASS" starttime="20200106 06:26:38.870" endtime="20200106 06:26:44.980"></status>
</kw>
<kw name="click on the object with XPath &quot;${BPA_OS_UPGRADE_TILE_XPATH}&quot;" library="CXTA.robot.Browser">
<doc>MouseEvents.click_object_with_xpath(self, xpath)</doc>
<status status="PASS" starttime="20200106 06:26:44.983" endtime="20200106 06:26:45.166"></status>
</kw>
<kw name="wait until object is clickable via XPath &quot;${BPA_SELECT_DEVICE_LBL_TILE}&quot;" library="CXTA.robot.Browser">
<doc>ElementsAttributes.wait_for_clickable_object_via_xpath(self, xpath)</doc>
<status status="PASS" starttime="20200106 06:26:45.170" endtime="20200106 06:26:55.201"></status>
</kw>
<kw name="Wait for the loading icon to disappear" library="CxtaBPA.CxtaBPAUI">
<doc>Method to wait for loading icon to disappear</doc>
<status status="PASS" starttime="20200106 06:26:55.205" endtime="20200106 06:27:01.627"></status>
</kw>
<kw name="STC upgrade select device &quot;${osupgrade.device_name}&quot;" library="CxtaBPA.CxtaBPAUI">
<doc>This keyword retrieves list of devices in the selected BOA environment in STC.</doc>
<status status="PASS" starttime="20200106 06:27:01.631" endtime="20200106 06:27:03.473"></status>
</kw>
<kw name="Wait for the loading icon to disappear" library="CxtaBPA.CxtaBPAUI">
<doc>Method to wait for loading icon to disappear</doc>
<status status="PASS" starttime="20200106 06:27:03.478" endtime="20200106 06:27:04.241"></status>
</kw>
<kw name="wait until object is clickable via XPath &quot;${BPA__SELECT_CREATE_NEW_XPATH}&quot;" library="CXTA.robot.Browser">
<doc>ElementsAttributes.wait_for_clickable_object_via_xpath(self, xpath)</doc>
<status status="PASS" starttime="20200106 06:27:04.244" endtime="20200106 06:27:04.410"></status>
</kw>
<kw name="Wait for the loading icon to disappear" library="CxtaBPA.CxtaBPAUI">
<doc>Method to wait for loading icon to disappear</doc>
<status status="PASS" starttime="20200106 06:27:04.413" endtime="20200106 06:27:10.774"></status>
</kw>
<kw name="click on the object with XPath &quot;${BPA__SELECT_CREATE_NEW_XPATH}&quot;" library="CXTA.robot.Browser">
<doc>MouseEvents.click_object_with_xpath(self, xpath)</doc>
<status status="PASS" starttime="20200106 06:27:10.776" endtime="20200106 06:27:10.954"></status>
</kw>
<kw name="Wait for the loading icon to disappear" library="CxtaBPA.CxtaBPAUI">
<doc>Method to wait for loading icon to disappear</doc>
<status status="PASS" starttime="20200106 06:27:10.957" endtime="20200106 06:27:11.997"></status>
</kw>
<kw name="Create device values with active os upgrade status mdt rows duplicate &quot;${osupgrade.create_new}&quot; and &quot;${osupgrade.mdt_params}&quot;" library="CxtaBPA.CxtaBPAUI">
<doc>This keyword retrieves list of devices in the selected BOA environment in STC.</doc>
<status status="PASS" starttime="20200106 06:27:12.006" endtime="20200106 06:27:24.609"></status>
</kw>
<kw name="Wait for the loading icon to disappear" library="CxtaBPA.CxtaBPAUI">
<doc>Method to wait for loading icon to disappear</doc>
<status status="PASS" starttime="20200106 06:27:24.614" endtime="20200106 06:27:31.690"></status>
</kw>
<kw name="Testcase teardown" type="teardown">
<kw name="Logout of BPA UI" library="bpa_ui">
<doc>Logs out of BPA UI</doc>
<kw name="set browser timeout to &quot;${BPA__MAX_WAIT_TIME}&quot; seconds" library="CXTA.robot.Browser">
<doc>Browser.set_browser_timeout(self, timeout)</doc>
<status status="PASS" starttime="20200106 06:27:31.696" endtime="20200106 06:27:31.698"></status>
</kw>
<kw name="Wait for the loading icon to disappear" library="CxtaBPA.CxtaBPAUI">
<doc>Method to wait for loading icon to disappear</doc>
<status status="PASS" starttime="20200106 06:27:31.701" endtime="20200106 06:27:38.144"></status>
</kw>
<kw name="wait until object is clickable via XPath &quot;${BPA__MENU_PROFILE_XPATH}&quot;" library="CXTA.robot.Browser">
<doc>ElementsAttributes.wait_for_clickable_object_via_xpath(self, xpath)</doc>
<status status="PASS" starttime="20200106 06:27:38.146" endtime="20200106 06:27:38.215"></status>
</kw>
<kw name="click on the object with XPath &quot;${BPA__MENU_PROFILE_XPATH}&quot;" library="CXTA.robot.Browser">
<doc>MouseEvents.click_object_with_xpath(self, xpath)</doc>
<status status="PASS" starttime="20200106 06:27:38.217" endtime="20200106 06:27:38.358"></status>
</kw>
<kw name="wait until object is clickable via XPath &quot;${BPA__MENU_LOGOUT_XPATH}&quot;" library="CXTA.robot.Browser">
<doc>ElementsAttributes.wait_for_clickable_object_via_xpath(self, xpath)</doc>
<status status="PASS" starttime="20200106 06:27:38.361" endtime="20200106 06:27:38.976"></status>
</kw>
<kw name="click on the object with XPath &quot;${BPA__MENU_LOGOUT_XPATH}&quot;" library="CXTA.robot.Browser">
<doc>MouseEvents.click_object_with_xpath(self, xpath)</doc>
<status status="PASS" starttime="20200106 06:27:38.979" endtime="20200106 06:27:39.146"></status>
</kw>
<status status="PASS" starttime="20200106 06:27:31.693" endtime="20200106 06:27:39.146"></status>
</kw>
<kw name="close browser" library="CXTA.robot.Browser">
<doc>Browser.close_browser(self)</doc>
<status status="PASS" starttime="20200106 06:27:39.149" endtime="20200106 06:27:39.214"></status>
</kw>
<status status="PASS" starttime="20200106 06:27:31.691" endtime="20200106 06:27:39.214"></status>
</kw>
<status status="PASS" starttime="20200106 06:26:25.615" endtime="20200106 06:27:39.215" critical="yes"></status>
</test>
<status status="PASS" starttime="20200106 06:26:13.867" endtime="20200106 06:27:39.217"></status>
</suite>
<suite id="s1-s5" name="4.6.1 UI" source="/home/cisco/cxta-bpa/examples/4.6.1_UI.robot">
<test id="s1-s5-t1" name="4.6.1 STC OS UPGRADE JOB LISTING PAGE">
<kw name="Testcase setup" type="setup">
<kw name="Start Browser" library="CXTA.robot.Browser">
<doc>Browser.start_browser(self, browser_name=u'firefox', download_path=None, screenshot_path=None, remote_url=None, flash=False, proxy_urls=None)</doc>
<arguments>
<arg>browser_name=chrome</arg>
<arg>remote_url=${REMOTE_URL}</arg>
</arguments>
<status status="PASS" starttime="20200108 05:58:51.422" endtime="20200108 05:58:54.137"></status>
</kw>
<kw name="Login to BPA UI &quot;${login.bpa_url}&quot; with credentials &quot;${login.bpa_username}&quot; and &quot;${login.bpa_password}&quot;" library="bpa_ui">
<doc>Login for BPA UI Application:</doc>
<kw name="set browser timeout to &quot;${BPA__MAX_WAIT_TIME}&quot; seconds" library="CXTA.robot.Browser">
<doc>Browser.set_browser_timeout(self, timeout)</doc>
<status status="PASS" starttime="20200108 05:58:54.143" endtime="20200108 05:58:54.144"></status>
</kw>
<kw name="clear the browser cookies" library="CXTA.robot.Browser">
<doc>Browser.clear_browser_cookies(self)</doc>
<status status="PASS" starttime="20200108 05:58:54.146" endtime="20200108 05:58:54.163"></status>
</kw>
<kw name="visit &quot;${url}&quot;" library="CXTA.robot.Browser">
<doc>Browser.visit_site(self, url)</doc>
<msg timestamp="20200108 05:58:54.167" level="INFO">Visiting url "https://10.52.123.82/portal/#/login"</msg>
<status status="PASS" starttime="20200108 05:58:54.166" endtime="20200108 05:59:06.805"></status>
</kw>
<kw name="wait until object is clickable via XPath &quot;${BPA__TXT_UID_XPATH}&quot;" library="CXTA.robot.Browser">
<doc>ElementsAttributes.wait_for_clickable_object_via_xpath(self, xpath)</doc>
<status status="PASS" starttime="20200108 05:59:06.808" endtime="20200108 05:59:07.417"></status>
</kw>
<kw name="enter &quot;${username}&quot; in the field with XPath &quot;${BPA__TXT_UID_XPATH}&quot;" library="CXTA.robot.Browser">
<doc>Inputs.enter_text_in_the_field_with_xpath(self, text, xpath)</doc>
<status status="PASS" starttime="20200108 05:59:07.419" endtime="20200108 05:59:07.583"></status>
</kw>
<kw name="wait until object is clickable via XPath &quot;${BPA__TXT_PWD_XPATH}&quot;" library="CXTA.robot.Browser">
<doc>ElementsAttributes.wait_for_clickable_object_via_xpath(self, xpath)</doc>
<status status="PASS" starttime="20200108 05:59:07.585" endtime="20200108 05:59:07.658"></status>
</kw>
<kw name="enter &quot;${password}&quot; in the field with XPath &quot;${BPA__TXT_PWD_XPATH}&quot;" library="CXTA.robot.Browser">
<doc>Inputs.enter_text_in_the_field_with_xpath(self, text, xpath)</doc>
<status status="PASS" starttime="20200108 05:59:07.660" endtime="20200108 05:59:07.859"></status>
</kw>
<kw name="wait until object is clickable via XPath &quot;${BPA__BTN_LOGIN_XPATH}&quot;" library="CXTA.robot.Browser">
<doc>ElementsAttributes.wait_for_clickable_object_via_xpath(self, xpath)</doc>
<status status="PASS" starttime="20200108 05:59:07.862" endtime="20200108 05:59:07.975"></status>
</kw>
<kw name="click on the object with XPath &quot;${BPA__BTN_LOGIN_XPATH}&quot;" library="CXTA.robot.Browser">
<doc>MouseEvents.click_object_with_xpath(self, xpath)</doc>
<status status="PASS" starttime="20200108 05:59:07.979" endtime="20200108 05:59:08.095"></status>
</kw>
<kw name="wait until object is clickable via XPath &quot;${BPA__LBL_DASHBOARD_XPATH}&quot;" library="CXTA.robot.Browser">
<doc>ElementsAttributes.wait_for_clickable_object_via_xpath(self, xpath)</doc>
<status status="PASS" starttime="20200108 05:59:08.098" endtime="20200108 05:59:09.303"></status>
</kw>
<status status="PASS" starttime="20200108 05:58:54.140" endtime="20200108 05:59:09.304"></status>
</kw>
<status status="PASS" starttime="20200108 05:58:51.419" endtime="20200108 05:59:09.304"></status>
</kw>
<kw name="set browser timeout to &quot;${BPA__MAX_WAIT_TIME}&quot; seconds" library="CXTA.robot.Browser">
<doc>Browser.set_browser_timeout(self, timeout)</doc>
<status status="PASS" starttime="20200108 05:59:09.307" endtime="20200108 05:59:09.308"></status>
</kw>
<kw name="Wait for the loading icon to disappear" library="CxtaBPA.CxtaBPAUI">
<doc>Method to wait for loading icon to disappear</doc>
<status status="PASS" starttime="20200108 05:59:09.310" endtime="20200108 05:59:15.644"></status>
</kw>
<kw name="click on the object with XPath &quot;${BPA_OS_UPGRADE_TILE_XPATH}&quot;" library="CXTA.robot.Browser">
<doc>MouseEvents.click_object_with_xpath(self, xpath)</doc>
<status status="PASS" starttime="20200108 05:59:15.646" endtime="20200108 05:59:15.761"></status>
</kw>
<kw name="wait until object is clickable via XPath &quot;${BPA_SELECT_DEVICE_LBL_TILE}&quot;" library="CXTA.robot.Browser">
<doc>ElementsAttributes.wait_for_clickable_object_via_xpath(self, xpath)</doc>
<status status="PASS" starttime="20200108 05:59:15.763" endtime="20200108 05:59:24.084"></status>
</kw>
<kw name="Wait for the loading icon to disappear" library="CxtaBPA.CxtaBPAUI">
<doc>Method to wait for loading icon to disappear</doc>
<status status="PASS" starttime="20200108 05:59:24.086" endtime="20200108 05:59:31.483"></status>
</kw>
<kw name="STC upgrade select device &quot;${osupgrade.device_name}&quot;" library="CxtaBPA.CxtaBPAUI">
<doc>This keyword retrieves list of devices in the selected BOA environment in STC.</doc>
<status status="PASS" starttime="20200108 05:59:31.486" endtime="20200108 05:59:31.746"></status>
</kw>
<kw name="Wait for the loading icon to disappear" library="CxtaBPA.CxtaBPAUI">
<doc>Method to wait for loading icon to disappear</doc>
<status status="PASS" starttime="20200108 05:59:31.751" endtime="20200108 05:59:32.456"></status>
</kw>
<kw name="Wait until object is clickable via XPath &quot;${BPA__START_DATE_XPATH_REPORT}&quot;" library="CXTA.robot.Browser">
<doc>ElementsAttributes.wait_for_clickable_object_via_xpath(self, xpath)</doc>
<status status="PASS" starttime="20200108 05:59:32.458" endtime="20200108 05:59:32.566"></status>
</kw>
<kw name="Wait for the loading icon to disappear" library="CxtaBPA.CxtaBPAUI">
<doc>Method to wait for loading icon to disappear</doc>
<status status="PASS" starttime="20200108 05:59:32.568" endtime="20200108 05:59:39.110"></status>
</kw>
<kw name="click on the object with XPath &quot;${BPA__START_DATE_XPATH_REPORT}&quot;" library="CXTA.robot.Browser">
<doc>MouseEvents.click_object_with_xpath(self, xpath)</doc>
<status status="PASS" starttime="20200108 05:59:39.112" endtime="20200108 05:59:39.291"></status>
</kw>
<kw name="Wait for the loading icon to disappear" library="CxtaBPA.CxtaBPAUI">
<doc>Method to wait for loading icon to disappear</doc>
<status status="PASS" starttime="20200108 05:59:39.293" endtime="20200108 05:59:45.348"></status>
</kw>
<kw name="wait until object is clickable via XPath &quot;${BPA__START_DATE_VALUE}&quot;" library="CXTA.robot.Browser">
<doc>ElementsAttributes.wait_for_clickable_object_via_xpath(self, xpath)</doc>
<status status="PASS" starttime="20200108 05:59:45.352" endtime="20200108 05:59:45.424"></status>
</kw>
<kw name="Wait for the loading icon to disappear" library="CxtaBPA.CxtaBPAUI">
<doc>Method to wait for loading icon to disappear</doc>
<status status="PASS" starttime="20200108 05:59:45.426" endtime="20200108 05:59:52.793"></status>
</kw>
<kw name="click on the object with XPath &quot;${BPA__START_DATE_VALUE}&quot;" library="CXTA.robot.Browser">
<doc>MouseEvents.click_object_with_xpath(self, xpath)</doc>
<status status="PASS" starttime="20200108 05:59:52.795" endtime="20200108 05:59:52.921"></status>
</kw>
<kw name="Wait for the loading icon to disappear" library="CxtaBPA.CxtaBPAUI">
<doc>Method to wait for loading icon to disappear</doc>
<status status="PASS" starttime="20200108 05:59:52.924" endtime="20200108 05:59:59.855"></status>
</kw>
<kw name="wait until object is clickable via XPath &quot;${BPA__END_DATE_XPATH_REPORT}&quot;" library="CXTA.robot.Browser">
<doc>ElementsAttributes.wait_for_clickable_object_via_xpath(self, xpath)</doc>
<status status="PASS" starttime="20200108 05:59:59.857" endtime="20200108 05:59:59.920"></status>
</kw>
<kw name="Wait for the loading icon to disappear" library="CxtaBPA.CxtaBPAUI">
<doc>Method to wait for loading icon to disappear</doc>
<status status="PASS" starttime="20200108 05:59:59.922" endtime="20200108 06:00:06.454"></status>
</kw>
<kw name="click on the object with XPath &quot;${BPA__END_DATE_XPATH_REPORT}&quot;" library="CXTA.robot.Browser">
<doc>MouseEvents.click_object_with_xpath(self, xpath)</doc>
<status status="PASS" starttime="20200108 06:00:06.457" endtime="20200108 06:00:06.617"></status>
</kw>
<kw name="Wait for the loading icon to disappear" library="CxtaBPA.CxtaBPAUI">
<doc>Method to wait for loading icon to disappear</doc>
<status status="PASS" starttime="20200108 06:00:06.620" endtime="20200108 06:00:14.116"></status>
</kw>
<kw name="wait until object is clickable via XPath &quot;${BPA__END_DATE_VALUE}&quot;" library="CXTA.robot.Browser">
<doc>ElementsAttributes.wait_for_clickable_object_via_xpath(self, xpath)</doc>
<status status="PASS" starttime="20200108 06:00:14.118" endtime="20200108 06:00:14.177"></status>
</kw>
<kw name="Wait for the loading icon to disappear" library="CxtaBPA.CxtaBPAUI">
<doc>Method to wait for loading icon to disappear</doc>
<status status="PASS" starttime="20200108 06:00:14.179" endtime="20200108 06:00:20.577"></status>
</kw>
<kw name="click on the object with XPath &quot;${BPA__END_DATE_VALUE}&quot;" library="CXTA.robot.Browser">
<doc>MouseEvents.click_object_with_xpath(self, xpath)</doc>
<status status="PASS" starttime="20200108 06:00:20.580" endtime="20200108 06:00:20.680"></status>
</kw>
<kw name="Wait for the loading icon to disappear" library="CxtaBPA.CxtaBPAUI">
<doc>Method to wait for loading icon to disappear</doc>
<status status="PASS" starttime="20200108 06:00:20.683" endtime="20200108 06:00:27.777"></status>
</kw>
<kw name="wait until object is clickable via XPath &quot;${BPA_JOB_STATUS_XPATH}&quot;" library="CXTA.robot.Browser">
<doc>ElementsAttributes.wait_for_clickable_object_via_xpath(self, xpath)</doc>
<status status="PASS" starttime="20200108 06:00:27.779" endtime="20200108 06:00:27.837"></status>
</kw>
<kw name="Wait for the loading icon to disappear" library="CxtaBPA.CxtaBPAUI">
<doc>Method to wait for loading icon to disappear</doc>
<status status="PASS" starttime="20200108 06:00:27.839" endtime="20200108 06:00:34.350"></status>
</kw>
<kw name="click on the object with XPath &quot;${BPA_JOB_STATUS_XPATH}&quot;" library="CXTA.robot.Browser">
<doc>MouseEvents.click_object_with_xpath(self, xpath)</doc>
<status status="PASS" starttime="20200108 06:00:34.353" endtime="20200108 06:00:34.490"></status>
</kw>
<kw name="Wait for the loading icon to disappear" library="CxtaBPA.CxtaBPAUI">
<doc>Method to wait for loading icon to disappear</doc>
<status status="PASS" starttime="20200108 06:00:34.492" endtime="20200108 06:00:41.889"></status>
</kw>
<kw name="wait until object is clickable via XPath &quot;${BPA_JOB_STATUS_VALUE}&quot;" library="CXTA.robot.Browser">
<doc>ElementsAttributes.wait_for_clickable_object_via_xpath(self, xpath)</doc>
<status status="PASS" starttime="20200108 06:00:41.892" endtime="20200108 06:00:41.967"></status>
</kw>
<kw name="Wait for the loading icon to disappear" library="CxtaBPA.CxtaBPAUI">
<doc>Method to wait for loading icon to disappear</doc>
<status status="PASS" starttime="20200108 06:00:41.970" endtime="20200108 06:00:48.146"></status>
</kw>
<kw name="click on the object with XPath &quot;${BPA_JOB_STATUS_VALUE}&quot;" library="CXTA.robot.Browser">
<doc>MouseEvents.click_object_with_xpath(self, xpath)</doc>
<status status="PASS" starttime="20200108 06:00:48.149" endtime="20200108 06:00:48.258"></status>
</kw>
<kw name="Wait for the loading icon to disappear" library="CxtaBPA.CxtaBPAUI">
<doc>Method to wait for loading icon to disappear</doc>
<status status="PASS" starttime="20200108 06:00:48.260" endtime="20200108 06:00:54.780"></status>
</kw>
<kw name="wait until object is clickable via XPath &quot;${BPA_DOWNLOAD_REPORT_XPATH}&quot;" library="CXTA.robot.Browser">
<doc>ElementsAttributes.wait_for_clickable_object_via_xpath(self, xpath)</doc>
<status status="PASS" starttime="20200108 06:00:54.782" endtime="20200108 06:00:54.845"></status>
</kw>
<kw name="Wait for the loading icon to disappear" library="CxtaBPA.CxtaBPAUI">
<doc>Method to wait for loading icon to disappear</doc>
<status status="PASS" starttime="20200108 06:00:54.847" endtime="20200108 06:01:01.266"></status>
</kw>
<kw name="click on the object with XPath &quot;${BPA_DOWNLOAD_REPORT_XPATH}&quot;" library="CXTA.robot.Browser">
<doc>MouseEvents.click_object_with_xpath(self, xpath)</doc>
<status status="PASS" starttime="20200108 06:01:01.269" endtime="20200108 06:01:01.441"></status>
</kw>
<kw name="Wait for the loading icon to disappear" library="CxtaBPA.CxtaBPAUI">
<doc>Method to wait for loading icon to disappear</doc>
<status status="PASS" starttime="20200108 06:01:01.444" endtime="20200108 06:01:07.900"></status>
</kw>
<kw name="Testcase teardown" type="teardown">
<kw name="Logout of BPA UI" library="bpa_ui">
<doc>Logs out of BPA UI</doc>
<kw name="set browser timeout to &quot;${BPA__MAX_WAIT_TIME}&quot; seconds" library="CXTA.robot.Browser">
<doc>Browser.set_browser_timeout(self, timeout)</doc>
<status status="PASS" starttime="20200108 06:01:07.905" endtime="20200108 06:01:07.907"></status>
</kw>
<kw name="Wait for the loading icon to disappear" library="CxtaBPA.CxtaBPAUI">
<doc>Method to wait for loading icon to disappear</doc>
<status status="PASS" starttime="20200108 06:01:07.910" endtime="20200108 06:01:14.375"></status>
</kw>
<kw name="wait until object is clickable via XPath &quot;${BPA__MENU_PROFILE_XPATH}&quot;" library="CXTA.robot.Browser">
<doc>ElementsAttributes.wait_for_clickable_object_via_xpath(self, xpath)</doc>
<status status="PASS" starttime="20200108 06:01:14.378" endtime="20200108 06:01:14.445"></status>
</kw>
<kw name="click on the object with XPath &quot;${BPA__MENU_PROFILE_XPATH}&quot;" library="CXTA.robot.Browser">
<doc>MouseEvents.click_object_with_xpath(self, xpath)</doc>
<status status="PASS" starttime="20200108 06:01:14.447" endtime="20200108 06:01:14.560"></status>
</kw>
<kw name="wait until object is clickable via XPath &quot;${BPA__MENU_LOGOUT_XPATH}&quot;" library="CXTA.robot.Browser">
<doc>ElementsAttributes.wait_for_clickable_object_via_xpath(self, xpath)</doc>
<status status="PASS" starttime="20200108 06:01:14.562" endtime="20200108 06:01:15.203"></status>
</kw>
<kw name="click on the object with XPath &quot;${BPA__MENU_LOGOUT_XPATH}&quot;" library="CXTA.robot.Browser">
<doc>MouseEvents.click_object_with_xpath(self, xpath)</doc>
<status status="PASS" starttime="20200108 06:01:15.205" endtime="20200108 06:01:15.317"></status>
</kw>
<status status="PASS" starttime="20200108 06:01:07.902" endtime="20200108 06:01:15.317"></status>
</kw>
<kw name="close browser" library="CXTA.robot.Browser">
<doc>Browser.close_browser(self)</doc>
<status status="PASS" starttime="20200108 06:01:15.319" endtime="20200108 06:01:15.380"></status>
</kw>
<status status="PASS" starttime="20200108 06:01:07.901" endtime="20200108 06:01:15.381"></status>
</kw>
<status status="PASS" starttime="20200108 05:58:51.417" endtime="20200108 06:01:15.381" critical="yes"></status>
</test>
<status status="PASS" starttime="20200108 05:58:41.268" endtime="20200108 06:01:15.383"></status>
</suite>
<suite id="s1-s6" name="4.6.2 UI" source="/home/cisco/cxta-bpa/examples/4.6.2_UI.robot">
<test id="s1-s6-t1" name="4.6.2 JOB LISTING PAGE TEST">
<kw name="Testcase setup" type="setup">
<kw name="Start Browser" library="CXTA.robot.Browser">
<doc>Browser.start_browser(self, browser_name=u'firefox', download_path=None, screenshot_path=None, remote_url=None, flash=False, proxy_urls=None)</doc>
<arguments>
<arg>browser_name=chrome</arg>
<arg>remote_url=${REMOTE_URL}</arg>
</arguments>
<status status="PASS" starttime="20200108 06:07:27.567" endtime="20200108 06:07:28.189"></status>
</kw>
<kw name="Login to BPA UI &quot;${login.bpa_url}&quot; with credentials &quot;${login.bpa_username}&quot; and &quot;${login.bpa_password}&quot;" library="bpa_ui">
<doc>Login for BPA UI Application:</doc>
<kw name="set browser timeout to &quot;${BPA__MAX_WAIT_TIME}&quot; seconds" library="CXTA.robot.Browser">
<doc>Browser.set_browser_timeout(self, timeout)</doc>
<status status="PASS" starttime="20200108 06:07:28.195" endtime="20200108 06:07:28.196"></status>
</kw>
<kw name="clear the browser cookies" library="CXTA.robot.Browser">
<doc>Browser.clear_browser_cookies(self)</doc>
<status status="PASS" starttime="20200108 06:07:28.197" endtime="20200108 06:07:28.240"></status>
</kw>
<kw name="visit &quot;${url}&quot;" library="CXTA.robot.Browser">
<doc>Browser.visit_site(self, url)</doc>
<msg timestamp="20200108 06:07:28.245" level="INFO">Visiting url "https://10.52.123.82/portal/#/login"</msg>
<status status="PASS" starttime="20200108 06:07:28.244" endtime="20200108 06:07:34.304"></status>
</kw>
<kw name="wait until object is clickable via XPath &quot;${BPA__TXT_UID_XPATH}&quot;" library="CXTA.robot.Browser">
<doc>ElementsAttributes.wait_for_clickable_object_via_xpath(self, xpath)</doc>
<status status="PASS" starttime="20200108 06:07:34.306" endtime="20200108 06:07:34.919"></status>
</kw>
<kw name="enter &quot;${username}&quot; in the field with XPath &quot;${BPA__TXT_UID_XPATH}&quot;" library="CXTA.robot.Browser">
<doc>Inputs.enter_text_in_the_field_with_xpath(self, text, xpath)</doc>
<status status="PASS" starttime="20200108 06:07:34.922" endtime="20200108 06:07:35.068"></status>
</kw>
<kw name="wait until object is clickable via XPath &quot;${BPA__TXT_PWD_XPATH}&quot;" library="CXTA.robot.Browser">
<doc>ElementsAttributes.wait_for_clickable_object_via_xpath(self, xpath)</doc>
<status status="PASS" starttime="20200108 06:07:35.071" endtime="20200108 06:07:35.135"></status>
</kw>
<kw name="enter &quot;${password}&quot; in the field with XPath &quot;${BPA__TXT_PWD_XPATH}&quot;" library="CXTA.robot.Browser">
<doc>Inputs.enter_text_in_the_field_with_xpath(self, text, xpath)</doc>
<status status="PASS" starttime="20200108 06:07:35.137" endtime="20200108 06:07:35.315"></status>
</kw>
<kw name="wait until object is clickable via XPath &quot;${BPA__BTN_LOGIN_XPATH}&quot;" library="CXTA.robot.Browser">
<doc>ElementsAttributes.wait_for_clickable_object_via_xpath(self, xpath)</doc>
<status status="PASS" starttime="20200108 06:07:35.317" endtime="20200108 06:07:35.367"></status>
</kw>
<kw name="click on the object with XPath &quot;${BPA__BTN_LOGIN_XPATH}&quot;" library="CXTA.robot.Browser">
<doc>MouseEvents.click_object_with_xpath(self, xpath)</doc>
<status status="PASS" starttime="20200108 06:07:35.370" endtime="20200108 06:07:35.466"></status>
</kw>
<kw name="wait until object is clickable via XPath &quot;${BPA__LBL_DASHBOARD_XPATH}&quot;" library="CXTA.robot.Browser">
<doc>ElementsAttributes.wait_for_clickable_object_via_xpath(self, xpath)</doc>
<status status="PASS" starttime="20200108 06:07:35.468" endtime="20200108 06:07:36.304"></status>
</kw>
<status status="PASS" starttime="20200108 06:07:28.192" endtime="20200108 06:07:36.305"></status>
</kw>
<status status="PASS" starttime="20200108 06:07:27.564" endtime="20200108 06:07:36.305"></status>
</kw>
<kw name="set browser timeout to &quot;${BPA__MAX_WAIT_TIME}&quot; seconds" library="CXTA.robot.Browser">
<doc>Browser.set_browser_timeout(self, timeout)</doc>
<status status="PASS" starttime="20200108 06:07:36.309" endtime="20200108 06:07:36.310"></status>
</kw>
<kw name="Wait for the loading icon to disappear" library="CxtaBPA.CxtaBPAUI">
<doc>Method to wait for loading icon to disappear</doc>
<status status="PASS" starttime="20200108 06:07:36.313" endtime="20200108 06:07:42.658"></status>
</kw>
<kw name="click on the object with XPath &quot;${BPA_OS_UPGRADE_TILE_XPATH}&quot;" library="CXTA.robot.Browser">
<doc>MouseEvents.click_object_with_xpath(self, xpath)</doc>
<status status="PASS" starttime="20200108 06:07:42.662" endtime="20200108 06:07:42.784"></status>
</kw>
<kw name="wait until object is clickable via XPath &quot;${BPA_SELECT_DEVICE_LBL_TILE}&quot;" library="CXTA.robot.Browser">
<doc>ElementsAttributes.wait_for_clickable_object_via_xpath(self, xpath)</doc>
<status status="PASS" starttime="20200108 06:07:42.787" endtime="20200108 06:07:51.230"></status>
</kw>
<kw name="Wait for the loading icon to disappear" library="CxtaBPA.CxtaBPAUI">
<doc>Method to wait for loading icon to disappear</doc>
<status status="PASS" starttime="20200108 06:07:51.233" endtime="20200108 06:07:57.548"></status>
</kw>
<kw name="STC upgrade select device &quot;${osupgrade.device_name}&quot;" library="CxtaBPA.CxtaBPAUI">
<doc>This keyword retrieves list of devices in the selected BOA environment in STC.</doc>
<status status="PASS" starttime="20200108 06:07:57.550" endtime="20200108 06:07:59.121"></status>
</kw>
<kw name="Wait for the loading icon to disappear" library="CxtaBPA.CxtaBPAUI">
<doc>Method to wait for loading icon to disappear</doc>
<status status="PASS" starttime="20200108 06:07:59.124" endtime="20200108 06:07:59.807"></status>
</kw>
<kw name="wait until object is clickable via XPath &quot;${BPA__SELECT_CREATE_NEW_XPATH}&quot;" library="CXTA.robot.Browser">
<doc>ElementsAttributes.wait_for_clickable_object_via_xpath(self, xpath)</doc>
<status status="PASS" starttime="20200108 06:07:59.810" endtime="20200108 06:07:59.894"></status>
</kw>
<kw name="Wait for the loading icon to disappear" library="CxtaBPA.CxtaBPAUI">
<doc>Method to wait for loading icon to disappear</doc>
<status status="PASS" starttime="20200108 06:07:59.897" endtime="20200108 06:08:06.111"></status>
</kw>
<kw name="click on the object with XPath &quot;${BPA__SELECT_CREATE_NEW_XPATH}&quot;" library="CXTA.robot.Browser">
<doc>MouseEvents.click_object_with_xpath(self, xpath)</doc>
<status status="PASS" starttime="20200108 06:08:06.113" endtime="20200108 06:08:06.248"></status>
</kw>
<kw name="Wait for the loading icon to disappear" library="CxtaBPA.CxtaBPAUI">
<doc>Method to wait for loading icon to disappear</doc>
<status status="PASS" starttime="20200108 06:08:06.250" endtime="20200108 06:08:07.175"></status>
</kw>
<kw name="Create device values &quot;${osupgrade.create_new}&quot;" library="CxtaBPA.CxtaBPAUI">
<doc>This keyword retrieves list of devices in the selected BOA environment in STC.</doc>
<status status="PASS" starttime="20200108 06:08:07.178" endtime="20200108 06:08:17.056"></status>
</kw>
<kw name="Wait for the loading icon to disappear" library="CxtaBPA.CxtaBPAUI">
<doc>Method to wait for loading icon to disappear</doc>
<status status="PASS" starttime="20200108 06:08:17.059" endtime="20200108 06:08:23.306"></status>
</kw>
<kw name="wait until object is clickable via XPath &quot;${BPA__CREATE_NEW_SUBMIT}&quot;" library="CXTA.robot.Browser">
<doc>ElementsAttributes.wait_for_clickable_object_via_xpath(self, xpath)</doc>
<status status="PASS" starttime="20200108 06:08:23.308" endtime="20200108 06:08:23.363"></status>
</kw>
<kw name="click on the object with XPath &quot;${BPA__CREATE_NEW_SUBMIT}&quot;" library="CXTA.robot.Browser">
<doc>MouseEvents.click_object_with_xpath(self, xpath)</doc>
<status status="PASS" starttime="20200108 06:08:23.364" endtime="20200108 06:08:23.470"></status>
</kw>
<kw name="Wait for the loading icon to disappear" library="CxtaBPA.CxtaBPAUI">
<doc>Method to wait for loading icon to disappear</doc>
<status status="PASS" starttime="20200108 06:08:23.472" endtime="20200108 06:08:29.622"></status>
</kw>
<kw name="wait until object is clickable via XPath &quot;${BPA__VIEW_CLICK}&quot;" library="CXTA.robot.Browser">
<doc>ElementsAttributes.wait_for_clickable_object_via_xpath(self, xpath)</doc>
<status status="PASS" starttime="20200108 06:08:29.624" endtime="20200108 06:08:30.753"></status>
</kw>
<kw name="Testcase teardown" type="teardown">
<kw name="Logout of BPA UI" library="bpa_ui">
<doc>Logs out of BPA UI</doc>
<kw name="set browser timeout to &quot;${BPA__MAX_WAIT_TIME}&quot; seconds" library="CXTA.robot.Browser">
<doc>Browser.set_browser_timeout(self, timeout)</doc>
<status status="PASS" starttime="20200108 06:08:30.757" endtime="20200108 06:08:30.758"></status>
</kw>
<kw name="Wait for the loading icon to disappear" library="CxtaBPA.CxtaBPAUI">
<doc>Method to wait for loading icon to disappear</doc>
<status status="PASS" starttime="20200108 06:08:30.759" endtime="20200108 06:08:37.059"></status>
</kw>
<kw name="wait until object is clickable via XPath &quot;${BPA__MENU_PROFILE_XPATH}&quot;" library="CXTA.robot.Browser">
<doc>ElementsAttributes.wait_for_clickable_object_via_xpath(self, xpath)</doc>
<status status="PASS" starttime="20200108 06:08:37.061" endtime="20200108 06:08:37.121"></status>
</kw>
<kw name="click on the object with XPath &quot;${BPA__MENU_PROFILE_XPATH}&quot;" library="CXTA.robot.Browser">
<doc>MouseEvents.click_object_with_xpath(self, xpath)</doc>
<status status="PASS" starttime="20200108 06:08:37.123" endtime="20200108 06:08:37.226"></status>
</kw>
<kw name="wait until object is clickable via XPath &quot;${BPA__MENU_LOGOUT_XPATH}&quot;" library="CXTA.robot.Browser">
<doc>ElementsAttributes.wait_for_clickable_object_via_xpath(self, xpath)</doc>
<status status="PASS" starttime="20200108 06:08:37.228" endtime="20200108 06:08:37.824"></status>
</kw>
<kw name="click on the object with XPath &quot;${BPA__MENU_LOGOUT_XPATH}&quot;" library="CXTA.robot.Browser">
<doc>MouseEvents.click_object_with_xpath(self, xpath)</doc>
<status status="PASS" starttime="20200108 06:08:37.826" endtime="20200108 06:08:37.954"></status>
</kw>
<status status="PASS" starttime="20200108 06:08:30.755" endtime="20200108 06:08:37.954"></status>
</kw>
<kw name="close browser" library="CXTA.robot.Browser">
<doc>Browser.close_browser(self)</doc>
<status status="PASS" starttime="20200108 06:08:37.958" endtime="20200108 06:08:38.017"></status>
</kw>
<status status="PASS" starttime="20200108 06:08:30.754" endtime="20200108 06:08:38.018"></status>
</kw>
<status status="PASS" starttime="20200108 06:07:27.562" endtime="20200108 06:08:38.019" critical="yes"></status>
</test>
<status status="PASS" starttime="20200108 06:07:20.560" endtime="20200108 06:08:38.021"></status>
</suite>
<suite id="s1-s7" name="4.6.3 UI" source="/home/cisco/cxta-bpa/examples/4.6.3_UI.robot">
<test id="s1-s7-t1" name="4.6.3 STC OS UPGRADE CREATE NEW JOB-EXECUTION TIME LATER">
<kw name="Testcase setup" type="setup">
<kw name="Start Browser" library="CXTA.robot.Browser">
<doc>Browser.start_browser(self, browser_name=u'firefox', download_path=None, screenshot_path=None, remote_url=None, flash=False, proxy_urls=None)</doc>
<arguments>
<arg>browser_name=chrome</arg>
<arg>remote_url=${REMOTE_URL}</arg>
</arguments>
<status status="PASS" starttime="20200108 06:37:10.691" endtime="20200108 06:37:11.812"></status>
</kw>
<kw name="Login to BPA UI &quot;${login.bpa_url}&quot; with credentials &quot;${login.bpa_username}&quot; and &quot;${login.bpa_password}&quot;" library="bpa_ui">
<doc>Login for BPA UI Application:</doc>
<kw name="set browser timeout to &quot;${BPA__MAX_WAIT_TIME}&quot; seconds" library="CXTA.robot.Browser">
<doc>Browser.set_browser_timeout(self, timeout)</doc>
<status status="PASS" starttime="20200108 06:37:11.826" endtime="20200108 06:37:11.829"></status>
</kw>
<kw name="clear the browser cookies" library="CXTA.robot.Browser">
<doc>Browser.clear_browser_cookies(self)</doc>
<status status="PASS" starttime="20200108 06:37:11.832" endtime="20200108 06:37:11.904"></status>
</kw>
<kw name="visit &quot;${url}&quot;" library="CXTA.robot.Browser">
<doc>Browser.visit_site(self, url)</doc>
<msg timestamp="20200108 06:37:11.910" level="INFO">Visiting url "https://10.52.123.82/portal/#/login"</msg>
<status status="PASS" starttime="20200108 06:37:11.908" endtime="20200108 06:37:19.514"></status>
</kw>
<kw name="wait until object is clickable via XPath &quot;${BPA__TXT_UID_XPATH}&quot;" library="CXTA.robot.Browser">
<doc>ElementsAttributes.wait_for_clickable_object_via_xpath(self, xpath)</doc>
<status status="PASS" starttime="20200108 06:37:19.517" endtime="20200108 06:37:20.125"></status>
</kw>
<kw name="enter &quot;${username}&quot; in the field with XPath &quot;${BPA__TXT_UID_XPATH}&quot;" library="CXTA.robot.Browser">
<doc>Inputs.enter_text_in_the_field_with_xpath(self, text, xpath)</doc>
<status status="PASS" starttime="20200108 06:37:20.128" endtime="20200108 06:37:20.326"></status>
</kw>
<kw name="wait until object is clickable via XPath &quot;${BPA__TXT_PWD_XPATH}&quot;" library="CXTA.robot.Browser">
<doc>ElementsAttributes.wait_for_clickable_object_via_xpath(self, xpath)</doc>
<status status="PASS" starttime="20200108 06:37:20.329" endtime="20200108 06:37:20.408"></status>
</kw>
<kw name="enter &quot;${password}&quot; in the field with XPath &quot;${BPA__TXT_PWD_XPATH}&quot;" library="CXTA.robot.Browser">
<doc>Inputs.enter_text_in_the_field_with_xpath(self, text, xpath)</doc>
<status status="PASS" starttime="20200108 06:37:20.411" endtime="20200108 06:37:20.692"></status>
</kw>
<kw name="wait until object is clickable via XPath &quot;${BPA__BTN_LOGIN_XPATH}&quot;" library="CXTA.robot.Browser">
<doc>ElementsAttributes.wait_for_clickable_object_via_xpath(self, xpath)</doc>
<status status="PASS" starttime="20200108 06:37:20.695" endtime="20200108 06:37:20.775"></status>
</kw>
<kw name="click on the object with XPath &quot;${BPA__BTN_LOGIN_XPATH}&quot;" library="CXTA.robot.Browser">
<doc>MouseEvents.click_object_with_xpath(self, xpath)</doc>
<status status="PASS" starttime="20200108 06:37:20.779" endtime="20200108 06:37:20.912"></status>
</kw>
<kw name="wait until object is clickable via XPath &quot;${BPA__LBL_DASHBOARD_XPATH}&quot;" library="CXTA.robot.Browser">
<doc>ElementsAttributes.wait_for_clickable_object_via_xpath(self, xpath)</doc>
<status status="PASS" starttime="20200108 06:37:20.916" endtime="20200108 06:37:21.898"></status>
</kw>
<status status="PASS" starttime="20200108 06:37:11.818" endtime="20200108 06:37:21.900"></status>
</kw>
<status status="PASS" starttime="20200108 06:37:10.687" endtime="20200108 06:37:21.901"></status>
</kw>
<kw name="set browser timeout to &quot;${BPA__MAX_WAIT_TIME}&quot; seconds" library="CXTA.robot.Browser">
<doc>Browser.set_browser_timeout(self, timeout)</doc>
<status status="PASS" starttime="20200108 06:37:21.905" endtime="20200108 06:37:21.908"></status>
</kw>
<kw name="Wait for the loading icon to disappear" library="CxtaBPA.CxtaBPAUI">
<doc>Method to wait for loading icon to disappear</doc>
<status status="PASS" starttime="20200108 06:37:21.912" endtime="20200108 06:37:27.954"></status>
</kw>
<kw name="click on the object with XPath &quot;${BPA_OS_UPGRADE_TILE_XPATH}&quot;" library="CXTA.robot.Browser">
<doc>MouseEvents.click_object_with_xpath(self, xpath)</doc>
<status status="PASS" starttime="20200108 06:37:27.957" endtime="20200108 06:37:28.075"></status>
</kw>
<kw name="wait until object is clickable via XPath &quot;${BPA_SELECT_DEVICE_LBL_TILE}&quot;" library="CXTA.robot.Browser">
<doc>ElementsAttributes.wait_for_clickable_object_via_xpath(self, xpath)</doc>
<status status="PASS" starttime="20200108 06:37:28.078" endtime="20200108 06:37:38.224"></status>
</kw>
<kw name="Wait for the loading icon to disappear" library="CxtaBPA.CxtaBPAUI">
<doc>Method to wait for loading icon to disappear</doc>
<status status="PASS" starttime="20200108 06:37:38.226" endtime="20200108 06:37:44.530"></status>
</kw>
<kw name="STC upgrade select device &quot;${osupgrade.device_name}&quot;" library="CxtaBPA.CxtaBPAUI">
<doc>This keyword retrieves list of devices in the selected BOA environment in STC.</doc>
<status status="PASS" starttime="20200108 06:37:44.532" endtime="20200108 06:37:44.811"></status>
</kw>
<kw name="Wait for the loading icon to disappear" library="CxtaBPA.CxtaBPAUI">
<doc>Method to wait for loading icon to disappear</doc>
<status status="PASS" starttime="20200108 06:37:44.824" endtime="20200108 06:37:46.932"></status>
</kw>
<kw name="wait until object is clickable via XPath &quot;${BPA__SELECT_CREATE_NEW_XPATH}&quot;" library="CXTA.robot.Browser">
<doc>ElementsAttributes.wait_for_clickable_object_via_xpath(self, xpath)</doc>
<status status="PASS" starttime="20200108 06:37:46.935" endtime="20200108 06:37:47.065"></status>
</kw>
<kw name="Wait for the loading icon to disappear" library="CxtaBPA.CxtaBPAUI">
<doc>Method to wait for loading icon to disappear</doc>
<status status="PASS" starttime="20200108 06:37:47.068" endtime="20200108 06:37:53.383"></status>
</kw>
<kw name="click on the object with XPath &quot;${BPA__SELECT_CREATE_NEW_XPATH}&quot;" library="CXTA.robot.Browser">
<doc>MouseEvents.click_object_with_xpath(self, xpath)</doc>
<status status="PASS" starttime="20200108 06:37:53.385" endtime="20200108 06:37:53.516"></status>
</kw>
<kw name="Wait for the loading icon to disappear" library="CxtaBPA.CxtaBPAUI">
<doc>Method to wait for loading icon to disappear</doc>
<status status="PASS" starttime="20200108 06:37:53.518" endtime="20200108 06:37:54.189"></status>
</kw>
<kw name="Create device values with later time &quot;${osupgrade.create_new_later}&quot;" library="CxtaBPA.CxtaBPAUI">
<doc>This keyword retrieves list of devices in the selected BOA environment in STC.</doc>
<msg timestamp="20200108 06:38:09.344" level="INFO">The value of time present here is 
06
The dict value of time passed here is 
12:30</msg>
<status status="PASS" starttime="20200108 06:37:54.192" endtime="20200108 06:38:09.345"></status>
</kw>
<kw name="Wait for the loading icon to disappear" library="CxtaBPA.CxtaBPAUI">
<doc>Method to wait for loading icon to disappear</doc>
<status status="PASS" starttime="20200108 06:38:09.355" endtime="20200108 06:38:15.668"></status>
</kw>
<kw name="wait until object is clickable via XPath &quot;${BPA__CREATE_NEW_SUBMIT}&quot;" library="CXTA.robot.Browser">
<doc>ElementsAttributes.wait_for_clickable_object_via_xpath(self, xpath)</doc>
<status status="PASS" starttime="20200108 06:38:15.671" endtime="20200108 06:38:15.749"></status>
</kw>
<kw name="click on the object with XPath &quot;${BPA__CREATE_NEW_SUBMIT}&quot;" library="CXTA.robot.Browser">
<doc>MouseEvents.click_object_with_xpath(self, xpath)</doc>
<status status="PASS" starttime="20200108 06:38:15.752" endtime="20200108 06:38:15.856"></status>
</kw>
<kw name="Wait for the loading icon to disappear" library="CxtaBPA.CxtaBPAUI">
<doc>Method to wait for loading icon to disappear</doc>
<status status="PASS" starttime="20200108 06:38:15.858" endtime="20200108 06:38:22.176"></status>
</kw>
<kw name="Testcase teardown" type="teardown">
<kw name="Logout of BPA UI" library="bpa_ui">
<doc>Logs out of BPA UI</doc>
<kw name="set browser timeout to &quot;${BPA__MAX_WAIT_TIME}&quot; seconds" library="CXTA.robot.Browser">
<doc>Browser.set_browser_timeout(self, timeout)</doc>
<status status="PASS" starttime="20200108 06:38:22.182" endtime="20200108 06:38:22.183"></status>
</kw>
<kw name="Wait for the loading icon to disappear" library="CxtaBPA.CxtaBPAUI">
<doc>Method to wait for loading icon to disappear</doc>
<status status="PASS" starttime="20200108 06:38:22.185" endtime="20200108 06:38:29.134"></status>
</kw>
<kw name="wait until object is clickable via XPath &quot;${BPA__MENU_PROFILE_XPATH}&quot;" library="CXTA.robot.Browser">
<doc>ElementsAttributes.wait_for_clickable_object_via_xpath(self, xpath)</doc>
<status status="PASS" starttime="20200108 06:38:29.138" endtime="20200108 06:38:29.193"></status>
</kw>
<kw name="click on the object with XPath &quot;${BPA__MENU_PROFILE_XPATH}&quot;" library="CXTA.robot.Browser">
<doc>MouseEvents.click_object_with_xpath(self, xpath)</doc>
<status status="PASS" starttime="20200108 06:38:29.196" endtime="20200108 06:38:29.336"></status>
</kw>
<kw name="wait until object is clickable via XPath &quot;${BPA__MENU_LOGOUT_XPATH}&quot;" library="CXTA.robot.Browser">
<doc>ElementsAttributes.wait_for_clickable_object_via_xpath(self, xpath)</doc>
<status status="PASS" starttime="20200108 06:38:29.339" endtime="20200108 06:38:29.950"></status>
</kw>
<kw name="click on the object with XPath &quot;${BPA__MENU_LOGOUT_XPATH}&quot;" library="CXTA.robot.Browser">
<doc>MouseEvents.click_object_with_xpath(self, xpath)</doc>
<status status="PASS" starttime="20200108 06:38:29.952" endtime="20200108 06:38:30.109"></status>
</kw>
<status status="PASS" starttime="20200108 06:38:22.179" endtime="20200108 06:38:30.110"></status>
</kw>
<kw name="close browser" library="CXTA.robot.Browser">
<doc>Browser.close_browser(self)</doc>
<status status="PASS" starttime="20200108 06:38:30.112" endtime="20200108 06:38:30.175"></status>
</kw>
<status status="PASS" starttime="20200108 06:38:22.177" endtime="20200108 06:38:30.175"></status>
</kw>
<status status="PASS" starttime="20200108 06:37:10.684" endtime="20200108 06:38:30.176" critical="yes"></status>
</test>
<status status="PASS" starttime="20200108 06:37:02.512" endtime="20200108 06:38:30.178"></status>
</suite>
<suite id="s1-s8" name="4.6.4 UI" source="/home/cisco/cxta-bpa/examples/4.6.4_UI.robot">
<test id="s1-s8-t1" name="4.6.4 STC OS UPGRADE CREATE NEW JOB-EXECUTION TYPE SERIAL">
<kw name="Testcase setup" type="setup">
<kw name="Start Browser" library="CXTA.robot.Browser">
<doc>Browser.start_browser(self, browser_name=u'firefox', download_path=None, screenshot_path=None, remote_url=None, flash=False, proxy_urls=None)</doc>
<arguments>
<arg>browser_name=chrome</arg>
<arg>remote_url=${REMOTE_URL}</arg>
</arguments>
<status status="PASS" starttime="20200108 06:46:48.279" endtime="20200108 06:46:49.232"></status>
</kw>
<kw name="Login to BPA UI &quot;${login.bpa_url}&quot; with credentials &quot;${login.bpa_username}&quot; and &quot;${login.bpa_password}&quot;" library="bpa_ui">
<doc>Login for BPA UI Application:</doc>
<kw name="set browser timeout to &quot;${BPA__MAX_WAIT_TIME}&quot; seconds" library="CXTA.robot.Browser">
<doc>Browser.set_browser_timeout(self, timeout)</doc>
[...]
</kw>
<kw name="enter &quot;${username}&quot; in the field with XPath &quot;${BPA__TXT_UID_XPATH}&quot;" library="CXTA.robot.Browser">
<doc>Inputs.enter_text_in_the_field_with_xpath(self, text, xpath)</doc>
<status status="PASS" starttime="20200108 15:18:17.047" endtime="20200108 15:18:17.336"></status>
</kw>
<kw name="wait until object is clickable via XPath &quot;${BPA__TXT_PWD_XPATH}&quot;" library="CXTA.robot.Browser">
<doc>ElementsAttributes.wait_for_clickable_object_via_xpath(self, xpath)</doc>
<status status="PASS" starttime="20200108 15:18:17.341" endtime="20200108 15:18:17.478"></status>
</kw>
<kw name="enter &quot;${password}&quot; in the field with XPath &quot;${BPA__TXT_PWD_XPATH}&quot;" library="CXTA.robot.Browser">
<doc>Inputs.enter_text_in_the_field_with_xpath(self, text, xpath)</doc>
<status status="PASS" starttime="20200108 15:18:17.482" endtime="20200108 15:18:17.692"></status>
</kw>
<kw name="wait until object is clickable via XPath &quot;${BPA__BTN_LOGIN_XPATH}&quot;" library="CXTA.robot.Browser">
<doc>ElementsAttributes.wait_for_clickable_object_via_xpath(self, xpath)</doc>
<status status="PASS" starttime="20200108 15:18:17.696" endtime="20200108 15:18:17.795"></status>
</kw>
<kw name="click on the object with XPath &quot;${BPA__BTN_LOGIN_XPATH}&quot;" library="CXTA.robot.Browser">
<doc>MouseEvents.click_object_with_xpath(self, xpath)</doc>
<status status="PASS" starttime="20200108 15:18:17.798" endtime="20200108 15:18:17.921"></status>
</kw>
<kw name="wait until object is clickable via XPath &quot;${BPA__LBL_DASHBOARD_XPATH}&quot;" library="CXTA.robot.Browser">
<doc>ElementsAttributes.wait_for_clickable_object_via_xpath(self, xpath)</doc>
<status status="PASS" starttime="20200108 15:18:17.925" endtime="20200108 15:18:19.100"></status>
</kw>
<status status="PASS" starttime="20200108 15:18:11.465" endtime="20200108 15:18:19.101"></status>
</kw>
<status status="PASS" starttime="20200108 15:18:10.677" endtime="20200108 15:18:19.102"></status>
</kw>
<kw name="set browser timeout to &quot;${BPA__MAX_WAIT_TIME}&quot; seconds" library="CXTA.robot.Browser">
<doc>Browser.set_browser_timeout(self, timeout)</doc>
<status status="PASS" starttime="20200108 15:18:19.106" endtime="20200108 15:18:19.108"></status>
</kw>
<kw name="Wait for the loading icon to disappear" library="CxtaBPA.CxtaBPAUI">
<doc>Method to wait for loading icon to disappear</doc>
<status status="PASS" starttime="20200108 15:18:19.112" endtime="20200108 15:18:25.457"></status>
</kw>
<kw name="click on the object with XPath &quot;${BPA_OS_UPGRADE_TILE_XPATH}&quot;" library="CXTA.robot.Browser">
<doc>MouseEvents.click_object_with_xpath(self, xpath)</doc>
<status status="PASS" starttime="20200108 15:18:25.460" endtime="20200108 15:18:25.568"></status>
</kw>
<kw name="wait until object is clickable via XPath &quot;${BPA_SELECT_DEVICE_LBL_TILE}&quot;" library="CXTA.robot.Browser">
<doc>ElementsAttributes.wait_for_clickable_object_via_xpath(self, xpath)</doc>
<status status="PASS" starttime="20200108 15:18:25.571" endtime="20200108 15:18:34.397"></status>
</kw>
<kw name="Wait for the loading icon to disappear" library="CxtaBPA.CxtaBPAUI">
<doc>Method to wait for loading icon to disappear</doc>
<status status="PASS" starttime="20200108 15:18:34.400" endtime="20200108 15:18:41.832"></status>
</kw>
<kw name="STC upgrade select device &quot;${osupgrade.device_name}&quot;" library="CxtaBPA.CxtaBPAUI">
<doc>This keyword retrieves list of devices in the selected BOA environment in STC.</doc>
<status status="PASS" starttime="20200108 15:18:41.834" endtime="20200108 15:18:42.130"></status>
</kw>
<kw name="Wait for the loading icon to disappear" library="CxtaBPA.CxtaBPAUI">
<doc>Method to wait for loading icon to disappear</doc>
<status status="PASS" starttime="20200108 15:18:42.133" endtime="20200108 15:18:42.952"></status>
</kw>
<kw name="wait until object is clickable via XPath &quot;${BPA__SELECT_CREATE_NEW_XPATH}&quot;" library="CXTA.robot.Browser">
<doc>ElementsAttributes.wait_for_clickable_object_via_xpath(self, xpath)</doc>
<status status="PASS" starttime="20200108 15:18:42.956" endtime="20200108 15:18:43.108"></status>
</kw>
<kw name="Wait for the loading icon to disappear" library="CxtaBPA.CxtaBPAUI">
<doc>Method to wait for loading icon to disappear</doc>
<status status="PASS" starttime="20200108 15:18:43.111" endtime="20200108 15:18:49.350"></status>
</kw>
<kw name="click on the object with XPath &quot;${BPA__SELECT_CREATE_NEW_XPATH}&quot;" library="CXTA.robot.Browser">
<doc>MouseEvents.click_object_with_xpath(self, xpath)</doc>
<status status="PASS" starttime="20200108 15:18:49.353" endtime="20200108 15:18:49.474"></status>
</kw>
<kw name="Wait for the loading icon to disappear" library="CxtaBPA.CxtaBPAUI">
<doc>Method to wait for loading icon to disappear</doc>
<status status="PASS" starttime="20200108 15:18:49.476" endtime="20200108 15:18:50.158"></status>
</kw>
<kw name="Create device values with active os upgrade status device max parallel &quot;${osupgrade.create_new}&quot;" library="CxtaBPA.CxtaBPAUI">
<doc>This keyword retrieves list of devices in the selected BOA environment in STC.</doc>
<status status="PASS" starttime="20200108 15:18:50.161" endtime="20200108 15:19:01.092"></status>
</kw>
<kw name="Wait for the loading icon to disappear" library="CxtaBPA.CxtaBPAUI">
<doc>Method to wait for loading icon to disappear</doc>
<status status="PASS" starttime="20200108 15:19:01.102" endtime="20200108 15:19:07.447"></status>
</kw>
<kw name="check xpath for the value message batch size max &quot;${BPA__XPATH_BATCH_SIZE_ERROR}&quot;" library="CxtaBPA.CxtaBPAUI">
<msg timestamp="20200108 15:19:07.493" level="INFO">The xpath value shown down is 
//p[@class="extra-error ng-star-inserted"]
Batch Size Can Not Be Greater Than Number Of Selected Devices
--------------
Successfully verified that batch Size Can Not Be Greater Than Number Of Selected Devices</msg>
<status status="PASS" starttime="20200108 15:19:07.449" endtime="20200108 15:19:07.493"></status>
</kw>
<kw name="Wait for the loading icon to disappear" library="CxtaBPA.CxtaBPAUI">
<doc>Method to wait for loading icon to disappear</doc>
<status status="PASS" starttime="20200108 15:19:07.495" endtime="20200108 15:19:13.957"></status>
</kw>
<kw name="Testcase teardown" type="teardown">
<kw name="Logout of BPA UI" library="bpa_ui">
<doc>Logs out of BPA UI</doc>
<kw name="set browser timeout to &quot;${BPA__MAX_WAIT_TIME}&quot; seconds" library="CXTA.robot.Browser">
<doc>Browser.set_browser_timeout(self, timeout)</doc>
<status status="PASS" starttime="20200108 15:19:13.963" endtime="20200108 15:19:13.964"></status>
</kw>
<kw name="Wait for the loading icon to disappear" library="CxtaBPA.CxtaBPAUI">
<doc>Method to wait for loading icon to disappear</doc>
<status status="PASS" starttime="20200108 15:19:13.965" endtime="20200108 15:19:20.329"></status>
</kw>
<kw name="wait until object is clickable via XPath &quot;${BPA__MENU_PROFILE_XPATH}&quot;" library="CXTA.robot.Browser">
<doc>ElementsAttributes.wait_for_clickable_object_via_xpath(self, xpath)</doc>
<status status="PASS" starttime="20200108 15:19:20.331" endtime="20200108 15:19:20.387"></status>
</kw>
<kw name="click on the object with XPath &quot;${BPA__MENU_PROFILE_XPATH}&quot;" library="CXTA.robot.Browser">
<doc>MouseEvents.click_object_with_xpath(self, xpath)</doc>
<status status="PASS" starttime="20200108 15:19:20.389" endtime="20200108 15:19:20.493"></status>
</kw>
<kw name="wait until object is clickable via XPath &quot;${BPA__MENU_LOGOUT_XPATH}&quot;" library="CXTA.robot.Browser">
<doc>ElementsAttributes.wait_for_clickable_object_via_xpath(self, xpath)</doc>
<status status="PASS" starttime="20200108 15:19:20.495" endtime="20200108 15:19:21.100"></status>
</kw>
<kw name="click on the object with XPath &quot;${BPA__MENU_LOGOUT_XPATH}&quot;" library="CXTA.robot.Browser">
<doc>MouseEvents.click_object_with_xpath(self, xpath)</doc>
<status status="PASS" starttime="20200108 15:19:21.103" endtime="20200108 15:19:21.225"></status>
</kw>
<status status="PASS" starttime="20200108 15:19:13.959" endtime="20200108 15:19:21.226"></status>
</kw>
<kw name="close browser" library="CXTA.robot.Browser">
<doc>Browser.close_browser(self)</doc>
<status status="PASS" starttime="20200108 15:19:21.228" endtime="20200108 15:19:21.285"></status>
</kw>
<status status="PASS" starttime="20200108 15:19:13.958" endtime="20200108 15:19:21.286"></status>
</kw>
<status status="PASS" starttime="20200108 15:18:10.674" endtime="20200108 15:19:21.286" critical="yes"></status>
</test>
<status status="PASS" starttime="20200108 15:18:03.773" endtime="20200108 15:19:21.288"></status>
</suite>
<suite id="s1-s13" name="4.6.9 UI" source="/home/cisco/cxta-bpa/examples/4.6.9_UI.robot">
<test id="s1-s13-t1" name="4.6.9 STC OS UPGRADE CREATE NEW JOB-EXECUTION TYPE PARALLE-BATCH SIZE MAX DEPENDS ON DEVICES">
<kw name="Testcase setup" type="setup">
<kw name="Start Browser" library="CXTA.robot.Browser">
<doc>Browser.start_browser(self, browser_name=u'firefox', download_path=None, screenshot_path=None, remote_url=None, flash=False, proxy_urls=None)</doc>
<arguments>
<arg>browser_name=chrome</arg>
<arg>remote_url=${REMOTE_URL}</arg>
</arguments>
<status status="PASS" starttime="20200108 15:30:46.330" endtime="20200108 15:30:46.915"></status>
</kw>
<kw name="Login to BPA UI &quot;${login.bpa_url}&quot; with credentials &quot;${login.bpa_username}&quot; and &quot;${login.bpa_password}&quot;" library="bpa_ui">
<doc>Login for BPA UI Application:</doc>
<kw name="set browser timeout to &quot;${BPA__MAX_WAIT_TIME}&quot; seconds" library="CXTA.robot.Browser">
<doc>Browser.set_browser_timeout(self, timeout)</doc>
<status status="PASS" starttime="20200108 15:30:46.922" endtime="20200108 15:30:46.923"></status>
</kw>
<kw name="clear the browser cookies" library="CXTA.robot.Browser">
<doc>Browser.clear_browser_cookies(self)</doc>
<status status="PASS" starttime="20200108 15:30:46.925" endtime="20200108 15:30:46.956"></status>
</kw>
<kw name="visit &quot;${url}&quot;" library="CXTA.robot.Browser">
<doc>Browser.visit_site(self, url)</doc>
<msg timestamp="20200108 15:30:46.959" level="INFO">Visiting url "https://10.52.123.82/portal/#/login"</msg>
<status status="PASS" starttime="20200108 15:30:46.958" endtime="20200108 15:30:51.310"></status>
</kw>
<kw name="wait until object is clickable via XPath &quot;${BPA__TXT_UID_XPATH}&quot;" library="CXTA.robot.Browser">
<doc>ElementsAttributes.wait_for_clickable_object_via_xpath(self, xpath)</doc>
<status status="PASS" starttime="20200108 15:30:51.313" endtime="20200108 15:30:51.897"></status>
</kw>
<kw name="enter &quot;${username}&quot; in the field with XPath &quot;${BPA__TXT_UID_XPATH}&quot;" library="CXTA.robot.Browser">
<doc>Inputs.enter_text_in_the_field_with_xpath(self, text, xpath)</doc>
<status status="PASS" starttime="20200108 15:30:51.899" endtime="20200108 15:30:52.478"></status>
</kw>
<kw name="wait until object is clickable via XPath &quot;${BPA__TXT_PWD_XPATH}&quot;" library="CXTA.robot.Browser">
<doc>ElementsAttributes.wait_for_clickable_object_via_xpath(self, xpath)</doc>
<status status="PASS" starttime="20200108 15:30:52.481" endtime="20200108 15:30:52.542"></status>
</kw>
<kw name="enter &quot;${password}&quot; in the field with XPath &quot;${BPA__TXT_PWD_XPATH}&quot;" library="CXTA.robot.Browser">
<doc>Inputs.enter_text_in_the_field_with_xpath(self, text, xpath)</doc>
<status status="PASS" starttime="20200108 15:30:52.544" endtime="20200108 15:30:52.706"></status>
</kw>
<kw name="wait until object is clickable via XPath &quot;${BPA__BTN_LOGIN_XPATH}&quot;" library="CXTA.robot.Browser">
<doc>ElementsAttributes.wait_for_clickable_object_via_xpath(self, xpath)</doc>
<status status="PASS" starttime="20200108 15:30:52.709" endtime="20200108 15:30:52.782"></status>
</kw>
<kw name="click on the object with XPath &quot;${BPA__BTN_LOGIN_XPATH}&quot;" library="CXTA.robot.Browser">
<doc>MouseEvents.click_object_with_xpath(self, xpath)</doc>
<status status="PASS" starttime="20200108 15:30:52.785" endtime="20200108 15:30:52.891"></status>
</kw>
<kw name="wait until object is clickable via XPath &quot;${BPA__LBL_DASHBOARD_XPATH}&quot;" library="CXTA.robot.Browser">
<doc>ElementsAttributes.wait_for_clickable_object_via_xpath(self, xpath)</doc>
<status status="PASS" starttime="20200108 15:30:52.894" endtime="20200108 15:30:53.698"></status>
</kw>
<status status="PASS" starttime="20200108 15:30:46.919" endtime="20200108 15:30:53.699"></status>
</kw>
<status status="PASS" starttime="20200108 15:30:46.326" endtime="20200108 15:30:53.700"></status>
</kw>
<kw name="set browser timeout to &quot;${BPA__MAX_WAIT_TIME}&quot; seconds" library="CXTA.robot.Browser">
<doc>Browser.set_browser_timeout(self, timeout)</doc>
<status status="PASS" starttime="20200108 15:30:53.703" endtime="20200108 15:30:53.704"></status>
</kw>
<kw name="Wait for the loading icon to disappear" library="CxtaBPA.CxtaBPAUI">
<doc>Method to wait for loading icon to disappear</doc>
<status status="PASS" starttime="20200108 15:30:53.706" endtime="20200108 15:31:00.116"></status>
</kw>
<kw name="click on the object with XPath &quot;${BPA_OS_UPGRADE_TILE_XPATH}&quot;" library="CXTA.robot.Browser">
<doc>MouseEvents.click_object_with_xpath(self, xpath)</doc>
<status status="PASS" starttime="20200108 15:31:00.120" endtime="20200108 15:31:00.279"></status>
</kw>
<kw name="wait until object is clickable via XPath &quot;${BPA_SELECT_DEVICE_LBL_TILE}&quot;" library="CXTA.robot.Browser">
<doc>ElementsAttributes.wait_for_clickable_object_via_xpath(self, xpath)</doc>
<status status="PASS" starttime="20200108 15:31:00.281" endtime="20200108 15:31:10.564"></status>
</kw>
<kw name="Wait for the loading icon to disappear" library="CxtaBPA.CxtaBPAUI">
<doc>Method to wait for loading icon to disappear</doc>
<status status="PASS" starttime="20200108 15:31:10.567" endtime="20200108 15:31:18.223"></status>
</kw>
<kw name="STC upgrade select device &quot;${osupgrade.device_name}&quot;" library="CxtaBPA.CxtaBPAUI">
<doc>This keyword retrieves list of devices in the selected BOA environment in STC.</doc>
<status status="PASS" starttime="20200108 15:31:18.227" endtime="20200108 15:31:18.478"></status>
</kw>
<kw name="Wait for the loading icon to disappear" library="CxtaBPA.CxtaBPAUI">
<doc>Method to wait for loading icon to disappear</doc>
<status status="PASS" starttime="20200108 15:31:18.482" endtime="20200108 15:31:19.156"></status>
</kw>
<kw name="wait until object is clickable via XPath &quot;${BPA__SELECT_CREATE_NEW_XPATH}&quot;" library="CXTA.robot.Browser">
<doc>ElementsAttributes.wait_for_clickable_object_via_xpath(self, xpath)</doc>
<status status="PASS" starttime="20200108 15:31:19.158" endtime="20200108 15:31:19.222"></status>
</kw>
<kw name="Wait for the loading icon to disappear" library="CxtaBPA.CxtaBPAUI">
<doc>Method to wait for loading icon to disappear</doc>
<status status="PASS" starttime="20200108 15:31:19.225" endtime="20200108 15:31:25.446"></status>
</kw>
<kw name="click on the object with XPath &quot;${BPA__SELECT_CREATE_NEW_XPATH}&quot;" library="CXTA.robot.Browser">
<doc>MouseEvents.click_object_with_xpath(self, xpath)</doc>
<status status="PASS" starttime="20200108 15:31:25.449" endtime="20200108 15:31:25.583"></status>
</kw>
<kw name="Wait for the loading icon to disappear" library="CxtaBPA.CxtaBPAUI">
<doc>Method to wait for loading icon to disappear</doc>
<status status="PASS" starttime="20200108 15:31:25.585" endtime="20200108 15:31:26.245"></status>
</kw>
<kw name="Create device values with active os upgrade status device max parallel verify &quot;${osupgrade.create_new}&quot;" library="CxtaBPA.CxtaBPAUI">
<doc>This keyword retrieves list of devices in the selected BOA environment in STC.</doc>
<status status="PASS" starttime="20200108 15:31:26.249" endtime="20200108 15:31:38.702"></status>
</kw>
<kw name="Wait for the loading icon to disappear" library="CxtaBPA.CxtaBPAUI">
<doc>Method to wait for loading icon to disappear</doc>
<status status="PASS" starttime="20200108 15:31:38.705" endtime="20200108 15:31:44.958"></status>
</kw>
<kw name="Testcase teardown" type="teardown">
<kw name="Logout of BPA UI" library="bpa_ui">
<doc>Logs out of BPA UI</doc>
<kw name="set browser timeout to &quot;${BPA__MAX_WAIT_TIME}&quot; seconds" library="CXTA.robot.Browser">
<doc>Browser.set_browser_timeout(self, timeout)</doc>
<status status="PASS" starttime="20200108 15:31:44.963" endtime="20200108 15:31:44.964"></status>
</kw>
<kw name="Wait for the loading icon to disappear" library="CxtaBPA.CxtaBPAUI">
<doc>Method to wait for loading icon to disappear</doc>
<status status="PASS" starttime="20200108 15:31:44.966" endtime="20200108 15:31:51.493"></status>
</kw>
<kw name="wait until object is clickable via XPath &quot;${BPA__MENU_PROFILE_XPATH}&quot;" library="CXTA.robot.Browser">
<doc>ElementsAttributes.wait_for_clickable_object_via_xpath(self, xpath)</doc>
<status status="PASS" starttime="20200108 15:31:51.496" endtime="20200108 15:31:51.551"></status>
</kw>
<kw name="click on the object with XPath &quot;${BPA__MENU_PROFILE_XPATH}&quot;" library="CXTA.robot.Browser">
<doc>MouseEvents.click_object_with_xpath(self, xpath)</doc>
<status status="PASS" starttime="20200108 15:31:51.553" endtime="20200108 15:31:51.672"></status>
</kw>
<kw name="wait until object is clickable via XPath &quot;${BPA__MENU_LOGOUT_XPATH}&quot;" library="CXTA.robot.Browser">
<doc>ElementsAttributes.wait_for_clickable_object_via_xpath(self, xpath)</doc>
<status status="PASS" starttime="20200108 15:31:51.674" endtime="20200108 15:31:51.865"></status>
</kw>
<kw name="click on the object with XPath &quot;${BPA__MENU_LOGOUT_XPATH}&quot;" library="CXTA.robot.Browser">
<doc>MouseEvents.click_object_with_xpath(self, xpath)</doc>
<status status="PASS" starttime="20200108 15:31:51.869" endtime="20200108 15:31:52.061"></status>
</kw>
<status status="PASS" starttime="20200108 15:31:44.961" endtime="20200108 15:31:52.062"></status>
</kw>
<kw name="close browser" library="CXTA.robot.Browser">
<doc>Browser.close_browser(self)</doc>
<status status="PASS" starttime="20200108 15:31:52.064" endtime="20200108 15:31:52.124"></status>
</kw>
<status status="PASS" starttime="20200108 15:31:44.959" endtime="20200108 15:31:52.126"></status>
</kw>
<status status="PASS" starttime="20200108 15:30:46.323" endtime="20200108 15:31:52.127" critical="yes"></status>
</test>
<status status="PASS" starttime="20200108 15:30:39.427" endtime="20200108 15:31:52.129"></status>
</suite>
<status status="PASS" starttime="N/A" endtime="N/A" elapsedtime="1234976"></status>
</suite>
<statistics>
<total>
<stat pass="13" fail="0">Critical Tests</stat>
<stat pass="13" fail="0">All Tests</stat>
</total>
<tag>
</tag>
<suite>
<stat pass="13" fail="0" id="s1" name="UI REPORT">UI REPORT</stat>
<stat pass="1" fail="0" id="s1-s1" name="4.6.10 UI">UI REPORT.4.6.10 UI</stat>
<stat pass="1" fail="0" id="s1-s2" name="4.6.11 UI">UI REPORT.4.6.11 UI</stat>
<stat pass="1" fail="0" id="s1-s3" name="4.6.12 UI">UI REPORT.4.6.12 UI</stat>
<stat pass="1" fail="0" id="s1-s4" name="4.6.13 UI">UI REPORT.4.6.13 UI</stat>
<stat pass="1" fail="0" id="s1-s5" name="4.6.1 UI">UI REPORT.4.6.1 UI</stat>
<stat pass="1" fail="0" id="s1-s6" name="4.6.2 UI">UI REPORT.4.6.2 UI</stat>
<stat pass="1" fail="0" id="s1-s7" name="4.6.3 UI">UI REPORT.4.6.3 UI</stat>
<stat pass="1" fail="0" id="s1-s8" name="4.6.4 UI">UI REPORT.4.6.4 UI</stat>
<stat pass="1" fail="0" id="s1-s9" name="4.6.5 UI">UI REPORT.4.6.5 UI</stat>
<stat pass="1" fail="0" id="s1-s10" name="4.6.6 UI">UI REPORT.4.6.6 UI</stat>
<stat pass="1" fail="0" id="s1-s11" name="4.6.7 UI">UI REPORT.4.6.7 UI</stat>
<stat pass="1" fail="0" id="s1-s12" name="4.6.8 UI">UI REPORT.4.6.8 UI</stat>
<stat pass="1" fail="0" id="s1-s13" name="4.6.9 UI">UI REPORT.4.6.9 UI</stat>
</suite>
</statistics>
<errors>
</errors>
</robot>
