<?xml version="1.0" encoding="UTF-8"?>
<robot generator="Robot 3.1.2 (Python 3.6.6 on linux)" generated="20200217 11:59:57.169" rpa="false">
<suite id="s1" name="4.6.10 UI &amp; 4.6.11 UI &amp; 4.6.12 UI &amp; 4.6.13 UI &amp; 4.6.1 UI &amp; 4.6.2 UI &amp; 4.6.2 UI STC &amp; 4.6.3 UI &amp; 4.6.3 UI STC LATER JOB &amp; 4.6.4 UI &amp; 4.6.5 UI &amp; 4.6.6 UI &amp; 4.6.7 UI &amp; 4.6.8 UI &amp; 4.6.9 UI">
<suite id="s1-s1" name="4.6.10 UI" source="/home/cisco/cxta-bpa/examples/4.6.10_UI.robot">
<test id="s1-s1-t1" name="4.6.10 STC OS UPGRADE CREATE NEW JOB-EXECUTION TIME LATER-SELECT DATE">
<kw name="Testcase setup" type="setup">
<kw name="Start Browser" library="CXTA.robot.Browser">
<doc>Browser.start_browser(self, browser_name=u'firefox', download_path=None, screenshot_path=None, remote_url=None, flash=False, proxy_urls=None)</doc>
<arguments>
<arg>browser_name=chrome</arg>
<arg>remote_url=${REMOTE_URL}</arg>
</arguments>
<status status="PASS" starttime="20200217 12:00:44.516" endtime="20200217 12:00:53.662"></status>
</kw>
<kw name="Log To Console" library="BuiltIn">
<doc>Logs the given message to the console.</doc>
<arguments>
<arg>"Opening the google chrome browser with the remote url http://selenium:4444/wd/hub "</arg>
</arguments>
<status status="PASS" starttime="20200217 12:00:53.680" endtime="20200217 12:00:53.685"></status>
</kw>
<kw name="Login to BPA UI &quot;${login.bpa_url}&quot; with credentials &quot;${login.bpa_username}&quot; and &quot;${login.bpa_password}&quot;" library="bpa_ui">
<doc>Login for BPA UI Application:</doc>
<kw name="set browser timeout to &quot;${BPA__MAX_WAIT_TIME}&quot; seconds" library="CXTA.robot.Browser">
<doc>Browser.set_browser_timeout(self, timeout)</doc>
<status status="PASS" starttime="20200217 12:00:53.717" endtime="20200217 12:00:53.722"></status>
</kw>
<kw name="clear the browser cookies" library="CXTA.robot.Browser">
<doc>Browser.clear_browser_cookies(self)</doc>
<status status="PASS" starttime="20200217 12:00:53.731" endtime="20200217 12:00:53.825"></status>
</kw>
<kw name="visit &quot;${url}&quot;" library="CXTA.robot.Browser">
<doc>Browser.visit_site(self, url)</doc>
<msg timestamp="20200217 12:00:53.845" level="INFO">Visiting url "https://10.52.123.82/portal/#/login"</msg>
<status status="PASS" starttime="20200217 12:00:53.839" endtime="20200217 12:01:08.382"></status>
</kw>
<kw name="wait until object is clickable via XPath &quot;${BPA__TXT_UID_XPATH}&quot;" library="CXTA.robot.Browser">
<doc>ElementsAttributes.wait_for_clickable_object_via_xpath(self, xpath)</doc>
<status status="PASS" starttime="20200217 12:01:08.399" endtime="20200217 12:01:08.785"></status>
</kw>
<kw name="enter &quot;${username}&quot; in the field with XPath &quot;${BPA__TXT_UID_XPATH}&quot;" library="CXTA.robot.Browser">
<doc>Inputs.enter_text_in_the_field_with_xpath(self, text, xpath)</doc>
<status status="PASS" starttime="20200217 12:01:08.797" endtime="20200217 12:01:09.935"></status>
</kw>
<kw name="wait until object is clickable via XPath &quot;${BPA__TXT_PWD_XPATH}&quot;" library="CXTA.robot.Browser">
<doc>ElementsAttributes.wait_for_clickable_object_via_xpath(self, xpath)</doc>
<status status="PASS" starttime="20200217 12:01:09.945" endtime="20200217 12:01:10.243"></status>
</kw>
<kw name="enter &quot;${password}&quot; in the field with XPath &quot;${BPA__TXT_PWD_XPATH}&quot;" library="CXTA.robot.Browser">
<doc>Inputs.enter_text_in_the_field_with_xpath(self, text, xpath)</doc>
<status status="PASS" starttime="20200217 12:01:10.252" endtime="20200217 12:01:11.053"></status>
</kw>
<kw name="wait until object is clickable via XPath &quot;${BPA__BTN_LOGIN_XPATH}&quot;" library="CXTA.robot.Browser">
<doc>ElementsAttributes.wait_for_clickable_object_via_xpath(self, xpath)</doc>
<status status="PASS" starttime="20200217 12:01:11.072" endtime="20200217 12:01:11.415"></status>
</kw>
<kw name="click on the object with XPath &quot;${BPA__BTN_LOGIN_XPATH}&quot;" library="CXTA.robot.Browser">
<doc>MouseEvents.click_object_with_xpath(self, xpath)</doc>
<status status="PASS" starttime="20200217 12:01:11.433" endtime="20200217 12:01:11.829"></status>
</kw>
<kw name="wait until object is clickable via XPath &quot;${BPA__LBL_DASHBOARD_XPATH}&quot;" library="CXTA.robot.Browser">
<doc>ElementsAttributes.wait_for_clickable_object_via_xpath(self, xpath)</doc>
<status status="PASS" starttime="20200217 12:01:11.884" endtime="20200217 12:01:14.254"></status>
</kw>
<status status="PASS" starttime="20200217 12:00:53.701" endtime="20200217 12:01:14.257"></status>
</kw>
<kw name="Log To Console" library="BuiltIn">
<doc>Logs the given message to the console.</doc>
<arguments>
<arg>"Logging into console https://10.52.123.82/portal/#/login with the credentials admin and admin"</arg>
</arguments>
<status status="PASS" starttime="20200217 12:01:14.266" endtime="20200217 12:01:14.269"></status>
</kw>
<status status="PASS" starttime="20200217 12:00:44.493" endtime="20200217 12:01:14.272"></status>
</kw>
<kw name="set browser timeout to &quot;${BPA__MAX_WAIT_TIME}&quot; seconds" library="CXTA.robot.Browser">
<doc>Browser.set_browser_timeout(self, timeout)</doc>
<status status="PASS" starttime="20200217 12:01:14.285" endtime="20200217 12:01:14.289"></status>
</kw>
<kw name="Log To Console" library="BuiltIn">
<doc>Logs the given message to the console.</doc>
<arguments>
<arg>"The max wait time of the browser window is 60 seconds"</arg>
</arguments>
<status status="PASS" starttime="20200217 12:01:14.299" endtime="20200217 12:01:14.303"></status>
</kw>
<kw name="Wait for the loading icon to disappear" library="CxtaBPA.CxtaBPAUI">
<doc>Method to wait for loading icon to disappear</doc>
<status status="PASS" starttime="20200217 12:01:14.312" endtime="20200217 12:01:56.630"></status>
</kw>
<kw name="click on the object with XPath &quot;${BPA_OS_UPGRADE_TILE_XPATH}&quot;" library="CXTA.robot.Browser">
<doc>MouseEvents.click_object_with_xpath(self, xpath)</doc>
<status status="PASS" starttime="20200217 12:01:56.643" endtime="20200217 12:01:59.410"></status>
</kw>
<kw name="Log To Console" library="BuiltIn">
<doc>Logs the given message to the console.</doc>
<arguments>
<arg>"Select STC OS upgrade tile from the dashboard"</arg>
</arguments>
<status status="PASS" starttime="20200217 12:01:59.421" endtime="20200217 12:01:59.425"></status>
</kw>
<kw name="wait until object is clickable via XPath &quot;${BPA_SELECT_DEVICE_LBL_TILE}&quot;" library="CXTA.robot.Browser">
<doc>ElementsAttributes.wait_for_clickable_object_via_xpath(self, xpath)</doc>
<status status="PASS" starttime="20200217 12:01:59.440" endtime="20200217 12:02:03.235"></status>
</kw>
<kw name="Wait for the loading icon to disappear" library="CxtaBPA.CxtaBPAUI">
<doc>Method to wait for loading icon to disappear</doc>
<status status="PASS" starttime="20200217 12:02:03.248" endtime="20200217 12:02:14.601"></status>
</kw>
<kw name="STC upgrade select device &quot;${osupgrade.device_name}&quot;" library="CxtaBPA.CxtaBPAUI">
<doc>This keyword retrieves list of devices in the selected BOA environment in STC.</doc>
<status status="PASS" starttime="20200217 12:02:14.614" endtime="20200217 12:02:16.030"></status>
</kw>
<kw name="Log To Console" library="BuiltIn">
<doc>Logs the given message to the console.</doc>
<arguments>
<arg>"The device type:ASR920 is selected from the dropdown"</arg>
</arguments>
<status status="PASS" starttime="20200217 12:02:16.046" endtime="20200217 12:02:16.051"></status>
</kw>
<kw name="Wait for the loading icon to disappear" library="CxtaBPA.CxtaBPAUI">
<doc>Method to wait for loading icon to disappear</doc>
<status status="PASS" starttime="20200217 12:02:16.064" endtime="20200217 12:02:22.572"></status>
</kw>
<kw name="wait until object is clickable via XPath &quot;${BPA__SELECT_CREATE_NEW_XPATH}&quot;" library="CXTA.robot.Browser">
<doc>ElementsAttributes.wait_for_clickable_object_via_xpath(self, xpath)</doc>
<status status="PASS" starttime="20200217 12:02:22.582" endtime="20200217 12:02:22.884"></status>
</kw>
<kw name="Wait for the loading icon to disappear" library="CxtaBPA.CxtaBPAUI">
<doc>Method to wait for loading icon to disappear</doc>
<status status="PASS" starttime="20200217 12:02:22.895" endtime="20200217 12:02:42.201"></status>
</kw>
<kw name="click on the object with XPath &quot;${BPA__SELECT_CREATE_NEW_XPATH}&quot;" library="CXTA.robot.Browser">
<doc>MouseEvents.click_object_with_xpath(self, xpath)</doc>
<status status="PASS" starttime="20200217 12:02:42.212" endtime="20200217 12:02:43.577"></status>
</kw>
<kw name="Log To Console" library="BuiltIn">
<doc>Logs the given message to the console.</doc>
<arguments>
<arg>"Job listing page of ASR920 : Create new is clicked"</arg>
</arguments>
<status status="PASS" starttime="20200217 12:02:43.589" endtime="20200217 12:02:43.592"></status>
</kw>
<kw name="Wait for the loading icon to disappear" library="CxtaBPA.CxtaBPAUI">
<doc>Method to wait for loading icon to disappear</doc>
<status status="PASS" starttime="20200217 12:02:43.608" endtime="20200217 12:02:55.139"></status>
</kw>
<kw name="Create device values with active os upgrade status device select date &quot;${osupgrade.create_new}&quot;" library="CxtaBPA.CxtaBPAUI">
<doc>This keyword retrieves list of devices in the selected BOA environment in STC.</doc>
<msg timestamp="20200217 12:03:33.800" level="INFO">option to click the calendar date value
----------------------
17
----------------
The current date is activated</msg>
<status status="PASS" starttime="20200217 12:02:55.152" endtime="20200217 12:03:33.801"></status>
</kw>
<kw name="Log To Console" library="BuiltIn">
<doc>Logs the given message to the console.</doc>
<arguments>
<arg>"Select Platform Model: 'ASR-920-24TZ-M' \n Select Device Role: 'UPE92' \n Select Release Software Version: '3.18.5SP'\n File Transfer Protocol: 'FTP' \n mdt_number: 123 \n Approval Status: 'Approved' \n mutilselect_device: 'STC-ASR920-1'"</arg>
</arguments>
<status status="PASS" starttime="20200217 12:03:33.814" endtime="20200217 12:03:33.819"></status>
</kw>
<kw name="Wait for the loading icon to disappear" library="CxtaBPA.CxtaBPAUI">
<doc>Method to wait for loading icon to disappear</doc>
<status status="PASS" starttime="20200217 12:03:33.833" endtime="20200217 12:03:40.255"></status>
</kw>
<kw name="Testcase teardown" type="teardown">
<kw name="Logout of BPA UI" library="bpa_ui">
<doc>Logs out of BPA UI</doc>
<kw name="set browser timeout to &quot;${BPA__MAX_WAIT_TIME}&quot; seconds" library="CXTA.robot.Browser">
<doc>Browser.set_browser_timeout(self, timeout)</doc>
<status status="PASS" starttime="20200217 12:03:40.278" endtime="20200217 12:03:40.282"></status>
</kw>
<kw name="Wait for the loading icon to disappear" library="CxtaBPA.CxtaBPAUI">
<doc>Method to wait for loading icon to disappear</doc>
<status status="PASS" starttime="20200217 12:03:40.291" endtime="20200217 12:03:46.925"></status>
</kw>
<kw name="wait until object is clickable via XPath &quot;${BPA__MENU_PROFILE_XPATH}&quot;" library="CXTA.robot.Browser">
<doc>ElementsAttributes.wait_for_clickable_object_via_xpath(self, xpath)</doc>
<status status="PASS" starttime="20200217 12:03:46.941" endtime="20200217 12:03:47.281"></status>
</kw>
<kw name="click on the object with XPath &quot;${BPA__MENU_PROFILE_XPATH}&quot;" library="CXTA.robot.Browser">
<doc>MouseEvents.click_object_with_xpath(self, xpath)</doc>
<status status="PASS" starttime="20200217 12:03:47.295" endtime="20200217 12:03:47.977"></status>
</kw>
<kw name="wait until object is clickable via XPath &quot;${BPA__MENU_LOGOUT_XPATH}&quot;" library="CXTA.robot.Browser">
<doc>ElementsAttributes.wait_for_clickable_object_via_xpath(self, xpath)</doc>
<status status="PASS" starttime="20200217 12:03:47.998" endtime="20200217 12:04:00.074"></status>
</kw>
<kw name="click on the object with XPath &quot;${BPA__MENU_LOGOUT_XPATH}&quot;" library="CXTA.robot.Browser">
<doc>MouseEvents.click_object_with_xpath(self, xpath)</doc>
<status status="PASS" starttime="20200217 12:04:00.091" endtime="20200217 12:04:00.653"></status>
</kw>
<status status="PASS" starttime="20200217 12:03:40.266" endtime="20200217 12:04:00.656"></status>
</kw>
<kw name="close browser" library="CXTA.robot.Browser">
<doc>Browser.close_browser(self)</doc>
<status status="PASS" starttime="20200217 12:04:00.666" endtime="20200217 12:04:00.740"></status>
</kw>
<status status="PASS" starttime="20200217 12:03:40.259" endtime="20200217 12:04:00.743"></status>
</kw>
<status status="PASS" starttime="20200217 12:00:44.477" endtime="20200217 12:04:00.746" critical="yes"></status>
</test>
<status status="PASS" starttime="20200217 11:59:57.468" endtime="20200217 12:04:00.758"></status>
</suite>
<suite id="s1-s2" name="4.6.11 UI" source="/home/cisco/cxta-bpa/examples/4.6.11_UI.robot">
<test id="s1-s2-t1" name="4.6.11 STC OS UPGRADE CREATE NEW JOB-EXECUTION TIME LATER-SELECT TIME">
<kw name="Testcase setup" type="setup">
<kw name="Start Browser" library="CXTA.robot.Browser">
<doc>Browser.start_browser(self, browser_name=u'firefox', download_path=None, screenshot_path=None, remote_url=None, flash=False, proxy_urls=None)</doc>
<arguments>
<arg>browser_name=chrome</arg>
<arg>remote_url=${REMOTE_URL}</arg>
</arguments>
<status status="PASS" starttime="20200217 12:04:03.027" endtime="20200217 12:04:06.592"></status>
</kw>
<kw name="Log To Console" library="BuiltIn">
<doc>Logs the given message to the console.</doc>
<arguments>
<arg>"Opening the google chrome browser with the remote url http://selenium:4444/wd/hub "</arg>
</arguments>
<status status="PASS" starttime="20200217 12:04:06.604" endtime="20200217 12:04:06.609"></status>
</kw>
<kw name="Login to BPA UI &quot;${login.bpa_url}&quot; with credentials &quot;${login.bpa_username}&quot; and &quot;${login.bpa_password}&quot;" library="bpa_ui">
<doc>Login for BPA UI Application:</doc>
<kw name="set browser timeout to &quot;${BPA__MAX_WAIT_TIME}&quot; seconds" library="CXTA.robot.Browser">
<doc>Browser.set_browser_timeout(self, timeout)</doc>
<status status="PASS" starttime="20200217 12:04:06.646" endtime="20200217 12:04:06.652"></status>
</kw>
<kw name="clear the browser cookies" library="CXTA.robot.Browser">
<doc>Browser.clear_browser_cookies(self)</doc>
<status status="PASS" starttime="20200217 12:04:06.665" endtime="20200217 12:04:06.787"></status>
</kw>
<kw name="visit &quot;${url}&quot;" library="CXTA.robot.Browser">
<doc>Browser.visit_site(self, url)</doc>
<msg timestamp="20200217 12:04:06.805" level="INFO">Visiting url "https://10.52.123.82/portal/#/login"</msg>
<status status="PASS" starttime="20200217 12:04:06.801" endtime="20200217 12:04:20.654"></status>
</kw>
<kw name="wait until object is clickable via XPath &quot;${BPA__TXT_UID_XPATH}&quot;" library="CXTA.robot.Browser">
<doc>ElementsAttributes.wait_for_clickable_object_via_xpath(self, xpath)</doc>
<status status="PASS" starttime="20200217 12:04:20.665" endtime="20200217 12:04:21.406"></status>
</kw>
<kw name="enter &quot;${username}&quot; in the field with XPath &quot;${BPA__TXT_UID_XPATH}&quot;" library="CXTA.robot.Browser">
<doc>Inputs.enter_text_in_the_field_with_xpath(self, text, xpath)</doc>
<status status="PASS" starttime="20200217 12:04:21.426" endtime="20200217 12:04:22.249"></status>
</kw>
<kw name="wait until object is clickable via XPath &quot;${BPA__TXT_PWD_XPATH}&quot;" library="CXTA.robot.Browser">
<doc>ElementsAttributes.wait_for_clickable_object_via_xpath(self, xpath)</doc>
<status status="PASS" starttime="20200217 12:04:22.264" endtime="20200217 12:04:22.655"></status>
</kw>
<kw name="enter &quot;${password}&quot; in the field with XPath &quot;${BPA__TXT_PWD_XPATH}&quot;" library="CXTA.robot.Browser">
<doc>Inputs.enter_text_in_the_field_with_xpath(self, text, xpath)</doc>
<status status="PASS" starttime="20200217 12:04:22.665" endtime="20200217 12:04:23.395"></status>
</kw>
<kw name="wait until object is clickable via XPath &quot;${BPA__BTN_LOGIN_XPATH}&quot;" library="CXTA.robot.Browser">
<doc>ElementsAttributes.wait_for_clickable_object_via_xpath(self, xpath)</doc>
<status status="PASS" starttime="20200217 12:04:23.408" endtime="20200217 12:04:23.912"></status>
</kw>
<kw name="click on the object with XPath &quot;${BPA__BTN_LOGIN_XPATH}&quot;" library="CXTA.robot.Browser">
<doc>MouseEvents.click_object_with_xpath(self, xpath)</doc>
<status status="PASS" starttime="20200217 12:04:23.922" endtime="20200217 12:04:24.296"></status>
</kw>
<kw name="wait until object is clickable via XPath &quot;${BPA__LBL_DASHBOARD_XPATH}&quot;" library="CXTA.robot.Browser">
<doc>ElementsAttributes.wait_for_clickable_object_via_xpath(self, xpath)</doc>
<status status="PASS" starttime="20200217 12:04:24.310" endtime="20200217 12:04:26.675"></status>
</kw>
<status status="PASS" starttime="20200217 12:04:06.628" endtime="20200217 12:04:26.678"></status>
</kw>
<kw name="Log To Console" library="BuiltIn">
<doc>Logs the given message to the console.</doc>
<arguments>
<arg>"Logging into console https://10.52.123.82/portal/#/login with the credentials admin and admin"</arg>
</arguments>
<status status="PASS" starttime="20200217 12:04:26.686" endtime="20200217 12:04:26.689"></status>
</kw>
<status status="PASS" starttime="20200217 12:04:03.013" endtime="20200217 12:04:26.692"></status>
</kw>
<kw name="set browser timeout to &quot;${BPA__MAX_WAIT_TIME}&quot; seconds" library="CXTA.robot.Browser">
<doc>Browser.set_browser_timeout(self, timeout)</doc>
<status status="PASS" starttime="20200217 12:04:26.704" endtime="20200217 12:04:26.709"></status>
</kw>
<kw name="Log To Console" library="BuiltIn">
<doc>Logs the given message to the console.</doc>
<arguments>
<arg>"The max wait time of the browser window is 60 seconds"</arg>
</arguments>
<status status="PASS" starttime="20200217 12:04:26.718" endtime="20200217 12:04:26.721"></status>
</kw>
<kw name="Wait for the loading icon to disappear" library="CxtaBPA.CxtaBPAUI">
<doc>Method to wait for loading icon to disappear</doc>
<status status="PASS" starttime="20200217 12:04:26.738" endtime="20200217 12:05:09.688"></status>
</kw>
<kw name="click on the object with XPath &quot;${BPA_OS_UPGRADE_TILE_XPATH}&quot;" library="CXTA.robot.Browser">
<doc>MouseEvents.click_object_with_xpath(self, xpath)</doc>
<status status="PASS" starttime="20200217 12:05:09.702" endtime="20200217 12:05:10.374"></status>
</kw>
<kw name="Log To Console" library="BuiltIn">
<doc>Logs the given message to the console.</doc>
<arguments>
<arg>"Click the STC OS Upgrade icon</arg>
<arg>"</arg>
</arguments>
<status status="PASS" starttime="20200217 12:05:10.385" endtime="20200217 12:05:10.390"></status>
</kw>
<kw name="wait until object is clickable via XPath &quot;${BPA_SELECT_DEVICE_LBL_TILE}&quot;" library="CXTA.robot.Browser">
<doc>ElementsAttributes.wait_for_clickable_object_via_xpath(self, xpath)</doc>
<status status="PASS" starttime="20200217 12:05:10.409" endtime="20200217 12:05:14.220"></status>
</kw>
<kw name="Log To Console" library="BuiltIn">
<doc>Logs the given message to the console.</doc>
<arguments>
<arg>"Wait until SELECT DEVICE label is visible"</arg>
</arguments>
<status status="PASS" starttime="20200217 12:05:14.234" endtime="20200217 12:05:14.238"></status>
</kw>
<kw name="Wait for the loading icon to disappear" library="CxtaBPA.CxtaBPAUI">
<doc>Method to wait for loading icon to disappear</doc>
<status status="PASS" starttime="20200217 12:05:14.250" endtime="20200217 12:05:25.312"></status>
</kw>
<kw name="STC upgrade select device &quot;${osupgrade.device_name}&quot;" library="CxtaBPA.CxtaBPAUI">
<doc>This keyword retrieves list of devices in the selected BOA environment in STC.</doc>
<status status="PASS" starttime="20200217 12:05:25.333" endtime="20200217 12:05:26.617"></status>
</kw>
<kw name="Log To Console" library="BuiltIn">
<doc>Logs the given message to the console.</doc>
<arguments>
<arg>"The device type selected for upgrade is ASR920"</arg>
</arguments>
<status status="PASS" starttime="20200217 12:05:26.630" endtime="20200217 12:05:26.634"></status>
</kw>
<kw name="Wait for the loading icon to disappear" library="CxtaBPA.CxtaBPAUI">
<doc>Method to wait for loading icon to disappear</doc>
<status status="PASS" starttime="20200217 12:05:26.648" endtime="20200217 12:05:33.740"></status>
</kw>
<kw name="wait until object is clickable via XPath &quot;${BPA__SELECT_CREATE_NEW_XPATH}&quot;" library="CXTA.robot.Browser">
<doc>ElementsAttributes.wait_for_clickable_object_via_xpath(self, xpath)</doc>
<status status="PASS" starttime="20200217 12:05:33.755" endtime="20200217 12:05:34.064"></status>
</kw>
<kw name="Wait for the loading icon to disappear" library="CxtaBPA.CxtaBPAUI">
<doc>Method to wait for loading icon to disappear</doc>
<status status="PASS" starttime="20200217 12:05:34.076" endtime="20200217 12:05:52.319"></status>
</kw>
<kw name="click on the object with XPath &quot;${BPA__SELECT_CREATE_NEW_XPATH}&quot;" library="CXTA.robot.Browser">
<doc>MouseEvents.click_object_with_xpath(self, xpath)</doc>
<status status="PASS" starttime="20200217 12:05:52.331" endtime="20200217 12:05:53.471"></status>
</kw>
<kw name="Log To Console" library="BuiltIn">
<doc>Logs the given message to the console.</doc>
<arguments>
<arg>"Job listing page of ASR920 : Create new is clicked"</arg>
</arguments>
<status status="PASS" starttime="20200217 12:05:53.483" endtime="20200217 12:05:53.487"></status>
</kw>
<kw name="Wait for the loading icon to disappear" library="CxtaBPA.CxtaBPAUI">
<doc>Method to wait for loading icon to disappear</doc>
<status status="PASS" starttime="20200217 12:05:53.500" endtime="20200217 12:05:59.867"></status>
</kw>
<kw name="Create device values with later time &quot;${osupgrade.create_new_later}&quot;" library="CxtaBPA.CxtaBPAUI">
<doc>This keyword retrieves list of devices in the selected BOA environment in STC.</doc>
<msg timestamp="20200217 12:06:49.945" level="INFO">The value of time present here is 
12
The dict value of time passed here is 
12:30</msg>
<status status="PASS" starttime="20200217 12:05:59.885" endtime="20200217 12:06:49.946"></status>
</kw>
<kw name="Log To Console" library="BuiltIn">
<doc>Logs the given message to the console.</doc>
<arguments>
<arg>"Select Platform Model: 'ASR-920-24TZ-M' \n Select Device Role: 'UPE92' \n Select Release Software Version: '3.18.5SP'\n File Transfer Protocol: 'FTP' \n mdt_number: 123 \n Approval Status: 'Approved' \n mutilselect_device: 'STC-ASR920-1'"</arg>
</arguments>
<status status="PASS" starttime="20200217 12:06:49.955" endtime="20200217 12:06:49.959"></status>
</kw>
<kw name="Wait for the loading icon to disappear" library="CxtaBPA.CxtaBPAUI">
<doc>Method to wait for loading icon to disappear</doc>
<status status="PASS" starttime="20200217 12:06:49.970" endtime="20200217 12:06:56.060"></status>
</kw>
<kw name="wait until object is clickable via XPath &quot;${BPA__CREATE_NEW_SUBMIT}&quot;" library="CXTA.robot.Browser">
<doc>ElementsAttributes.wait_for_clickable_object_via_xpath(self, xpath)</doc>
<status status="PASS" starttime="20200217 12:06:56.074" endtime="20200217 12:06:56.375"></status>
</kw>
<kw name="click on the object with XPath &quot;${BPA__CREATE_NEW_SUBMIT}&quot;" library="CXTA.robot.Browser">
<doc>MouseEvents.click_object_with_xpath(self, xpath)</doc>
<status status="PASS" starttime="20200217 12:06:56.389" endtime="20200217 12:06:56.941"></status>
</kw>
<kw name="Log To Console" library="BuiltIn">
<doc>Logs the given message to the console.</doc>
<arguments>
<arg>"Submit button is clicked for the JOB"</arg>
</arguments>
<status status="PASS" starttime="20200217 12:06:56.955" endtime="20200217 12:06:56.960"></status>
</kw>
<kw name="Wait for the loading icon to disappear" library="CxtaBPA.CxtaBPAUI">
<doc>Method to wait for loading icon to disappear</doc>
<status status="PASS" starttime="20200217 12:06:56.971" endtime="20200217 12:07:09.395"></status>
</kw>
<kw name="check xpath for the value message &quot;${BPA__SELECT_TIME_VALUE}&quot;" library="CxtaBPA.CxtaBPAUI">
<msg timestamp="20200217 12:07:09.630" level="INFO">The xpath value shown down is 
//p[@class = "extra-error ng-star-inserted"]
Successfully verified the schedule time must be greater than current time</msg>
<status status="PASS" starttime="20200217 12:07:09.411" endtime="20200217 12:07:09.631"></status>
</kw>
<kw name="Log To Console" library="BuiltIn">
<doc>Logs the given message to the console.</doc>
<arguments>
<arg>"xpath : verified the schedule time must be greater than current time is, verified"</arg>
</arguments>
<status status="PASS" starttime="20200217 12:07:09.641" endtime="20200217 12:07:09.644"></status>
</kw>
<kw name="Wait for the loading icon to disappear" library="CxtaBPA.CxtaBPAUI">
<doc>Method to wait for loading icon to disappear</doc>
<status status="PASS" starttime="20200217 12:07:09.657" endtime="20200217 12:07:16.316"></status>
</kw>
<kw name="Testcase teardown" type="teardown">
<kw name="Logout of BPA UI" library="bpa_ui">
<doc>Logs out of BPA UI</doc>
<kw name="set browser timeout to &quot;${BPA__MAX_WAIT_TIME}&quot; seconds" library="CXTA.robot.Browser">
<doc>Browser.set_browser_timeout(self, timeout)</doc>
<status status="PASS" starttime="20200217 12:07:16.345" endtime="20200217 12:07:16.353"></status>
</kw>
<kw name="Wait for the loading icon to disappear" library="CxtaBPA.CxtaBPAUI">
<doc>Method to wait for loading icon to disappear</doc>
<status status="PASS" starttime="20200217 12:07:16.366" endtime="20200217 12:07:22.461"></status>
</kw>
<kw name="wait until object is clickable via XPath &quot;${BPA__MENU_PROFILE_XPATH}&quot;" library="CXTA.robot.Browser">
<doc>ElementsAttributes.wait_for_clickable_object_via_xpath(self, xpath)</doc>
<status status="PASS" starttime="20200217 12:07:22.474" endtime="20200217 12:07:22.755"></status>
</kw>
<kw name="click on the object with XPath &quot;${BPA__MENU_PROFILE_XPATH}&quot;" library="CXTA.robot.Browser">
<doc>MouseEvents.click_object_with_xpath(self, xpath)</doc>
<status status="PASS" starttime="20200217 12:07:22.764" endtime="20200217 12:07:23.341"></status>
</kw>
<kw name="wait until object is clickable via XPath &quot;${BPA__MENU_LOGOUT_XPATH}&quot;" library="CXTA.robot.Browser">
<doc>ElementsAttributes.wait_for_clickable_object_via_xpath(self, xpath)</doc>
<status status="PASS" starttime="20200217 12:07:23.358" endtime="20200217 12:07:23.758"></status>
</kw>
<kw name="click on the object with XPath &quot;${BPA__MENU_LOGOUT_XPATH}&quot;" library="CXTA.robot.Browser">
<doc>MouseEvents.click_object_with_xpath(self, xpath)</doc>
<status status="PASS" starttime="20200217 12:07:23.769" endtime="20200217 12:07:24.604"></status>
</kw>
<status status="PASS" starttime="20200217 12:07:16.329" endtime="20200217 12:07:24.609"></status>
</kw>
<kw name="close browser" library="CXTA.robot.Browser">
<doc>Browser.close_browser(self)</doc>
<status status="PASS" starttime="20200217 12:07:24.620" endtime="20200217 12:07:24.696"></status>
</kw>
<status status="PASS" starttime="20200217 12:07:16.322" endtime="20200217 12:07:24.700"></status>
</kw>
<doc>Waiting to test the documentation commment visible on screen</doc>
<status status="PASS" starttime="20200217 12:04:03.003" endtime="20200217 12:07:24.703" critical="yes"></status>
</test>
<status status="PASS" starttime="20200217 12:04:00.791" endtime="20200217 12:07:24.714"></status>
</suite>
<suite id="s1-s3" name="4.6.12 UI" source="/home/cisco/cxta-bpa/examples/4.6.12_UI.robot">
<test id="s1-s3-t1" name="4.6.12 STC OS UPGRADE CREATE NEW JOB-MDT/TCN Mapping Maximum Rows">
<kw name="Testcase setup" type="setup">
<kw name="Start Browser" library="CXTA.robot.Browser">
<doc>Browser.start_browser(self, browser_name=u'firefox', download_path=None, screenshot_path=None, remote_url=None, flash=False, proxy_urls=None)</doc>
<arguments>
<arg>browser_name=chrome</arg>
<arg>remote_url=${REMOTE_URL}</arg>
</arguments>
<status status="PASS" starttime="20200217 12:07:25.821" endtime="20200217 12:07:29.181"></status>
</kw>
<kw name="Log To Console" library="BuiltIn">
<doc>Logs the given message to the console.</doc>
<arguments>
<arg>"Opening the google chrome browser with the remote url http://selenium:4444/wd/hub "</arg>
</arguments>
<status status="PASS" starttime="20200217 12:07:29.192" endtime="20200217 12:07:29.194"></status>
</kw>
<kw name="Login to BPA UI &quot;${login.bpa_url}&quot; with credentials &quot;${login.bpa_username}&quot; and &quot;${login.bpa_password}&quot;" library="bpa_ui">
<doc>Login for BPA UI Application:</doc>
<kw name="set browser timeout to &quot;${BPA__MAX_WAIT_TIME}&quot; seconds" library="CXTA.robot.Browser">
<doc>Browser.set_browser_timeout(self, timeout)</doc>
<status status="PASS" starttime="20200217 12:07:29.233" endtime="20200217 12:07:29.240"></status>
</kw>
<kw name="clear the browser cookies" library="CXTA.robot.Browser">
<doc>Browser.clear_browser_cookies(self)</doc>
<status status="PASS" starttime="20200217 12:07:29.253" endtime="20200217 12:07:29.398"></status>
</kw>
<kw name="visit &quot;${url}&quot;" library="CXTA.robot.Browser">
<doc>Browser.visit_site(self, url)</doc>
<msg timestamp="20200217 12:07:29.421" level="INFO">Visiting url "https://10.52.123.82/portal/#/login"</msg>
<status status="PASS" starttime="20200217 12:07:29.416" endtime="20200217 12:07:44.128"></status>
</kw>
<kw name="wait until object is clickable via XPath &quot;${BPA__TXT_UID_XPATH}&quot;" library="CXTA.robot.Browser">
<doc>ElementsAttributes.wait_for_clickable_object_via_xpath(self, xpath)</doc>
<status status="PASS" starttime="20200217 12:07:44.142" endtime="20200217 12:07:44.485"></status>
</kw>
<kw name="enter &quot;${username}&quot; in the field with XPath &quot;${BPA__TXT_UID_XPATH}&quot;" library="CXTA.robot.Browser">
<doc>Inputs.enter_text_in_the_field_with_xpath(self, text, xpath)</doc>
<status status="PASS" starttime="20200217 12:07:44.494" endtime="20200217 12:07:45.495"></status>
</kw>
<kw name="wait until object is clickable via XPath &quot;${BPA__TXT_PWD_XPATH}&quot;" library="CXTA.robot.Browser">
<doc>ElementsAttributes.wait_for_clickable_object_via_xpath(self, xpath)</doc>
<status status="PASS" starttime="20200217 12:07:45.508" endtime="20200217 12:07:45.889"></status>
</kw>
<kw name="enter &quot;${password}&quot; in the field with XPath &quot;${BPA__TXT_PWD_XPATH}&quot;" library="CXTA.robot.Browser">
<doc>Inputs.enter_text_in_the_field_with_xpath(self, text, xpath)</doc>
<status status="PASS" starttime="20200217 12:07:45.904" endtime="20200217 12:07:46.607"></status>
</kw>
<kw name="wait until object is clickable via XPath &quot;${BPA__BTN_LOGIN_XPATH}&quot;" library="CXTA.robot.Browser">
<doc>ElementsAttributes.wait_for_clickable_object_via_xpath(self, xpath)</doc>
<status status="PASS" starttime="20200217 12:07:46.618" endtime="20200217 12:07:46.963"></status>
</kw>
<kw name="click on the object with XPath &quot;${BPA__BTN_LOGIN_XPATH}&quot;" library="CXTA.robot.Browser">
<doc>MouseEvents.click_object_with_xpath(self, xpath)</doc>
<status status="PASS" starttime="20200217 12:07:46.979" endtime="20200217 12:07:47.409"></status>
</kw>
<kw name="wait until object is clickable via XPath &quot;${BPA__LBL_DASHBOARD_XPATH}&quot;" library="CXTA.robot.Browser">
<doc>ElementsAttributes.wait_for_clickable_object_via_xpath(self, xpath)</doc>
<status status="PASS" starttime="20200217 12:07:47.425" endtime="20200217 12:07:49.982"></status>
</kw>
<status status="PASS" starttime="20200217 12:07:29.217" endtime="20200217 12:07:49.985"></status>
</kw>
<kw name="Log To Console" library="BuiltIn">
<doc>Logs the given message to the console.</doc>
<arguments>
<arg>"Logging into console https://10.52.123.82/portal/#/login with the credentials admin and admin"</arg>
</arguments>
<status status="PASS" starttime="20200217 12:07:49.997" endtime="20200217 12:07:50.000"></status>
</kw>
<status status="PASS" starttime="20200217 12:07:25.810" endtime="20200217 12:07:50.003"></status>
</kw>
<kw name="set browser timeout to &quot;${BPA__MAX_WAIT_TIME}&quot; seconds" library="CXTA.robot.Browser">
<doc>Browser.set_browser_timeout(self, timeout)</doc>
<status status="PASS" starttime="20200217 12:07:50.018" endtime="20200217 12:07:50.025"></status>
</kw>
<kw name="Log To Console" library="BuiltIn">
<doc>Logs the given message to the console.</doc>
<arguments>
<arg>"The max wait time of the browser window is 60 seconds"</arg>
</arguments>
<status status="PASS" starttime="20200217 12:07:50.036" endtime="20200217 12:07:50.040"></status>
</kw>
<kw name="Wait for the loading icon to disappear" library="CxtaBPA.CxtaBPAUI">
<doc>Method to wait for loading icon to disappear</doc>
<status status="PASS" starttime="20200217 12:07:50.053" endtime="20200217 12:08:34.275"></status>
</kw>
<kw name="click on the object with XPath &quot;${BPA_OS_UPGRADE_TILE_XPATH}&quot;" library="CXTA.robot.Browser">
<doc>MouseEvents.click_object_with_xpath(self, xpath)</doc>
<status status="PASS" starttime="20200217 12:08:34.292" endtime="20200217 12:08:35.004"></status>
</kw>
<kw name="Log To Console" library="BuiltIn">
<doc>Logs the given message to the console.</doc>
<arguments>
<arg>"Select STC OS upgrade tile from the dashboard"</arg>
</arguments>
<status status="PASS" starttime="20200217 12:08:35.019" endtime="20200217 12:08:35.024"></status>
</kw>
<kw name="wait until object is clickable via XPath &quot;${BPA_SELECT_DEVICE_LBL_TILE}&quot;" library="CXTA.robot.Browser">
<doc>ElementsAttributes.wait_for_clickable_object_via_xpath(self, xpath)</doc>
<status status="PASS" starttime="20200217 12:08:35.037" endtime="20200217 12:08:38.953"></status>
</kw>
<kw name="Wait for the loading icon to disappear" library="CxtaBPA.CxtaBPAUI">
<doc>Method to wait for loading icon to disappear</doc>
<status status="PASS" starttime="20200217 12:08:38.964" endtime="20200217 12:08:50.705"></status>
</kw>
<kw name="STC upgrade select device &quot;${osupgrade.device_name}&quot;" library="CxtaBPA.CxtaBPAUI">
<doc>This keyword retrieves list of devices in the selected BOA environment in STC.</doc>
<status status="PASS" starttime="20200217 12:08:50.722" endtime="20200217 12:08:52.046"></status>
</kw>
<kw name="Log To Console" library="BuiltIn">
<doc>Logs the given message to the console.</doc>
<arguments>
<arg>"The device type:ASR920 is selected from the dropdown"</arg>
</arguments>
<status status="PASS" starttime="20200217 12:08:52.060" endtime="20200217 12:08:52.064"></status>
</kw>
<kw name="Wait for the loading icon to disappear" library="CxtaBPA.CxtaBPAUI">
<doc>Method to wait for loading icon to disappear</doc>
<status status="PASS" starttime="20200217 12:08:52.079" endtime="20200217 12:08:58.359"></status>
</kw>
<kw name="wait until object is clickable via XPath &quot;${BPA__SELECT_CREATE_NEW_XPATH}&quot;" library="CXTA.robot.Browser">
<doc>ElementsAttributes.wait_for_clickable_object_via_xpath(self, xpath)</doc>
<status status="PASS" starttime="20200217 12:08:58.372" endtime="20200217 12:08:58.667"></status>
</kw>
<kw name="Wait for the loading icon to disappear" library="CxtaBPA.CxtaBPAUI">
<doc>Method to wait for loading icon to disappear</doc>
<status status="PASS" starttime="20200217 12:08:58.679" endtime="20200217 12:09:11.154"></status>
</kw>
<kw name="click on the object with XPath &quot;${BPA__SELECT_CREATE_NEW_XPATH}&quot;" library="CXTA.robot.Browser">
<doc>MouseEvents.click_object_with_xpath(self, xpath)</doc>
<status status="PASS" starttime="20200217 12:09:11.170" endtime="20200217 12:09:19.347"></status>
</kw>
<kw name="Log To Console" library="BuiltIn">
<doc>Logs the given message to the console.</doc>
<arguments>
<arg>"Job listing page of ASR920 : Create new is clicked"</arg>
</arguments>
<status status="PASS" starttime="20200217 12:09:19.359" endtime="20200217 12:09:19.362"></status>
</kw>
<kw name="Wait for the loading icon to disappear" library="CxtaBPA.CxtaBPAUI">
<doc>Method to wait for loading icon to disappear</doc>
<status status="PASS" starttime="20200217 12:09:19.374" endtime="20200217 12:09:31.810"></status>
</kw>
<kw name="Create device values with active os upgrade status mdt rows &quot;${osupgrade.create_new}&quot;" library="CxtaBPA.CxtaBPAUI">
<doc>This keyword retrieves list of devices in the selected BOA environment in STC.</doc>
<status status="PASS" starttime="20200217 12:09:31.824" endtime="20200217 12:09:53.899"></status>
</kw>
<kw name="Log To Console" library="BuiltIn">
<doc>Logs the given message to the console.</doc>
<arguments>
<arg>"Select Platform Model: 'ASR-920-24TZ-M' \n Select Device Role: 'UPE92' \n Select Release Software Version: '3.18.5SP'\n File Transfer Protocol: 'FTP' \n mdt_number: 123 \n Approval Status: 'Approved' \n mutilselect_device: 'STC-ASR920-1'"</arg>
</arguments>
<status status="PASS" starttime="20200217 12:09:53.913" endtime="20200217 12:09:53.918"></status>
</kw>
<kw name="Wait for the loading icon to disappear" library="CxtaBPA.CxtaBPAUI">
<doc>Method to wait for loading icon to disappear</doc>
<status status="PASS" starttime="20200217 12:09:53.930" endtime="20200217 12:10:04.060"></status>
</kw>
<kw name="wait until object is clickable via XPath &quot;${BPA__SELECT_MDT_ROWS}&quot;" library="CXTA.robot.Browser">
<doc>ElementsAttributes.wait_for_clickable_object_via_xpath(self, xpath)</doc>
<status status="PASS" starttime="20200217 12:10:04.074" endtime="20200217 12:10:04.357"></status>
</kw>
<kw name="click on the object with XPath &quot;${BPA__SELECT_MDT_ROWS}&quot;" library="CXTA.robot.Browser">
<doc>MouseEvents.click_object_with_xpath(self, xpath)</doc>
<status status="PASS" starttime="20200217 12:10:04.369" endtime="20200217 12:10:05.110"></status>
</kw>
<kw name="Log To Console" library="BuiltIn">
<doc>Logs the given message to the console.</doc>
<arguments>
<arg>"Extra MDT/Device mapping rows are selected"</arg>
</arguments>
<status status="PASS" starttime="20200217 12:10:05.122" endtime="20200217 12:10:05.126"></status>
</kw>
<kw name="Testcase teardown" type="teardown">
<kw name="Logout of BPA UI" library="bpa_ui">
<doc>Logs out of BPA UI</doc>
<kw name="set browser timeout to &quot;${BPA__MAX_WAIT_TIME}&quot; seconds" library="CXTA.robot.Browser">
<doc>Browser.set_browser_timeout(self, timeout)</doc>
<status status="PASS" starttime="20200217 12:10:05.164" endtime="20200217 12:10:05.173"></status>
</kw>
<kw name="Wait for the loading icon to disappear" library="CxtaBPA.CxtaBPAUI">
<doc>Method to wait for loading icon to disappear</doc>
<status status="PASS" starttime="20200217 12:10:05.187" endtime="20200217 12:10:11.790"></status>
</kw>
<kw name="wait until object is clickable via XPath &quot;${BPA__MENU_PROFILE_XPATH}&quot;" library="CXTA.robot.Browser">
<doc>ElementsAttributes.wait_for_clickable_object_via_xpath(self, xpath)</doc>
<status status="PASS" starttime="20200217 12:10:11.802" endtime="20200217 12:10:12.112"></status>
</kw>
<kw name="click on the object with XPath &quot;${BPA__MENU_PROFILE_XPATH}&quot;" library="CXTA.robot.Browser">
<doc>MouseEvents.click_object_with_xpath(self, xpath)</doc>
<status status="PASS" starttime="20200217 12:10:12.124" endtime="20200217 12:10:12.721"></status>
</kw>
<kw name="wait until object is clickable via XPath &quot;${BPA__MENU_LOGOUT_XPATH}&quot;" library="CXTA.robot.Browser">
<doc>ElementsAttributes.wait_for_clickable_object_via_xpath(self, xpath)</doc>
<status status="PASS" starttime="20200217 12:10:12.737" endtime="20200217 12:10:13.079"></status>
</kw>
<kw name="click on the object with XPath &quot;${BPA__MENU_LOGOUT_XPATH}&quot;" library="CXTA.robot.Browser">
<doc>MouseEvents.click_object_with_xpath(self, xpath)</doc>
<status status="PASS" starttime="20200217 12:10:13.094" endtime="20200217 12:10:13.745"></status>
</kw>
<status status="PASS" starttime="20200217 12:10:05.142" endtime="20200217 12:10:13.749"></status>
</kw>
<kw name="close browser" library="CXTA.robot.Browser">
<doc>Browser.close_browser(self)</doc>
<status status="PASS" starttime="20200217 12:10:13.760" endtime="20200217 12:10:13.881"></status>
</kw>
<status status="PASS" starttime="20200217 12:10:05.129" endtime="20200217 12:10:13.884"></status>
</kw>
<status status="PASS" starttime="20200217 12:07:25.804" endtime="20200217 12:10:13.887" critical="yes"></status>
</test>
<status status="PASS" starttime="20200217 12:07:24.754" endtime="20200217 12:10:13.895"></status>
</suite>
<suite id="s1-s4" name="4.6.13 UI" source="/home/cisco/cxta-bpa/examples/4.6.13_UI.robot">
<test id="s1-s4-t1" name="4.6.13 STC OS UPGRADE CREATE NEW JOB-MDT/TCN Mapping duplicates">
<kw name="Testcase setup" type="setup">
<kw name="Start Browser" library="CXTA.robot.Browser">
<doc>Browser.start_browser(self, browser_name=u'firefox', download_path=None, screenshot_path=None, remote_url=None, flash=False, proxy_urls=None)</doc>
<arguments>
<arg>browser_name=chrome</arg>
<arg>remote_url=${REMOTE_URL}</arg>
</arguments>
<status status="PASS" starttime="20200217 12:10:14.999" endtime="20200217 12:10:18.523"></status>
</kw>
<kw name="Log To Console" library="BuiltIn">
<doc>Logs the given message to the console.</doc>
<arguments>
<arg>"Opening the google chrome browser with the remote url http://selenium:4444/wd/hub "</arg>
</arguments>
<status status="PASS" starttime="20200217 12:10:18.533" endtime="20200217 12:10:18.537"></status>
</kw>
<kw name="Login to BPA UI &quot;${login.bpa_url}&quot; with credentials &quot;${login.bpa_username}&quot; and &quot;${login.bpa_password}&quot;" library="bpa_ui">
<doc>Login for BPA UI Application:</doc>
<kw name="set browser timeout to &quot;${BPA__MAX_WAIT_TIME}&quot; seconds" library="CXTA.robot.Browser">
<doc>Browser.set_browser_timeout(self, timeout)</doc>
<status status="PASS" starttime="20200217 12:10:18.578" endtime="20200217 12:10:18.586"></status>
</kw>
<kw name="clear the browser cookies" library="CXTA.robot.Browser">
<doc>Browser.clear_browser_cookies(self)</doc>
<status status="PASS" starttime="20200217 12:10:18.599" endtime="20200217 12:10:18.745"></status>
</kw>
<kw name="visit &quot;${url}&quot;" library="CXTA.robot.Browser">
<doc>Browser.visit_site(self, url)</doc>
<msg timestamp="20200217 12:10:18.767" level="INFO">Visiting url "https://10.52.123.82/portal/#/login"</msg>
<status status="PASS" starttime="20200217 12:10:18.762" endtime="20200217 12:10:32.396"></status>
</kw>
<kw name="wait until object is clickable via XPath &quot;${BPA__TXT_UID_XPATH}&quot;" library="CXTA.robot.Browser">
<doc>ElementsAttributes.wait_for_clickable_object_via_xpath(self, xpath)</doc>
<status status="PASS" starttime="20200217 12:10:32.415" endtime="20200217 12:10:33.325"></status>
</kw>
<kw name="enter &quot;${username}&quot; in the field with XPath &quot;${BPA__TXT_UID_XPATH}&quot;" library="CXTA.robot.Browser">
<doc>Inputs.enter_text_in_the_field_with_xpath(self, text, xpath)</doc>
<status status="PASS" starttime="20200217 12:10:33.335" endtime="20200217 12:10:34.281"></status>
</kw>
<kw name="wait until object is clickable via XPath &quot;${BPA__TXT_PWD_XPATH}&quot;" library="CXTA.robot.Browser">
<doc>ElementsAttributes.wait_for_clickable_object_via_xpath(self, xpath)</doc>
<status status="PASS" starttime="20200217 12:10:34.298" endtime="20200217 12:10:34.576"></status>
</kw>
<kw name="enter &quot;${password}&quot; in the field with XPath &quot;${BPA__TXT_PWD_XPATH}&quot;" library="CXTA.robot.Browser">
<doc>Inputs.enter_text_in_the_field_with_xpath(self, text, xpath)</doc>
<status status="PASS" starttime="20200217 12:10:34.586" endtime="20200217 12:10:35.326"></status>
</kw>
<kw name="wait until object is clickable via XPath &quot;${BPA__BTN_LOGIN_XPATH}&quot;" library="CXTA.robot.Browser">
<doc>ElementsAttributes.wait_for_clickable_object_via_xpath(self, xpath)</doc>
<status status="PASS" starttime="20200217 12:10:35.342" endtime="20200217 12:10:35.671"></status>
</kw>
<kw name="click on the object with XPath &quot;${BPA__BTN_LOGIN_XPATH}&quot;" library="CXTA.robot.Browser">
<doc>MouseEvents.click_object_with_xpath(self, xpath)</doc>
<status status="PASS" starttime="20200217 12:10:35.686" endtime="20200217 12:10:36.156"></status>
</kw>
<kw name="wait until object is clickable via XPath &quot;${BPA__LBL_DASHBOARD_XPATH}&quot;" library="CXTA.robot.Browser">
<doc>ElementsAttributes.wait_for_clickable_object_via_xpath(self, xpath)</doc>
<status status="PASS" starttime="20200217 12:10:36.176" endtime="20200217 12:10:38.419"></status>
</kw>
<status status="PASS" starttime="20200217 12:10:18.558" endtime="20200217 12:10:38.422"></status>
</kw>
<kw name="Log To Console" library="BuiltIn">
<doc>Logs the given message to the console.</doc>
<arguments>
<arg>"Logging into console https://10.52.123.82/portal/#/login with the credentials admin and admin"</arg>
</arguments>
<status status="PASS" starttime="20200217 12:10:38.432" endtime="20200217 12:10:38.435"></status>
</kw>
<status status="PASS" starttime="20200217 12:10:14.986" endtime="20200217 12:10:38.438"></status>
</kw>
<kw name="set browser timeout to &quot;${BPA__MAX_WAIT_TIME}&quot; seconds" library="CXTA.robot.Browser">
<doc>Browser.set_browser_timeout(self, timeout)</doc>
<status status="PASS" starttime="20200217 12:10:38.454" endtime="20200217 12:10:38.467"></status>
</kw>
<kw name="Log To Console" library="BuiltIn">
<doc>Logs the given message to the console.</doc>
<arguments>
<arg>"The max wait time of the browser window is 60 seconds"</arg>
</arguments>
<status status="PASS" starttime="20200217 12:10:38.477" endtime="20200217 12:10:38.480"></status>
</kw>
<kw name="Wait for the loading icon to disappear" library="CxtaBPA.CxtaBPAUI">
<doc>Method to wait for loading icon to disappear</doc>
<status status="PASS" starttime="20200217 12:10:38.492" endtime="20200217 12:11:21.513"></status>
</kw>
<kw name="click on the object with XPath &quot;${BPA_OS_UPGRADE_TILE_XPATH}&quot;" library="CXTA.robot.Browser">
<doc>MouseEvents.click_object_with_xpath(self, xpath)</doc>
<status status="PASS" starttime="20200217 12:11:21.527" endtime="20200217 12:11:22.337"></status>
</kw>
<kw name="Log To Console" library="BuiltIn">
<doc>Logs the given message to the console.</doc>
<arguments>
<arg>"Select STC OS upgrade tile from the dashboard</arg>
</arguments>
<status status="PASS" starttime="20200217 12:11:22.351" endtime="20200217 12:11:22.354"></status>
</kw>
<kw name="wait until object is clickable via XPath &quot;${BPA_SELECT_DEVICE_LBL_TILE}&quot;" library="CXTA.robot.Browser">
<doc>ElementsAttributes.wait_for_clickable_object_via_xpath(self, xpath)</doc>
<status status="PASS" starttime="20200217 12:11:22.368" endtime="20200217 12:11:26.096"></status>
</kw>
<kw name="Wait for the loading icon to disappear" library="CxtaBPA.CxtaBPAUI">
<doc>Method to wait for loading icon to disappear</doc>
<status status="PASS" starttime="20200217 12:11:26.107" endtime="20200217 12:11:38.429"></status>
</kw>
<kw name="STC upgrade select device &quot;${osupgrade.device_name}&quot;" library="CxtaBPA.CxtaBPAUI">
<doc>This keyword retrieves list of devices in the selected BOA environment in STC.</doc>
<status status="PASS" starttime="20200217 12:11:38.444" endtime="20200217 12:11:39.892"></status>
</kw>
<kw name="Log To Console" library="BuiltIn">
<doc>Logs the given message to the console.</doc>
<arguments>
<arg>"The device type:ASR920 is selected from the dropdown"</arg>
</arguments>
<status status="PASS" starttime="20200217 12:11:39.906" endtime="20200217 12:11:39.911"></status>
</kw>
<kw name="Wait for the loading icon to disappear" library="CxtaBPA.CxtaBPAUI">
<doc>Method to wait for loading icon to disappear</doc>
<status status="PASS" starttime="20200217 12:11:39.925" endtime="20200217 12:11:46.510"></status>
</kw>
<kw name="wait until object is clickable via XPath &quot;${BPA__SELECT_CREATE_NEW_XPATH}&quot;" library="CXTA.robot.Browser">
<doc>ElementsAttributes.wait_for_clickable_object_via_xpath(self, xpath)</doc>
<status status="PASS" starttime="20200217 12:11:46.525" endtime="20200217 12:11:46.886"></status>
</kw>
<kw name="Wait for the loading icon to disappear" library="CxtaBPA.CxtaBPAUI">
<doc>Method to wait for loading icon to disappear</doc>
<status status="PASS" starttime="20200217 12:11:46.905" endtime="20200217 12:12:05.385"></status>
</kw>
<kw name="click on the object with XPath &quot;${BPA__SELECT_CREATE_NEW_XPATH}&quot;" library="CXTA.robot.Browser">
<doc>MouseEvents.click_object_with_xpath(self, xpath)</doc>
<status status="PASS" starttime="20200217 12:12:05.399" endtime="20200217 12:12:06.809"></status>
</kw>
<kw name="Log To Console" library="BuiltIn">
<doc>Logs the given message to the console.</doc>
<arguments>
<arg>"Job listing page of ASR920 : Create new is clicked"</arg>
</arguments>
<status status="PASS" starttime="20200217 12:12:06.822" endtime="20200217 12:12:06.829"></status>
</kw>
<kw name="Wait for the loading icon to disappear" library="CxtaBPA.CxtaBPAUI">
<doc>Method to wait for loading icon to disappear</doc>
<status status="PASS" starttime="20200217 12:12:06.841" endtime="20200217 12:12:19.925"></status>
</kw>
<kw name="Create device values with active os upgrade status mdt rows duplicate &quot;${osupgrade.create_new}&quot; and &quot;${osupgrade.mdt_params}&quot;" library="CxtaBPA.CxtaBPAUI">
<doc>This keyword retrieves list of devices in the selected BOA environment in STC.</doc>
<status status="PASS" starttime="20200217 12:12:19.945" endtime="20200217 12:12:55.898"></status>
</kw>
<kw name="Log To Console" library="BuiltIn">
<doc>Logs the given message to the console.</doc>
<arguments>
<arg>"Select Platform Model: 'ASR-920-24TZ-M' \n Select Device Role: 'UPE92' \n Select Release Software Version: '3.18.5SP'\n File Transfer Protocol: 'FTP' \n mdt_number: 123 \n Approval Status: 'Approved' \n mutilselect_device: 'STC-ASR920-1' and the params for next rows mdt mapping mdt_number: 111 \n Approval Status: 'Approved' \n mutilselect_device: 'STC-ASR920-2'"</arg>
</arguments>
<status status="PASS" starttime="20200217 12:12:55.914" endtime="20200217 12:12:55.921"></status>
</kw>
<kw name="Wait for the loading icon to disappear" library="CxtaBPA.CxtaBPAUI">
<doc>Method to wait for loading icon to disappear</doc>
<status status="PASS" starttime="20200217 12:12:55.936" endtime="20200217 12:13:02.586"></status>
</kw>
<kw name="Testcase teardown" type="teardown">
<kw name="Logout of BPA UI" library="bpa_ui">
<doc>Logs out of BPA UI</doc>
<kw name="set browser timeout to &quot;${BPA__MAX_WAIT_TIME}&quot; seconds" library="CXTA.robot.Browser">
<doc>Browser.set_browser_timeout(self, timeout)</doc>
<status status="PASS" starttime="20200217 12:13:02.615" endtime="20200217 12:13:02.620"></status>
</kw>
<kw name="Wait for the loading icon to disappear" library="CxtaBPA.CxtaBPAUI">
<doc>Method to wait for loading icon to disappear</doc>
<status status="PASS" starttime="20200217 12:13:02.629" endtime="20200217 12:13:08.762"></status>
</kw>
<kw name="wait until object is clickable via XPath &quot;${BPA__MENU_PROFILE_XPATH}&quot;" library="CXTA.robot.Browser">
<doc>ElementsAttributes.wait_for_clickable_object_via_xpath(self, xpath)</doc>
<status status="PASS" starttime="20200217 12:13:08.775" endtime="20200217 12:13:09.101"></status>
</kw>
<kw name="click on the object with XPath &quot;${BPA__MENU_PROFILE_XPATH}&quot;" library="CXTA.robot.Browser">
<doc>MouseEvents.click_object_with_xpath(self, xpath)</doc>
<status status="PASS" starttime="20200217 12:13:09.110" endtime="20200217 12:13:09.692"></status>
</kw>
<kw name="wait until object is clickable via XPath &quot;${BPA__MENU_LOGOUT_XPATH}&quot;" library="CXTA.robot.Browser">
<doc>ElementsAttributes.wait_for_clickable_object_via_xpath(self, xpath)</doc>
<status status="PASS" starttime="20200217 12:13:09.706" endtime="20200217 12:13:22.128"></status>
</kw>
<kw name="click on the object with XPath &quot;${BPA__MENU_LOGOUT_XPATH}&quot;" library="CXTA.robot.Browser">
<doc>MouseEvents.click_object_with_xpath(self, xpath)</doc>
<status status="PASS" starttime="20200217 12:13:22.139" endtime="20200217 12:13:22.776"></status>
</kw>
<status status="PASS" starttime="20200217 12:13:02.599" endtime="20200217 12:13:22.779"></status>
</kw>
<kw name="close browser" library="CXTA.robot.Browser">
<doc>Browser.close_browser(self)</doc>
<status status="PASS" starttime="20200217 12:13:22.789" endtime="20200217 12:13:22.929"></status>
</kw>
<status status="PASS" starttime="20200217 12:13:02.591" endtime="20200217 12:13:22.933"></status>
</kw>
<status status="PASS" starttime="20200217 12:10:14.980" endtime="20200217 12:13:22.938" critical="yes"></status>
</test>
<status status="PASS" starttime="20200217 12:10:13.928" endtime="20200217 12:13:22.949"></status>
</suite>
<suite id="s1-s5" name="4.6.1 UI" source="/home/cisco/cxta-bpa/examples/4.6.1_UI.robot">
<test id="s1-s5-t1" name="4.6.1 STC OS UPGRADE JOB LISTING PAGE">
<kw name="Testcase setup" type="setup">
<kw name="Start Browser" library="CXTA.robot.Browser">
<doc>Browser.start_browser(self, browser_name=u'firefox', download_path=None, screenshot_path=None, remote_url=None, flash=False, proxy_urls=None)</doc>
<arguments>
<arg>browser_name=chrome</arg>
<arg>remote_url=${REMOTE_URL}</arg>
</arguments>
<status status="PASS" starttime="20200217 12:13:24.091" endtime="20200217 12:13:27.448"></status>
</kw>
<kw name="Log To Console" library="BuiltIn">
<doc>Logs the given message to the console.</doc>
<arguments>
<arg>"Opening the google chrome browser with the remote url http://selenium:4444/wd/hub "</arg>
</arguments>
<status status="PASS" starttime="20200217 12:13:27.460" endtime="20200217 12:13:27.465"></status>
</kw>
<kw name="Login to BPA UI &quot;${login.bpa_url}&quot; with credentials &quot;${login.bpa_username}&quot; and &quot;${login.bpa_password}&quot;" library="bpa_ui">
<doc>Login for BPA UI Application:</doc>
<kw name="set browser timeout to &quot;${BPA__MAX_WAIT_TIME}&quot; seconds" library="CXTA.robot.Browser">
<doc>Browser.set_browser_timeout(self, timeout)</doc>
<status status="PASS" starttime="20200217 12:13:27.494" endtime="20200217 12:13:27.499"></status>
</kw>
<kw name="clear the browser cookies" library="CXTA.robot.Browser">
<doc>Browser.clear_browser_cookies(self)</doc>
<status status="PASS" starttime="20200217 12:13:27.508" endtime="20200217 12:13:27.642"></status>
</kw>
<kw name="visit &quot;${url}&quot;" library="CXTA.robot.Browser">
<doc>Browser.visit_site(self, url)</doc>
<msg timestamp="20200217 12:13:27.658" level="INFO">Visiting url "https://10.52.123.82/portal/#/login"</msg>
<status status="PASS" starttime="20200217 12:13:27.653" endtime="20200217 12:13:41.235"></status>
</kw>
<kw name="wait until object is clickable via XPath &quot;${BPA__TXT_UID_XPATH}&quot;" library="CXTA.robot.Browser">
<doc>ElementsAttributes.wait_for_clickable_object_via_xpath(self, xpath)</doc>
<status status="PASS" starttime="20200217 12:13:41.253" endtime="20200217 12:13:42.032"></status>
</kw>
<kw name="enter &quot;${username}&quot; in the field with XPath &quot;${BPA__TXT_UID_XPATH}&quot;" library="CXTA.robot.Browser">
<doc>Inputs.enter_text_in_the_field_with_xpath(self, text, xpath)</doc>
<status status="PASS" starttime="20200217 12:13:42.047" endtime="20200217 12:13:42.982"></status>
</kw>
<kw name="wait until object is clickable via XPath &quot;${BPA__TXT_PWD_XPATH}&quot;" library="CXTA.robot.Browser">
<doc>ElementsAttributes.wait_for_clickable_object_via_xpath(self, xpath)</doc>
<status status="PASS" starttime="20200217 12:13:42.991" endtime="20200217 12:13:43.293"></status>
</kw>
<kw name="enter &quot;${password}&quot; in the field with XPath &quot;${BPA__TXT_PWD_XPATH}&quot;" library="CXTA.robot.Browser">
<doc>Inputs.enter_text_in_the_field_with_xpath(self, text, xpath)</doc>
<status status="PASS" starttime="20200217 12:13:43.304" endtime="20200217 12:13:44.071"></status>
</kw>
<kw name="wait until object is clickable via XPath &quot;${BPA__BTN_LOGIN_XPATH}&quot;" library="CXTA.robot.Browser">
<doc>ElementsAttributes.wait_for_clickable_object_via_xpath(self, xpath)</doc>
<status status="PASS" starttime="20200217 12:13:44.083" endtime="20200217 12:13:44.368"></status>
</kw>
<kw name="click on the object with XPath &quot;${BPA__BTN_LOGIN_XPATH}&quot;" library="CXTA.robot.Browser">
<doc>MouseEvents.click_object_with_xpath(self, xpath)</doc>
<status status="PASS" starttime="20200217 12:13:44.380" endtime="20200217 12:13:44.800"></status>
</kw>
<kw name="wait until object is clickable via XPath &quot;${BPA__LBL_DASHBOARD_XPATH}&quot;" library="CXTA.robot.Browser">
<doc>ElementsAttributes.wait_for_clickable_object_via_xpath(self, xpath)</doc>
<status status="PASS" starttime="20200217 12:13:44.822" endtime="20200217 12:13:47.308"></status>
</kw>
<status status="PASS" starttime="20200217 12:13:27.480" endtime="20200217 12:13:47.310"></status>
</kw>
<kw name="Log To Console" library="BuiltIn">
<doc>Logs the given message to the console.</doc>
<arguments>
<arg>"Logging into console https://10.52.123.82/portal/#/login with the credentials admin and admin"</arg>
</arguments>
<status status="PASS" starttime="20200217 12:13:47.319" endtime="20200217 12:13:47.323"></status>
</kw>
<status status="PASS" starttime="20200217 12:13:24.076" endtime="20200217 12:13:47.325"></status>
</kw>
<kw name="set browser timeout to &quot;${BPA__MAX_WAIT_TIME}&quot; seconds" library="CXTA.robot.Browser">
<doc>Browser.set_browser_timeout(self, timeout)</doc>
<status status="PASS" starttime="20200217 12:13:47.337" endtime="20200217 12:13:47.342"></status>
</kw>
<kw name="Log To Console" library="BuiltIn">
<doc>Logs the given message to the console.</doc>
<arguments>
<arg>"The max wait time of the browser window is 60 seconds"</arg>
</arguments>
<status status="PASS" starttime="20200217 12:13:47.352" endtime="20200217 12:13:47.356"></status>
</kw>
<kw name="Wait for the loading icon to disappear" library="CxtaBPA.CxtaBPAUI">
<doc>Method to wait for loading icon to disappear</doc>
<status status="PASS" starttime="20200217 12:13:47.371" endtime="20200217 12:14:29.926"></status>
</kw>
<kw name="click on the object with XPath &quot;${BPA_OS_UPGRADE_TILE_XPATH}&quot;" library="CXTA.robot.Browser">
<doc>MouseEvents.click_object_with_xpath(self, xpath)</doc>
<status status="PASS" starttime="20200217 12:14:29.937" endtime="20200217 12:14:30.632"></status>
</kw>
<kw name="Log To Console" library="BuiltIn">
<doc>Logs the given message to the console.</doc>
<arguments>
<arg>"Select STC OS upgrade tile from the dashboard"</arg>
</arguments>
<status status="PASS" starttime="20200217 12:14:30.647" endtime="20200217 12:14:30.650"></status>
</kw>
<kw name="wait until object is clickable via XPath &quot;${BPA_SELECT_DEVICE_LBL_TILE}&quot;" library="CXTA.robot.Browser">
<doc>ElementsAttributes.wait_for_clickable_object_via_xpath(self, xpath)</doc>
<status status="PASS" starttime="20200217 12:14:30.666" endtime="20200217 12:14:34.462"></status>
</kw>
<kw name="Log To Console" library="BuiltIn">
<doc>Logs the given message to the console.</doc>
<arguments>
<arg>"Wait until object is clickable to select device type"</arg>
</arguments>
<status status="PASS" starttime="20200217 12:14:34.472" endtime="20200217 12:14:34.475"></status>
</kw>
<kw name="Wait for the loading icon to disappear" library="CxtaBPA.CxtaBPAUI">
<doc>Method to wait for loading icon to disappear</doc>
<status status="PASS" starttime="20200217 12:14:34.484" endtime="20200217 12:14:47.883"></status>
</kw>
<kw name="STC upgrade select device &quot;${osupgrade.device_name}&quot;" library="CxtaBPA.CxtaBPAUI">
<doc>This keyword retrieves list of devices in the selected BOA environment in STC.</doc>
<status status="PASS" starttime="20200217 12:14:47.901" endtime="20200217 12:14:49.184"></status>
</kw>
<kw name="Log To Console" library="BuiltIn">
<doc>Logs the given message to the console.</doc>
<arguments>
<arg>"The device type:ASR920 is selected from the dropdown"</arg>
</arguments>
<status status="PASS" starttime="20200217 12:14:49.199" endtime="20200217 12:14:49.203"></status>
</kw>
<kw name="Wait for the loading icon to disappear" library="CxtaBPA.CxtaBPAUI">
<doc>Method to wait for loading icon to disappear</doc>
<status status="PASS" starttime="20200217 12:14:49.218" endtime="20200217 12:14:55.882"></status>
</kw>
<kw name="Wait until object is clickable via XPath &quot;${BPA__START_DATE_XPATH_REPORT}&quot;" library="CXTA.robot.Browser">
<doc>ElementsAttributes.wait_for_clickable_object_via_xpath(self, xpath)</doc>
<status status="PASS" starttime="20200217 12:14:55.902" endtime="20200217 12:14:56.409"></status>
</kw>
<kw name="Log To Console" library="BuiltIn">
<doc>Logs the given message to the console.</doc>
<arguments>
<arg>"Wait until start date of xpath is clickable"</arg>
</arguments>
<status status="PASS" starttime="20200217 12:14:56.418" endtime="20200217 12:14:56.424"></status>
</kw>
<kw name="Wait for the loading icon to disappear" library="CxtaBPA.CxtaBPAUI">
<doc>Method to wait for loading icon to disappear</doc>
<status status="PASS" starttime="20200217 12:14:56.440" endtime="20200217 12:15:07.945"></status>
</kw>
<kw name="click on the object with XPath &quot;${BPA__START_DATE_XPATH_REPORT}&quot;" library="CXTA.robot.Browser">
<doc>MouseEvents.click_object_with_xpath(self, xpath)</doc>
<status status="PASS" starttime="20200217 12:15:07.957" endtime="20200217 12:15:15.764"></status>
</kw>
<kw name="Log To Console" library="BuiltIn">
<doc>Logs the given message to the console.</doc>
<arguments>
<arg>"Click the start date tile"</arg>
</arguments>
<status status="PASS" starttime="20200217 12:15:15.779" endtime="20200217 12:15:15.784"></status>
</kw>
<kw name="Wait for the loading icon to disappear" library="CxtaBPA.CxtaBPAUI">
<doc>Method to wait for loading icon to disappear</doc>
<status status="PASS" starttime="20200217 12:15:15.799" endtime="20200217 12:15:28.384"></status>
</kw>
<kw name="wait until object is clickable via XPath &quot;${BPA__START_DATE_VALUE}&quot;" library="CXTA.robot.Browser">
<doc>ElementsAttributes.wait_for_clickable_object_via_xpath(self, xpath)</doc>
<status status="PASS" starttime="20200217 12:15:28.398" endtime="20200217 12:15:28.740"></status>
</kw>
<kw name="Wait for the loading icon to disappear" library="CxtaBPA.CxtaBPAUI">
<doc>Method to wait for loading icon to disappear</doc>
<status status="PASS" starttime="20200217 12:15:28.749" endtime="20200217 12:15:35.101"></status>
</kw>
<kw name="click on the object with XPath &quot;${BPA__START_DATE_VALUE}&quot;" library="CXTA.robot.Browser">
<doc>MouseEvents.click_object_with_xpath(self, xpath)</doc>
<status status="PASS" starttime="20200217 12:15:35.112" endtime="20200217 12:15:35.710"></status>
</kw>
<kw name="Log To Console" library="BuiltIn">
<doc>Logs the given message to the console.</doc>
<arguments>
<arg>"Click on the start date value,first day of current month "</arg>
</arguments>
<status status="PASS" starttime="20200217 12:15:35.722" endtime="20200217 12:15:35.726"></status>
</kw>
<kw name="Wait for the loading icon to disappear" library="CxtaBPA.CxtaBPAUI">
<doc>Method to wait for loading icon to disappear</doc>
<status status="PASS" starttime="20200217 12:15:35.738" endtime="20200217 12:15:42.048"></status>
</kw>
<kw name="wait until object is clickable via XPath &quot;${BPA__END_DATE_XPATH_REPORT}&quot;" library="CXTA.robot.Browser">
<doc>ElementsAttributes.wait_for_clickable_object_via_xpath(self, xpath)</doc>
<status status="PASS" starttime="20200217 12:15:42.059" endtime="20200217 12:15:42.315"></status>
</kw>
<kw name="Wait for the loading icon to disappear" library="CxtaBPA.CxtaBPAUI">
<doc>Method to wait for loading icon to disappear</doc>
<status status="PASS" starttime="20200217 12:15:42.325" endtime="20200217 12:15:48.464"></status>
</kw>
<kw name="click on the object with XPath &quot;${BPA__END_DATE_XPATH_REPORT}&quot;" library="CXTA.robot.Browser">
<doc>MouseEvents.click_object_with_xpath(self, xpath)</doc>
<status status="PASS" starttime="20200217 12:15:48.481" endtime="20200217 12:15:49.310"></status>
</kw>
<kw name="Log To Console" library="BuiltIn">
<doc>Logs the given message to the console.</doc>
<arguments>
<arg>"Click the end date tile"</arg>
</arguments>
<status status="PASS" starttime="20200217 12:15:49.325" endtime="20200217 12:15:49.329"></status>
</kw>
<kw name="Wait for the loading icon to disappear" library="CxtaBPA.CxtaBPAUI">
<doc>Method to wait for loading icon to disappear</doc>
<status status="PASS" starttime="20200217 12:15:49.344" endtime="20200217 12:15:57.024"></status>
</kw>
<kw name="wait until object is clickable via XPath &quot;${BPA__END_DATE_VALUE}&quot;" library="CXTA.robot.Browser">
<doc>ElementsAttributes.wait_for_clickable_object_via_xpath(self, xpath)</doc>
<status status="PASS" starttime="20200217 12:15:57.037" endtime="20200217 12:15:57.370"></status>
</kw>
<kw name="Wait for the loading icon to disappear" library="CxtaBPA.CxtaBPAUI">
<doc>Method to wait for loading icon to disappear</doc>
<status status="PASS" starttime="20200217 12:15:57.383" endtime="20200217 12:16:03.582"></status>
</kw>
<kw name="click on the object with XPath &quot;${BPA__END_DATE_VALUE}&quot;" library="CXTA.robot.Browser">
<doc>MouseEvents.click_object_with_xpath(self, xpath)</doc>
<status status="PASS" starttime="20200217 12:16:03.594" endtime="20200217 12:16:04.311"></status>
</kw>
<kw name="Log To Console" library="BuiltIn">
<doc>Logs the given message to the console.</doc>
<arguments>
<arg>"Click the end date value,the current day of month"</arg>
</arguments>
<status status="PASS" starttime="20200217 12:16:04.321" endtime="20200217 12:16:04.327"></status>
</kw>
<kw name="Wait for the loading icon to disappear" library="CxtaBPA.CxtaBPAUI">
<doc>Method to wait for loading icon to disappear</doc>
<status status="PASS" starttime="20200217 12:16:04.342" endtime="20200217 12:16:10.664"></status>
</kw>
<kw name="wait until object is clickable via XPath &quot;${BPA_JOB_STATUS_XPATH}&quot;" library="CXTA.robot.Browser">
<doc>ElementsAttributes.wait_for_clickable_object_via_xpath(self, xpath)</doc>
<status status="PASS" starttime="20200217 12:16:10.675" endtime="20200217 12:16:10.975"></status>
</kw>
<kw name="Wait for the loading icon to disappear" library="CxtaBPA.CxtaBPAUI">
<doc>Method to wait for loading icon to disappear</doc>
<status status="PASS" starttime="20200217 12:16:10.985" endtime="20200217 12:16:17.729"></status>
</kw>
<kw name="click on the object with XPath &quot;${BPA_JOB_STATUS_XPATH}&quot;" library="CXTA.robot.Browser">
<doc>MouseEvents.click_object_with_xpath(self, xpath)</doc>
<status status="PASS" starttime="20200217 12:16:17.744" endtime="20200217 12:16:18.431"></status>
</kw>
<kw name="Wait for the loading icon to disappear" library="CxtaBPA.CxtaBPAUI">
<doc>Method to wait for loading icon to disappear</doc>
<status status="PASS" starttime="20200217 12:16:18.446" endtime="20200217 12:16:31.123"></status>
</kw>
<kw name="wait until object is clickable via XPath &quot;${BPA_JOB_STATUS_VALUE}&quot;" library="CXTA.robot.Browser">
<doc>ElementsAttributes.wait_for_clickable_object_via_xpath(self, xpath)</doc>
<status status="PASS" starttime="20200217 12:16:31.137" endtime="20200217 12:16:31.558"></status>
</kw>
<kw name="Wait for the loading icon to disappear" library="CxtaBPA.CxtaBPAUI">
<doc>Method to wait for loading icon to disappear</doc>
<status status="PASS" starttime="20200217 12:16:31.572" endtime="20200217 12:16:37.884"></status>
</kw>
<kw name="click on the object with XPath &quot;${BPA_JOB_STATUS_VALUE}&quot;" library="CXTA.robot.Browser">
<doc>MouseEvents.click_object_with_xpath(self, xpath)</doc>
<status status="PASS" starttime="20200217 12:16:37.898" endtime="20200217 12:16:38.352"></status>
</kw>
<kw name="Log To Console" library="BuiltIn">
<doc>Logs the given message to the console.</doc>
<arguments>
<arg>"Select the job status value as ALL from the dropdown"</arg>
</arguments>
<status status="PASS" starttime="20200217 12:16:38.369" endtime="20200217 12:16:38.377"></status>
</kw>
<kw name="Wait for the loading icon to disappear" library="CxtaBPA.CxtaBPAUI">
<doc>Method to wait for loading icon to disappear</doc>
<status status="PASS" starttime="20200217 12:16:38.395" endtime="20200217 12:16:44.712"></status>
</kw>
<kw name="wait until object is clickable via XPath &quot;${BPA_DOWNLOAD_REPORT_XPATH}&quot;" library="CXTA.robot.Browser">
<doc>ElementsAttributes.wait_for_clickable_object_via_xpath(self, xpath)</doc>
<status status="PASS" starttime="20200217 12:16:44.731" endtime="20200217 12:16:45.055"></status>
</kw>
<kw name="Wait for the loading icon to disappear" library="CxtaBPA.CxtaBPAUI">
<doc>Method to wait for loading icon to disappear</doc>
<status status="PASS" starttime="20200217 12:16:45.071" endtime="20200217 12:16:51.491"></status>
</kw>
<kw name="click on the object with XPath &quot;${BPA_DOWNLOAD_REPORT_XPATH}&quot;" library="CXTA.robot.Browser">
<doc>MouseEvents.click_object_with_xpath(self, xpath)</doc>
<status status="PASS" starttime="20200217 12:16:51.507" endtime="20200217 12:16:53.458"></status>
</kw>
<kw name="Log To Console" library="BuiltIn">
<doc>Logs the given message to the console.</doc>
<arguments>
<arg>"Click on the download report"</arg>
</arguments>
<status status="PASS" starttime="20200217 12:16:53.472" endtime="20200217 12:16:53.476"></status>
</kw>
<kw name="Wait for the loading icon to disappear" library="CxtaBPA.CxtaBPAUI">
<doc>Method to wait for loading icon to disappear</doc>
<status status="PASS" starttime="20200217 12:16:53.486" endtime="20200217 12:16:59.932"></status>
</kw>
<kw name="Testcase teardown" type="teardown">
<kw name="Logout of BPA UI" library="bpa_ui">
<doc>Logs out of BPA UI</doc>
<kw name="set browser timeout to &quot;${BPA__MAX_WAIT_TIME}&quot; seconds" library="CXTA.robot.Browser">
<doc>Browser.set_browser_timeout(self, timeout)</doc>
<status status="PASS" starttime="20200217 12:16:59.957" endtime="20200217 12:16:59.963"></status>
</kw>
<kw name="Wait for the loading icon to disappear" library="CxtaBPA.CxtaBPAUI">
<doc>Method to wait for loading icon to disappear</doc>
<status status="PASS" starttime="20200217 12:16:59.972" endtime="20200217 12:17:06.167"></status>
</kw>
<kw name="wait until object is clickable via XPath &quot;${BPA__MENU_PROFILE_XPATH}&quot;" library="CXTA.robot.Browser">
<doc>ElementsAttributes.wait_for_clickable_object_via_xpath(self, xpath)</doc>
<status status="PASS" starttime="20200217 12:17:06.182" endtime="20200217 12:17:06.455"></status>
</kw>
<kw name="click on the object with XPath &quot;${BPA__MENU_PROFILE_XPATH}&quot;" library="CXTA.robot.Browser">
<doc>MouseEvents.click_object_with_xpath(self, xpath)</doc>
<status status="PASS" starttime="20200217 12:17:06.469" endtime="20200217 12:17:07.058"></status>
</kw>
<kw name="wait until object is clickable via XPath &quot;${BPA__MENU_LOGOUT_XPATH}&quot;" library="CXTA.robot.Browser">
<doc>ElementsAttributes.wait_for_clickable_object_via_xpath(self, xpath)</doc>
<status status="PASS" starttime="20200217 12:17:07.072" endtime="20200217 12:17:07.452"></status>
</kw>
<kw name="click on the object with XPath &quot;${BPA__MENU_LOGOUT_XPATH}&quot;" library="CXTA.robot.Browser">
<doc>MouseEvents.click_object_with_xpath(self, xpath)</doc>
<status status="PASS" starttime="20200217 12:17:07.465" endtime="20200217 12:17:08.238"></status>
</kw>
<status status="PASS" starttime="20200217 12:16:59.943" endtime="20200217 12:17:08.242"></status>
</kw>
<kw name="close browser" library="CXTA.robot.Browser">
<doc>Browser.close_browser(self)</doc>
<status status="PASS" starttime="20200217 12:17:08.255" endtime="20200217 12:17:08.329"></status>
</kw>
<status status="PASS" starttime="20200217 12:16:59.936" endtime="20200217 12:17:08.333"></status>
</kw>
<status status="PASS" starttime="20200217 12:13:24.069" endtime="20200217 12:17:08.336" critical="yes"></status>
</test>
<status status="PASS" starttime="20200217 12:13:22.978" endtime="20200217 12:17:08.345"></status>
</suite>
<suite id="s1-s6" name="4.6.2 UI" source="/home/cisco/cxta-bpa/examples/4.6.2_UI.robot">
<test id="s1-s6-t1" name="4.6.2 CREATE NEW JOB">
<kw name="Testcase setup" type="setup">
<kw name="Start Browser" library="CXTA.robot.Browser">
<doc>Browser.start_browser(self, browser_name=u'firefox', download_path=None, screenshot_path=None, remote_url=None, flash=False, proxy_urls=None)</doc>
<arguments>
<arg>browser_name=chrome</arg>
<arg>remote_url=${REMOTE_URL}</arg>
</arguments>
<status status="PASS" starttime="20200217 12:17:09.653" endtime="20200217 12:17:13.159"></status>
</kw>
<kw name="Log To Console" library="BuiltIn">
<doc>Logs the given message to the console.</doc>
<arguments>
<arg>"Opening the google chrome browser with the remote url http://selenium:4444/wd/hub "</arg>
</arguments>
<status status="PASS" starttime="20200217 12:17:13.174" endtime="20200217 12:17:13.179"></status>
</kw>
<kw name="Login to BPA UI &quot;${login.bpa_url}&quot; with credentials &quot;${login.bpa_username}&quot; and &quot;${login.bpa_password}&quot;" library="bpa_ui">
<doc>Login for BPA UI Application:</doc>
<kw name="set browser timeout to &quot;${BPA__MAX_WAIT_TIME}&quot; seconds" library="CXTA.robot.Browser">
<doc>Browser.set_browser_timeout(self, timeout)</doc>
<status status="PASS" starttime="20200217 12:17:13.216" endtime="20200217 12:17:13.223"></status>
</kw>
<kw name="clear the browser cookies" library="CXTA.robot.Browser">
<doc>Browser.clear_browser_cookies(self)</doc>
<status status="PASS" starttime="20200217 12:17:13.235" endtime="20200217 12:17:13.383"></status>
</kw>
<kw name="visit &quot;${url}&quot;" library="CXTA.robot.Browser">
<doc>Browser.visit_site(self, url)</doc>
<msg timestamp="20200217 12:17:13.403" level="INFO">Visiting url "https://10.52.123.82/portal/#/login"</msg>
<status status="PASS" starttime="20200217 12:17:13.398" endtime="20200217 12:17:27.168"></status>
</kw>
<kw name="wait until object is clickable via XPath &quot;${BPA__TXT_UID_XPATH}&quot;" library="CXTA.robot.Browser">
<doc>ElementsAttributes.wait_for_clickable_object_via_xpath(self, xpath)</doc>
<status status="PASS" starttime="20200217 12:17:27.183" endtime="20200217 12:17:28.156"></status>
</kw>
<kw name="enter &quot;${username}&quot; in the field with XPath &quot;${BPA__TXT_UID_XPATH}&quot;" library="CXTA.robot.Browser">
<doc>Inputs.enter_text_in_the_field_with_xpath(self, text, xpath)</doc>
<status status="PASS" starttime="20200217 12:17:28.174" endtime="20200217 12:17:29.172"></status>
</kw>
<kw name="wait until object is clickable via XPath &quot;${BPA__TXT_PWD_XPATH}&quot;" library="CXTA.robot.Browser">
<doc>ElementsAttributes.wait_for_clickable_object_via_xpath(self, xpath)</doc>
<status status="PASS" starttime="20200217 12:17:29.183" endtime="20200217 12:17:29.452"></status>
</kw>
<kw name="enter &quot;${password}&quot; in the field with XPath &quot;${BPA__TXT_PWD_XPATH}&quot;" library="CXTA.robot.Browser">
<doc>Inputs.enter_text_in_the_field_with_xpath(self, text, xpath)</doc>
<status status="PASS" starttime="20200217 12:17:29.462" endtime="20200217 12:17:30.214"></status>
</kw>
<kw name="wait until object is clickable via XPath &quot;${BPA__BTN_LOGIN_XPATH}&quot;" library="CXTA.robot.Browser">
<doc>ElementsAttributes.wait_for_clickable_object_via_xpath(self, xpath)</doc>
<status status="PASS" starttime="20200217 12:17:30.233" endtime="20200217 12:17:30.567"></status>
</kw>
<kw name="click on the object with XPath &quot;${BPA__BTN_LOGIN_XPATH}&quot;" library="CXTA.robot.Browser">
<doc>MouseEvents.click_object_with_xpath(self, xpath)</doc>
<status status="PASS" starttime="20200217 12:17:30.577" endtime="20200217 12:17:31.034"></status>
</kw>
<kw name="wait until object is clickable via XPath &quot;${BPA__LBL_DASHBOARD_XPATH}&quot;" library="CXTA.robot.Browser">
<doc>ElementsAttributes.wait_for_clickable_object_via_xpath(self, xpath)</doc>
<status status="PASS" starttime="20200217 12:17:31.051" endtime="20200217 12:17:33.490"></status>
</kw>
<status status="PASS" starttime="20200217 12:17:13.195" endtime="20200217 12:17:33.496"></status>
</kw>
<kw name="Log To Console" library="BuiltIn">
<doc>Logs the given message to the console.</doc>
<arguments>
<arg>"Logging into console https://10.52.123.82/portal/#/login with the credentials admin and admin"</arg>
</arguments>
<status status="PASS" starttime="20200217 12:17:33.512" endtime="20200217 12:17:33.517"></status>
</kw>
<status status="PASS" starttime="20200217 12:17:09.642" endtime="20200217 12:17:33.519"></status>
</kw>
<kw name="set browser timeout to &quot;${BPA__MAX_WAIT_TIME}&quot; seconds" library="CXTA.robot.Browser">
<doc>Browser.set_browser_timeout(self, timeout)</doc>
<status status="PASS" starttime="20200217 12:17:33.534" endtime="20200217 12:17:33.539"></status>
</kw>
<kw name="Log To Console" library="BuiltIn">
<doc>Logs the given message to the console.</doc>
<arguments>
<arg>"The max wait time of the browser window is 60 seconds"</arg>
</arguments>
<status status="PASS" starttime="20200217 12:17:33.551" endtime="20200217 12:17:33.555"></status>
</kw>
<kw name="Wait for the loading icon to disappear" library="CxtaBPA.CxtaBPAUI">
<doc>Method to wait for loading icon to disappear</doc>
<status status="PASS" starttime="20200217 12:17:33.565" endtime="20200217 12:18:20.457"></status>
</kw>
<kw name="click on the object with XPath &quot;${BPA_OS_UPGRADE_TILE_XPATH}&quot;" library="CXTA.robot.Browser">
<doc>MouseEvents.click_object_with_xpath(self, xpath)</doc>
<status status="PASS" starttime="20200217 12:18:20.477" endtime="20200217 12:18:21.169"></status>
</kw>
<kw name="Log To Console" library="BuiltIn">
<doc>Logs the given message to the console.</doc>
<arguments>
<arg>"Select STC OS upgrade tile from the dashboard"</arg>
</arguments>
<status status="PASS" starttime="20200217 12:18:21.184" endtime="20200217 12:18:21.188"></status>
</kw>
<kw name="wait until object is clickable via XPath &quot;${BPA_SELECT_DEVICE_LBL_TILE}&quot;" library="CXTA.robot.Browser">
<doc>ElementsAttributes.wait_for_clickable_object_via_xpath(self, xpath)</doc>
<status status="PASS" starttime="20200217 12:18:21.202" endtime="20200217 12:18:25.305"></status>
</kw>
<kw name="Log To Console" library="BuiltIn">
<doc>Logs the given message to the console.</doc>
<arguments>
<arg>"Wait until object is clickable to select device type"</arg>
</arguments>
<status status="PASS" starttime="20200217 12:18:25.314" endtime="20200217 12:18:25.317"></status>
</kw>
<kw name="Wait for the loading icon to disappear" library="CxtaBPA.CxtaBPAUI">
<doc>Method to wait for loading icon to disappear</doc>
<status status="PASS" starttime="20200217 12:18:25.329" endtime="20200217 12:18:37.073"></status>
</kw>
<kw name="STC upgrade select device &quot;${osupgrade.device_name}&quot;" library="CxtaBPA.CxtaBPAUI">
<doc>This keyword retrieves list of devices in the selected BOA environment in STC.</doc>
<status status="PASS" starttime="20200217 12:18:37.094" endtime="20200217 12:18:38.398"></status>
</kw>
<kw name="Log To Console" library="BuiltIn">
<doc>Logs the given message to the console.</doc>
<arguments>
<arg>"The device type:ASR920 is selected from the dropdown"</arg>
</arguments>
<status status="PASS" starttime="20200217 12:18:38.416" endtime="20200217 12:18:38.422"></status>
</kw>
<kw name="Wait for the loading icon to disappear" library="CxtaBPA.CxtaBPAUI">
<doc>Method to wait for loading icon to disappear</doc>
<status status="PASS" starttime="20200217 12:18:38.435" endtime="20200217 12:18:45.290"></status>
</kw>
<kw name="wait until object is clickable via XPath &quot;${BPA__SELECT_CREATE_NEW_XPATH}&quot;" library="CXTA.robot.Browser">
<doc>ElementsAttributes.wait_for_clickable_object_via_xpath(self, xpath)</doc>
<status status="PASS" starttime="20200217 12:18:45.307" endtime="20200217 12:18:45.580"></status>
</kw>
<kw name="Wait for the loading icon to disappear" library="CxtaBPA.CxtaBPAUI">
<doc>Method to wait for loading icon to disappear</doc>
[...]
<doc>Logs out of BPA UI</doc>
<kw name="set browser timeout to &quot;${BPA__MAX_WAIT_TIME}&quot; seconds" library="CXTA.robot.Browser">
<doc>Browser.set_browser_timeout(self, timeout)</doc>
<status status="PASS" starttime="20200217 12:47:22.302" endtime="20200217 12:47:22.308"></status>
</kw>
<kw name="Wait for the loading icon to disappear" library="CxtaBPA.CxtaBPAUI">
<doc>Method to wait for loading icon to disappear</doc>
<status status="PASS" starttime="20200217 12:47:22.317" endtime="20200217 12:47:40.587"></status>
</kw>
<kw name="wait until object is clickable via XPath &quot;${BPA__MENU_PROFILE_XPATH}&quot;" library="CXTA.robot.Browser">
<doc>ElementsAttributes.wait_for_clickable_object_via_xpath(self, xpath)</doc>
<status status="PASS" starttime="20200217 12:47:40.600" endtime="20200217 12:47:40.877"></status>
</kw>
<kw name="click on the object with XPath &quot;${BPA__MENU_PROFILE_XPATH}&quot;" library="CXTA.robot.Browser">
<doc>MouseEvents.click_object_with_xpath(self, xpath)</doc>
<status status="PASS" starttime="20200217 12:47:40.894" endtime="20200217 12:47:41.590"></status>
</kw>
<kw name="wait until object is clickable via XPath &quot;${BPA__MENU_LOGOUT_XPATH}&quot;" library="CXTA.robot.Browser">
<doc>ElementsAttributes.wait_for_clickable_object_via_xpath(self, xpath)</doc>
<status status="PASS" starttime="20200217 12:47:41.604" endtime="20200217 12:47:41.980"></status>
</kw>
<kw name="click on the object with XPath &quot;${BPA__MENU_LOGOUT_XPATH}&quot;" library="CXTA.robot.Browser">
<doc>MouseEvents.click_object_with_xpath(self, xpath)</doc>
<status status="PASS" starttime="20200217 12:47:41.994" endtime="20200217 12:47:42.716"></status>
</kw>
<status status="PASS" starttime="20200217 12:47:22.283" endtime="20200217 12:47:42.719"></status>
</kw>
<kw name="close browser" library="CXTA.robot.Browser">
<doc>Browser.close_browser(self)</doc>
<status status="PASS" starttime="20200217 12:47:42.728" endtime="20200217 12:47:42.805"></status>
</kw>
<status status="PASS" starttime="20200217 12:47:22.275" endtime="20200217 12:47:42.809"></status>
</kw>
<status status="PASS" starttime="20200217 12:44:28.897" endtime="20200217 12:47:42.814" critical="yes"></status>
</test>
<status status="PASS" starttime="20200217 12:44:27.749" endtime="20200217 12:47:42.824"></status>
</suite>
<suite id="s1-s15" name="4.6.9 UI" source="/home/cisco/cxta-bpa/examples/4.6.9_UI.robot">
<test id="s1-s15-t1" name="4.6.9 STC OS UPGRADE CREATE NEW JOB-EXECUTION TYPE PARALLE-BATCH SIZE MAX DEPENDS ON DEVICES">
<kw name="Testcase setup" type="setup">
<kw name="Start Browser" library="CXTA.robot.Browser">
<doc>Browser.start_browser(self, browser_name=u'firefox', download_path=None, screenshot_path=None, remote_url=None, flash=False, proxy_urls=None)</doc>
<arguments>
<arg>browser_name=chrome</arg>
<arg>remote_url=${REMOTE_URL}</arg>
</arguments>
<status status="PASS" starttime="20200217 12:47:44.236" endtime="20200217 12:47:47.458"></status>
</kw>
<kw name="Log To Console" library="BuiltIn">
<doc>Logs the given message to the console.</doc>
<arguments>
<arg>"Opening the google chrome browser with the remote url http://selenium:4444/wd/hub "</arg>
</arguments>
<status status="PASS" starttime="20200217 12:47:47.472" endtime="20200217 12:47:47.476"></status>
</kw>
<kw name="Login to BPA UI &quot;${login.bpa_url}&quot; with credentials &quot;${login.bpa_username}&quot; and &quot;${login.bpa_password}&quot;" library="bpa_ui">
<doc>Login for BPA UI Application:</doc>
<kw name="set browser timeout to &quot;${BPA__MAX_WAIT_TIME}&quot; seconds" library="CXTA.robot.Browser">
<doc>Browser.set_browser_timeout(self, timeout)</doc>
<status status="PASS" starttime="20200217 12:47:47.505" endtime="20200217 12:47:47.512"></status>
</kw>
<kw name="clear the browser cookies" library="CXTA.robot.Browser">
<doc>Browser.clear_browser_cookies(self)</doc>
<status status="PASS" starttime="20200217 12:47:47.523" endtime="20200217 12:47:47.656"></status>
</kw>
<kw name="visit &quot;${url}&quot;" library="CXTA.robot.Browser">
<doc>Browser.visit_site(self, url)</doc>
<msg timestamp="20200217 12:47:47.671" level="INFO">Visiting url "https://10.52.123.82/portal/#/login"</msg>
<status status="PASS" starttime="20200217 12:47:47.666" endtime="20200217 12:48:01.469"></status>
</kw>
<kw name="wait until object is clickable via XPath &quot;${BPA__TXT_UID_XPATH}&quot;" library="CXTA.robot.Browser">
<doc>ElementsAttributes.wait_for_clickable_object_via_xpath(self, xpath)</doc>
<status status="PASS" starttime="20200217 12:48:01.483" endtime="20200217 12:48:01.888"></status>
</kw>
<kw name="enter &quot;${username}&quot; in the field with XPath &quot;${BPA__TXT_UID_XPATH}&quot;" library="CXTA.robot.Browser">
<doc>Inputs.enter_text_in_the_field_with_xpath(self, text, xpath)</doc>
<status status="PASS" starttime="20200217 12:48:01.904" endtime="20200217 12:48:03.007"></status>
</kw>
<kw name="wait until object is clickable via XPath &quot;${BPA__TXT_PWD_XPATH}&quot;" library="CXTA.robot.Browser">
<doc>ElementsAttributes.wait_for_clickable_object_via_xpath(self, xpath)</doc>
<status status="PASS" starttime="20200217 12:48:03.039" endtime="20200217 12:48:03.340"></status>
</kw>
<kw name="enter &quot;${password}&quot; in the field with XPath &quot;${BPA__TXT_PWD_XPATH}&quot;" library="CXTA.robot.Browser">
<doc>Inputs.enter_text_in_the_field_with_xpath(self, text, xpath)</doc>
<status status="PASS" starttime="20200217 12:48:03.349" endtime="20200217 12:48:04.112"></status>
</kw>
<kw name="wait until object is clickable via XPath &quot;${BPA__BTN_LOGIN_XPATH}&quot;" library="CXTA.robot.Browser">
<doc>ElementsAttributes.wait_for_clickable_object_via_xpath(self, xpath)</doc>
<status status="PASS" starttime="20200217 12:48:04.124" endtime="20200217 12:48:04.400"></status>
</kw>
<kw name="click on the object with XPath &quot;${BPA__BTN_LOGIN_XPATH}&quot;" library="CXTA.robot.Browser">
<doc>MouseEvents.click_object_with_xpath(self, xpath)</doc>
<status status="PASS" starttime="20200217 12:48:04.409" endtime="20200217 12:48:04.788"></status>
</kw>
<kw name="wait until object is clickable via XPath &quot;${BPA__LBL_DASHBOARD_XPATH}&quot;" library="CXTA.robot.Browser">
<doc>ElementsAttributes.wait_for_clickable_object_via_xpath(self, xpath)</doc>
<status status="PASS" starttime="20200217 12:48:04.802" endtime="20200217 12:48:07.301"></status>
</kw>
<status status="PASS" starttime="20200217 12:47:47.489" endtime="20200217 12:48:07.303"></status>
</kw>
<kw name="Log To Console" library="BuiltIn">
<doc>Logs the given message to the console.</doc>
<arguments>
<arg>"Logging into console https://10.52.123.82/portal/#/login with the credentials admin and admin"</arg>
</arguments>
<status status="PASS" starttime="20200217 12:48:07.311" endtime="20200217 12:48:07.315"></status>
</kw>
<status status="PASS" starttime="20200217 12:47:44.221" endtime="20200217 12:48:07.319"></status>
</kw>
<kw name="set browser timeout to &quot;${BPA__MAX_WAIT_TIME}&quot; seconds" library="CXTA.robot.Browser">
<doc>Browser.set_browser_timeout(self, timeout)</doc>
<status status="PASS" starttime="20200217 12:48:07.334" endtime="20200217 12:48:07.340"></status>
</kw>
<kw name="Log To Console" library="BuiltIn">
<doc>Logs the given message to the console.</doc>
<arguments>
<arg>"The max wait time of the browser window is 60 seconds"</arg>
</arguments>
<status status="PASS" starttime="20200217 12:48:07.352" endtime="20200217 12:48:07.355"></status>
</kw>
<kw name="Wait for the loading icon to disappear" library="CxtaBPA.CxtaBPAUI">
<doc>Method to wait for loading icon to disappear</doc>
<status status="PASS" starttime="20200217 12:48:07.366" endtime="20200217 12:48:51.637"></status>
</kw>
<kw name="click on the object with XPath &quot;${BPA_OS_UPGRADE_TILE_XPATH}&quot;" library="CXTA.robot.Browser">
<doc>MouseEvents.click_object_with_xpath(self, xpath)</doc>
<status status="PASS" starttime="20200217 12:48:51.651" endtime="20200217 12:48:52.246"></status>
</kw>
<kw name="Log To Console" library="BuiltIn">
<doc>Logs the given message to the console.</doc>
<arguments>
<arg>"Select STC OS upgrade tile from the dashboard"</arg>
</arguments>
<status status="PASS" starttime="20200217 12:48:52.261" endtime="20200217 12:48:52.266"></status>
</kw>
<kw name="wait until object is clickable via XPath &quot;${BPA_SELECT_DEVICE_LBL_TILE}&quot;" library="CXTA.robot.Browser">
<doc>ElementsAttributes.wait_for_clickable_object_via_xpath(self, xpath)</doc>
<status status="PASS" starttime="20200217 12:48:52.287" endtime="20200217 12:48:56.309"></status>
</kw>
<kw name="Wait for the loading icon to disappear" library="CxtaBPA.CxtaBPAUI">
<doc>Method to wait for loading icon to disappear</doc>
<status status="PASS" starttime="20200217 12:48:56.320" endtime="20200217 12:49:07.880"></status>
</kw>
<kw name="STC upgrade select device &quot;${osupgrade.device_name}&quot;" library="CxtaBPA.CxtaBPAUI">
<doc>This keyword retrieves list of devices in the selected BOA environment in STC.</doc>
<status status="PASS" starttime="20200217 12:49:07.902" endtime="20200217 12:49:09.199"></status>
</kw>
<kw name="Log To Console" library="BuiltIn">
<doc>Logs the given message to the console.</doc>
<arguments>
<arg>"The device type:ASR920 is selected from the dropdown"</arg>
</arguments>
<status status="PASS" starttime="20200217 12:49:09.214" endtime="20200217 12:49:09.218"></status>
</kw>
<kw name="Wait for the loading icon to disappear" library="CxtaBPA.CxtaBPAUI">
<doc>Method to wait for loading icon to disappear</doc>
<status status="PASS" starttime="20200217 12:49:09.230" endtime="20200217 12:49:16.451"></status>
</kw>
<kw name="wait until object is clickable via XPath &quot;${BPA__SELECT_CREATE_NEW_XPATH}&quot;" library="CXTA.robot.Browser">
<doc>ElementsAttributes.wait_for_clickable_object_via_xpath(self, xpath)</doc>
<status status="PASS" starttime="20200217 12:49:16.469" endtime="20200217 12:49:16.726"></status>
</kw>
<kw name="Wait for the loading icon to disappear" library="CxtaBPA.CxtaBPAUI">
<doc>Method to wait for loading icon to disappear</doc>
<status status="PASS" starttime="20200217 12:49:16.738" endtime="20200217 12:49:35.117"></status>
</kw>
<kw name="click on the object with XPath &quot;${BPA__SELECT_CREATE_NEW_XPATH}&quot;" library="CXTA.robot.Browser">
<doc>MouseEvents.click_object_with_xpath(self, xpath)</doc>
<status status="PASS" starttime="20200217 12:49:35.137" endtime="20200217 12:49:36.373"></status>
</kw>
<kw name="Log To Console" library="BuiltIn">
<doc>Logs the given message to the console.</doc>
<arguments>
<arg>"Job listing page of ASR920 : Create new is clicked"</arg>
</arguments>
<status status="PASS" starttime="20200217 12:49:36.392" endtime="20200217 12:49:36.397"></status>
</kw>
<kw name="Wait for the loading icon to disappear" library="CxtaBPA.CxtaBPAUI">
<doc>Method to wait for loading icon to disappear</doc>
<status status="PASS" starttime="20200217 12:49:36.413" endtime="20200217 12:49:42.615"></status>
</kw>
<kw name="Create device values with active os upgrade status device max parallel verify &quot;${osupgrade.create_new}&quot;" library="CxtaBPA.CxtaBPAUI">
<doc>This keyword retrieves list of devices in the selected BOA environment in STC.</doc>
<status status="PASS" starttime="20200217 12:49:42.628" endtime="20200217 12:50:29.181"></status>
</kw>
<kw name="Log To Console" library="BuiltIn">
<doc>Logs the given message to the console.</doc>
<arguments>
<arg>"Select Platform Model: 'ASR-920-24TZ-M' \n Select Device Role: 'UPE92' \n Select Release Software Version: '3.18.5SP'\n File Transfer Protocol: 'FTP' \n mdt_number: 123 \n Approval Status: 'Approved' \n mutilselect_device: 'STC-ASR920-1'"</arg>
</arguments>
<status status="PASS" starttime="20200217 12:50:29.193" endtime="20200217 12:50:29.198"></status>
</kw>
<kw name="Wait for the loading icon to disappear" library="CxtaBPA.CxtaBPAUI">
<doc>Method to wait for loading icon to disappear</doc>
<status status="PASS" starttime="20200217 12:50:29.210" endtime="20200217 12:50:35.890"></status>
</kw>
<kw name="Testcase teardown" type="teardown">
<kw name="Logout of BPA UI" library="bpa_ui">
<doc>Logs out of BPA UI</doc>
<kw name="set browser timeout to &quot;${BPA__MAX_WAIT_TIME}&quot; seconds" library="CXTA.robot.Browser">
<doc>Browser.set_browser_timeout(self, timeout)</doc>
<status status="PASS" starttime="20200217 12:50:35.920" endtime="20200217 12:50:35.924"></status>
</kw>
<kw name="Wait for the loading icon to disappear" library="CxtaBPA.CxtaBPAUI">
<doc>Method to wait for loading icon to disappear</doc>
<status status="PASS" starttime="20200217 12:50:35.935" endtime="20200217 12:50:52.344"></status>
</kw>
<kw name="wait until object is clickable via XPath &quot;${BPA__MENU_PROFILE_XPATH}&quot;" library="CXTA.robot.Browser">
<doc>ElementsAttributes.wait_for_clickable_object_via_xpath(self, xpath)</doc>
<status status="PASS" starttime="20200217 12:50:52.354" endtime="20200217 12:50:52.617"></status>
</kw>
<kw name="click on the object with XPath &quot;${BPA__MENU_PROFILE_XPATH}&quot;" library="CXTA.robot.Browser">
<doc>MouseEvents.click_object_with_xpath(self, xpath)</doc>
<status status="PASS" starttime="20200217 12:50:52.628" endtime="20200217 12:50:53.234"></status>
</kw>
<kw name="wait until object is clickable via XPath &quot;${BPA__MENU_LOGOUT_XPATH}&quot;" library="CXTA.robot.Browser">
<doc>ElementsAttributes.wait_for_clickable_object_via_xpath(self, xpath)</doc>
<status status="PASS" starttime="20200217 12:50:53.245" endtime="20200217 12:50:53.588"></status>
</kw>
<kw name="click on the object with XPath &quot;${BPA__MENU_LOGOUT_XPATH}&quot;" library="CXTA.robot.Browser">
<doc>MouseEvents.click_object_with_xpath(self, xpath)</doc>
<status status="PASS" starttime="20200217 12:50:53.599" endtime="20200217 12:50:54.302"></status>
</kw>
<status status="PASS" starttime="20200217 12:50:35.906" endtime="20200217 12:50:54.304"></status>
</kw>
<kw name="close browser" library="CXTA.robot.Browser">
<doc>Browser.close_browser(self)</doc>
<status status="PASS" starttime="20200217 12:50:54.315" endtime="20200217 12:50:54.393"></status>
</kw>
<status status="PASS" starttime="20200217 12:50:35.895" endtime="20200217 12:50:54.396"></status>
</kw>
<status status="PASS" starttime="20200217 12:47:44.213" endtime="20200217 12:50:54.399" critical="yes"></status>
</test>
<status status="PASS" starttime="20200217 12:47:42.860" endtime="20200217 12:50:54.411"></status>
</suite>
<status status="PASS" starttime="20200217 11:59:57.179" endtime="20200217 12:50:54.476"></status>
</suite>
<statistics>
<total>
<stat pass="15" fail="0">Critical Tests</stat>
<stat pass="15" fail="0">All Tests</stat>
</total>
<tag>
</tag>
<suite>
<stat pass="15" fail="0" id="s1" name="4.6.10 UI &amp; 4.6.11 UI &amp; 4.6.12 UI &amp; 4.6.13 UI &amp; 4.6.1 UI &amp; 4.6.2 UI &amp; 4.6.2 UI STC &amp; 4.6.3 UI &amp; 4.6.3 UI STC LATER JOB &amp; 4.6.4 UI &amp; 4.6.5 UI &amp; 4.6.6 UI &amp; 4.6.7 UI &amp; 4.6.8 UI &amp; 4.6.9 UI">4.6.10 UI &amp; 4.6.11 UI &amp; 4.6.12 UI &amp; 4.6.13 UI &amp; 4.6.1 UI &amp; 4.6.2 UI &amp; 4.6.2 UI STC &amp; 4.6.3 UI &amp; 4.6.3 UI STC LATER JOB &amp; 4.6.4 UI &amp; 4.6.5 UI &amp; 4.6.6 UI &amp; 4.6.7 UI &amp; 4.6.8 UI &amp; 4.6.9 UI</stat>
<stat pass="1" fail="0" id="s1-s1" name="4.6.10 UI">4.6.10 UI &amp; 4.6.11 UI &amp; 4.6.12 UI &amp; 4.6.13 UI &amp; 4.6.1 UI &amp; 4.6.2 UI &amp; 4.6.2 UI STC &amp; 4.6.3 UI &amp; 4.6.3 UI STC LATER JOB &amp; 4.6.4 UI &amp; 4.6.5 UI &amp; 4.6.6 UI &amp; 4.6.7 UI &amp; 4.6.8 UI &amp; 4.6.9 UI.4.6.10 UI</stat>
<stat pass="1" fail="0" id="s1-s2" name="4.6.11 UI">4.6.10 UI &amp; 4.6.11 UI &amp; 4.6.12 UI &amp; 4.6.13 UI &amp; 4.6.1 UI &amp; 4.6.2 UI &amp; 4.6.2 UI STC &amp; 4.6.3 UI &amp; 4.6.3 UI STC LATER JOB &amp; 4.6.4 UI &amp; 4.6.5 UI &amp; 4.6.6 UI &amp; 4.6.7 UI &amp; 4.6.8 UI &amp; 4.6.9 UI.4.6.11 UI</stat>
<stat pass="1" fail="0" id="s1-s3" name="4.6.12 UI">4.6.10 UI &amp; 4.6.11 UI &amp; 4.6.12 UI &amp; 4.6.13 UI &amp; 4.6.1 UI &amp; 4.6.2 UI &amp; 4.6.2 UI STC &amp; 4.6.3 UI &amp; 4.6.3 UI STC LATER JOB &amp; 4.6.4 UI &amp; 4.6.5 UI &amp; 4.6.6 UI &amp; 4.6.7 UI &amp; 4.6.8 UI &amp; 4.6.9 UI.4.6.12 UI</stat>
<stat pass="1" fail="0" id="s1-s4" name="4.6.13 UI">4.6.10 UI &amp; 4.6.11 UI &amp; 4.6.12 UI &amp; 4.6.13 UI &amp; 4.6.1 UI &amp; 4.6.2 UI &amp; 4.6.2 UI STC &amp; 4.6.3 UI &amp; 4.6.3 UI STC LATER JOB &amp; 4.6.4 UI &amp; 4.6.5 UI &amp; 4.6.6 UI &amp; 4.6.7 UI &amp; 4.6.8 UI &amp; 4.6.9 UI.4.6.13 UI</stat>
<stat pass="1" fail="0" id="s1-s5" name="4.6.1 UI">4.6.10 UI &amp; 4.6.11 UI &amp; 4.6.12 UI &amp; 4.6.13 UI &amp; 4.6.1 UI &amp; 4.6.2 UI &amp; 4.6.2 UI STC &amp; 4.6.3 UI &amp; 4.6.3 UI STC LATER JOB &amp; 4.6.4 UI &amp; 4.6.5 UI &amp; 4.6.6 UI &amp; 4.6.7 UI &amp; 4.6.8 UI &amp; 4.6.9 UI.4.6.1 UI</stat>
<stat pass="1" fail="0" id="s1-s6" name="4.6.2 UI">4.6.10 UI &amp; 4.6.11 UI &amp; 4.6.12 UI &amp; 4.6.13 UI &amp; 4.6.1 UI &amp; 4.6.2 UI &amp; 4.6.2 UI STC &amp; 4.6.3 UI &amp; 4.6.3 UI STC LATER JOB &amp; 4.6.4 UI &amp; 4.6.5 UI &amp; 4.6.6 UI &amp; 4.6.7 UI &amp; 4.6.8 UI &amp; 4.6.9 UI.4.6.2 UI</stat>
<stat pass="1" fail="0" id="s1-s7" name="4.6.2 UI STC">4.6.10 UI &amp; 4.6.11 UI &amp; 4.6.12 UI &amp; 4.6.13 UI &amp; 4.6.1 UI &amp; 4.6.2 UI &amp; 4.6.2 UI STC &amp; 4.6.3 UI &amp; 4.6.3 UI STC LATER JOB &amp; 4.6.4 UI &amp; 4.6.5 UI &amp; 4.6.6 UI &amp; 4.6.7 UI &amp; 4.6.8 UI &amp; 4.6.9 UI.4.6.2 UI STC</stat>
<stat pass="1" fail="0" id="s1-s8" name="4.6.3 UI">4.6.10 UI &amp; 4.6.11 UI &amp; 4.6.12 UI &amp; 4.6.13 UI &amp; 4.6.1 UI &amp; 4.6.2 UI &amp; 4.6.2 UI STC &amp; 4.6.3 UI &amp; 4.6.3 UI STC LATER JOB &amp; 4.6.4 UI &amp; 4.6.5 UI &amp; 4.6.6 UI &amp; 4.6.7 UI &amp; 4.6.8 UI &amp; 4.6.9 UI.4.6.3 UI</stat>
<stat pass="1" fail="0" id="s1-s9" name="4.6.3 UI STC LATER JOB">4.6.10 UI &amp; 4.6.11 UI &amp; 4.6.12 UI &amp; 4.6.13 UI &amp; 4.6.1 UI &amp; 4.6.2 UI &amp; 4.6.2 UI STC &amp; 4.6.3 UI &amp; 4.6.3 UI STC LATER JOB &amp; 4.6.4 UI &amp; 4.6.5 UI &amp; 4.6.6 UI &amp; 4.6.7 UI &amp; 4.6.8 UI &amp; 4.6.9 UI.4.6.3 UI STC LATER JOB</stat>
<stat pass="1" fail="0" id="s1-s10" name="4.6.4 UI">4.6.10 UI &amp; 4.6.11 UI &amp; 4.6.12 UI &amp; 4.6.13 UI &amp; 4.6.1 UI &amp; 4.6.2 UI &amp; 4.6.2 UI STC &amp; 4.6.3 UI &amp; 4.6.3 UI STC LATER JOB &amp; 4.6.4 UI &amp; 4.6.5 UI &amp; 4.6.6 UI &amp; 4.6.7 UI &amp; 4.6.8 UI &amp; 4.6.9 UI.4.6.4 UI</stat>
<stat pass="1" fail="0" id="s1-s11" name="4.6.5 UI">4.6.10 UI &amp; 4.6.11 UI &amp; 4.6.12 UI &amp; 4.6.13 UI &amp; 4.6.1 UI &amp; 4.6.2 UI &amp; 4.6.2 UI STC &amp; 4.6.3 UI &amp; 4.6.3 UI STC LATER JOB &amp; 4.6.4 UI &amp; 4.6.5 UI &amp; 4.6.6 UI &amp; 4.6.7 UI &amp; 4.6.8 UI &amp; 4.6.9 UI.4.6.5 UI</stat>
<stat pass="1" fail="0" id="s1-s12" name="4.6.6 UI">4.6.10 UI &amp; 4.6.11 UI &amp; 4.6.12 UI &amp; 4.6.13 UI &amp; 4.6.1 UI &amp; 4.6.2 UI &amp; 4.6.2 UI STC &amp; 4.6.3 UI &amp; 4.6.3 UI STC LATER JOB &amp; 4.6.4 UI &amp; 4.6.5 UI &amp; 4.6.6 UI &amp; 4.6.7 UI &amp; 4.6.8 UI &amp; 4.6.9 UI.4.6.6 UI</stat>
<stat pass="1" fail="0" id="s1-s13" name="4.6.7 UI">4.6.10 UI &amp; 4.6.11 UI &amp; 4.6.12 UI &amp; 4.6.13 UI &amp; 4.6.1 UI &amp; 4.6.2 UI &amp; 4.6.2 UI STC &amp; 4.6.3 UI &amp; 4.6.3 UI STC LATER JOB &amp; 4.6.4 UI &amp; 4.6.5 UI &amp; 4.6.6 UI &amp; 4.6.7 UI &amp; 4.6.8 UI &amp; 4.6.9 UI.4.6.7 UI</stat>
<stat pass="1" fail="0" id="s1-s14" name="4.6.8 UI">4.6.10 UI &amp; 4.6.11 UI &amp; 4.6.12 UI &amp; 4.6.13 UI &amp; 4.6.1 UI &amp; 4.6.2 UI &amp; 4.6.2 UI STC &amp; 4.6.3 UI &amp; 4.6.3 UI STC LATER JOB &amp; 4.6.4 UI &amp; 4.6.5 UI &amp; 4.6.6 UI &amp; 4.6.7 UI &amp; 4.6.8 UI &amp; 4.6.9 UI.4.6.8 UI</stat>
<stat pass="1" fail="0" id="s1-s15" name="4.6.9 UI">4.6.10 UI &amp; 4.6.11 UI &amp; 4.6.12 UI &amp; 4.6.13 UI &amp; 4.6.1 UI &amp; 4.6.2 UI &amp; 4.6.2 UI STC &amp; 4.6.3 UI &amp; 4.6.3 UI STC LATER JOB &amp; 4.6.4 UI &amp; 4.6.5 UI &amp; 4.6.6 UI &amp; 4.6.7 UI &amp; 4.6.8 UI &amp; 4.6.9 UI.4.6.9 UI</stat>
</suite>
</statistics>
<errors>
</errors>
</robot>
